[/bin/bash] #### Starting GPU TensorCircuit array job
[/bin/bash] This is s4116488 and my MPS job has the ID 4117544, Task ID 6
[/bin/bash] Using bond dimension: 8 and init index: 6
[/bin/bash] CWD: /home/s4116488/Documents/MPS/cuda-samples
[/bin/bash] Using GPU: 0
[/bin/bash] Path of python file: /home/s4116488/Documents/MPS/cuda-samples
[/bin/bash] Node scratch: /scratchdata/s4116488/4117544
[/bin/bash] Run directory/scratchdata/s4116488/4117544/tc_gpu_14_bond_8_init_6_4117544
[/bin/bash] Run script with bond dimension 8 and init index 6

[INFO] Running train with bond dimension: 8
[INFO] Using init index: 6
Epoch 0: l_f = 58.553265, l_q = 0.752451, avg S = 0.5326/2.0794, max S = 1.4727/2.0794 (epoch time: 101.16s)
Epoch 10: l_f = 6.433216, l_q = 0.050293, avg S = 0.5533/2.0794, max S = 1.5246/2.0794 (epoch time: 58.67s)
Epoch 20: l_f = 2.205325, l_q = 0.082230, avg S = 0.5482/2.0794, max S = 1.5213/2.0794 (epoch time: 60.94s)
Epoch 30: l_f = 0.597411, l_q = 0.002695, avg S = 0.5219/2.0794, max S = 1.4350/2.0794 (epoch time: 62.35s)
Epoch 40: l_f = 0.355030, l_q = 0.002621, avg S = 0.5299/2.0794, max S = 1.4524/2.0794 (epoch time: 62.50s)
Epoch 50: l_f = 0.182083, l_q = 0.000760, avg S = 0.5245/2.0794, max S = 1.4449/2.0794 (epoch time: 61.02s)
Epoch 60: l_f = 0.154203, l_q = 0.000634, avg S = 0.5285/2.0794, max S = 1.4624/2.0794 (epoch time: 60.72s)
Epoch 70: l_f = 0.059886, l_q = 0.000469, avg S = 0.5280/2.0794, max S = 1.4596/2.0794 (epoch time: 62.31s)
Epoch 80: l_f = 0.055870, l_q = 0.000462, avg S = 0.5255/2.0794, max S = 1.4482/2.0794 (epoch time: 62.78s)
Epoch 90: l_f = 0.049803, l_q = 0.000159, avg S = 0.5202/2.0794, max S = 1.4281/2.0794 (epoch time: 59.64s)
SubTraining time: 5402.26s
L_f = 0.062669, L_q = 0.000354
[SUMMARY] Full script time: 5413.08s
[/bin/bash] Script finished
[/bin/bash] Copy files back to cwd
[/bin/bash] Successfully copied results to /home/s4116488/Documents/MPS/cuda-samples/plots14_bond_8/index_6
[/bin/bash] #### Finished GPU TensorCircuit array job. Have a nice day
