[/bin/bash] #### Starting GPU TensorCircuit array job
[/bin/bash] This is s4116488 and my MPS job has the ID 4128000, Task ID 48
[/bin/bash] Using bond dimension: 4 and init index: 8
[/bin/bash] CWD: /home/s4116488/Documents/MPS/cuda-samples
[/bin/bash] Using GPU: 0
[/bin/bash] Path of python file: /home/s4116488/Documents/MPS/cuda-samples
[/bin/bash] Node scratch: /scratchdata/s4116488/4128000
[/bin/bash] Run directory/scratchdata/s4116488/4128000/tc_gpu_14_bond_4_init_8_4128000
[/bin/bash] Run script with bond dimension 4 and init index 8

[INFO] Running train with bond dimension: 4
[INFO] Using init index: 8
Epoch 0: l_f = 57.750275, l_q = 1.486637, avg S = 0.5824/1.3863, max S = 1.1661/1.3863 (epoch time: 94.60s)
Epoch 10: l_f = 7.467016, l_q = 0.046064, avg S = 0.5434/1.3863, max S = 1.1739/1.3863 (epoch time: 53.37s)
Epoch 20: l_f = 1.686940, l_q = 0.075680, avg S = 0.5636/1.3863, max S = 1.1787/1.3863 (epoch time: 54.01s)
Epoch 30: l_f = 0.761027, l_q = 0.010977, avg S = 0.5734/1.3863, max S = 1.1702/1.3863 (epoch time: 55.81s)
Epoch 40: l_f = 0.136144, l_q = 0.004379, avg S = 0.5825/1.3863, max S = 1.1865/1.3863 (epoch time: 54.95s)
Epoch 50: l_f = 0.061289, l_q = 0.000312, avg S = 0.5856/1.3863, max S = 1.1935/1.3863 (epoch time: 57.19s)
Epoch 60: l_f = 0.052009, l_q = 0.000647, avg S = 0.5864/1.3863, max S = 1.1943/1.3863 (epoch time: 54.61s)
Epoch 70: l_f = 0.029299, l_q = 0.000209, avg S = 0.5869/1.3863, max S = 1.1946/1.3863 (epoch time: 56.05s)
Epoch 80: l_f = 0.012618, l_q = 0.001239, avg S = 0.5867/1.3863, max S = 1.1933/1.3863 (epoch time: 54.86s)
Epoch 90: l_f = 0.004251, l_q = 0.000387, avg S = 0.5865/1.3863, max S = 1.1931/1.3863 (epoch time: 58.46s)
SubTraining time: 4940.27s
L_f = 0.002908, L_q = 0.000523
[SUMMARY] Full script time: 4951.69s
[/bin/bash] Script finished
[/bin/bash] Copy files back to cwd
[/bin/bash] Successfully copied results to /home/s4116488/Documents/MPS/cuda-samples/plots14_bond_4/index_8
[/bin/bash] #### Finished GPU TensorCircuit array job. Have a nice day
