[/bin/bash] #### Starting GPU TensorCircuit array job
[/bin/bash] This is s4116488 and my MPS job has the ID 4129780, Task ID 69
[/bin/bash] Using bond dimension: 2 and init index: 9
[/bin/bash] CWD: /home/s4116488/Documents/MPS/cuda-samples
[/bin/bash] Using GPU: 0
[/bin/bash] Path of python file: /home/s4116488/Documents/MPS/cuda-samples
[/bin/bash] Node scratch: /scratchdata/s4116488/4129780
[/bin/bash] Run directory/scratchdata/s4116488/4129780/tc_gpu_14_bond_2_init_9_4129780
[/bin/bash] Run script with bond dimension 2 and init index 9

[INFO] Running train with bond dimension: 2
[INFO] Using init index: 9
Epoch 0: l_f = 48.899593, l_q = 1.516880, avg S = 0.3397/0.6931, max S = 0.5107/0.6931 (epoch time: 67.51s)
Epoch 10: l_f = 43.243069, l_q = 2.078116, avg S = 0.3404/0.6931, max S = 0.5465/0.6931 (epoch time: 37.09s)
Epoch 20: l_f = 36.355843, l_q = 2.336811, avg S = 0.3678/0.6931, max S = 0.6104/0.6931 (epoch time: 39.01s)
Epoch 30: l_f = 18.215910, l_q = 0.789356, avg S = 0.3544/0.6931, max S = 0.6101/0.6931 (epoch time: 38.78s)
Epoch 40: l_f = 10.053589, l_q = 0.419476, avg S = 0.3490/0.6931, max S = 0.6256/0.6931 (epoch time: 39.71s)
Epoch 50: l_f = 7.952129, l_q = 0.212650, avg S = 0.3514/0.6931, max S = 0.6363/0.6931 (epoch time: 40.00s)
Epoch 60: l_f = 3.797436, l_q = 0.084565, avg S = 0.3626/0.6931, max S = 0.6433/0.6931 (epoch time: 39.82s)
Epoch 70: l_f = 1.718439, l_q = 0.073506, avg S = 0.3638/0.6931, max S = 0.6422/0.6931 (epoch time: 41.10s)
Epoch 80: l_f = 0.881577, l_q = 0.031998, avg S = 0.3662/0.6931, max S = 0.6428/0.6931 (epoch time: 37.47s)
Epoch 90: l_f = 0.463185, l_q = 0.018894, avg S = 0.3672/0.6931, max S = 0.6455/0.6931 (epoch time: 39.25s)
SubTraining time: 3476.87s
L_f = 0.254301, L_q = 0.013264
[SUMMARY] Full script time: 3485.09s
[/bin/bash] Script finished
[/bin/bash] Copy files back to cwd
[/bin/bash] Successfully copied results to /home/s4116488/Documents/MPS/cuda-samples/plots14_bond_2/index_9
[/bin/bash] #### Finished GPU TensorCircuit array job. Have a nice day
