[/bin/bash] #### Starting GPU TensorCircuit array job
[/bin/bash] This is s4116488 and my MPS job has the ID 4126719, Task ID 30
[/bin/bash] Using bond dimension: 5 and init index: 0
[/bin/bash] CWD: /home/s4116488/Documents/MPS/cuda-samples
[/bin/bash] Using GPU: 0
[/bin/bash] Path of python file: /home/s4116488/Documents/MPS/cuda-samples
[/bin/bash] Node scratch: /scratchdata/s4116488/4126719
[/bin/bash] Run directory/scratchdata/s4116488/4126719/tc_gpu_14_bond_5_init_0_4126719
[/bin/bash] Run script with bond dimension 5 and init index 0

[INFO] Running train with bond dimension: 5
[INFO] Using init index: 0
Epoch 0: l_f = 49.734318, l_q = 1.126509, avg S = 0.5810/1.6094, max S = 1.3244/1.6094 (epoch time: 104.75s)
Epoch 10: l_f = 5.246038, l_q = 0.127888, avg S = 0.5640/1.6094, max S = 1.3146/1.6094 (epoch time: 61.25s)
Epoch 20: l_f = 3.124834, l_q = 0.048743, avg S = 0.5698/1.6094, max S = 1.3184/1.6094 (epoch time: 60.26s)
Epoch 30: l_f = 1.080049, l_q = 0.069174, avg S = 0.5748/1.6094, max S = 1.3207/1.6094 (epoch time: 61.03s)
Epoch 40: l_f = 0.544168, l_q = 0.007137, avg S = 0.5746/1.6094, max S = 1.3200/1.6094 (epoch time: 59.48s)
Epoch 50: l_f = 0.194703, l_q = 0.005227, avg S = 0.5723/1.6094, max S = 1.3350/1.6094 (epoch time: 61.51s)
Epoch 60: l_f = 0.062620, l_q = 0.004953, avg S = 0.5731/1.6094, max S = 1.3451/1.6094 (epoch time: 62.22s)
Epoch 70: l_f = 0.037565, l_q = 0.001294, avg S = 0.5733/1.6094, max S = 1.3506/1.6094 (epoch time: 61.97s)
Epoch 80: l_f = 0.026499, l_q = 0.000709, avg S = 0.5730/1.6094, max S = 1.3491/1.6094 (epoch time: 65.24s)
Epoch 90: l_f = 0.022527, l_q = 0.000577, avg S = 0.5730/1.6094, max S = 1.3542/1.6094 (epoch time: 66.00s)
SubTraining time: 5511.71s
L_f = 0.006141, L_q = 0.000459
[SUMMARY] Full script time: 5522.88s
[/bin/bash] Script finished
[/bin/bash] Copy files back to cwd
[/bin/bash] Successfully copied results to /home/s4116488/Documents/MPS/cuda-samples/plots14_bond_5/index_0
[/bin/bash] #### Finished GPU TensorCircuit array job. Have a nice day
