[/bin/bash] #### Starting GPU TensorCircuit array job
[/bin/bash] This is s4116488 and my MPS job has the ID 4129781, Task ID 70
[/bin/bash] Using bond dimension: 1 and init index: 0
[/bin/bash] CWD: /home/s4116488/Documents/MPS/cuda-samples
[/bin/bash] Using GPU: 0
[/bin/bash] Path of python file: /home/s4116488/Documents/MPS/cuda-samples
[/bin/bash] Node scratch: /scratchdata/s4116488/4129781
[/bin/bash] Run directory/scratchdata/s4116488/4129781/tc_gpu_14_bond_1_init_0_4129781
[/bin/bash] Run script with bond dimension 1 and init index 0

[INFO] Running train with bond dimension: 1
[INFO] Using init index: 0
Epoch 0: l_f = 59.984631, l_q = 1.029862, avg S = 0.0210/0.0000, max S = 0.0524/0.0000 (epoch time: 35.94s)
Epoch 10: l_f = 49.839397, l_q = 1.048208, avg S = 0.0239/0.0000, max S = 0.0597/0.0000 (epoch time: 19.49s)
Epoch 20: l_f = 41.583405, l_q = 0.981579, avg S = 0.0097/0.0000, max S = 0.0242/0.0000 (epoch time: 20.10s)
Epoch 30: l_f = 42.366867, l_q = 0.990338, avg S = 0.0227/0.0000, max S = 0.0568/0.0000 (epoch time: 19.60s)
Epoch 40: l_f = 42.623936, l_q = 0.964719, avg S = 0.0245/0.0000, max S = 0.0613/0.0000 (epoch time: 19.48s)
Epoch 50: l_f = 43.186470, l_q = 0.964910, avg S = 0.0248/0.0000, max S = 0.0619/0.0000 (epoch time: 20.27s)
Epoch 60: l_f = 45.363728, l_q = 0.967141, avg S = 0.0195/0.0000, max S = 0.0487/0.0000 (epoch time: 20.89s)
Epoch 70: l_f = 40.797802, l_q = 0.992029, avg S = 0.0214/0.0000, max S = 0.0534/0.0000 (epoch time: 20.44s)
Epoch 80: l_f = 46.332394, l_q = 0.930680, avg S = 0.0200/0.0000, max S = 0.0499/0.0000 (epoch time: 20.75s)
Epoch 90: l_f = 43.791164, l_q = 0.948113, avg S = 0.0235/0.0000, max S = 0.0587/0.0000 (epoch time: 21.27s)
SubTraining time: 1801.51s
L_f = 41.620907, L_q = 0.995023
[SUMMARY] Full script time: 1807.24s
[/bin/bash] Script finished
[/bin/bash] Copy files back to cwd
[/bin/bash] Successfully copied results to /home/s4116488/Documents/MPS/cuda-samples/plots14_bond_1/index_0
[/bin/bash] #### Finished GPU TensorCircuit array job. Have a nice day
