[/bin/bash] #### Starting GPU TensorCircuit array job
[/bin/bash] This is s4116488 and my MPS job has the ID 4127971, Task ID 46
[/bin/bash] Using bond dimension: 4 and init index: 6
[/bin/bash] CWD: /home/s4116488/Documents/MPS/cuda-samples
[/bin/bash] Using GPU: 0
[/bin/bash] Path of python file: /home/s4116488/Documents/MPS/cuda-samples
[/bin/bash] Node scratch: /scratchdata/s4116488/4127971
[/bin/bash] Run directory/scratchdata/s4116488/4127971/tc_gpu_14_bond_4_init_6_4127971
[/bin/bash] Run script with bond dimension 4 and init index 6

[INFO] Running train with bond dimension: 4
[INFO] Using init index: 6
Epoch 0: l_f = 56.064251, l_q = 0.647015, avg S = 0.5559/1.3863, max S = 1.1518/1.3863 (epoch time: 98.85s)
Epoch 10: l_f = 7.042428, l_q = 0.036546, avg S = 0.5694/1.3863, max S = 1.1878/1.3863 (epoch time: 56.46s)
Epoch 20: l_f = 1.547581, l_q = 0.058540, avg S = 0.5563/1.3863, max S = 1.1641/1.3863 (epoch time: 58.26s)
Epoch 30: l_f = 0.661639, l_q = 0.014218, avg S = 0.5561/1.3863, max S = 1.1464/1.3863 (epoch time: 63.35s)
Epoch 40: l_f = 0.238074, l_q = 0.002907, avg S = 0.5558/1.3863, max S = 1.1574/1.3863 (epoch time: 61.05s)
Epoch 50: l_f = 0.083883, l_q = 0.003395, avg S = 0.5527/1.3863, max S = 1.1520/1.3863 (epoch time: 62.09s)
Epoch 60: l_f = 0.044471, l_q = 0.001085, avg S = 0.5548/1.3863, max S = 1.1573/1.3863 (epoch time: 60.14s)
Epoch 70: l_f = 0.024187, l_q = 0.001381, avg S = 0.5557/1.3863, max S = 1.1594/1.3863 (epoch time: 61.93s)
Epoch 80: l_f = 0.020776, l_q = 0.001765, avg S = 0.5557/1.3863, max S = 1.1571/1.3863 (epoch time: 59.86s)
Epoch 90: l_f = 0.022971, l_q = 0.001274, avg S = 0.5559/1.3863, max S = 1.1595/1.3863 (epoch time: 63.44s)
SubTraining time: 5375.82s
L_f = 0.022234, L_q = 0.000806
[SUMMARY] Full script time: 5387.56s
[/bin/bash] Script finished
[/bin/bash] Copy files back to cwd
[/bin/bash] Successfully copied results to /home/s4116488/Documents/MPS/cuda-samples/plots14_bond_4/index_6
[/bin/bash] #### Finished GPU TensorCircuit array job. Have a nice day
