[/bin/bash] #### Starting GPU TensorCircuit array job
[/bin/bash] This is s4116488 and my MPS job has the ID 4119284, Task ID 7
[/bin/bash] Using bond dimension: 8 and init index: 7
[/bin/bash] CWD: /home/s4116488/Documents/MPS/cuda-samples
[/bin/bash] Using GPU: 0
[/bin/bash] Path of python file: /home/s4116488/Documents/MPS/cuda-samples
[/bin/bash] Node scratch: /scratchdata/s4116488/4119284
[/bin/bash] Run directory/scratchdata/s4116488/4119284/tc_gpu_14_bond_8_init_7_4119284
[/bin/bash] Run script with bond dimension 8 and init index 7

[INFO] Running train with bond dimension: 8
[INFO] Using init index: 7
Epoch 0: l_f = 63.025723, l_q = 0.801817, avg S = 0.5524/2.0794, max S = 1.5001/2.0794 (epoch time: 112.72s)
Epoch 10: l_f = 1.896735, l_q = 0.025861, avg S = 0.5260/2.0794, max S = 1.4148/2.0794 (epoch time: 60.48s)
Epoch 20: l_f = 0.749107, l_q = 0.001424, avg S = 0.5361/2.0794, max S = 1.4452/2.0794 (epoch time: 63.95s)
Epoch 30: l_f = 0.162404, l_q = 0.000862, avg S = 0.5198/2.0794, max S = 1.3925/2.0794 (epoch time: 60.06s)
Epoch 40: l_f = 0.140764, l_q = 0.000449, avg S = 0.5176/2.0794, max S = 1.3789/2.0794 (epoch time: 59.39s)
Epoch 50: l_f = 0.064630, l_q = 0.000147, avg S = 0.5154/2.0794, max S = 1.3690/2.0794 (epoch time: 60.51s)
Epoch 60: l_f = 0.045676, l_q = 0.000275, avg S = 0.5152/2.0794, max S = 1.3646/2.0794 (epoch time: 59.93s)
Epoch 70: l_f = 0.037109, l_q = 0.000144, avg S = 0.5134/2.0794, max S = 1.3585/2.0794 (epoch time: 66.71s)
Epoch 80: l_f = 0.029502, l_q = 0.000060, avg S = 0.5120/2.0794, max S = 1.3542/2.0794 (epoch time: 70.17s)
Epoch 90: l_f = 0.028726, l_q = 0.000062, avg S = 0.5091/2.0794, max S = 1.3448/2.0794 (epoch time: 63.30s)
SubTraining time: 5582.82s
L_f = 0.036492, L_q = 0.000895
[SUMMARY] Full script time: 5593.24s
[/bin/bash] Script finished
[/bin/bash] Copy files back to cwd
[/bin/bash] Successfully copied results to /home/s4116488/Documents/MPS/cuda-samples/plots14_bond_8/index_7
[/bin/bash] #### Finished GPU TensorCircuit array job. Have a nice day
