[/bin/bash] #### Starting GPU TensorCircuit array job
[/bin/bash] This is s4116488 and my MPS job has the ID 4129796, Task ID 73
[/bin/bash] Using bond dimension: 1 and init index: 3
[/bin/bash] CWD: /home/s4116488/Documents/MPS/cuda-samples
[/bin/bash] Using GPU: 0
[/bin/bash] Path of python file: /home/s4116488/Documents/MPS/cuda-samples
[/bin/bash] Node scratch: /scratchdata/s4116488/4129796
[/bin/bash] Run directory/scratchdata/s4116488/4129796/tc_gpu_14_bond_1_init_3_4129796
[/bin/bash] Run script with bond dimension 1 and init index 3

[INFO] Running train with bond dimension: 1
[INFO] Using init index: 3
Epoch 0: l_f = 93.800743, l_q = 1.026747, avg S = 0.0393/0.0000, max S = 0.0982/0.0000 (epoch time: 35.56s)
Epoch 10: l_f = 44.155033, l_q = 0.997809, avg S = 0.0352/0.0000, max S = 0.0881/0.0000 (epoch time: 18.18s)
Epoch 20: l_f = 51.337250, l_q = 0.997208, avg S = 0.0295/0.0000, max S = 0.0736/0.0000 (epoch time: 18.50s)
Epoch 30: l_f = 53.537884, l_q = 0.946302, avg S = 0.0226/0.0000, max S = 0.0565/0.0000 (epoch time: 18.52s)
Epoch 40: l_f = 44.786030, l_q = 0.917813, avg S = 0.0243/0.0000, max S = 0.0608/0.0000 (epoch time: 18.50s)
Epoch 50: l_f = 40.827129, l_q = 0.920826, avg S = 0.0282/0.0000, max S = 0.0704/0.0000 (epoch time: 19.22s)
Epoch 60: l_f = 56.659828, l_q = 0.875042, avg S = 0.0336/0.0000, max S = 0.0839/0.0000 (epoch time: 19.58s)
Epoch 70: l_f = 40.516678, l_q = 0.892421, avg S = 0.0306/0.0000, max S = 0.0765/0.0000 (epoch time: 19.43s)
Epoch 80: l_f = 40.792896, l_q = 0.921340, avg S = 0.0296/0.0000, max S = 0.0741/0.0000 (epoch time: 19.72s)
Epoch 90: l_f = 43.819962, l_q = 1.038880, avg S = 0.0323/0.0000, max S = 0.0808/0.0000 (epoch time: 20.13s)
SubTraining time: 1702.81s
L_f = 43.106705, L_q = 1.029645
[SUMMARY] Full script time: 1708.25s
[/bin/bash] Script finished
[/bin/bash] Copy files back to cwd
[/bin/bash] Successfully copied results to /home/s4116488/Documents/MPS/cuda-samples/plots14_bond_1/index_3
[/bin/bash] #### Finished GPU TensorCircuit array job. Have a nice day
