[/bin/bash] #### Starting GPU TensorCircuit array job
[/bin/bash] This is s4116488 and my MPS job has the ID 4129765, Task ID 66
[/bin/bash] Using bond dimension: 2 and init index: 6
[/bin/bash] CWD: /home/s4116488/Documents/MPS/cuda-samples
[/bin/bash] Using GPU: 0
[/bin/bash] Path of python file: /home/s4116488/Documents/MPS/cuda-samples
[/bin/bash] Node scratch: /scratchdata/s4116488/4129765
[/bin/bash] Run directory/scratchdata/s4116488/4129765/tc_gpu_14_bond_2_init_6_4129765
[/bin/bash] Run script with bond dimension 2 and init index 6

[INFO] Running train with bond dimension: 2
[INFO] Using init index: 6
Epoch 0: l_f = 45.857658, l_q = 1.219432, avg S = 0.3916/0.6931, max S = 0.5981/0.6931 (epoch time: 65.68s)
Epoch 10: l_f = 6.233631, l_q = 0.193890, avg S = 0.3857/0.6931, max S = 0.5465/0.6931 (epoch time: 36.89s)
Epoch 20: l_f = 7.405331, l_q = 0.135394, avg S = 0.3531/0.6931, max S = 0.5454/0.6931 (epoch time: 38.95s)
Epoch 30: l_f = 15.821131, l_q = 0.367784, avg S = 0.3726/0.6931, max S = 0.6145/0.6931 (epoch time: 38.26s)
Epoch 40: l_f = 12.642421, l_q = 0.388748, avg S = 0.3732/0.6931, max S = 0.6388/0.6931 (epoch time: 39.09s)
Epoch 50: l_f = 3.567905, l_q = 0.070538, avg S = 0.3950/0.6931, max S = 0.6329/0.6931 (epoch time: 39.34s)
Epoch 60: l_f = 1.442464, l_q = 0.048626, avg S = 0.4049/0.6931, max S = 0.6284/0.6931 (epoch time: 39.14s)
Epoch 70: l_f = 0.370324, l_q = 0.014260, avg S = 0.3960/0.6931, max S = 0.6232/0.6931 (epoch time: 40.37s)
Epoch 80: l_f = 0.147236, l_q = 0.008790, avg S = 0.3906/0.6931, max S = 0.6158/0.6931 (epoch time: 38.78s)
Epoch 90: l_f = 0.083999, l_q = 0.006272, avg S = 0.3896/0.6931, max S = 0.6163/0.6931 (epoch time: 40.24s)
SubTraining time: 3455.24s
L_f = 0.039592, L_q = 0.004488
[SUMMARY] Full script time: 3463.40s
[/bin/bash] Script finished
[/bin/bash] Copy files back to cwd
[/bin/bash] Successfully copied results to /home/s4116488/Documents/MPS/cuda-samples/plots14_bond_2/index_6
[/bin/bash] #### Finished GPU TensorCircuit array job. Have a nice day
