[/bin/bash] #### Starting GPU TensorCircuit array job
[/bin/bash] This is s4116488 and my MPS job has the ID 4127653, Task ID 37
[/bin/bash] Using bond dimension: 5 and init index: 7
[/bin/bash] CWD: /home/s4116488/Documents/MPS/cuda-samples
[/bin/bash] Using GPU: 0
[/bin/bash] Path of python file: /home/s4116488/Documents/MPS/cuda-samples
[/bin/bash] Node scratch: /scratchdata/s4116488/4127653
[/bin/bash] Run directory/scratchdata/s4116488/4127653/tc_gpu_14_bond_5_init_7_4127653
[/bin/bash] Run script with bond dimension 5 and init index 7

[INFO] Running train with bond dimension: 5
[INFO] Using init index: 7
Epoch 0: l_f = 66.248329, l_q = 1.056432, avg S = 0.5669/1.6094, max S = 1.3140/1.6094 (epoch time: 103.38s)
Epoch 10: l_f = 4.823802, l_q = 0.170595, avg S = 0.5445/1.6094, max S = 1.2767/1.6094 (epoch time: 61.78s)
Epoch 20: l_f = 1.339198, l_q = 0.059342, avg S = 0.5569/1.6094, max S = 1.2837/1.6094 (epoch time: 62.69s)
Epoch 30: l_f = 0.375743, l_q = 0.002430, avg S = 0.5519/1.6094, max S = 1.2490/1.6094 (epoch time: 65.06s)
Epoch 40: l_f = 0.148038, l_q = 0.006621, avg S = 0.5551/1.6094, max S = 1.2451/1.6094 (epoch time: 62.38s)
Epoch 50: l_f = 0.053287, l_q = 0.000783, avg S = 0.5602/1.6094, max S = 1.2439/1.6094 (epoch time: 63.64s)
Epoch 60: l_f = 0.026763, l_q = 0.001072, avg S = 0.5617/1.6094, max S = 1.2521/1.6094 (epoch time: 64.99s)
Epoch 70: l_f = 0.014233, l_q = 0.000443, avg S = 0.5617/1.6094, max S = 1.2553/1.6094 (epoch time: 65.56s)
Epoch 80: l_f = 0.022939, l_q = 0.000114, avg S = 0.5603/1.6094, max S = 1.2541/1.6094 (epoch time: 67.72s)
Epoch 90: l_f = 0.004512, l_q = 0.000079, avg S = 0.5588/1.6094, max S = 1.2505/1.6094 (epoch time: 67.52s)
SubTraining time: 5735.03s
L_f = 0.006435, L_q = 0.000271
[SUMMARY] Full script time: 5746.41s
[/bin/bash] Script finished
[/bin/bash] Copy files back to cwd
[/bin/bash] Successfully copied results to /home/s4116488/Documents/MPS/cuda-samples/plots14_bond_5/index_7
[/bin/bash] #### Finished GPU TensorCircuit array job. Have a nice day
