[/bin/bash] #### Starting GPU TensorCircuit array job
[/bin/bash] This is s4116488 and my MPS job has the ID 4129826, Task ID 77
[/bin/bash] Using bond dimension: 1 and init index: 7
[/bin/bash] CWD: /home/s4116488/Documents/MPS/cuda-samples
[/bin/bash] Using GPU: 0
[/bin/bash] Path of python file: /home/s4116488/Documents/MPS/cuda-samples
[/bin/bash] Node scratch: /scratchdata/s4116488/4129826
[/bin/bash] Run directory/scratchdata/s4116488/4129826/tc_gpu_14_bond_1_init_7_4129826
[/bin/bash] Run script with bond dimension 1 and init index 7

[INFO] Running train with bond dimension: 1
[INFO] Using init index: 7
Epoch 0: l_f = 49.162735, l_q = 1.016518, avg S = 0.0265/0.0000, max S = 0.0663/0.0000 (epoch time: 37.22s)
Epoch 10: l_f = 47.199238, l_q = 1.001189, avg S = 0.0083/0.0000, max S = 0.0208/0.0000 (epoch time: 20.57s)
Epoch 20: l_f = 43.480042, l_q = 0.998361, avg S = 0.0107/0.0000, max S = 0.0268/0.0000 (epoch time: 20.38s)
Epoch 30: l_f = 41.324715, l_q = 0.979096, avg S = 0.0125/0.0000, max S = 0.0314/0.0000 (epoch time: 20.49s)
Epoch 40: l_f = 40.577923, l_q = 0.991536, avg S = 0.0135/0.0000, max S = 0.0337/0.0000 (epoch time: 19.23s)
Epoch 50: l_f = 39.455120, l_q = 0.994281, avg S = 0.0139/0.0000, max S = 0.0347/0.0000 (epoch time: 19.71s)
Epoch 60: l_f = 39.130379, l_q = 0.993301, avg S = 0.0135/0.0000, max S = 0.0337/0.0000 (epoch time: 19.54s)
Epoch 70: l_f = 38.798439, l_q = 0.992523, avg S = 0.0128/0.0000, max S = 0.0319/0.0000 (epoch time: 19.82s)
Epoch 80: l_f = 40.455223, l_q = 0.991997, avg S = 0.0134/0.0000, max S = 0.0334/0.0000 (epoch time: 19.92s)
Epoch 90: l_f = 41.559303, l_q = 0.974753, avg S = 0.0163/0.0000, max S = 0.0409/0.0000 (epoch time: 19.77s)
SubTraining time: 1775.40s
L_f = 41.676392, L_q = 0.958092
[SUMMARY] Full script time: 1780.92s
[/bin/bash] Script finished
[/bin/bash] Copy files back to cwd
[/bin/bash] Successfully copied results to /home/s4116488/Documents/MPS/cuda-samples/plots14_bond_1/index_7
[/bin/bash] #### Finished GPU TensorCircuit array job. Have a nice day
