[/bin/bash] #### Starting GPU TensorCircuit array job
[/bin/bash] This is s4116488 and my MPS job has the ID 4119532, Task ID 14
[/bin/bash] Using bond dimension: 7 and init index: 4
[/bin/bash] CWD: /home/s4116488/Documents/MPS/cuda-samples
[/bin/bash] Using GPU: 0
[/bin/bash] Path of python file: /home/s4116488/Documents/MPS/cuda-samples
[/bin/bash] Node scratch: /scratchdata/s4116488/4119532
[/bin/bash] Run directory/scratchdata/s4116488/4119532/tc_gpu_14_bond_7_init_4_4119532
[/bin/bash] Run script with bond dimension 7 and init index 4

[INFO] Running train with bond dimension: 7
[INFO] Using init index: 4
Epoch 0: l_f = 55.440247, l_q = 1.305730, avg S = 0.5393/1.9459, max S = 1.4653/1.9459 (epoch time: 108.91s)
Epoch 10: l_f = 1.466329, l_q = 0.016050, avg S = 0.5299/1.9459, max S = 1.4277/1.9459 (epoch time: 67.29s)
Epoch 20: l_f = 1.607234, l_q = 0.012099, avg S = 0.5474/1.9459, max S = 1.4998/1.9459 (epoch time: 60.15s)
Epoch 30: l_f = 1.043736, l_q = 0.005520, avg S = 0.5432/1.9459, max S = 1.4928/1.9459 (epoch time: 61.23s)
Epoch 40: l_f = 0.570240, l_q = 0.002904, avg S = 0.5537/1.9459, max S = 1.5188/1.9459 (epoch time: 59.05s)
Epoch 50: l_f = 1.782584, l_q = 0.004554, avg S = 0.5495/1.9459, max S = 1.5103/1.9459 (epoch time: 60.37s)
Epoch 60: l_f = 1.829925, l_q = 0.007014, avg S = 0.5509/1.9459, max S = 1.5245/1.9459 (epoch time: 60.53s)
Epoch 70: l_f = 5.955026, l_q = 0.280904, avg S = 0.5206/1.9459, max S = 1.4131/1.9459 (epoch time: 61.24s)
Epoch 80: l_f = 1.527869, l_q = 0.019542, avg S = 0.5364/1.9459, max S = 1.4397/1.9459 (epoch time: 70.75s)
Epoch 90: l_f = 1.348483, l_q = 0.065011, avg S = 0.5185/1.9459, max S = 1.3686/1.9459 (epoch time: 67.02s)
SubTraining time: 5681.55s
L_f = 0.696160, L_q = 0.002146
[SUMMARY] Full script time: 5693.23s
[/bin/bash] Script finished
[/bin/bash] Copy files back to cwd
[/bin/bash] Successfully copied results to /home/s4116488/Documents/MPS/cuda-samples/plots14_bond_7/index_4
[/bin/bash] #### Finished GPU TensorCircuit array job. Have a nice day
