[/bin/bash] #### Starting GPU TensorCircuit array job
[/bin/bash] This is s4116488 and my MPS job has the ID 4128326, Task ID 62
[/bin/bash] Using bond dimension: 2 and init index: 2
[/bin/bash] CWD: /home/s4116488/Documents/MPS/cuda-samples
[/bin/bash] Using GPU: 0
[/bin/bash] Path of python file: /home/s4116488/Documents/MPS/cuda-samples
[/bin/bash] Node scratch: /scratchdata/s4116488/4128326
[/bin/bash] Run directory/scratchdata/s4116488/4128326/tc_gpu_14_bond_2_init_2_4128326
[/bin/bash] Run script with bond dimension 2 and init index 2

[INFO] Running train with bond dimension: 2
[INFO] Using init index: 2
Epoch 0: l_f = 63.716389, l_q = 1.695914, avg S = 0.3382/0.6931, max S = 0.4624/0.6931 (epoch time: 65.34s)
Epoch 10: l_f = 83.639091, l_q = 0.691752, avg S = 0.3445/0.6931, max S = 0.5347/0.6931 (epoch time: 36.71s)
Epoch 20: l_f = 40.144684, l_q = 0.363496, avg S = 0.3544/0.6931, max S = 0.5748/0.6931 (epoch time: 38.73s)
Epoch 30: l_f = 25.780003, l_q = 0.633484, avg S = 0.3787/0.6931, max S = 0.5658/0.6931 (epoch time: 38.73s)
Epoch 40: l_f = 17.150934, l_q = 0.472933, avg S = 0.3832/0.6931, max S = 0.5750/0.6931 (epoch time: 39.76s)
Epoch 50: l_f = 11.017150, l_q = 0.268872, avg S = 0.3749/0.6931, max S = 0.5901/0.6931 (epoch time: 40.41s)
Epoch 60: l_f = 3.618952, l_q = 0.048472, avg S = 0.3825/0.6931, max S = 0.5920/0.6931 (epoch time: 40.65s)
Epoch 70: l_f = 1.869814, l_q = 0.023269, avg S = 0.3868/0.6931, max S = 0.5919/0.6931 (epoch time: 42.00s)
Epoch 80: l_f = 0.938225, l_q = 0.016186, avg S = 0.3878/0.6931, max S = 0.5898/0.6931 (epoch time: 39.92s)
Epoch 90: l_f = 0.466740, l_q = 0.005885, avg S = 0.3902/0.6931, max S = 0.5855/0.6931 (epoch time: 41.16s)
SubTraining time: 3526.99s
L_f = 0.264655, L_q = 0.002052
[SUMMARY] Full script time: 3535.21s
[/bin/bash] Script finished
[/bin/bash] Copy files back to cwd
[/bin/bash] Successfully copied results to /home/s4116488/Documents/MPS/cuda-samples/plots14_bond_2/index_2
[/bin/bash] #### Finished GPU TensorCircuit array job. Have a nice day
