[/bin/bash] #### Starting GPU TensorCircuit array job
[/bin/bash] This is s4116488 and my MPS job has the ID 4129772, Task ID 68
[/bin/bash] Using bond dimension: 2 and init index: 8
[/bin/bash] CWD: /home/s4116488/Documents/MPS/cuda-samples
[/bin/bash] Using GPU: 0
[/bin/bash] Path of python file: /home/s4116488/Documents/MPS/cuda-samples
[/bin/bash] Node scratch: /scratchdata/s4116488/4129772
[/bin/bash] Run directory/scratchdata/s4116488/4129772/tc_gpu_14_bond_2_init_8_4129772
[/bin/bash] Run script with bond dimension 2 and init index 8

[INFO] Running train with bond dimension: 2
[INFO] Using init index: 8
Epoch 0: l_f = 49.256115, l_q = 0.800084, avg S = 0.3714/0.6931, max S = 0.5400/0.6931 (epoch time: 64.77s)
Epoch 10: l_f = 63.340633, l_q = 0.783149, avg S = 0.3661/0.6931, max S = 0.5806/0.6931 (epoch time: 35.81s)
Epoch 20: l_f = 47.221428, l_q = 1.246947, avg S = 0.3993/0.6931, max S = 0.6253/0.6931 (epoch time: 38.79s)
Epoch 30: l_f = 36.574772, l_q = 1.096915, avg S = 0.4050/0.6931, max S = 0.6122/0.6931 (epoch time: 37.45s)
Epoch 40: l_f = 24.757660, l_q = 0.611099, avg S = 0.3651/0.6931, max S = 0.6118/0.6931 (epoch time: 38.50s)
Epoch 50: l_f = 16.920658, l_q = 0.406262, avg S = 0.3668/0.6931, max S = 0.6085/0.6931 (epoch time: 38.87s)
Epoch 60: l_f = 9.497603, l_q = 0.346783, avg S = 0.3697/0.6931, max S = 0.5977/0.6931 (epoch time: 38.40s)
Epoch 70: l_f = 7.229070, l_q = 0.302559, avg S = 0.3644/0.6931, max S = 0.5924/0.6931 (epoch time: 40.17s)
Epoch 80: l_f = 4.542018, l_q = 0.310262, avg S = 0.3653/0.6931, max S = 0.5985/0.6931 (epoch time: 37.86s)
Epoch 90: l_f = 13.392438, l_q = 0.138266, avg S = 0.4074/0.6931, max S = 0.6160/0.6931 (epoch time: 39.42s)
SubTraining time: 3402.67s
L_f = 8.546673, L_q = 0.076227
[SUMMARY] Full script time: 3410.63s
[/bin/bash] Script finished
[/bin/bash] Copy files back to cwd
[/bin/bash] Successfully copied results to /home/s4116488/Documents/MPS/cuda-samples/plots14_bond_2/index_8
[/bin/bash] #### Finished GPU TensorCircuit array job. Have a nice day
