[/bin/bash] #### Starting GPU TensorCircuit array job
[/bin/bash] This is s4116488 and my MPS job has the ID 4111594, Task ID 16
[/bin/bash] Using bond dimension: 7 and init index: 6
[/bin/bash] CWD: /home/s4116488/Documents/MPS/cuda-samples
[/bin/bash] Using GPU: 0
[/bin/bash] Path of python file: /home/s4116488/Documents/MPS/cuda-samples
[/bin/bash] Node scratch: /scratchdata/s4116488/4111594
[/bin/bash] Run directory/scratchdata/s4116488/4111594/tc_gpu_12_bond_7_init_6_4111594
[/bin/bash] Run script with bond dimension 7 and init index 6

[INFO] Running train with bond dimension: 7
[INFO] Using init index: 6
Epoch 0: l_f = 40.644939, l_q = 0.514984, avg S = 0.5302/1.9459, max S = 1.4656/1.9459 (epoch time: 114.51s)
Epoch 10: l_f = 3.503070, l_q = 0.137624, avg S = 0.5097/1.9459, max S = 1.3546/1.9459 (epoch time: 70.46s)
Epoch 20: l_f = 1.005322, l_q = 0.005227, avg S = 0.5281/1.9459, max S = 1.4474/1.9459 (epoch time: 72.65s)
Epoch 30: l_f = 0.385423, l_q = 0.001091, avg S = 0.5412/1.9459, max S = 1.4819/1.9459 (epoch time: 73.55s)
Epoch 40: l_f = 0.144055, l_q = 0.003380, avg S = 0.5415/1.9459, max S = 1.4841/1.9459 (epoch time: 71.12s)
Epoch 50: l_f = 0.053387, l_q = 0.002549, avg S = 0.5410/1.9459, max S = 1.4775/1.9459 (epoch time: 71.42s)
Epoch 60: l_f = 0.032275, l_q = 0.000461, avg S = 0.5392/1.9459, max S = 1.4719/1.9459 (epoch time: 72.57s)
Epoch 70: l_f = 0.013696, l_q = 0.000194, avg S = 0.5405/1.9459, max S = 1.4743/1.9459 (epoch time: 73.15s)
Epoch 80: l_f = 0.013884, l_q = 0.000102, avg S = 0.5407/1.9459, max S = 1.4744/1.9459 (epoch time: 75.72s)
Epoch 90: l_f = 0.012145, l_q = 0.000039, avg S = 0.5419/1.9459, max S = 1.4781/1.9459 (epoch time: 75.69s)
SubTraining time: 6491.56s
L_f = 0.006882, L_q = 0.000100
[SUMMARY] Full script time: 6503.87s
[/bin/bash] Script finished
[/bin/bash] Copy files back to cwd
[/bin/bash] Successfully copied results to /home/s4116488/Documents/MPS/cuda-samples/plots12_bond_7/index_6
[/bin/bash] #### Finished GPU TensorCircuit array job. Have a nice day
