[/bin/bash] #### Starting GPU TensorCircuit array job
[/bin/bash] This is s4116488 and my MPS job has the ID 4112424, Task ID 28
[/bin/bash] Using bond dimension: 6 and init index: 8
[/bin/bash] CWD: /home/s4116488/Documents/MPS/cuda-samples
[/bin/bash] Using GPU: 0
[/bin/bash] Path of python file: /home/s4116488/Documents/MPS/cuda-samples
[/bin/bash] Node scratch: /scratchdata/s4116488/4112424
[/bin/bash] Run directory/scratchdata/s4116488/4112424/tc_gpu_12_bond_6_init_8_4112424
[/bin/bash] Run script with bond dimension 6 and init index 8

[INFO] Running train with bond dimension: 6
[INFO] Using init index: 8
Epoch 0: l_f = 40.172058, l_q = 0.500739, avg S = 0.5530/1.7918, max S = 1.4259/1.7918 (epoch time: 118.75s)
Epoch 10: l_f = 0.608568, l_q = 0.011130, avg S = 0.5513/1.7918, max S = 1.4322/1.7918 (epoch time: 67.43s)
Epoch 20: l_f = 0.571058, l_q = 0.013330, avg S = 0.5613/1.7918, max S = 1.4595/1.7918 (epoch time: 63.30s)
Epoch 30: l_f = 0.241814, l_q = 0.000413, avg S = 0.5628/1.7918, max S = 1.4510/1.7918 (epoch time: 65.04s)
Epoch 40: l_f = 0.112379, l_q = 0.003637, avg S = 0.5625/1.7918, max S = 1.4412/1.7918 (epoch time: 73.80s)
Epoch 50: l_f = 0.033928, l_q = 0.000359, avg S = 0.5676/1.7918, max S = 1.4501/1.7918 (epoch time: 67.57s)
Epoch 60: l_f = 0.029992, l_q = 0.000153, avg S = 0.5675/1.7918, max S = 1.4482/1.7918 (epoch time: 71.73s)
Epoch 70: l_f = 0.009056, l_q = 0.001531, avg S = 0.5663/1.7918, max S = 1.4442/1.7918 (epoch time: 64.03s)
Epoch 80: l_f = 0.008722, l_q = 0.000481, avg S = 0.5654/1.7918, max S = 1.4426/1.7918 (epoch time: 66.94s)
Epoch 90: l_f = 0.007139, l_q = 0.000657, avg S = 0.5643/1.7918, max S = 1.4390/1.7918 (epoch time: 74.22s)
SubTraining time: 6047.83s
L_f = 0.003219, L_q = 0.000815
[SUMMARY] Full script time: 6061.52s
[/bin/bash] Script finished
[/bin/bash] Copy files back to cwd
[/bin/bash] Successfully copied results to /home/s4116488/Documents/MPS/cuda-samples/plots12_bond_6/index_8
[/bin/bash] #### Finished GPU TensorCircuit array job. Have a nice day
