[/bin/bash] #### Starting GPU TensorCircuit array job
[/bin/bash] This is s4116488 and my MPS job has the ID 4114222, Task ID 71
[/bin/bash] Using bond dimension: 1 and init index: 1
[/bin/bash] CWD: /home/s4116488/Documents/MPS/cuda-samples
[/bin/bash] Using GPU: 0
[/bin/bash] Path of python file: /home/s4116488/Documents/MPS/cuda-samples
[/bin/bash] Node scratch: /scratchdata/s4116488/4114222
[/bin/bash] Run directory/scratchdata/s4116488/4114222/tc_gpu_12_bond_1_init_1_4114222
[/bin/bash] Run script with bond dimension 1 and init index 1

[INFO] Running train with bond dimension: 1
[INFO] Using init index: 1
Epoch 0: l_f = 42.674114, l_q = 1.207882, avg S = 0.0458/0.0000, max S = 0.1146/0.0000 (epoch time: 37.22s)
Epoch 10: l_f = 34.742657, l_q = 1.253112, avg S = 0.0519/0.0000, max S = 0.1298/0.0000 (epoch time: 19.04s)
Epoch 20: l_f = 32.790462, l_q = 1.114799, avg S = 0.0558/0.0000, max S = 0.1396/0.0000 (epoch time: 19.30s)
Epoch 30: l_f = 35.984550, l_q = 1.115752, avg S = 0.0519/0.0000, max S = 0.1297/0.0000 (epoch time: 19.43s)
Epoch 40: l_f = 33.074451, l_q = 1.121981, avg S = 0.0500/0.0000, max S = 0.1250/0.0000 (epoch time: 19.65s)
Epoch 50: l_f = 31.880854, l_q = 1.164508, avg S = 0.0494/0.0000, max S = 0.1236/0.0000 (epoch time: 20.14s)
Epoch 60: l_f = 32.188404, l_q = 1.208485, avg S = 0.0498/0.0000, max S = 0.1246/0.0000 (epoch time: 20.22s)
Epoch 70: l_f = 32.810863, l_q = 1.213742, avg S = 0.0521/0.0000, max S = 0.1302/0.0000 (epoch time: 20.38s)
Epoch 80: l_f = 32.374340, l_q = 1.211155, avg S = 0.0525/0.0000, max S = 0.1312/0.0000 (epoch time: 20.74s)
Epoch 90: l_f = 31.651239, l_q = 1.204091, avg S = 0.0524/0.0000, max S = 0.1311/0.0000 (epoch time: 20.85s)
SubTraining time: 1785.35s
L_f = 34.078869, L_q = 1.174998
[SUMMARY] Full script time: 1791.70s
[/bin/bash] Script finished
[/bin/bash] Copy files back to cwd
[/bin/bash] Successfully copied results to /home/s4116488/Documents/MPS/cuda-samples/plots12_bond_1/index_1
[/bin/bash] #### Finished GPU TensorCircuit array job. Have a nice day
