[/bin/bash] #### Starting GPU TensorCircuit array job
[/bin/bash] This is s4116488 and my MPS job has the ID 4114326, Task ID 73
[/bin/bash] Using bond dimension: 1 and init index: 3
[/bin/bash] CWD: /home/s4116488/Documents/MPS/cuda-samples
[/bin/bash] Using GPU: 0
[/bin/bash] Path of python file: /home/s4116488/Documents/MPS/cuda-samples
[/bin/bash] Node scratch: /scratchdata/s4116488/4114326
[/bin/bash] Run directory/scratchdata/s4116488/4114326/tc_gpu_12_bond_1_init_3_4114326
[/bin/bash] Run script with bond dimension 1 and init index 3

[INFO] Running train with bond dimension: 1
[INFO] Using init index: 3
Epoch 0: l_f = 99.604637, l_q = 1.214607, avg S = 0.0312/0.0000, max S = 0.0780/0.0000 (epoch time: 40.32s)
Epoch 10: l_f = 34.981026, l_q = 1.182330, avg S = 0.0122/0.0000, max S = 0.0305/0.0000 (epoch time: 21.80s)
Epoch 20: l_f = 47.558220, l_q = 1.194117, avg S = 0.0200/0.0000, max S = 0.0501/0.0000 (epoch time: 21.94s)
Epoch 30: l_f = 35.805550, l_q = 1.172161, avg S = 0.0173/0.0000, max S = 0.0432/0.0000 (epoch time: 22.29s)
Epoch 40: l_f = 37.466545, l_q = 1.277990, avg S = 0.0233/0.0000, max S = 0.0583/0.0000 (epoch time: 25.43s)
Epoch 50: l_f = 32.476246, l_q = 1.164485, avg S = 0.0219/0.0000, max S = 0.0548/0.0000 (epoch time: 23.32s)
Epoch 60: l_f = 35.415928, l_q = 1.148818, avg S = 0.0304/0.0000, max S = 0.0761/0.0000 (epoch time: 25.26s)
Epoch 70: l_f = 29.346609, l_q = 1.155641, avg S = 0.0232/0.0000, max S = 0.0581/0.0000 (epoch time: 24.20s)
Epoch 80: l_f = 40.094017, l_q = 1.173401, avg S = 0.0211/0.0000, max S = 0.0528/0.0000 (epoch time: 25.44s)
Epoch 90: l_f = 31.561789, l_q = 1.139859, avg S = 0.0188/0.0000, max S = 0.0470/0.0000 (epoch time: 25.33s)
SubTraining time: 2126.19s
L_f = 31.729593, L_q = 1.112289
[SUMMARY] Full script time: 2132.79s
[/bin/bash] Script finished
[/bin/bash] Copy files back to cwd
[/bin/bash] Successfully copied results to /home/s4116488/Documents/MPS/cuda-samples/plots12_bond_1/index_3
[/bin/bash] #### Finished GPU TensorCircuit array job. Have a nice day
