[/bin/bash] #### Starting GPU TensorCircuit array job
[/bin/bash] This is s4116488 and my MPS job has the ID 4114371, Task ID 77
[/bin/bash] Using bond dimension: 1 and init index: 7
[/bin/bash] CWD: /home/s4116488/Documents/MPS/cuda-samples
[/bin/bash] Using GPU: 0
[/bin/bash] Path of python file: /home/s4116488/Documents/MPS/cuda-samples
[/bin/bash] Node scratch: /scratchdata/s4116488/4114371
[/bin/bash] Run directory/scratchdata/s4116488/4114371/tc_gpu_12_bond_1_init_7_4114371
[/bin/bash] Run script with bond dimension 1 and init index 7

[INFO] Running train with bond dimension: 1
[INFO] Using init index: 7
Epoch 0: l_f = 35.838165, l_q = 1.232369, avg S = 0.0318/0.0000, max S = 0.0796/0.0000 (epoch time: 37.22s)
Epoch 10: l_f = 29.747709, l_q = 1.113252, avg S = 0.0415/0.0000, max S = 0.1038/0.0000 (epoch time: 19.27s)
Epoch 20: l_f = 30.197092, l_q = 1.324971, avg S = 0.0500/0.0000, max S = 0.1250/0.0000 (epoch time: 19.70s)
Epoch 30: l_f = 22.897213, l_q = 1.075272, avg S = 0.0670/0.0000, max S = 0.1674/0.0000 (epoch time: 20.21s)
Epoch 40: l_f = 24.876638, l_q = 1.014978, avg S = 0.0673/0.0000, max S = 0.1683/0.0000 (epoch time: 20.27s)
Epoch 50: l_f = 23.220745, l_q = 1.033976, avg S = 0.0735/0.0000, max S = 0.1838/0.0000 (epoch time: 20.65s)
Epoch 60: l_f = 22.374168, l_q = 0.979048, avg S = 0.0765/0.0000, max S = 0.1913/0.0000 (epoch time: 20.44s)
Epoch 70: l_f = 19.493845, l_q = 0.933482, avg S = 0.0826/0.0000, max S = 0.2065/0.0000 (epoch time: 20.88s)
Epoch 80: l_f = 17.596243, l_q = 0.915454, avg S = 0.0889/0.0000, max S = 0.2222/0.0000 (epoch time: 20.99s)
Epoch 90: l_f = 14.356308, l_q = 0.879210, avg S = 0.0936/0.0000, max S = 0.2341/0.0000 (epoch time: 21.58s)
SubTraining time: 1826.36s
L_f = 12.705164, L_q = 0.871921
[SUMMARY] Full script time: 1832.39s
[/bin/bash] Script finished
[/bin/bash] Copy files back to cwd
[/bin/bash] Successfully copied results to /home/s4116488/Documents/MPS/cuda-samples/plots12_bond_1/index_7
[/bin/bash] #### Finished GPU TensorCircuit array job. Have a nice day
