[/bin/bash] #### Starting GPU TensorCircuit array job
[/bin/bash] This is s4116488 and my MPS job has the ID 4114188, Task ID 66
[/bin/bash] Using bond dimension: 2 and init index: 6
[/bin/bash] CWD: /home/s4116488/Documents/MPS/cuda-samples
[/bin/bash] Using GPU: 0
[/bin/bash] Path of python file: /home/s4116488/Documents/MPS/cuda-samples
[/bin/bash] Node scratch: /scratchdata/s4116488/4114188
[/bin/bash] Run directory/scratchdata/s4116488/4114188/tc_gpu_12_bond_2_init_6_4114188
[/bin/bash] Run script with bond dimension 2 and init index 6

[INFO] Running train with bond dimension: 2
[INFO] Using init index: 6
Epoch 0: l_f = 40.704189, l_q = 1.231410, avg S = 0.3678/0.6931, max S = 0.5741/0.6931 (epoch time: 67.15s)
Epoch 10: l_f = 9.748631, l_q = 1.826101, avg S = 0.3432/0.6931, max S = 0.5748/0.6931 (epoch time: 36.43s)
Epoch 20: l_f = 29.632568, l_q = 2.025411, avg S = 0.3391/0.6931, max S = 0.5713/0.6931 (epoch time: 38.49s)
Epoch 30: l_f = 25.487883, l_q = 1.260758, avg S = 0.3646/0.6931, max S = 0.5624/0.6931 (epoch time: 39.13s)
Epoch 40: l_f = 23.507252, l_q = 0.504122, avg S = 0.3627/0.6931, max S = 0.5403/0.6931 (epoch time: 39.32s)
Epoch 50: l_f = 25.645620, l_q = 1.741236, avg S = 0.3713/0.6931, max S = 0.5719/0.6931 (epoch time: 39.81s)
Epoch 60: l_f = 52.917805, l_q = 1.463609, avg S = 0.3394/0.6931, max S = 0.4991/0.6931 (epoch time: 38.97s)
Epoch 70: l_f = 57.952930, l_q = 1.337591, avg S = 0.3347/0.6931, max S = 0.4906/0.6931 (epoch time: 40.84s)
Epoch 80: l_f = 34.913006, l_q = 1.055313, avg S = 0.3267/0.6931, max S = 0.4943/0.6931 (epoch time: 39.91s)
Epoch 90: l_f = 26.135252, l_q = 0.947908, avg S = 0.3428/0.6931, max S = 0.4894/0.6931 (epoch time: 40.33s)
SubTraining time: 3478.48s
L_f = 23.866606, L_q = 0.725973
[SUMMARY] Full script time: 3486.45s
[/bin/bash] Script finished
[/bin/bash] Copy files back to cwd
[/bin/bash] Successfully copied results to /home/s4116488/Documents/MPS/cuda-samples/plots12_bond_2/index_6
[/bin/bash] #### Finished GPU TensorCircuit array job. Have a nice day
