[/bin/bash] #### Starting GPU TensorCircuit array job
[/bin/bash] This is s4116488 and my MPS job has the ID 4112725, Task ID 44
[/bin/bash] Using bond dimension: 4 and init index: 4
[/bin/bash] CWD: /home/s4116488/Documents/MPS/cuda-samples
[/bin/bash] Using GPU: 0
[/bin/bash] Path of python file: /home/s4116488/Documents/MPS/cuda-samples
[/bin/bash] Node scratch: /scratchdata/s4116488/4112725
[/bin/bash] Run directory/scratchdata/s4116488/4112725/tc_gpu_12_bond_4_init_4_4112725
[/bin/bash] Run script with bond dimension 4 and init index 4

[INFO] Running train with bond dimension: 4
[INFO] Using init index: 4
Epoch 0: l_f = 40.675285, l_q = 1.284718, avg S = 0.5901/1.3863, max S = 1.2170/1.3863 (epoch time: 100.81s)
Epoch 10: l_f = 2.809376, l_q = 0.025278, avg S = 0.5731/1.3863, max S = 1.2144/1.3863 (epoch time: 54.89s)
Epoch 20: l_f = 2.069706, l_q = 0.076007, avg S = 0.5757/1.3863, max S = 1.1912/1.3863 (epoch time: 55.04s)
Epoch 30: l_f = 0.657675, l_q = 0.027906, avg S = 0.5575/1.3863, max S = 1.1698/1.3863 (epoch time: 56.93s)
Epoch 40: l_f = 0.271924, l_q = 0.001033, avg S = 0.5485/1.3863, max S = 1.1534/1.3863 (epoch time: 84.88s)
Epoch 50: l_f = 0.064479, l_q = 0.005211, avg S = 0.5553/1.3863, max S = 1.1511/1.3863 (epoch time: 68.06s)
Epoch 60: l_f = 0.030622, l_q = 0.000472, avg S = 0.5583/1.3863, max S = 1.1573/1.3863 (epoch time: 64.60s)
Epoch 70: l_f = 0.027090, l_q = 0.000204, avg S = 0.5585/1.3863, max S = 1.1617/1.3863 (epoch time: 74.31s)
Epoch 80: l_f = 0.016336, l_q = 0.000264, avg S = 0.5586/1.3863, max S = 1.1596/1.3863 (epoch time: 71.86s)
Epoch 90: l_f = 0.013009, l_q = 0.000186, avg S = 0.5586/1.3863, max S = 1.1548/1.3863 (epoch time: 69.02s)
SubTraining time: 5879.19s
L_f = 0.010316, L_q = 0.000319
[SUMMARY] Full script time: 5891.11s
[/bin/bash] Script finished
[/bin/bash] Copy files back to cwd
[/bin/bash] Successfully copied results to /home/s4116488/Documents/MPS/cuda-samples/plots12_bond_4/index_4
[/bin/bash] #### Finished GPU TensorCircuit array job. Have a nice day
