[/bin/bash] #### Starting GPU TensorCircuit array job
[/bin/bash] This is s4116488 and my MPS job has the ID 4113584, Task ID 58
[/bin/bash] Using bond dimension: 3 and init index: 8
[/bin/bash] CWD: /home/s4116488/Documents/MPS/cuda-samples
[/bin/bash] Using GPU: 0
[/bin/bash] Path of python file: /home/s4116488/Documents/MPS/cuda-samples
[/bin/bash] Node scratch: /scratchdata/s4116488/4113584
[/bin/bash] Run directory/scratchdata/s4116488/4113584/tc_gpu_12_bond_3_init_8_4113584
[/bin/bash] Run script with bond dimension 3 and init index 8

[INFO] Running train with bond dimension: 3
[INFO] Using init index: 8
Epoch 0: l_f = 40.927952, l_q = 0.844263, avg S = 0.4228/1.0986, max S = 0.9094/1.0986 (epoch time: 96.22s)
Epoch 10: l_f = 70.093941, l_q = 1.024648, avg S = 0.4015/1.0986, max S = 0.8456/1.0986 (epoch time: 52.89s)
Epoch 20: l_f = 21.104101, l_q = 0.462381, avg S = 0.4057/1.0986, max S = 0.8320/1.0986 (epoch time: 54.13s)
Epoch 30: l_f = 13.630885, l_q = 0.236221, avg S = 0.3963/1.0986, max S = 0.8210/1.0986 (epoch time: 55.68s)
Epoch 40: l_f = 6.755616, l_q = 0.154397, avg S = 0.3994/1.0986, max S = 0.8208/1.0986 (epoch time: 62.23s)
Epoch 50: l_f = 7.678356, l_q = 0.109837, avg S = 0.3992/1.0986, max S = 0.8195/1.0986 (epoch time: 61.89s)
Epoch 60: l_f = 5.847929, l_q = 0.152533, avg S = 0.3961/1.0986, max S = 0.8233/1.0986 (epoch time: 63.99s)
Epoch 70: l_f = 3.271082, l_q = 0.070596, avg S = 0.3991/1.0986, max S = 0.8315/1.0986 (epoch time: 55.05s)
Epoch 80: l_f = 3.037465, l_q = 0.087244, avg S = 0.4008/1.0986, max S = 0.8284/1.0986 (epoch time: 54.89s)
Epoch 90: l_f = 1.122799, l_q = 0.058956, avg S = 0.4043/1.0986, max S = 0.8331/1.0986 (epoch time: 58.18s)
SubTraining time: 5103.87s
L_f = 0.505346, L_q = 0.044442
[SUMMARY] Full script time: 5115.08s
[/bin/bash] Script finished
[/bin/bash] Copy files back to cwd
[/bin/bash] Successfully copied results to /home/s4116488/Documents/MPS/cuda-samples/plots12_bond_3/index_8
[/bin/bash] #### Finished GPU TensorCircuit array job. Have a nice day
