[/bin/bash] #### Starting GPU TensorCircuit array job
[/bin/bash] This is s4116488 and my MPS job has the ID 4111357, Task ID 79
[/bin/bash] Using bond dimension: 1 and init index: 9
[/bin/bash] CWD: /home/s4116488/Documents/MPS/cuda-samples
[/bin/bash] Using GPU: 0
[/bin/bash] Path of python file: /home/s4116488/Documents/MPS/cuda-samples
[/bin/bash] Node scratch: /scratchdata/s4116488/4111357
[/bin/bash] Run directory/scratchdata/s4116488/4111357/tc_gpu_12_bond_1_init_9_4111357
[/bin/bash] Run script with bond dimension 1 and init index 9

[INFO] Running train with bond dimension: 1
[INFO] Using init index: 9
Epoch 0: l_f = 49.565884, l_q = 1.232702, avg S = 0.0197/0.0000, max S = 0.0492/0.0000 (epoch time: 38.02s)
Epoch 10: l_f = 33.168514, l_q = 1.185191, avg S = 0.0164/0.0000, max S = 0.0411/0.0000 (epoch time: 20.71s)
Epoch 20: l_f = 153.745331, l_q = 1.198247, avg S = 0.0220/0.0000, max S = 0.0551/0.0000 (epoch time: 22.01s)
Epoch 30: l_f = 1319.674561, l_q = 1.125945, avg S = 0.0198/0.0000, max S = 0.0496/0.0000 (epoch time: 21.44s)
Epoch 40: l_f = 33.093079, l_q = 1.198449, avg S = 0.0188/0.0000, max S = 0.0469/0.0000 (epoch time: 20.27s)
Epoch 50: l_f = 53.393147, l_q = 1.193336, avg S = 0.0184/0.0000, max S = 0.0459/0.0000 (epoch time: 20.84s)
Epoch 60: l_f = 34.012135, l_q = 1.179538, avg S = 0.0182/0.0000, max S = 0.0454/0.0000 (epoch time: 21.27s)
Epoch 70: l_f = 32.724129, l_q = 1.202651, avg S = 0.0209/0.0000, max S = 0.0523/0.0000 (epoch time: 21.84s)
Epoch 80: l_f = 33.273769, l_q = 1.197210, avg S = 0.0187/0.0000, max S = 0.0467/0.0000 (epoch time: 20.86s)
Epoch 90: l_f = 34.642651, l_q = 1.183925, avg S = 0.0180/0.0000, max S = 0.0450/0.0000 (epoch time: 21.61s)
SubTraining time: 1864.84s
L_f = 32.235928, L_q = 1.176649
[SUMMARY] Full script time: 1870.58s
[/bin/bash] Script finished
[/bin/bash] Copy files back to cwd
[/bin/bash] Successfully copied results to /home/s4116488/Documents/MPS/cuda-samples/plots12_bond_1/index_9
[/bin/bash] #### Finished GPU TensorCircuit array job. Have a nice day
