[/bin/bash] #### Starting GPU TensorCircuit array job
[/bin/bash] This is s4116488 and my MPS job has the ID 4112709, Task ID 41
[/bin/bash] Using bond dimension: 4 and init index: 1
[/bin/bash] CWD: /home/s4116488/Documents/MPS/cuda-samples
[/bin/bash] Using GPU: 0
[/bin/bash] Path of python file: /home/s4116488/Documents/MPS/cuda-samples
[/bin/bash] Node scratch: /scratchdata/s4116488/4112709
[/bin/bash] Run directory/scratchdata/s4116488/4112709/tc_gpu_12_bond_4_init_1_4112709
[/bin/bash] Run script with bond dimension 4 and init index 1

[INFO] Running train with bond dimension: 4
[INFO] Using init index: 1
Epoch 0: l_f = 85.840530, l_q = 2.373780, avg S = 0.5842/1.3863, max S = 1.1774/1.3863 (epoch time: 93.41s)
Epoch 10: l_f = 39.841946, l_q = 2.650064, avg S = 0.5675/1.3863, max S = 1.1349/1.3863 (epoch time: 52.65s)
Epoch 20: l_f = 20.512810, l_q = 1.388099, avg S = 0.5569/1.3863, max S = 1.1483/1.3863 (epoch time: 53.46s)
Epoch 30: l_f = 8.857585, l_q = 0.652656, avg S = 0.5613/1.3863, max S = 1.1510/1.3863 (epoch time: 53.98s)
Epoch 40: l_f = 3.587011, l_q = 0.279856, avg S = 0.5718/1.3863, max S = 1.1527/1.3863 (epoch time: 51.94s)
Epoch 50: l_f = 2.027167, l_q = 0.152790, avg S = 0.5756/1.3863, max S = 1.1537/1.3863 (epoch time: 52.61s)
Epoch 60: l_f = 1.109350, l_q = 0.136981, avg S = 0.5711/1.3863, max S = 1.1398/1.3863 (epoch time: 51.08s)
Epoch 70: l_f = 0.543359, l_q = 0.104175, avg S = 0.5700/1.3863, max S = 1.1378/1.3863 (epoch time: 51.80s)
Epoch 80: l_f = 0.407702, l_q = 0.075945, avg S = 0.5691/1.3863, max S = 1.1378/1.3863 (epoch time: 50.58s)
Epoch 90: l_f = 0.217035, l_q = 0.050918, avg S = 0.5711/1.3863, max S = 1.1396/1.3863 (epoch time: 53.69s)
SubTraining time: 4656.64s
L_f = 0.188906, L_q = 0.041260
[SUMMARY] Full script time: 4667.05s
[/bin/bash] Script finished
[/bin/bash] Copy files back to cwd
[/bin/bash] Successfully copied results to /home/s4116488/Documents/MPS/cuda-samples/plots12_bond_4/index_1
[/bin/bash] #### Finished GPU TensorCircuit array job. Have a nice day
