[/bin/bash] #### Starting GPU TensorCircuit array job
[/bin/bash] This is s4116488 and my MPS job has the ID 4113906, Task ID 64
[/bin/bash] Using bond dimension: 2 and init index: 4
[/bin/bash] CWD: /home/s4116488/Documents/MPS/cuda-samples
[/bin/bash] Using GPU: 0
[/bin/bash] Path of python file: /home/s4116488/Documents/MPS/cuda-samples
[/bin/bash] Node scratch: /scratchdata/s4116488/4113906
[/bin/bash] Run directory/scratchdata/s4116488/4113906/tc_gpu_12_bond_2_init_4_4113906
[/bin/bash] Run script with bond dimension 2 and init index 4

[INFO] Running train with bond dimension: 2
[INFO] Using init index: 4
Epoch 0: l_f = 44.633247, l_q = 1.626412, avg S = 0.3553/0.6931, max S = 0.4950/0.6931 (epoch time: 65.74s)
Epoch 10: l_f = 39.720646, l_q = 1.223927, avg S = 0.3642/0.6931, max S = 0.5357/0.6931 (epoch time: 36.65s)
Epoch 20: l_f = 28.550735, l_q = 0.891465, avg S = 0.3630/0.6931, max S = 0.5402/0.6931 (epoch time: 38.92s)
Epoch 30: l_f = 17.368090, l_q = 0.786180, avg S = 0.3572/0.6931, max S = 0.5418/0.6931 (epoch time: 39.54s)
Epoch 40: l_f = 7.559573, l_q = 0.242035, avg S = 0.3559/0.6931, max S = 0.5698/0.6931 (epoch time: 39.42s)
Epoch 50: l_f = 5.456556, l_q = 0.131228, avg S = 0.3671/0.6931, max S = 0.5770/0.6931 (epoch time: 39.39s)
Epoch 60: l_f = 4.782279, l_q = 0.223039, avg S = 0.3832/0.6931, max S = 0.5949/0.6931 (epoch time: 39.10s)
Epoch 70: l_f = 2.382191, l_q = 0.091247, avg S = 0.3842/0.6931, max S = 0.5956/0.6931 (epoch time: 40.80s)
Epoch 80: l_f = 1.422475, l_q = 0.039261, avg S = 0.3913/0.6931, max S = 0.6005/0.6931 (epoch time: 39.38s)
Epoch 90: l_f = 0.847234, l_q = 0.025630, avg S = 0.3852/0.6931, max S = 0.5954/0.6931 (epoch time: 41.94s)
SubTraining time: 3487.28s
L_f = 0.604539, L_q = 0.025687
[SUMMARY] Full script time: 3495.53s
[/bin/bash] Script finished
[/bin/bash] Copy files back to cwd
[/bin/bash] Successfully copied results to /home/s4116488/Documents/MPS/cuda-samples/plots12_bond_2/index_4
[/bin/bash] #### Finished GPU TensorCircuit array job. Have a nice day
