[/bin/bash] #### Starting GPU TensorCircuit array job
[/bin/bash] This is s4116488 and my MPS job has the ID 4112010, Task ID 20
[/bin/bash] Using bond dimension: 6 and init index: 0
[/bin/bash] CWD: /home/s4116488/Documents/MPS/cuda-samples
[/bin/bash] Using GPU: 0
[/bin/bash] Path of python file: /home/s4116488/Documents/MPS/cuda-samples
[/bin/bash] Node scratch: /scratchdata/s4116488/4112010
[/bin/bash] Run directory/scratchdata/s4116488/4112010/tc_gpu_12_bond_6_init_0_4112010
[/bin/bash] Run script with bond dimension 6 and init index 0

[INFO] Running train with bond dimension: 6
[INFO] Using init index: 0
Epoch 0: l_f = 48.805317, l_q = 1.231620, avg S = 0.5731/1.7918, max S = 1.4679/1.7918 (epoch time: 106.02s)
Epoch 10: l_f = 41.451046, l_q = 1.487216, avg S = 0.5810/1.7918, max S = 1.4558/1.7918 (epoch time: 61.78s)
Epoch 20: l_f = 26.986744, l_q = 0.656631, avg S = 0.5603/1.7918, max S = 1.4293/1.7918 (epoch time: 62.54s)
Epoch 30: l_f = 7.692077, l_q = 0.259946, avg S = 0.5415/1.7918, max S = 1.4082/1.7918 (epoch time: 65.48s)
Epoch 40: l_f = 1.911717, l_q = 0.020164, avg S = 0.5488/1.7918, max S = 1.4044/1.7918 (epoch time: 62.26s)
Epoch 50: l_f = 0.776249, l_q = 0.005220, avg S = 0.5572/1.7918, max S = 1.4023/1.7918 (epoch time: 63.93s)
Epoch 60: l_f = 0.570234, l_q = 0.002540, avg S = 0.5588/1.7918, max S = 1.4047/1.7918 (epoch time: 64.17s)
Epoch 70: l_f = 0.361118, l_q = 0.001524, avg S = 0.5511/1.7918, max S = 1.3989/1.7918 (epoch time: 64.77s)
Epoch 80: l_f = 0.248356, l_q = 0.002266, avg S = 0.5487/1.7918, max S = 1.3975/1.7918 (epoch time: 67.46s)
Epoch 90: l_f = 0.157555, l_q = 0.001049, avg S = 0.5474/1.7918, max S = 1.3978/1.7918 (epoch time: 67.53s)
SubTraining time: 5716.48s
L_f = 0.135311, L_q = 0.000815
[SUMMARY] Full script time: 5727.52s
[/bin/bash] Script finished
[/bin/bash] Copy files back to cwd
[/bin/bash] Successfully copied results to /home/s4116488/Documents/MPS/cuda-samples/plots12_bond_6/index_0
[/bin/bash] #### Finished GPU TensorCircuit array job. Have a nice day
