[/bin/bash] #### Starting GPU TensorCircuit array job
[/bin/bash] This is s4116488 and my MPS job has the ID 4112047, Task ID 23
[/bin/bash] Using bond dimension: 6 and init index: 3
[/bin/bash] CWD: /home/s4116488/Documents/MPS/cuda-samples
[/bin/bash] Using GPU: 0
[/bin/bash] Path of python file: /home/s4116488/Documents/MPS/cuda-samples
[/bin/bash] Node scratch: /scratchdata/s4116488/4112047
[/bin/bash] Run directory/scratchdata/s4116488/4112047/tc_gpu_12_bond_6_init_3_4112047
[/bin/bash] Run script with bond dimension 6 and init index 3

[INFO] Running train with bond dimension: 6
[INFO] Using init index: 3
Epoch 0: l_f = 34.414696, l_q = 1.488846, avg S = 0.5730/1.7918, max S = 1.4477/1.7918 (epoch time: 109.97s)
Epoch 10: l_f = 3.829039, l_q = 0.345669, avg S = 0.5569/1.7918, max S = 1.4081/1.7918 (epoch time: 59.21s)
Epoch 20: l_f = 0.767440, l_q = 0.007677, avg S = 0.5412/1.7918, max S = 1.4085/1.7918 (epoch time: 59.77s)
Epoch 30: l_f = 0.322661, l_q = 0.004107, avg S = 0.5434/1.7918, max S = 1.4338/1.7918 (epoch time: 61.02s)
Epoch 40: l_f = 0.106953, l_q = 0.005174, avg S = 0.5314/1.7918, max S = 1.4167/1.7918 (epoch time: 60.25s)
Epoch 50: l_f = 0.033313, l_q = 0.000560, avg S = 0.5329/1.7918, max S = 1.4069/1.7918 (epoch time: 65.92s)
Epoch 60: l_f = 0.023593, l_q = 0.000858, avg S = 0.5331/1.7918, max S = 1.4075/1.7918 (epoch time: 68.35s)
Epoch 70: l_f = 0.014644, l_q = 0.000540, avg S = 0.5318/1.7918, max S = 1.4041/1.7918 (epoch time: 61.70s)
Epoch 80: l_f = 0.013478, l_q = 0.000580, avg S = 0.5300/1.7918, max S = 1.3992/1.7918 (epoch time: 63.50s)
Epoch 90: l_f = 0.011624, l_q = 0.000308, avg S = 0.5294/1.7918, max S = 1.3966/1.7918 (epoch time: 63.18s)
SubTraining time: 5572.10s
L_f = 0.008078, L_q = 0.000580
[SUMMARY] Full script time: 5582.66s
[/bin/bash] Script finished
[/bin/bash] Copy files back to cwd
[/bin/bash] Successfully copied results to /home/s4116488/Documents/MPS/cuda-samples/plots12_bond_6/index_3
[/bin/bash] #### Finished GPU TensorCircuit array job. Have a nice day
