[/bin/bash] #### Starting GPU TensorCircuit array job
[/bin/bash] This is s4116488 and my MPS job has the ID 4147488, Task ID 5
[/bin/bash] Using bond dimension: init index: 5
[/bin/bash] CWD: /home/s4116488/Documents/MPS/cuda-samples
[/bin/bash] Using GPU: 0
[/bin/bash] Path of python file: /home/s4116488/Documents/MPS/cuda-samples
[/bin/bash] Node scratch: /scratchdata/s4116488/4147488
[/bin/bash] Run directory/scratchdata/s4116488/4147488/tc_cpu_8_init_5_4147488
[/bin/bash] Run script with bond dimension init index 5
[INFO] Using init index: 5
Epoch 0: l_f = 628.607666, l_q = 0.376591 (epoch time: 22.34s)
Epoch 10: l_f = 5.062660, l_q = 0.147330 (epoch time: 3.44s)
Epoch 20: l_f = 1.407211, l_q = 0.126557 (epoch time: 3.57s)
Epoch 30: l_f = 0.733570, l_q = 0.071425 (epoch time: 3.47s)
Epoch 40: l_f = 0.459316, l_q = 0.033492 (epoch time: 3.33s)
Epoch 50: l_f = 0.089688, l_q = 0.021181 (epoch time: 3.41s)
Epoch 60: l_f = 0.045096, l_q = 0.009045 (epoch time: 3.36s)
Epoch 70: l_f = 0.028891, l_q = 0.006458 (epoch time: 3.60s)
Epoch 80: l_f = 0.206391, l_q = 0.004385 (epoch time: 3.35s)
Epoch 90: l_f = 0.044724, l_q = 0.002517 (epoch time: 3.40s)
Epoch 100: l_f = 0.044532, l_q = 0.001739 (epoch time: 3.43s)
Epoch 110: l_f = 0.021523, l_q = 0.001438 (epoch time: 3.42s)
Epoch 120: l_f = 0.028902, l_q = 0.001003 (epoch time: 3.38s)
Epoch 130: l_f = 0.033427, l_q = 0.000837 (epoch time: 3.39s)
Epoch 140: l_f = 0.080987, l_q = 0.000483 (epoch time: 3.41s)
Epoch 150: l_f = 0.034777, l_q = 0.000367 (epoch time: 3.48s)
Epoch 160: l_f = 0.071123, l_q = 0.000296 (epoch time: 3.43s)
Epoch 170: l_f = 0.013617, l_q = 0.000286 (epoch time: 3.36s)
Epoch 180: l_f = 0.005168, l_q = 0.000613 (epoch time: 3.31s)
Epoch 190: l_f = 0.101744, l_q = 0.000390 (epoch time: 3.61s)
Epoch 200: l_f = 0.140201, l_q = 0.000375 (epoch time: 3.42s)
Epoch 210: l_f = 0.304439, l_q = 0.000556 (epoch time: 3.45s)
Epoch 220: l_f = 0.008257, l_q = 0.000391 (epoch time: 3.35s)
Epoch 230: l_f = 0.074762, l_q = 0.000548 (epoch time: 3.54s)
Epoch 240: l_f = 0.006617, l_q = 0.000562 (epoch time: 3.35s)
SubTraining time: 659.25s
L_f = 0.020502, L_q = 0.000401
[SUMMARY] Full script time: 663.74s
[/bin/bash] Script finished
[/bin/bash] Copy files back to cwd
[/bin/bash] Successfully copied results to /home/s4116488/Documents/MPS/cuda-samples/plots8/index_5
[/bin/bash] #### Finished GPU TensorCircuit array job. Have a nice day
