[/bin/bash] #### Starting GPU TensorCircuit array job
[/bin/bash] This is s4116488 and my MPS job has the ID 4093443, Task ID 13
[/bin/bash] Using bond dimension: 7 and init index: 3
[/bin/bash] CWD: /home/s4116488/Documents/MPS/cuda-samples
[/bin/bash] Using GPU: 0
[/bin/bash] Path of python file: /home/s4116488/Documents/MPS/cuda-samples
[/bin/bash] Node scratch: /scratchdata/s4116488/4093443
[/bin/bash] Run directory/scratchdata/s4116488/4093443/tc_gpu_2pi_bond_7_init_3_4093443
[/bin/bash] Run script with bond dimension 7 and init index 3

[INFO] Running train with bond dimension: 7
[INFO] Using init index: 3
Epoch 0: l_f = 23.970572, l_q = 0.767373, avg S = 0.4871/1.9459, max S = 0.8675/1.9459 (epoch time: 62.92s)
Epoch 10: l_f = 0.794285, l_q = 0.033227, avg S = 0.4871/1.9459, max S = 0.9096/1.9459 (epoch time: 34.89s)
Epoch 20: l_f = 0.374073, l_q = 0.020639, avg S = 0.4855/1.9459, max S = 0.8930/1.9459 (epoch time: 33.84s)
Epoch 30: l_f = 0.172701, l_q = 0.009962, avg S = 0.4956/1.9459, max S = 0.9235/1.9459 (epoch time: 33.68s)
Epoch 40: l_f = 0.068958, l_q = 0.002991, avg S = 0.5005/1.9459, max S = 0.9360/1.9459 (epoch time: 34.89s)
Epoch 50: l_f = 0.047088, l_q = 0.000712, avg S = 0.5055/1.9459, max S = 0.9489/1.9459 (epoch time: 33.15s)
Epoch 60: l_f = 0.033086, l_q = 0.000759, avg S = 0.5063/1.9459, max S = 0.9522/1.9459 (epoch time: 32.67s)
Epoch 70: l_f = 0.030120, l_q = 0.000140, avg S = 0.5069/1.9459, max S = 0.9577/1.9459 (epoch time: 32.79s)
Epoch 80: l_f = 0.026650, l_q = 0.000091, avg S = 0.5075/1.9459, max S = 0.9609/1.9459 (epoch time: 35.55s)
Epoch 90: l_f = 0.024879, l_q = 0.000083, avg S = 0.5079/1.9459, max S = 0.9625/1.9459 (epoch time: 33.88s)
SubTraining time: 3014.60s
L_f = 0.022700, L_q = 0.000094
[SUMMARY] Full script time: 3022.03s
[/bin/bash] Script finished
[/bin/bash] Copy files back to cwd
[/bin/bash] Successfully copied results to /home/s4116488/Documents/MPS/cuda-samples/plots2pi_bond_7/index_3
[/bin/bash] #### Finished GPU TensorCircuit array job. Have a nice day
