[/bin/bash] #### Starting GPU TensorCircuit array job
[/bin/bash] This is s4116488 and my MPS job has the ID 4094142, Task ID 78
[/bin/bash] Using bond dimension: 1 and init index: 8
[/bin/bash] CWD: /home/s4116488/Documents/MPS/cuda-samples
[/bin/bash] Using GPU: 0
[/bin/bash] Path of python file: /home/s4116488/Documents/MPS/cuda-samples
[/bin/bash] Node scratch: /scratchdata/s4116488/4094142
[/bin/bash] Run directory/scratchdata/s4116488/4094142/tc_gpu_2pi_bond_1_init_8_4094142
[/bin/bash] Run script with bond dimension 1 and init index 8

[INFO] Running train with bond dimension: 1
[INFO] Using init index: 8
Epoch 0: l_f = 100.074783, l_q = 1.970887, avg S = 0.2133/0.0000, max S = 0.3200/0.0000 (epoch time: 26.31s)
Epoch 10: l_f = 12.537058, l_q = 0.813531, avg S = 0.1987/0.0000, max S = 0.2980/0.0000 (epoch time: 10.96s)
Epoch 20: l_f = 33.713394, l_q = 1.560002, avg S = 0.2008/0.0000, max S = 0.3012/0.0000 (epoch time: 11.18s)
Epoch 30: l_f = 16.061817, l_q = 1.902044, avg S = 0.2011/0.0000, max S = 0.3017/0.0000 (epoch time: 11.31s)
Epoch 40: l_f = 21.006912, l_q = 0.712774, avg S = 0.2261/0.0000, max S = 0.3392/0.0000 (epoch time: 11.09s)
Epoch 50: l_f = 22.585224, l_q = 0.909652, avg S = 0.2342/0.0000, max S = 0.3514/0.0000 (epoch time: 11.91s)
Epoch 60: l_f = 17.195454, l_q = 0.928706, avg S = 0.2351/0.0000, max S = 0.3526/0.0000 (epoch time: 12.22s)
Epoch 70: l_f = 11.056799, l_q = 0.858505, avg S = 0.2346/0.0000, max S = 0.3519/0.0000 (epoch time: 12.30s)
Epoch 80: l_f = 6.999442, l_q = 0.760561, avg S = 0.2335/0.0000, max S = 0.3503/0.0000 (epoch time: 12.10s)
Epoch 90: l_f = 4.433965, l_q = 0.687444, avg S = 0.2322/0.0000, max S = 0.3483/0.0000 (epoch time: 12.08s)
SubTraining time: 1041.86s
L_f = 3.876791, L_q = 0.663592
[SUMMARY] Full script time: 1047.40s
[/bin/bash] Script finished
[/bin/bash] Copy files back to cwd
[/bin/bash] Successfully copied results to /home/s4116488/Documents/MPS/cuda-samples/plots2pi_bond_1/index_8
[/bin/bash] #### Finished GPU TensorCircuit array job. Have a nice day
