[/bin/bash] #### Starting GPU TensorCircuit array job
[/bin/bash] This is s4116488 and my MPS job has the ID 4094061, Task ID 63
[/bin/bash] Using bond dimension: 2 and init index: 3
[/bin/bash] CWD: /home/s4116488/Documents/MPS/cuda-samples
[/bin/bash] Using GPU: 0
[/bin/bash] Path of python file: /home/s4116488/Documents/MPS/cuda-samples
[/bin/bash] Node scratch: /scratchdata/s4116488/4094061
[/bin/bash] Run directory/scratchdata/s4116488/4094061/tc_gpu_2pi_bond_2_init_3_4094061
[/bin/bash] Run script with bond dimension 2 and init index 3

[INFO] Running train with bond dimension: 2
[INFO] Using init index: 3
Epoch 0: l_f = 23.573305, l_q = 1.661339, avg S = 0.5076/0.6931, max S = 0.6410/0.6931 (epoch time: 56.27s)
Epoch 10: l_f = 1.824871, l_q = 0.067152, avg S = 0.5240/0.6931, max S = 0.6739/0.6931 (epoch time: 26.13s)
Epoch 20: l_f = 0.232276, l_q = 0.008174, avg S = 0.5036/0.6931, max S = 0.6933/0.6931 (epoch time: 27.36s)
Epoch 30: l_f = 0.191766, l_q = 0.002792, avg S = 0.4983/0.6931, max S = 0.6942/0.6931 (epoch time: 28.05s)
Epoch 40: l_f = 0.067155, l_q = 0.000392, avg S = 0.4840/0.6931, max S = 0.6758/0.6931 (epoch time: 27.59s)
Epoch 50: l_f = 0.017702, l_q = 0.000145, avg S = 0.4703/0.6931, max S = 0.6591/0.6931 (epoch time: 28.48s)
Epoch 60: l_f = 0.009379, l_q = 0.000127, avg S = 0.4691/0.6931, max S = 0.6601/0.6931 (epoch time: 29.29s)
Epoch 70: l_f = 0.004132, l_q = 0.000051, avg S = 0.4598/0.6931, max S = 0.6491/0.6931 (epoch time: 28.22s)
Epoch 80: l_f = 0.003538, l_q = 0.000068, avg S = 0.4593/0.6931, max S = 0.6482/0.6931 (epoch time: 26.75s)
Epoch 90: l_f = 0.002464, l_q = 0.000011, avg S = 0.4572/0.6931, max S = 0.6449/0.6931 (epoch time: 26.77s)
SubTraining time: 2439.47s
L_f = 0.003215, L_q = 0.000007
[SUMMARY] Full script time: 2446.65s
[/bin/bash] Script finished
[/bin/bash] Copy files back to cwd
[/bin/bash] Successfully copied results to /home/s4116488/Documents/MPS/cuda-samples/plots2pi_bond_2/index_3
[/bin/bash] #### Finished GPU TensorCircuit array job. Have a nice day
