[/bin/bash] #### Starting GPU TensorCircuit array job
[/bin/bash] This is s4116488 and my MPS job has the ID 4094102, Task ID 72
[/bin/bash] Using bond dimension: 1 and init index: 2
[/bin/bash] CWD: /home/s4116488/Documents/MPS/cuda-samples
[/bin/bash] Using GPU: 0
[/bin/bash] Path of python file: /home/s4116488/Documents/MPS/cuda-samples
[/bin/bash] Node scratch: /scratchdata/s4116488/4094102
[/bin/bash] Run directory/scratchdata/s4116488/4094102/tc_gpu_2pi_bond_1_init_2_4094102
[/bin/bash] Run script with bond dimension 1 and init index 2

[INFO] Running train with bond dimension: 1
[INFO] Using init index: 2
Epoch 0: l_f = 16.835541, l_q = 0.935619, avg S = 0.2179/0.0000, max S = 0.3269/0.0000 (epoch time: 25.81s)
Epoch 10: l_f = 15.730722, l_q = 1.345665, avg S = 0.2218/0.0000, max S = 0.3328/0.0000 (epoch time: 11.03s)
Epoch 20: l_f = 12.510829, l_q = 0.922425, avg S = 0.2095/0.0000, max S = 0.3143/0.0000 (epoch time: 11.46s)
Epoch 30: l_f = 9.421826, l_q = 0.835563, avg S = 0.2107/0.0000, max S = 0.3160/0.0000 (epoch time: 11.62s)
Epoch 40: l_f = 8.563453, l_q = 0.777845, avg S = 0.2227/0.0000, max S = 0.3340/0.0000 (epoch time: 11.33s)
Epoch 50: l_f = 8.390395, l_q = 0.663573, avg S = 0.2306/0.0000, max S = 0.3459/0.0000 (epoch time: 12.31s)
Epoch 60: l_f = 6.523908, l_q = 0.448542, avg S = 0.2280/0.0000, max S = 0.3420/0.0000 (epoch time: 12.34s)
Epoch 70: l_f = 4.825845, l_q = 0.307426, avg S = 0.2256/0.0000, max S = 0.3384/0.0000 (epoch time: 12.34s)
Epoch 80: l_f = 3.327233, l_q = 0.212056, avg S = 0.2277/0.0000, max S = 0.3415/0.0000 (epoch time: 12.31s)
Epoch 90: l_f = 2.567286, l_q = 0.149564, avg S = 0.2305/0.0000, max S = 0.3458/0.0000 (epoch time: 12.12s)
SubTraining time: 1067.76s
L_f = 2.277614, L_q = 0.143020
[SUMMARY] Full script time: 1073.31s
[/bin/bash] Script finished
[/bin/bash] Copy files back to cwd
[/bin/bash] Successfully copied results to /home/s4116488/Documents/MPS/cuda-samples/plots2pi_bond_1/index_2
[/bin/bash] #### Finished GPU TensorCircuit array job. Have a nice day
