[/bin/bash] #### Starting GPU TensorCircuit array job
[/bin/bash] This is s4116488 and my MPS job has the ID 4093588, Task ID 19
[/bin/bash] Using bond dimension: 7 and init index: 9
[/bin/bash] CWD: /home/s4116488/Documents/MPS/cuda-samples
[/bin/bash] Using GPU: 0
[/bin/bash] Path of python file: /home/s4116488/Documents/MPS/cuda-samples
[/bin/bash] Node scratch: /scratchdata/s4116488/4093588
[/bin/bash] Run directory/scratchdata/s4116488/4093588/tc_gpu_2pi_bond_7_init_9_4093588
[/bin/bash] Run script with bond dimension 7 and init index 9

[INFO] Running train with bond dimension: 7
[INFO] Using init index: 9
Epoch 0: l_f = 27.644129, l_q = 1.368317, avg S = 0.4694/1.9459, max S = 0.8361/1.9459 (epoch time: 65.69s)
Epoch 10: l_f = 0.762252, l_q = 0.088747, avg S = 0.4760/1.9459, max S = 0.9063/1.9459 (epoch time: 34.69s)
Epoch 20: l_f = 0.542635, l_q = 0.018363, avg S = 0.4515/1.9459, max S = 0.8760/1.9459 (epoch time: 34.72s)
Epoch 30: l_f = 0.207945, l_q = 0.002021, avg S = 0.4506/1.9459, max S = 0.8465/1.9459 (epoch time: 35.24s)
Epoch 40: l_f = 0.106214, l_q = 0.003437, avg S = 0.4663/1.9459, max S = 0.8554/1.9459 (epoch time: 34.59s)
Epoch 50: l_f = 0.058007, l_q = 0.002138, avg S = 0.4690/1.9459, max S = 0.8568/1.9459 (epoch time: 33.56s)
Epoch 60: l_f = 0.028417, l_q = 0.000201, avg S = 0.4716/1.9459, max S = 0.8631/1.9459 (epoch time: 33.19s)
Epoch 70: l_f = 0.015201, l_q = 0.000116, avg S = 0.4754/1.9459, max S = 0.8718/1.9459 (epoch time: 33.97s)
Epoch 80: l_f = 0.012296, l_q = 0.000068, avg S = 0.4755/1.9459, max S = 0.8738/1.9459 (epoch time: 35.76s)
Epoch 90: l_f = 0.009524, l_q = 0.000059, avg S = 0.4762/1.9459, max S = 0.8759/1.9459 (epoch time: 33.58s)
SubTraining time: 3035.42s
L_f = 0.009193, L_q = 0.000056
[SUMMARY] Full script time: 3044.08s
[/bin/bash] Script finished
[/bin/bash] Copy files back to cwd
[/bin/bash] Successfully copied results to /home/s4116488/Documents/MPS/cuda-samples/plots2pi_bond_7/index_9
[/bin/bash] #### Finished GPU TensorCircuit array job. Have a nice day
