[/bin/bash] #### Starting GPU TensorCircuit array job
[/bin/bash] This is s4116488 and my MPS job has the ID 4094070, Task ID 64
[/bin/bash] Using bond dimension: 2 and init index: 4
[/bin/bash] CWD: /home/s4116488/Documents/MPS/cuda-samples
[/bin/bash] Using GPU: 0
[/bin/bash] Path of python file: /home/s4116488/Documents/MPS/cuda-samples
[/bin/bash] Node scratch: /scratchdata/s4116488/4094070
[/bin/bash] Run directory/scratchdata/s4116488/4094070/tc_gpu_2pi_bond_2_init_4_4094070
[/bin/bash] Run script with bond dimension 2 and init index 4

[INFO] Running train with bond dimension: 2
[INFO] Using init index: 4
Epoch 0: l_f = 17.331860, l_q = 1.438998, avg S = 0.4750/0.6931, max S = 0.6236/0.6931 (epoch time: 53.62s)
Epoch 10: l_f = 0.515254, l_q = 0.042495, avg S = 0.4872/0.6931, max S = 0.6582/0.6931 (epoch time: 24.90s)
Epoch 20: l_f = 0.291490, l_q = 0.004674, avg S = 0.4079/0.6931, max S = 0.5748/0.6931 (epoch time: 26.80s)
Epoch 30: l_f = 0.095976, l_q = 0.002659, avg S = 0.4494/0.6931, max S = 0.6260/0.6931 (epoch time: 27.22s)
Epoch 40: l_f = 0.038899, l_q = 0.000549, avg S = 0.4341/0.6931, max S = 0.5977/0.6931 (epoch time: 26.60s)
Epoch 50: l_f = 0.017362, l_q = 0.000371, avg S = 0.4334/0.6931, max S = 0.5933/0.6931 (epoch time: 27.84s)
Epoch 60: l_f = 0.010615, l_q = 0.000054, avg S = 0.4326/0.6931, max S = 0.5941/0.6931 (epoch time: 28.61s)
Epoch 70: l_f = 0.006520, l_q = 0.000065, avg S = 0.4335/0.6931, max S = 0.5906/0.6931 (epoch time: 28.81s)
Epoch 80: l_f = 0.003805, l_q = 0.000018, avg S = 0.4313/0.6931, max S = 0.5846/0.6931 (epoch time: 26.80s)
Epoch 90: l_f = 0.005582, l_q = 0.000057, avg S = 0.4332/0.6931, max S = 0.5859/0.6931 (epoch time: 27.50s)
SubTraining time: 2417.50s
L_f = 0.002982, L_q = 0.000021
[SUMMARY] Full script time: 2424.71s
[/bin/bash] Script finished
[/bin/bash] Copy files back to cwd
[/bin/bash] Successfully copied results to /home/s4116488/Documents/MPS/cuda-samples/plots2pi_bond_2/index_4
[/bin/bash] #### Finished GPU TensorCircuit array job. Have a nice day
