[/bin/bash] #### Starting GPU TensorCircuit array job
[/bin/bash] This is s4116488 and my MPS job has the ID 4093245, Task ID 4
[/bin/bash] Using bond dimension: 8 and init index: 4
[/bin/bash] CWD: /home/s4116488/Documents/MPS/cuda-samples
[/bin/bash] Using GPU: 0
[/bin/bash] Path of python file: /home/s4116488/Documents/MPS/cuda-samples
[/bin/bash] Node scratch: /scratchdata/s4116488/4093245
[/bin/bash] Run directory/scratchdata/s4116488/4093245/tc_gpu_2pi_bond_8_init_4_4093245
[/bin/bash] Run script with bond dimension 8 and init index 4

[INFO] Running train with bond dimension: 8
[INFO] Using init index: 4
Epoch 0: l_f = 19.580538, l_q = 1.528497, avg S = 0.4542/2.0794, max S = 0.7751/2.0794 (epoch time: 60.57s)
Epoch 10: l_f = 0.166167, l_q = 0.000409, avg S = 0.5105/2.0794, max S = 0.9276/2.0794 (epoch time: 33.17s)
Epoch 20: l_f = 0.232524, l_q = 0.002309, avg S = 0.5174/2.0794, max S = 0.9555/2.0794 (epoch time: 32.58s)
Epoch 30: l_f = 0.134331, l_q = 0.006724, avg S = 0.5491/2.0794, max S = 1.0282/2.0794 (epoch time: 33.87s)
Epoch 40: l_f = 0.075002, l_q = 0.002211, avg S = 0.5397/2.0794, max S = 1.0071/2.0794 (epoch time: 34.48s)
Epoch 50: l_f = 0.034624, l_q = 0.000085, avg S = 0.5402/2.0794, max S = 1.0114/2.0794 (epoch time: 33.17s)
Epoch 60: l_f = 0.028263, l_q = 0.000492, avg S = 0.5407/2.0794, max S = 1.0143/2.0794 (epoch time: 32.63s)
Epoch 70: l_f = 0.025149, l_q = 0.000208, avg S = 0.5420/2.0794, max S = 1.0174/2.0794 (epoch time: 32.59s)
Epoch 80: l_f = 0.021944, l_q = 0.000098, avg S = 0.5417/2.0794, max S = 1.0194/2.0794 (epoch time: 35.32s)
Epoch 90: l_f = 0.022074, l_q = 0.000080, avg S = 0.5460/2.0794, max S = 1.0299/2.0794 (epoch time: 33.45s)
SubTraining time: 2968.78s
L_f = 0.020307, L_q = 0.000088
[SUMMARY] Full script time: 2976.38s
[/bin/bash] Script finished
[/bin/bash] Copy files back to cwd
[/bin/bash] Successfully copied results to /home/s4116488/Documents/MPS/cuda-samples/plots2pi_bond_8/index_4
[/bin/bash] #### Finished GPU TensorCircuit array job. Have a nice day
