[/bin/bash] #### Starting GPU TensorCircuit array job
[/bin/bash] This is s4116488 and my MPS job has the ID 4093488, Task ID 15
[/bin/bash] Using bond dimension: 7 and init index: 5
[/bin/bash] CWD: /home/s4116488/Documents/MPS/cuda-samples
[/bin/bash] Using GPU: 0
[/bin/bash] Path of python file: /home/s4116488/Documents/MPS/cuda-samples
[/bin/bash] Node scratch: /scratchdata/s4116488/4093488
[/bin/bash] Run directory/scratchdata/s4116488/4093488/tc_gpu_2pi_bond_7_init_5_4093488
[/bin/bash] Run script with bond dimension 7 and init index 5

[INFO] Running train with bond dimension: 7
[INFO] Using init index: 5
Epoch 0: l_f = 46.781048, l_q = 0.749661, avg S = 0.4839/1.9459, max S = 0.8822/1.9459 (epoch time: 71.22s)
Epoch 10: l_f = 1.954439, l_q = 0.135747, avg S = 0.5165/1.9459, max S = 0.9626/1.9459 (epoch time: 39.20s)
Epoch 20: l_f = 0.320613, l_q = 0.005400, avg S = 0.5030/1.9459, max S = 0.9634/1.9459 (epoch time: 39.01s)
Epoch 30: l_f = 0.187318, l_q = 0.001966, avg S = 0.4798/1.9459, max S = 0.9399/1.9459 (epoch time: 44.28s)
Epoch 40: l_f = 0.089956, l_q = 0.000145, avg S = 0.4728/1.9459, max S = 0.9331/1.9459 (epoch time: 45.49s)
Epoch 50: l_f = 0.025532, l_q = 0.001320, avg S = 0.4756/1.9459, max S = 0.9316/1.9459 (epoch time: 40.77s)
Epoch 60: l_f = 0.010576, l_q = 0.000123, avg S = 0.4761/1.9459, max S = 0.9312/1.9459 (epoch time: 41.34s)
Epoch 70: l_f = 0.009079, l_q = 0.000071, avg S = 0.4748/1.9459, max S = 0.9289/1.9459 (epoch time: 40.03s)
Epoch 80: l_f = 0.008447, l_q = 0.000066, avg S = 0.4753/1.9459, max S = 0.9286/1.9459 (epoch time: 44.04s)
Epoch 90: l_f = 0.006177, l_q = 0.000027, avg S = 0.4763/1.9459, max S = 0.9324/1.9459 (epoch time: 38.96s)
SubTraining time: 3698.43s
L_f = 0.005693, L_q = 0.000050
[SUMMARY] Full script time: 3707.32s
[/bin/bash] Script finished
[/bin/bash] Copy files back to cwd
[/bin/bash] Successfully copied results to /home/s4116488/Documents/MPS/cuda-samples/plots2pi_bond_7/index_5
[/bin/bash] #### Finished GPU TensorCircuit array job. Have a nice day
