[/bin/bash] #### Starting GPU TensorCircuit array job
[/bin/bash] This is s4116488 and my MPS job has the ID 4093349, Task ID 9
[/bin/bash] Using bond dimension: 8 and init index: 9
[/bin/bash] CWD: /home/s4116488/Documents/MPS/cuda-samples
[/bin/bash] Using GPU: 0
[/bin/bash] Path of python file: /home/s4116488/Documents/MPS/cuda-samples
[/bin/bash] Node scratch: /scratchdata/s4116488/4093349
[/bin/bash] Run directory/scratchdata/s4116488/4093349/tc_gpu_2pi_bond_8_init_9_4093349
[/bin/bash] Run script with bond dimension 8 and init index 9

[INFO] Running train with bond dimension: 8
[INFO] Using init index: 9
Epoch 0: l_f = 27.644129, l_q = 1.368317, avg S = 0.4694/2.0794, max S = 0.8361/2.0794 (epoch time: 66.18s)
Epoch 10: l_f = 0.762252, l_q = 0.088747, avg S = 0.4760/2.0794, max S = 0.9063/2.0794 (epoch time: 35.36s)
Epoch 20: l_f = 0.542635, l_q = 0.018363, avg S = 0.4515/2.0794, max S = 0.8760/2.0794 (epoch time: 34.79s)
Epoch 30: l_f = 0.207945, l_q = 0.002021, avg S = 0.4506/2.0794, max S = 0.8465/2.0794 (epoch time: 35.62s)
Epoch 40: l_f = 0.106214, l_q = 0.003437, avg S = 0.4663/2.0794, max S = 0.8554/2.0794 (epoch time: 35.30s)
Epoch 50: l_f = 0.058007, l_q = 0.002138, avg S = 0.4690/2.0794, max S = 0.8568/2.0794 (epoch time: 34.09s)
Epoch 60: l_f = 0.028417, l_q = 0.000201, avg S = 0.4716/2.0794, max S = 0.8631/2.0794 (epoch time: 33.67s)
Epoch 70: l_f = 0.015201, l_q = 0.000116, avg S = 0.4754/2.0794, max S = 0.8718/2.0794 (epoch time: 33.92s)
Epoch 80: l_f = 0.012296, l_q = 0.000068, avg S = 0.4755/2.0794, max S = 0.8738/2.0794 (epoch time: 36.62s)
Epoch 90: l_f = 0.009524, l_q = 0.000059, avg S = 0.4762/2.0794, max S = 0.8759/2.0794 (epoch time: 34.39s)
SubTraining time: 3105.76s
L_f = 0.009193, L_q = 0.000056
[SUMMARY] Full script time: 3113.38s
[/bin/bash] Script finished
[/bin/bash] Copy files back to cwd
[/bin/bash] Successfully copied results to /home/s4116488/Documents/MPS/cuda-samples/plots2pi_bond_8/index_9
[/bin/bash] #### Finished GPU TensorCircuit array job. Have a nice day
