[/bin/bash] #### Starting GPU TensorCircuit array job
[/bin/bash] This is s4116488 and my MPS job has the ID 4093305, Task ID 7
[/bin/bash] Using bond dimension: 8 and init index: 7
[/bin/bash] CWD: /home/s4116488/Documents/MPS/cuda-samples
[/bin/bash] Using GPU: 0
[/bin/bash] Path of python file: /home/s4116488/Documents/MPS/cuda-samples
[/bin/bash] Node scratch: /scratchdata/s4116488/4093305
[/bin/bash] Run directory/scratchdata/s4116488/4093305/tc_gpu_2pi_bond_8_init_7_4093305
[/bin/bash] Run script with bond dimension 8 and init index 7

[INFO] Running train with bond dimension: 8
[INFO] Using init index: 7
Epoch 0: l_f = 47.978786, l_q = 2.566108, avg S = 0.4587/2.0794, max S = 0.8296/2.0794 (epoch time: 65.70s)
Epoch 10: l_f = 0.631051, l_q = 0.071824, avg S = 0.4905/2.0794, max S = 0.8855/2.0794 (epoch time: 33.31s)
Epoch 20: l_f = 0.733156, l_q = 0.006857, avg S = 0.5058/2.0794, max S = 0.9395/2.0794 (epoch time: 33.12s)
Epoch 30: l_f = 0.193581, l_q = 0.002403, avg S = 0.5075/2.0794, max S = 0.9235/2.0794 (epoch time: 33.83s)
Epoch 40: l_f = 0.072217, l_q = 0.005313, avg S = 0.5192/2.0794, max S = 0.9375/2.0794 (epoch time: 34.59s)
Epoch 50: l_f = 0.047870, l_q = 0.000610, avg S = 0.5210/2.0794, max S = 0.9385/2.0794 (epoch time: 32.92s)
Epoch 60: l_f = 0.035313, l_q = 0.000215, avg S = 0.5159/2.0794, max S = 0.9260/2.0794 (epoch time: 34.49s)
Epoch 70: l_f = 0.025741, l_q = 0.000252, avg S = 0.5173/2.0794, max S = 0.9282/2.0794 (epoch time: 32.91s)
Epoch 80: l_f = 0.019131, l_q = 0.000089, avg S = 0.5167/2.0794, max S = 0.9258/2.0794 (epoch time: 36.57s)
Epoch 90: l_f = 0.016747, l_q = 0.000098, avg S = 0.5145/2.0794, max S = 0.9206/2.0794 (epoch time: 32.91s)
SubTraining time: 3033.87s
L_f = 0.016005, L_q = 0.000068
[SUMMARY] Full script time: 3041.08s
[/bin/bash] Script finished
[/bin/bash] Copy files back to cwd
[/bin/bash] Successfully copied results to /home/s4116488/Documents/MPS/cuda-samples/plots2pi_bond_8/index_7
[/bin/bash] #### Finished GPU TensorCircuit array job. Have a nice day
