[/bin/bash] #### Starting GPU TensorCircuit array job
[/bin/bash] This is s4116488 and my MPS job has the ID 4093958, Task ID 44
[/bin/bash] Using bond dimension: 4 and init index: 4
[/bin/bash] CWD: /home/s4116488/Documents/MPS/cuda-samples
[/bin/bash] Using GPU: 0
[/bin/bash] Path of python file: /home/s4116488/Documents/MPS/cuda-samples
[/bin/bash] Node scratch: /scratchdata/s4116488/4093958
[/bin/bash] Run directory/scratchdata/s4116488/4093958/tc_gpu_2pi_bond_4_init_4_4093958
[/bin/bash] Run script with bond dimension 4 and init index 4

[INFO] Running train with bond dimension: 4
[INFO] Using init index: 4
Epoch 0: l_f = 19.580538, l_q = 1.528497, avg S = 0.4542/1.3863, max S = 0.7751/1.3863 (epoch time: 63.41s)
Epoch 10: l_f = 0.166167, l_q = 0.000409, avg S = 0.5105/1.3863, max S = 0.9276/1.3863 (epoch time: 33.57s)
Epoch 20: l_f = 0.232524, l_q = 0.002309, avg S = 0.5174/1.3863, max S = 0.9555/1.3863 (epoch time: 34.03s)
Epoch 30: l_f = 0.134331, l_q = 0.006724, avg S = 0.5491/1.3863, max S = 1.0282/1.3863 (epoch time: 34.54s)
Epoch 40: l_f = 0.075002, l_q = 0.002211, avg S = 0.5397/1.3863, max S = 1.0071/1.3863 (epoch time: 35.77s)
Epoch 50: l_f = 0.034624, l_q = 0.000085, avg S = 0.5402/1.3863, max S = 1.0114/1.3863 (epoch time: 34.18s)
Epoch 60: l_f = 0.028263, l_q = 0.000492, avg S = 0.5407/1.3863, max S = 1.0143/1.3863 (epoch time: 34.16s)
Epoch 70: l_f = 0.025149, l_q = 0.000208, avg S = 0.5420/1.3863, max S = 1.0174/1.3863 (epoch time: 33.49s)
Epoch 80: l_f = 0.021944, l_q = 0.000098, avg S = 0.5417/1.3863, max S = 1.0194/1.3863 (epoch time: 36.87s)
Epoch 90: l_f = 0.022074, l_q = 0.000080, avg S = 0.5460/1.3863, max S = 1.0299/1.3863 (epoch time: 36.95s)
SubTraining time: 3097.34s
L_f = 0.020307, L_q = 0.000088
[SUMMARY] Full script time: 3106.02s
[/bin/bash] Script finished
[/bin/bash] Copy files back to cwd
[/bin/bash] Successfully copied results to /home/s4116488/Documents/MPS/cuda-samples/plots2pi_bond_4/index_4
[/bin/bash] #### Finished GPU TensorCircuit array job. Have a nice day
