[/bin/bash] #### Starting GPU TensorCircuit array job
[/bin/bash] This is s4116488 and my MPS job has the ID 4093700, Task ID 25
[/bin/bash] Using bond dimension: 6 and init index: 5
[/bin/bash] CWD: /home/s4116488/Documents/MPS/cuda-samples
[/bin/bash] Using GPU: 0
[/bin/bash] Path of python file: /home/s4116488/Documents/MPS/cuda-samples
[/bin/bash] Node scratch: /scratchdata/s4116488/4093700
[/bin/bash] Run directory/scratchdata/s4116488/4093700/tc_gpu_2pi_bond_6_init_5_4093700
[/bin/bash] Run script with bond dimension 6 and init index 5

[INFO] Running train with bond dimension: 6
[INFO] Using init index: 5
Epoch 0: l_f = 46.781048, l_q = 0.749661, avg S = 0.4839/1.7918, max S = 0.8822/1.7918 (epoch time: 61.80s)
Epoch 10: l_f = 1.954439, l_q = 0.135747, avg S = 0.5165/1.7918, max S = 0.9626/1.7918 (epoch time: 33.31s)
Epoch 20: l_f = 0.320613, l_q = 0.005400, avg S = 0.5030/1.7918, max S = 0.9634/1.7918 (epoch time: 33.44s)
Epoch 30: l_f = 0.187318, l_q = 0.001966, avg S = 0.4798/1.7918, max S = 0.9399/1.7918 (epoch time: 34.06s)
Epoch 40: l_f = 0.089956, l_q = 0.000145, avg S = 0.4728/1.7918, max S = 0.9331/1.7918 (epoch time: 34.86s)
Epoch 50: l_f = 0.025532, l_q = 0.001320, avg S = 0.4756/1.7918, max S = 0.9316/1.7918 (epoch time: 33.45s)
Epoch 60: l_f = 0.010576, l_q = 0.000123, avg S = 0.4761/1.7918, max S = 0.9312/1.7918 (epoch time: 37.54s)
Epoch 70: l_f = 0.009079, l_q = 0.000071, avg S = 0.4748/1.7918, max S = 0.9289/1.7918 (epoch time: 36.13s)
Epoch 80: l_f = 0.008447, l_q = 0.000066, avg S = 0.4753/1.7918, max S = 0.9286/1.7918 (epoch time: 40.70s)
Epoch 90: l_f = 0.006177, l_q = 0.000027, avg S = 0.4763/1.7918, max S = 0.9324/1.7918 (epoch time: 36.40s)
SubTraining time: 3177.12s
L_f = 0.005693, L_q = 0.000050
[SUMMARY] Full script time: 3184.95s
[/bin/bash] Script finished
[/bin/bash] Copy files back to cwd
[/bin/bash] Successfully copied results to /home/s4116488/Documents/MPS/cuda-samples/plots2pi_bond_6/index_5
[/bin/bash] #### Finished GPU TensorCircuit array job. Have a nice day
