[/bin/bash] #### Starting GPU TensorCircuit array job
[/bin/bash] This is s4116488 and my MPS job has the ID 4094118, Task ID 74
[/bin/bash] Using bond dimension: 1 and init index: 4
[/bin/bash] CWD: /home/s4116488/Documents/MPS/cuda-samples
[/bin/bash] Using GPU: 0
[/bin/bash] Path of python file: /home/s4116488/Documents/MPS/cuda-samples
[/bin/bash] Node scratch: /scratchdata/s4116488/4094118
[/bin/bash] Run directory/scratchdata/s4116488/4094118/tc_gpu_2pi_bond_1_init_4_4094118
[/bin/bash] Run script with bond dimension 1 and init index 4

[INFO] Running train with bond dimension: 1
[INFO] Using init index: 4
Epoch 0: l_f = 69.627281, l_q = 1.294431, avg S = 0.2296/0.0000, max S = 0.3443/0.0000 (epoch time: 26.91s)
Epoch 10: l_f = 10.904011, l_q = 0.985219, avg S = 0.2291/0.0000, max S = 0.3436/0.0000 (epoch time: 10.79s)
Epoch 20: l_f = 11.817841, l_q = 0.884349, avg S = 0.2330/0.0000, max S = 0.3494/0.0000 (epoch time: 10.99s)
Epoch 30: l_f = 8.181861, l_q = 0.710013, avg S = 0.2331/0.0000, max S = 0.3496/0.0000 (epoch time: 11.38s)
Epoch 40: l_f = 6.366664, l_q = 0.556747, avg S = 0.2332/0.0000, max S = 0.3499/0.0000 (epoch time: 11.10s)
Epoch 50: l_f = 5.784670, l_q = 0.501370, avg S = 0.2335/0.0000, max S = 0.3502/0.0000 (epoch time: 11.89s)
Epoch 60: l_f = 5.482381, l_q = 0.506136, avg S = 0.2337/0.0000, max S = 0.3506/0.0000 (epoch time: 12.15s)
Epoch 70: l_f = 5.225517, l_q = 0.493946, avg S = 0.2338/0.0000, max S = 0.3508/0.0000 (epoch time: 12.24s)
Epoch 80: l_f = 4.963009, l_q = 0.477990, avg S = 0.2343/0.0000, max S = 0.3515/0.0000 (epoch time: 11.97s)
Epoch 90: l_f = 4.722866, l_q = 0.475038, avg S = 0.2347/0.0000, max S = 0.3521/0.0000 (epoch time: 11.76s)
SubTraining time: 1038.89s
L_f = 4.512807, L_q = 0.477285
[SUMMARY] Full script time: 1044.38s
[/bin/bash] Script finished
[/bin/bash] Copy files back to cwd
[/bin/bash] Successfully copied results to /home/s4116488/Documents/MPS/cuda-samples/plots2pi_bond_1/index_4
[/bin/bash] #### Finished GPU TensorCircuit array job. Have a nice day
