[/bin/bash] #### Starting GPU TensorCircuit array job
[/bin/bash] This is s4116488 and my MPS job has the ID 4094099, Task ID 71
[/bin/bash] Using bond dimension: 1 and init index: 1
[/bin/bash] CWD: /home/s4116488/Documents/MPS/cuda-samples
[/bin/bash] Using GPU: 0
[/bin/bash] Path of python file: /home/s4116488/Documents/MPS/cuda-samples
[/bin/bash] Node scratch: /scratchdata/s4116488/4094099
[/bin/bash] Run directory/scratchdata/s4116488/4094099/tc_gpu_2pi_bond_1_init_1_4094099
[/bin/bash] Run script with bond dimension 1 and init index 1

[INFO] Running train with bond dimension: 1
[INFO] Using init index: 1
Epoch 0: l_f = 42.069614, l_q = 1.283020, avg S = 0.2131/0.0000, max S = 0.3197/0.0000 (epoch time: 27.17s)
Epoch 10: l_f = 14.034442, l_q = 1.164722, avg S = 0.1688/0.0000, max S = 0.2532/0.0000 (epoch time: 11.30s)
Epoch 20: l_f = 13.429328, l_q = 1.487637, avg S = 0.2090/0.0000, max S = 0.3135/0.0000 (epoch time: 11.57s)
Epoch 30: l_f = 15.437111, l_q = 1.674386, avg S = 0.2199/0.0000, max S = 0.3299/0.0000 (epoch time: 11.93s)
Epoch 40: l_f = 13.302356, l_q = 1.719249, avg S = 0.2155/0.0000, max S = 0.3232/0.0000 (epoch time: 11.58s)
Epoch 50: l_f = 13.454040, l_q = 1.077948, avg S = 0.2117/0.0000, max S = 0.3176/0.0000 (epoch time: 12.26s)
Epoch 60: l_f = 10.651435, l_q = 1.157490, avg S = 0.2144/0.0000, max S = 0.3216/0.0000 (epoch time: 12.77s)
Epoch 70: l_f = 9.764972, l_q = 1.130030, avg S = 0.2179/0.0000, max S = 0.3269/0.0000 (epoch time: 12.91s)
Epoch 80: l_f = 9.536636, l_q = 1.127529, avg S = 0.2208/0.0000, max S = 0.3311/0.0000 (epoch time: 12.41s)
Epoch 90: l_f = 9.290594, l_q = 1.110330, avg S = 0.2214/0.0000, max S = 0.3321/0.0000 (epoch time: 12.51s)
SubTraining time: 1087.10s
L_f = 8.985612, L_q = 1.090694
[SUMMARY] Full script time: 1092.80s
[/bin/bash] Script finished
[/bin/bash] Copy files back to cwd
[/bin/bash] Successfully copied results to /home/s4116488/Documents/MPS/cuda-samples/plots2pi_bond_1/index_1
[/bin/bash] #### Finished GPU TensorCircuit array job. Have a nice day
