[/bin/bash] #### Starting GPU TensorCircuit array job
[/bin/bash] This is s4116488 and my MPS job has the ID 4093713, Task ID 27
[/bin/bash] Using bond dimension: 6 and init index: 7
[/bin/bash] CWD: /home/s4116488/Documents/MPS/cuda-samples
[/bin/bash] Using GPU: 0
[/bin/bash] Path of python file: /home/s4116488/Documents/MPS/cuda-samples
[/bin/bash] Node scratch: /scratchdata/s4116488/4093713
[/bin/bash] Run directory/scratchdata/s4116488/4093713/tc_gpu_2pi_bond_6_init_7_4093713
[/bin/bash] Run script with bond dimension 6 and init index 7

[INFO] Running train with bond dimension: 6
[INFO] Using init index: 7
Epoch 0: l_f = 47.978786, l_q = 2.566108, avg S = 0.4587/1.7918, max S = 0.8296/1.7918 (epoch time: 66.15s)
Epoch 10: l_f = 0.631051, l_q = 0.071824, avg S = 0.4905/1.7918, max S = 0.8855/1.7918 (epoch time: 35.70s)
Epoch 20: l_f = 0.733156, l_q = 0.006857, avg S = 0.5058/1.7918, max S = 0.9395/1.7918 (epoch time: 35.95s)
Epoch 30: l_f = 0.193581, l_q = 0.002403, avg S = 0.5075/1.7918, max S = 0.9235/1.7918 (epoch time: 37.12s)
Epoch 40: l_f = 0.072217, l_q = 0.005313, avg S = 0.5192/1.7918, max S = 0.9375/1.7918 (epoch time: 38.70s)
Epoch 50: l_f = 0.047870, l_q = 0.000610, avg S = 0.5210/1.7918, max S = 0.9385/1.7918 (epoch time: 37.35s)
Epoch 60: l_f = 0.035313, l_q = 0.000215, avg S = 0.5159/1.7918, max S = 0.9260/1.7918 (epoch time: 36.59s)
Epoch 70: l_f = 0.025741, l_q = 0.000252, avg S = 0.5173/1.7918, max S = 0.9282/1.7918 (epoch time: 35.41s)
Epoch 80: l_f = 0.019131, l_q = 0.000089, avg S = 0.5167/1.7918, max S = 0.9258/1.7918 (epoch time: 45.17s)
Epoch 90: l_f = 0.016747, l_q = 0.000098, avg S = 0.5145/1.7918, max S = 0.9206/1.7918 (epoch time: 40.76s)
SubTraining time: 3356.17s
L_f = 0.016005, L_q = 0.000068
[SUMMARY] Full script time: 3364.27s
[/bin/bash] Script finished
[/bin/bash] Copy files back to cwd
[/bin/bash] Successfully copied results to /home/s4116488/Documents/MPS/cuda-samples/plots2pi_bond_6/index_7
[/bin/bash] #### Finished GPU TensorCircuit array job. Have a nice day
