[/bin/bash] #### Starting GPU TensorCircuit array job
[/bin/bash] This is s4116488 and my MPS job has the ID 4093161, Task ID 1
[/bin/bash] Using bond dimension: 8 and init index: 1
[/bin/bash] CWD: /home/s4116488/Documents/MPS/cuda-samples
[/bin/bash] Using GPU: 0
[/bin/bash] Path of python file: /home/s4116488/Documents/MPS/cuda-samples
[/bin/bash] Node scratch: /scratchdata/s4116488/4093161
[/bin/bash] Run directory/scratchdata/s4116488/4093161/tc_gpu_2pi_bond_8_init_1_4093161
[/bin/bash] Run script with bond dimension 8 and init index 1

[INFO] Running train with bond dimension: 8
[INFO] Using init index: 1
Epoch 0: l_f = 21.250259, l_q = 1.676538, avg S = 0.4528/2.0794, max S = 0.7985/2.0794 (epoch time: 65.67s)
Epoch 10: l_f = 0.561132, l_q = 0.064675, avg S = 0.3864/2.0794, max S = 0.7127/2.0794 (epoch time: 35.25s)
Epoch 20: l_f = 0.452338, l_q = 0.003182, avg S = 0.3373/2.0794, max S = 0.6440/2.0794 (epoch time: 35.06s)
Epoch 30: l_f = 0.038600, l_q = 0.001760, avg S = 0.3162/2.0794, max S = 0.5887/2.0794 (epoch time: 34.33s)
Epoch 40: l_f = 0.044560, l_q = 0.004035, avg S = 0.3247/2.0794, max S = 0.5963/2.0794 (epoch time: 35.07s)
Epoch 50: l_f = 0.019849, l_q = 0.000123, avg S = 0.3244/2.0794, max S = 0.5992/2.0794 (epoch time: 37.74s)
Epoch 60: l_f = 0.010501, l_q = 0.000041, avg S = 0.3247/2.0794, max S = 0.6010/2.0794 (epoch time: 38.89s)
Epoch 70: l_f = 0.005999, l_q = 0.000083, avg S = 0.3270/2.0794, max S = 0.6051/2.0794 (epoch time: 38.37s)
Epoch 80: l_f = 0.007219, l_q = 0.000121, avg S = 0.3269/2.0794, max S = 0.6041/2.0794 (epoch time: 42.54s)
Epoch 90: l_f = 0.005800, l_q = 0.000027, avg S = 0.3258/2.0794, max S = 0.6032/2.0794 (epoch time: 37.92s)
SubTraining time: 3285.49s
L_f = 0.007100, L_q = 0.000021
[SUMMARY] Full script time: 3294.24s
[/bin/bash] Script finished
[/bin/bash] Copy files back to cwd
[/bin/bash] Successfully copied results to /home/s4116488/Documents/MPS/cuda-samples/plots2pi_bond_8/index_1
[/bin/bash] #### Finished GPU TensorCircuit array job. Have a nice day
