[/bin/bash] #### Starting GPU TensorCircuit array job
[/bin/bash] This is s4116488 and my MPS job has the ID 4094015, Task ID 54
[/bin/bash] Using bond dimension: 3 and init index: 4
[/bin/bash] CWD: /home/s4116488/Documents/MPS/cuda-samples
[/bin/bash] Using GPU: 0
[/bin/bash] Path of python file: /home/s4116488/Documents/MPS/cuda-samples
[/bin/bash] Node scratch: /scratchdata/s4116488/4094015
[/bin/bash] Run directory/scratchdata/s4116488/4094015/tc_gpu_2pi_bond_3_init_4_4094015
[/bin/bash] Run script with bond dimension 3 and init index 4

[INFO] Running train with bond dimension: 3
[INFO] Using init index: 4
Epoch 0: l_f = 19.494095, l_q = 1.618214, avg S = 0.4514/1.0986, max S = 0.7677/1.0986 (epoch time: 64.53s)
Epoch 10: l_f = 0.448578, l_q = 0.012692, avg S = 0.4787/1.0986, max S = 0.7975/1.0986 (epoch time: 34.50s)
Epoch 20: l_f = 0.200201, l_q = 0.016386, avg S = 0.5086/1.0986, max S = 0.8668/1.0986 (epoch time: 32.79s)
Epoch 30: l_f = 0.150153, l_q = 0.006030, avg S = 0.5141/1.0986, max S = 0.8794/1.0986 (epoch time: 34.06s)
Epoch 40: l_f = 0.057790, l_q = 0.002703, avg S = 0.4914/1.0986, max S = 0.8343/1.0986 (epoch time: 34.87s)
Epoch 50: l_f = 0.022005, l_q = 0.000405, avg S = 0.4815/1.0986, max S = 0.8162/1.0986 (epoch time: 32.60s)
Epoch 60: l_f = 0.011712, l_q = 0.000364, avg S = 0.4726/1.0986, max S = 0.8004/1.0986 (epoch time: 33.51s)
Epoch 70: l_f = 0.004106, l_q = 0.000085, avg S = 0.4676/1.0986, max S = 0.7897/1.0986 (epoch time: 37.02s)
Epoch 80: l_f = 0.002961, l_q = 0.000095, avg S = 0.4691/1.0986, max S = 0.7918/1.0986 (epoch time: 40.20s)
Epoch 90: l_f = 0.001677, l_q = 0.000041, avg S = 0.4705/1.0986, max S = 0.7941/1.0986 (epoch time: 33.36s)
SubTraining time: 3141.28s
L_f = 0.001784, L_q = 0.000048
[SUMMARY] Full script time: 3149.27s
[/bin/bash] Script finished
[/bin/bash] Copy files back to cwd
[/bin/bash] Successfully copied results to /home/s4116488/Documents/MPS/cuda-samples/plots2pi_bond_3/index_4
[/bin/bash] #### Finished GPU TensorCircuit array job. Have a nice day
