[/bin/bash] #### Starting GPU TensorCircuit array job
[/bin/bash] This is s4116488 and my MPS job has the ID 4093964, Task ID 46
[/bin/bash] Using bond dimension: 4 and init index: 6
[/bin/bash] CWD: /home/s4116488/Documents/MPS/cuda-samples
[/bin/bash] Using GPU: 0
[/bin/bash] Path of python file: /home/s4116488/Documents/MPS/cuda-samples
[/bin/bash] Node scratch: /scratchdata/s4116488/4093964
[/bin/bash] Run directory/scratchdata/s4116488/4093964/tc_gpu_2pi_bond_4_init_6_4093964
[/bin/bash] Run script with bond dimension 4 and init index 6

[INFO] Running train with bond dimension: 4
[INFO] Using init index: 6
Epoch 0: l_f = 46.426910, l_q = 3.356954, avg S = 0.4888/1.3863, max S = 0.8629/1.3863 (epoch time: 63.35s)
Epoch 10: l_f = 1.530529, l_q = 0.059278, avg S = 0.4665/1.3863, max S = 0.8329/1.3863 (epoch time: 35.60s)
Epoch 20: l_f = 0.969314, l_q = 0.046522, avg S = 0.5093/1.3863, max S = 0.9780/1.3863 (epoch time: 35.19s)
Epoch 30: l_f = 0.313325, l_q = 0.004098, avg S = 0.5076/1.3863, max S = 0.9734/1.3863 (epoch time: 38.20s)
Epoch 40: l_f = 0.177428, l_q = 0.001031, avg S = 0.5136/1.3863, max S = 0.9751/1.3863 (epoch time: 36.96s)
Epoch 50: l_f = 0.106396, l_q = 0.000291, avg S = 0.5333/1.3863, max S = 1.0046/1.3863 (epoch time: 36.78s)
Epoch 60: l_f = 0.059946, l_q = 0.000693, avg S = 0.5312/1.3863, max S = 0.9966/1.3863 (epoch time: 34.84s)
Epoch 70: l_f = 0.033916, l_q = 0.000682, avg S = 0.5219/1.3863, max S = 0.9822/1.3863 (epoch time: 34.94s)
Epoch 80: l_f = 0.023457, l_q = 0.000070, avg S = 0.5153/1.3863, max S = 0.9698/1.3863 (epoch time: 38.17s)
Epoch 90: l_f = 0.018089, l_q = 0.000113, avg S = 0.5072/1.3863, max S = 0.9544/1.3863 (epoch time: 36.06s)
SubTraining time: 3255.51s
L_f = 0.017338, L_q = 0.000141
[SUMMARY] Full script time: 3263.76s
[/bin/bash] Script finished
[/bin/bash] Copy files back to cwd
[/bin/bash] Successfully copied results to /home/s4116488/Documents/MPS/cuda-samples/plots2pi_bond_4/index_6
[/bin/bash] #### Finished GPU TensorCircuit array job. Have a nice day
