[/bin/bash] #### Starting GPU TensorCircuit array job
[/bin/bash] This is s4116488 and my MPS job has the ID 4093881, Task ID 36
[/bin/bash] Using bond dimension: 5 and init index: 6
[/bin/bash] CWD: /home/s4116488/Documents/MPS/cuda-samples
[/bin/bash] Using GPU: 0
[/bin/bash] Path of python file: /home/s4116488/Documents/MPS/cuda-samples
[/bin/bash] Node scratch: /scratchdata/s4116488/4093881
[/bin/bash] Run directory/scratchdata/s4116488/4093881/tc_gpu_2pi_bond_5_init_6_4093881
[/bin/bash] Run script with bond dimension 5 and init index 6

[INFO] Running train with bond dimension: 5
[INFO] Using init index: 6
Epoch 0: l_f = 46.426910, l_q = 3.356954, avg S = 0.4888/1.6094, max S = 0.8629/1.6094 (epoch time: 67.92s)
Epoch 10: l_f = 1.530529, l_q = 0.059278, avg S = 0.4665/1.6094, max S = 0.8329/1.6094 (epoch time: 35.47s)
Epoch 20: l_f = 0.969314, l_q = 0.046522, avg S = 0.5093/1.6094, max S = 0.9780/1.6094 (epoch time: 35.43s)
Epoch 30: l_f = 0.313325, l_q = 0.004098, avg S = 0.5076/1.6094, max S = 0.9734/1.6094 (epoch time: 36.64s)
Epoch 40: l_f = 0.177428, l_q = 0.001031, avg S = 0.5136/1.6094, max S = 0.9751/1.6094 (epoch time: 37.07s)
Epoch 50: l_f = 0.106396, l_q = 0.000291, avg S = 0.5333/1.6094, max S = 1.0046/1.6094 (epoch time: 36.32s)
Epoch 60: l_f = 0.059946, l_q = 0.000693, avg S = 0.5312/1.6094, max S = 0.9966/1.6094 (epoch time: 35.13s)
Epoch 70: l_f = 0.033916, l_q = 0.000682, avg S = 0.5219/1.6094, max S = 0.9822/1.6094 (epoch time: 34.58s)
Epoch 80: l_f = 0.023457, l_q = 0.000070, avg S = 0.5153/1.6094, max S = 0.9698/1.6094 (epoch time: 37.64s)
Epoch 90: l_f = 0.018089, l_q = 0.000113, avg S = 0.5072/1.6094, max S = 0.9544/1.6094 (epoch time: 35.06s)
SubTraining time: 3189.13s
L_f = 0.017338, L_q = 0.000141
[SUMMARY] Full script time: 3196.86s
[/bin/bash] Script finished
[/bin/bash] Copy files back to cwd
[/bin/bash] Successfully copied results to /home/s4116488/Documents/MPS/cuda-samples/plots2pi_bond_5/index_6
[/bin/bash] #### Finished GPU TensorCircuit array job. Have a nice day
