[/bin/bash] #### Starting GPU TensorCircuit array job
[/bin/bash] This is s4116488 and my MPS job has the ID 4093162, Task ID 2
[/bin/bash] Using bond dimension: 8 and init index: 2
[/bin/bash] CWD: /home/s4116488/Documents/MPS/cuda-samples
[/bin/bash] Using GPU: 0
[/bin/bash] Path of python file: /home/s4116488/Documents/MPS/cuda-samples
[/bin/bash] Node scratch: /scratchdata/s4116488/4093162
[/bin/bash] Run directory/scratchdata/s4116488/4093162/tc_gpu_2pi_bond_8_init_2_4093162
[/bin/bash] Run script with bond dimension 8 and init index 2

[INFO] Running train with bond dimension: 8
[INFO] Using init index: 2
Epoch 0: l_f = 18.166170, l_q = 0.657263, avg S = 0.5391/2.0794, max S = 0.9697/2.0794 (epoch time: 65.45s)
Epoch 10: l_f = 0.863853, l_q = 0.026708, avg S = 0.4919/2.0794, max S = 0.8857/2.0794 (epoch time: 34.84s)
Epoch 20: l_f = 0.198035, l_q = 0.002898, avg S = 0.4536/2.0794, max S = 0.8164/2.0794 (epoch time: 34.95s)
Epoch 30: l_f = 0.083582, l_q = 0.000255, avg S = 0.4365/2.0794, max S = 0.7746/2.0794 (epoch time: 35.48s)
Epoch 40: l_f = 0.037912, l_q = 0.000664, avg S = 0.4244/2.0794, max S = 0.7398/2.0794 (epoch time: 36.35s)
Epoch 50: l_f = 0.013822, l_q = 0.000054, avg S = 0.4257/2.0794, max S = 0.7350/2.0794 (epoch time: 34.40s)
Epoch 60: l_f = 0.015619, l_q = 0.000705, avg S = 0.4279/2.0794, max S = 0.7390/2.0794 (epoch time: 34.72s)
Epoch 70: l_f = 0.007763, l_q = 0.000052, avg S = 0.4233/2.0794, max S = 0.7250/2.0794 (epoch time: 34.03s)
Epoch 80: l_f = 0.009046, l_q = 0.000033, avg S = 0.4221/2.0794, max S = 0.7212/2.0794 (epoch time: 37.27s)
Epoch 90: l_f = 0.007428, l_q = 0.000260, avg S = 0.4235/2.0794, max S = 0.7225/2.0794 (epoch time: 34.15s)
SubTraining time: 3139.71s
L_f = 0.007656, L_q = 0.000275
[SUMMARY] Full script time: 3148.31s
[/bin/bash] Script finished
[/bin/bash] Copy files back to cwd
[/bin/bash] Successfully copied results to /home/s4116488/Documents/MPS/cuda-samples/plots2pi_bond_8/index_2
[/bin/bash] #### Finished GPU TensorCircuit array job. Have a nice day
