[/bin/bash] #### Starting GPU TensorCircuit array job
[/bin/bash] This is s4116488 and my MPS job has the ID 4093994, Task ID 51
[/bin/bash] Using bond dimension: 3 and init index: 1
[/bin/bash] CWD: /home/s4116488/Documents/MPS/cuda-samples
[/bin/bash] Using GPU: 0
[/bin/bash] Path of python file: /home/s4116488/Documents/MPS/cuda-samples
[/bin/bash] Node scratch: /scratchdata/s4116488/4093994
[/bin/bash] Run directory/scratchdata/s4116488/4093994/tc_gpu_2pi_bond_3_init_1_4093994
[/bin/bash] Run script with bond dimension 3 and init index 1

[INFO] Running train with bond dimension: 3
[INFO] Using init index: 1
Epoch 0: l_f = 23.191456, l_q = 1.879505, avg S = 0.4294/1.0986, max S = 0.7484/1.0986 (epoch time: 70.68s)
Epoch 10: l_f = 1.565830, l_q = 0.063702, avg S = 0.4580/1.0986, max S = 0.8127/1.0986 (epoch time: 38.30s)
Epoch 20: l_f = 0.500058, l_q = 0.012380, avg S = 0.4682/1.0986, max S = 0.8133/1.0986 (epoch time: 38.96s)
Epoch 30: l_f = 0.149808, l_q = 0.004967, avg S = 0.4380/1.0986, max S = 0.7533/1.0986 (epoch time: 36.76s)
Epoch 40: l_f = 0.056714, l_q = 0.001387, avg S = 0.4204/1.0986, max S = 0.7345/1.0986 (epoch time: 40.51s)
Epoch 50: l_f = 0.040220, l_q = 0.000187, avg S = 0.4143/1.0986, max S = 0.7280/1.0986 (epoch time: 38.37s)
Epoch 60: l_f = 0.029885, l_q = 0.000421, avg S = 0.4136/1.0986, max S = 0.7265/1.0986 (epoch time: 39.29s)
Epoch 70: l_f = 0.029178, l_q = 0.000452, avg S = 0.4154/1.0986, max S = 0.7275/1.0986 (epoch time: 38.77s)
Epoch 80: l_f = 0.024910, l_q = 0.000086, avg S = 0.4156/1.0986, max S = 0.7283/1.0986 (epoch time: 43.72s)
Epoch 90: l_f = 0.023775, l_q = 0.000076, avg S = 0.4184/1.0986, max S = 0.7327/1.0986 (epoch time: 38.80s)
SubTraining time: 3506.93s
L_f = 0.022541, L_q = 0.000069
[SUMMARY] Full script time: 3515.75s
[/bin/bash] Script finished
[/bin/bash] Copy files back to cwd
[/bin/bash] Successfully copied results to /home/s4116488/Documents/MPS/cuda-samples/plots2pi_bond_3/index_1
[/bin/bash] #### Finished GPU TensorCircuit array job. Have a nice day
