[/bin/bash] #### Starting GPU TensorCircuit array job
[/bin/bash] This is s4116488 and my MPS job has the ID 4094086, Task ID 67
[/bin/bash] Using bond dimension: 2 and init index: 7
[/bin/bash] CWD: /home/s4116488/Documents/MPS/cuda-samples
[/bin/bash] Using GPU: 0
[/bin/bash] Path of python file: /home/s4116488/Documents/MPS/cuda-samples
[/bin/bash] Node scratch: /scratchdata/s4116488/4094086
[/bin/bash] Run directory/scratchdata/s4116488/4094086/tc_gpu_2pi_bond_2_init_7_4094086
[/bin/bash] Run script with bond dimension 2 and init index 7

[INFO] Running train with bond dimension: 2
[INFO] Using init index: 7
Epoch 0: l_f = 49.165203, l_q = 2.269120, avg S = 0.4677/0.6931, max S = 0.6212/0.6931 (epoch time: 53.35s)
Epoch 10: l_f = 2.513989, l_q = 0.054757, avg S = 0.4692/0.6931, max S = 0.6072/0.6931 (epoch time: 25.29s)
Epoch 20: l_f = 0.301332, l_q = 0.001512, avg S = 0.5048/0.6931, max S = 0.6196/0.6931 (epoch time: 26.66s)
Epoch 30: l_f = 0.183245, l_q = 0.005532, avg S = 0.4916/0.6931, max S = 0.6086/0.6931 (epoch time: 27.47s)
Epoch 40: l_f = 0.084187, l_q = 0.000557, avg S = 0.4831/0.6931, max S = 0.6012/0.6931 (epoch time: 26.78s)
Epoch 50: l_f = 0.029121, l_q = 0.000148, avg S = 0.4884/0.6931, max S = 0.6231/0.6931 (epoch time: 27.93s)
Epoch 60: l_f = 0.016780, l_q = 0.000140, avg S = 0.4889/0.6931, max S = 0.6324/0.6931 (epoch time: 28.89s)
Epoch 70: l_f = 0.006202, l_q = 0.000024, avg S = 0.4855/0.6931, max S = 0.6236/0.6931 (epoch time: 29.11s)
Epoch 80: l_f = 0.003011, l_q = 0.000011, avg S = 0.4822/0.6931, max S = 0.6161/0.6931 (epoch time: 26.94s)
Epoch 90: l_f = 0.002017, l_q = 0.000010, avg S = 0.4816/0.6931, max S = 0.6155/0.6931 (epoch time: 28.05s)
SubTraining time: 2424.59s
L_f = 0.001445, L_q = 0.000012
[SUMMARY] Full script time: 2431.84s
[/bin/bash] Script finished
[/bin/bash] Copy files back to cwd
[/bin/bash] Successfully copied results to /home/s4116488/Documents/MPS/cuda-samples/plots2pi_bond_2/index_7
[/bin/bash] #### Finished GPU TensorCircuit array job. Have a nice day
