[/bin/bash] #### Starting GPU TensorCircuit array job
[/bin/bash] This is s4116488 and my MPS job has the ID 4094088, Task ID 68
[/bin/bash] Using bond dimension: 2 and init index: 8
[/bin/bash] CWD: /home/s4116488/Documents/MPS/cuda-samples
[/bin/bash] Using GPU: 0
[/bin/bash] Path of python file: /home/s4116488/Documents/MPS/cuda-samples
[/bin/bash] Node scratch: /scratchdata/s4116488/4094088
[/bin/bash] Run directory/scratchdata/s4116488/4094088/tc_gpu_2pi_bond_2_init_8_4094088
[/bin/bash] Run script with bond dimension 2 and init index 8

[INFO] Running train with bond dimension: 2
[INFO] Using init index: 8
Epoch 0: l_f = 44.978085, l_q = 1.792014, avg S = 0.5178/0.6931, max S = 0.6848/0.6931 (epoch time: 52.33s)
Epoch 10: l_f = 3.019530, l_q = 0.248314, avg S = 0.5375/0.6931, max S = 0.7014/0.6931 (epoch time: 24.44s)
Epoch 20: l_f = 0.782114, l_q = 0.021203, avg S = 0.5274/0.6931, max S = 0.6689/0.6931 (epoch time: 30.97s)
Epoch 30: l_f = 0.390351, l_q = 0.004863, avg S = 0.5134/0.6931, max S = 0.6507/0.6931 (epoch time: 31.40s)
Epoch 40: l_f = 0.157371, l_q = 0.000362, avg S = 0.5374/0.6931, max S = 0.6889/0.6931 (epoch time: 30.09s)
Epoch 50: l_f = 0.055038, l_q = 0.000902, avg S = 0.5399/0.6931, max S = 0.6927/0.6931 (epoch time: 28.89s)
Epoch 60: l_f = 0.014541, l_q = 0.001667, avg S = 0.5383/0.6931, max S = 0.6883/0.6931 (epoch time: 31.49s)
Epoch 70: l_f = 0.022071, l_q = 0.000709, avg S = 0.5355/0.6931, max S = 0.6858/0.6931 (epoch time: 30.62s)
Epoch 80: l_f = 0.009799, l_q = 0.000707, avg S = 0.5343/0.6931, max S = 0.6833/0.6931 (epoch time: 27.16s)
Epoch 90: l_f = 0.004545, l_q = 0.001355, avg S = 0.5331/0.6931, max S = 0.6813/0.6931 (epoch time: 26.57s)
SubTraining time: 2545.03s
L_f = 0.002783, L_q = 0.001632
[SUMMARY] Full script time: 2551.83s
[/bin/bash] Script finished
[/bin/bash] Copy files back to cwd
[/bin/bash] Successfully copied results to /home/s4116488/Documents/MPS/cuda-samples/plots2pi_bond_2/index_8
[/bin/bash] #### Finished GPU TensorCircuit array job. Have a nice day
