[/bin/bash] #### Starting GPU TensorCircuit array job
[/bin/bash] This is s4116488 and my MPS job has the ID 4206167, Task ID 54
[/bin/bash] Using bond dimension: 3 and init index: 4
[/bin/bash] CWD: /home/s4116488/Documents/MPS/cuda-samples
[/bin/bash] Using GPU: 0
[/bin/bash] Path of python file: /home/s4116488/Documents/MPS/cuda-samples
[/bin/bash] Node scratch: /scratchdata/s4116488/4206167
[/bin/bash] Run directory/scratchdata/s4116488/4206167/tc_gpu_final_bond_3_init_4_4206167
[/bin/bash] Run script with bond dimension 3 and init index 4

[INFO] Running train with bond dimension: 3
[INFO] Using init index: 4
Epoch 0: l_f = 8.134508 (epoch time: 107.03s)
Epoch 10: l_f = 0.195878 (epoch time: 75.22s)
Epoch 20: l_f = 0.161975 (epoch time: 80.22s)
Epoch 30: l_f = 0.059130 (epoch time: 79.40s)
Epoch 40: l_f = 0.038468 (epoch time: 84.27s)
Epoch 50: l_f = 0.027339 (epoch time: 85.53s)
Epoch 60: l_f = 0.027241 (epoch time: 85.66s)
Epoch 70: l_f = 0.023906 (epoch time: 88.26s)
Epoch 80: l_f = 0.015502 (epoch time: 86.28s)
Epoch 90: l_f = 0.010703 (epoch time: 91.24s)
Epoch 100: l_f = 0.008478 (epoch time: 91.34s)
Epoch 110: l_f = 0.006675 (epoch time: 89.05s)
Epoch 120: l_f = 0.006281 (epoch time: 93.82s)
Epoch 130: l_f = 0.003152 (epoch time: 93.43s)
Epoch 140: l_f = 0.006787 (epoch time: 93.10s)
Epoch 150: l_f = 0.002843 (epoch time: 87.58s)
Epoch 160: l_f = 0.002812 (epoch time: 86.63s)
Epoch 170: l_f = 0.003120 (epoch time: 94.77s)
Epoch 180: l_f = 0.003309 (epoch time: 96.95s)
Epoch 190: l_f = 0.001595 (epoch time: 89.28s)
SubTraining time: 17261.89s
L_f = 0.002099
Epoch 0: l_f = 16.568836 (epoch time: 218.95s)
Epoch 10: l_f = 1.069263 (epoch time: 147.22s)
Epoch 20: l_f = 0.908220 (epoch time: 134.45s)
Epoch 30: l_f = 0.753455 (epoch time: 140.21s)
Epoch 40: l_f = 0.658828 (epoch time: 151.81s)
Epoch 50: l_f = 0.591699 (epoch time: 128.11s)
Epoch 60: l_f = 0.556959 (epoch time: 136.86s)
Epoch 70: l_f = 0.534253 (epoch time: 139.28s)
Epoch 80: l_f = 0.498494 (epoch time: 135.19s)
Epoch 90: l_f = 0.490132 (epoch time: 149.32s)
Epoch 100: l_f = 0.486553 (epoch time: 139.22s)
Epoch 110: l_f = 0.474235 (epoch time: 120.70s)
Epoch 120: l_f = 0.454052 (epoch time: 125.49s)
Epoch 130: l_f = 0.449481 (epoch time: 120.34s)
Epoch 140: l_f = 0.444649 (epoch time: 136.26s)
Epoch 150: l_f = 0.437806 (epoch time: 138.69s)
Epoch 160: l_f = 0.432047 (epoch time: 135.88s)
Epoch 170: l_f = 0.426600 (epoch time: 136.02s)
Epoch 180: l_f = 0.415178 (epoch time: 120.29s)
Epoch 190: l_f = 0.409521 (epoch time: 122.74s)
Epoch 200: l_f = 0.399153 (epoch time: 137.95s)
Epoch 210: l_f = 0.394521 (epoch time: 123.77s)
Epoch 220: l_f = 0.393387 (epoch time: 118.63s)
Epoch 230: l_f = 0.392029 (epoch time: 120.28s)
Epoch 240: l_f = 0.377260 (epoch time: 140.27s)
Epoch 250: l_f = 0.374361 (epoch time: 125.57s)
Epoch 260: l_f = 0.371010 (epoch time: 120.27s)
Epoch 270: l_f = 0.360779 (epoch time: 122.87s)
Epoch 280: l_f = 0.360448 (epoch time: 140.82s)
Epoch 290: l_f = 0.348575 (epoch time: 122.69s)
Epoch 300: l_f = 0.348040 (epoch time: 126.51s)
Epoch 310: l_f = 0.335966 (epoch time: 125.60s)
Epoch 320: l_f = 0.339608 (epoch time: 126.57s)
Epoch 330: l_f = 0.325083 (epoch time: 129.75s)
Epoch 340: l_f = 0.314554 (epoch time: 129.23s)
Epoch 350: l_f = 0.315989 (epoch time: 126.95s)
Epoch 360: l_f = 0.311159 (epoch time: 149.65s)
Epoch 370: l_f = 0.302986 (epoch time: 126.34s)
Epoch 380: l_f = 0.303728 (epoch time: 127.48s)
Epoch 390: l_f = 0.291929 (epoch time: 128.99s)
Epoch 400: l_f = 0.288294 (epoch time: 124.99s)
Epoch 410: l_f = 0.280699 (epoch time: 127.08s)
Epoch 420: l_f = 0.278347 (epoch time: 130.13s)
Epoch 430: l_f = 0.271755 (epoch time: 124.30s)
Epoch 440: l_f = 0.267305 (epoch time: 124.04s)
Epoch 450: l_f = 0.253388 (epoch time: 125.75s)
Epoch 460: l_f = 0.249918 (epoch time: 125.48s)
Epoch 470: l_f = 0.249809 (epoch time: 126.87s)
Epoch 480: l_f = 0.243209 (epoch time: 156.64s)
Epoch 490: l_f = 0.236734 (epoch time: 125.50s)
Epoch 500: l_f = 0.233256 (epoch time: 156.34s)
Epoch 510: l_f = 0.226201 (epoch time: 125.44s)
Epoch 520: l_f = 0.224106 (epoch time: 125.45s)
Epoch 530: l_f = 0.214647 (epoch time: 130.81s)
Epoch 540: l_f = 0.208055 (epoch time: 125.67s)
Epoch 550: l_f = 0.205865 (epoch time: 160.01s)
Epoch 560: l_f = 0.200235 (epoch time: 129.39s)
Epoch 570: l_f = 0.198800 (epoch time: 127.55s)
Epoch 580: l_f = 0.195086 (epoch time: 157.49s)
Epoch 590: l_f = 0.188935 (epoch time: 124.47s)
SubTraining time: 78846.64s
L_f = 0.185578
[SUMMARY] Full script time: 96172.00s
[/bin/bash] Script finished
[/bin/bash] Copy files back to cwd
[/bin/bash] Successfully copied results to /home/s4116488/Documents/MPS/cuda-samples/plotsfinal_bond_3/index_4
[/bin/bash] #### Finished GPU TensorCircuit array job. Have a nice day
