[/bin/bash] #### Starting GPU TensorCircuit array job
[/bin/bash] This is s4116488 and my MPS job has the ID 4176092, Task ID 79
[/bin/bash] Using bond dimension: 1 and init index: 9
[/bin/bash] CWD: /home/s4116488/Documents/MPS/cuda-samples
[/bin/bash] Using GPU: 0
[/bin/bash] Path of python file: /home/s4116488/Documents/MPS/cuda-samples
[/bin/bash] Node scratch: /scratchdata/s4116488/4176092
[/bin/bash] Run directory/scratchdata/s4116488/4176092/tc_gpu_final_bond_1_init_9_4176092
[/bin/bash] Run script with bond dimension 1 and init index 9

[INFO] Running train with bond dimension: 1
[INFO] Using init index: 9
Epoch 0: l_f = 0.609535 (epoch time: 41.27s)
Epoch 10: l_f = 0.125489 (epoch time: 28.16s)
Epoch 20: l_f = 0.077821 (epoch time: 29.05s)
Epoch 30: l_f = 0.043218 (epoch time: 28.84s)
Epoch 40: l_f = 0.027726 (epoch time: 30.27s)
Epoch 50: l_f = 0.019907 (epoch time: 30.10s)
Epoch 60: l_f = 0.017258 (epoch time: 30.29s)
Epoch 70: l_f = 0.016102 (epoch time: 29.35s)
Epoch 80: l_f = 0.010497 (epoch time: 29.60s)
Epoch 90: l_f = 0.006294 (epoch time: 31.38s)
Epoch 100: l_f = 0.004384 (epoch time: 30.49s)
Epoch 110: l_f = 0.003264 (epoch time: 31.84s)
Epoch 120: l_f = 0.002437 (epoch time: 30.80s)
Epoch 130: l_f = 0.001616 (epoch time: 32.35s)
Epoch 140: l_f = 0.001702 (epoch time: 30.62s)
Epoch 150: l_f = 0.000914 (epoch time: 31.13s)
Epoch 160: l_f = 0.001667 (epoch time: 32.66s)
Epoch 170: l_f = 0.002433 (epoch time: 32.96s)
Epoch 180: l_f = 0.001769 (epoch time: 31.17s)
Epoch 190: l_f = 0.001492 (epoch time: 31.45s)
SubTraining time: 6075.76s
L_f = 0.000933
Epoch 0: l_f = 29.822908 (epoch time: 66.62s)
Epoch 10: l_f = 9.965938 (epoch time: 47.87s)
Epoch 20: l_f = 5.835953 (epoch time: 47.69s)
Epoch 30: l_f = 5.605895 (epoch time: 47.51s)
Epoch 40: l_f = 5.448269 (epoch time: 47.99s)
Epoch 50: l_f = 5.183681 (epoch time: 47.74s)
Epoch 60: l_f = 5.036421 (epoch time: 48.95s)
Epoch 70: l_f = 4.938176 (epoch time: 49.02s)
Epoch 80: l_f = 4.833169 (epoch time: 48.91s)
Epoch 90: l_f = 4.728889 (epoch time: 49.48s)
Epoch 100: l_f = 4.627645 (epoch time: 49.00s)
Epoch 110: l_f = 4.376673 (epoch time: 49.29s)
Epoch 120: l_f = 4.204279 (epoch time: 49.16s)
Epoch 130: l_f = 4.172483 (epoch time: 52.51s)
Epoch 140: l_f = 3.975560 (epoch time: 48.98s)
Epoch 150: l_f = 3.828143 (epoch time: 49.34s)
Epoch 160: l_f = 3.713537 (epoch time: 50.36s)
Epoch 170: l_f = 3.627478 (epoch time: 49.97s)
Epoch 180: l_f = 3.515628 (epoch time: 50.56s)
Epoch 190: l_f = 3.415890 (epoch time: 49.71s)
Epoch 200: l_f = 3.307464 (epoch time: 50.07s)
Epoch 210: l_f = 3.183523 (epoch time: 49.75s)
Epoch 220: l_f = 3.059665 (epoch time: 45.92s)
Epoch 230: l_f = 2.864580 (epoch time: 47.27s)
Epoch 240: l_f = 2.692162 (epoch time: 50.14s)
Epoch 250: l_f = 2.526391 (epoch time: 50.96s)
Epoch 260: l_f = 2.366013 (epoch time: 51.01s)
Epoch 270: l_f = 2.219623 (epoch time: 50.74s)
Epoch 280: l_f = 2.085680 (epoch time: 46.40s)
Epoch 290: l_f = 1.976375 (epoch time: 51.70s)
Epoch 300: l_f = 1.911320 (epoch time: 51.41s)
Epoch 310: l_f = 1.982319 (epoch time: 46.42s)
Epoch 320: l_f = 1.841527 (epoch time: 46.54s)
Epoch 330: l_f = 1.763548 (epoch time: 51.47s)
Epoch 340: l_f = 1.712676 (epoch time: 52.29s)
Epoch 350: l_f = 1.668714 (epoch time: 51.58s)
Epoch 360: l_f = 1.636950 (epoch time: 51.89s)
Epoch 370: l_f = 1.595542 (epoch time: 51.63s)
Epoch 380: l_f = 1.563849 (epoch time: 46.54s)
Epoch 390: l_f = 1.532300 (epoch time: 46.51s)
Epoch 400: l_f = 1.502111 (epoch time: 46.45s)
Epoch 410: l_f = 1.469023 (epoch time: 46.01s)
Epoch 420: l_f = 1.436605 (epoch time: 46.27s)
Epoch 430: l_f = 1.405498 (epoch time: 46.44s)
Epoch 440: l_f = 1.378889 (epoch time: 46.12s)
Epoch 450: l_f = 1.347578 (epoch time: 52.69s)
Epoch 460: l_f = 1.320458 (epoch time: 46.43s)
Epoch 470: l_f = 1.292769 (epoch time: 52.98s)
Epoch 480: l_f = 1.263406 (epoch time: 45.69s)
Epoch 490: l_f = 1.235905 (epoch time: 52.98s)
Epoch 500: l_f = 1.208293 (epoch time: 45.98s)
Epoch 510: l_f = 1.180092 (epoch time: 45.80s)
Epoch 520: l_f = 1.152140 (epoch time: 53.05s)
Epoch 530: l_f = 1.127519 (epoch time: 53.16s)
Epoch 540: l_f = 1.100087 (epoch time: 53.43s)
Epoch 550: l_f = 1.077077 (epoch time: 53.04s)
Epoch 560: l_f = 1.051173 (epoch time: 46.15s)
Epoch 570: l_f = 1.025910 (epoch time: 55.12s)
Epoch 580: l_f = 1.000990 (epoch time: 46.21s)
Epoch 590: l_f = 0.977745 (epoch time: 45.62s)
SubTraining time: 29802.11s
L_f = 0.959572
[SUMMARY] Full script time: 35907.50s
[/bin/bash] Script finished
[/bin/bash] Copy files back to cwd
[/bin/bash] Successfully copied results to /home/s4116488/Documents/MPS/cuda-samples/plotsfinal_bond_1/index_9
[/bin/bash] #### Finished GPU TensorCircuit array job. Have a nice day
