[/bin/bash] #### Starting GPU TensorCircuit array job
[/bin/bash] This is s4116488 and my MPS job has the ID 4176602, Task ID 11
[/bin/bash] Using bond dimension: 7 and init index: 1
[/bin/bash] CWD: /home/s4116488/Documents/MPS/cuda-samples
[/bin/bash] Using GPU: 0
[/bin/bash] Path of python file: /home/s4116488/Documents/MPS/cuda-samples
[/bin/bash] Node scratch: /scratchdata/s4116488/4176602
[/bin/bash] Run directory/scratchdata/s4116488/4176602/tc_gpu_final_bond_7_init_1_4176602
[/bin/bash] Run script with bond dimension 7 and init index 1

[INFO] Running train with bond dimension: 7
[INFO] Using init index: 1
Epoch 0: l_f = 1.878147 (epoch time: 113.66s)
Epoch 10: l_f = 0.257991 (epoch time: 85.39s)
Epoch 20: l_f = 0.069178 (epoch time: 89.82s)
Epoch 30: l_f = 0.057084 (epoch time: 88.83s)
Epoch 40: l_f = 0.049922 (epoch time: 88.27s)
Epoch 50: l_f = 0.033610 (epoch time: 93.12s)
Epoch 60: l_f = 0.028765 (epoch time: 93.92s)
Epoch 70: l_f = 0.022266 (epoch time: 92.66s)
Epoch 80: l_f = 0.016345 (epoch time: 92.87s)
Epoch 90: l_f = 0.012102 (epoch time: 94.47s)
Epoch 100: l_f = 0.006985 (epoch time: 94.16s)
Epoch 110: l_f = 0.007949 (epoch time: 90.03s)
Epoch 120: l_f = 0.004802 (epoch time: 90.27s)
Epoch 130: l_f = 0.004089 (epoch time: 102.34s)
Epoch 140: l_f = 0.003188 (epoch time: 94.22s)
Epoch 150: l_f = 0.003934 (epoch time: 92.31s)
Epoch 160: l_f = 0.002337 (epoch time: 94.31s)
Epoch 170: l_f = 0.005635 (epoch time: 104.44s)
Epoch 180: l_f = 0.002462 (epoch time: 92.20s)
Epoch 190: l_f = 0.002062 (epoch time: 105.34s)
SubTraining time: 18855.44s
L_f = 0.003691
Epoch 0: l_f = 26.665375 (epoch time: 218.73s)
Epoch 10: l_f = 2.825297 (epoch time: 146.73s)
Epoch 20: l_f = 2.613701 (epoch time: 161.19s)
Epoch 30: l_f = 1.418635 (epoch time: 157.13s)
Epoch 40: l_f = 1.226482 (epoch time: 152.48s)
Epoch 50: l_f = 1.071488 (epoch time: 162.29s)
Epoch 60: l_f = 0.995238 (epoch time: 165.21s)
Epoch 70: l_f = 0.960364 (epoch time: 154.10s)
Epoch 80: l_f = 0.928322 (epoch time: 168.24s)
Epoch 90: l_f = 0.909023 (epoch time: 155.81s)
Epoch 100: l_f = 0.882671 (epoch time: 155.20s)
Epoch 110: l_f = 0.850141 (epoch time: 151.99s)
Epoch 120: l_f = 0.833125 (epoch time: 152.42s)
Epoch 130: l_f = 0.812938 (epoch time: 157.62s)
Epoch 140: l_f = 0.810396 (epoch time: 155.56s)
Epoch 150: l_f = 0.790777 (epoch time: 150.96s)
Epoch 160: l_f = 0.764077 (epoch time: 155.47s)
Epoch 170: l_f = 0.752569 (epoch time: 171.71s)
Epoch 180: l_f = 0.738067 (epoch time: 156.02s)
Epoch 190: l_f = 0.727745 (epoch time: 174.65s)
Epoch 200: l_f = 0.732242 (epoch time: 156.29s)
Epoch 210: l_f = 0.720604 (epoch time: 156.27s)
Epoch 220: l_f = 0.707282 (epoch time: 155.44s)
Epoch 230: l_f = 0.694905 (epoch time: 153.54s)
Epoch 240: l_f = 0.669780 (epoch time: 176.19s)
Epoch 250: l_f = 0.669617 (epoch time: 177.58s)
Epoch 260: l_f = 0.652882 (epoch time: 174.37s)
Epoch 270: l_f = 0.651829 (epoch time: 174.93s)
Epoch 280: l_f = 0.638834 (epoch time: 175.08s)
Epoch 290: l_f = 0.619912 (epoch time: 149.72s)
Epoch 300: l_f = 0.602818 (epoch time: 152.56s)
Epoch 310: l_f = 0.598504 (epoch time: 152.39s)
Epoch 320: l_f = 0.590067 (epoch time: 156.17s)
Epoch 330: l_f = 0.577233 (epoch time: 178.14s)
Epoch 340: l_f = 0.578019 (epoch time: 152.51s)
Epoch 350: l_f = 0.558758 (epoch time: 151.22s)
Epoch 360: l_f = 0.533488 (epoch time: 179.63s)
Epoch 370: l_f = 0.527050 (epoch time: 151.87s)
Epoch 380: l_f = 0.523893 (epoch time: 157.29s)
Epoch 390: l_f = 0.507362 (epoch time: 153.99s)
Epoch 400: l_f = 0.499752 (epoch time: 156.15s)
Epoch 410: l_f = 0.488469 (epoch time: 154.61s)
Epoch 420: l_f = 0.505002 (epoch time: 156.16s)
Epoch 430: l_f = 0.470609 (epoch time: 153.25s)
Epoch 440: l_f = 0.457212 (epoch time: 182.47s)
Epoch 450: l_f = 0.442386 (epoch time: 153.25s)
Epoch 460: l_f = 0.438739 (epoch time: 152.40s)
Epoch 470: l_f = 0.445697 (epoch time: 153.73s)
Epoch 480: l_f = 0.423753 (epoch time: 152.71s)
Epoch 490: l_f = 0.396337 (epoch time: 152.80s)
Epoch 500: l_f = 0.406210 (epoch time: 184.96s)
Epoch 510: l_f = 0.386401 (epoch time: 153.83s)
Epoch 520: l_f = 0.384801 (epoch time: 153.61s)
Epoch 530: l_f = 0.376047 (epoch time: 151.40s)
Epoch 540: l_f = 0.358289 (epoch time: 185.77s)
Epoch 550: l_f = 0.361010 (epoch time: 152.76s)
Epoch 560: l_f = 0.356265 (epoch time: 150.98s)
Epoch 570: l_f = 0.334530 (epoch time: 152.25s)
Epoch 580: l_f = 0.320113 (epoch time: 152.52s)
Epoch 590: l_f = 0.348367 (epoch time: 150.80s)
SubTraining time: 94533.85s
L_f = 0.325335
[SUMMARY] Full script time: 113452.21s
[/bin/bash] Script finished
[/bin/bash] Copy files back to cwd
[/bin/bash] Successfully copied results to /home/s4116488/Documents/MPS/cuda-samples/plotsfinal_bond_7/index_1
[/bin/bash] #### Finished GPU TensorCircuit array job. Have a nice day
