[/bin/bash] #### Starting GPU TensorCircuit array job
[/bin/bash] This is s4116488 and my MPS job has the ID 4207679, Task ID 76
[/bin/bash] Using bond dimension: 1 and init index: 6
[/bin/bash] CWD: /home/s4116488/Documents/MPS/cuda-samples
[/bin/bash] Using GPU: 0
[/bin/bash] Path of python file: /home/s4116488/Documents/MPS/cuda-samples
[/bin/bash] Node scratch: /scratchdata/s4116488/4207679
[/bin/bash] Run directory/scratchdata/s4116488/4207679/tc_gpu_final_bond_1_init_6_4207679
[/bin/bash] Run script with bond dimension 1 and init index 6

[INFO] Running train with bond dimension: 1
[INFO] Using init index: 6
Epoch 0: l_f = 186.807831 (epoch time: 38.06s)
Epoch 10: l_f = 0.582348 (epoch time: 25.28s)
Epoch 20: l_f = 0.570005 (epoch time: 25.48s)
Epoch 30: l_f = 0.551145 (epoch time: 25.28s)
Epoch 40: l_f = 0.525898 (epoch time: 26.46s)
Epoch 50: l_f = 0.490150 (epoch time: 26.35s)
Epoch 60: l_f = 0.454472 (epoch time: 26.38s)
Epoch 70: l_f = 0.421225 (epoch time: 25.62s)
Epoch 80: l_f = 0.391034 (epoch time: 25.93s)
Epoch 90: l_f = 0.358660 (epoch time: 27.54s)
Epoch 100: l_f = 0.331303 (epoch time: 26.55s)
Epoch 110: l_f = 0.304904 (epoch time: 28.33s)
Epoch 120: l_f = 0.279454 (epoch time: 26.93s)
Epoch 130: l_f = 0.257315 (epoch time: 28.81s)
Epoch 140: l_f = 0.238142 (epoch time: 27.11s)
Epoch 150: l_f = 0.219646 (epoch time: 27.25s)
Epoch 160: l_f = 0.204859 (epoch time: 28.94s)
Epoch 170: l_f = 0.189793 (epoch time: 29.33s)
Epoch 180: l_f = 0.176371 (epoch time: 27.72s)
Epoch 190: l_f = 0.164985 (epoch time: 28.07s)
SubTraining time: 5346.22s
L_f = 0.154804
Epoch 0: l_f = 2.493081 (epoch time: 61.58s)
Epoch 10: l_f = 0.784947 (epoch time: 44.51s)
Epoch 20: l_f = 0.649326 (epoch time: 43.67s)
Epoch 30: l_f = 0.598052 (epoch time: 43.34s)
Epoch 40: l_f = 0.552699 (epoch time: 46.63s)
Epoch 50: l_f = 0.496343 (epoch time: 44.08s)
Epoch 60: l_f = 0.448093 (epoch time: 44.43s)
Epoch 70: l_f = 0.405555 (epoch time: 47.44s)
Epoch 80: l_f = 0.375483 (epoch time: 45.26s)
Epoch 90: l_f = 0.349085 (epoch time: 44.56s)
Epoch 100: l_f = 0.327582 (epoch time: 44.90s)
Epoch 110: l_f = 0.306644 (epoch time: 48.07s)
Epoch 120: l_f = 0.291983 (epoch time: 41.46s)
Epoch 130: l_f = 0.280820 (epoch time: 46.12s)
Epoch 140: l_f = 0.269773 (epoch time: 48.63s)
Epoch 150: l_f = 0.267127 (epoch time: 45.46s)
Epoch 160: l_f = 0.256070 (epoch time: 45.90s)
Epoch 170: l_f = 0.249096 (epoch time: 45.89s)
Epoch 180: l_f = 0.243348 (epoch time: 46.99s)
Epoch 190: l_f = 0.236221 (epoch time: 42.85s)
Epoch 200: l_f = 0.237113 (epoch time: 47.36s)
Epoch 210: l_f = 0.242720 (epoch time: 46.93s)
Epoch 220: l_f = 0.316210 (epoch time: 48.19s)
Epoch 230: l_f = 0.236732 (epoch time: 42.95s)
Epoch 240: l_f = 0.229683 (epoch time: 42.84s)
Epoch 250: l_f = 0.221919 (epoch time: 47.70s)
Epoch 260: l_f = 0.215715 (epoch time: 47.86s)
Epoch 270: l_f = 0.211995 (epoch time: 48.30s)
Epoch 280: l_f = 0.206409 (epoch time: 43.69s)
Epoch 290: l_f = 0.202213 (epoch time: 43.70s)
Epoch 300: l_f = 0.194512 (epoch time: 43.43s)
Epoch 310: l_f = 0.193537 (epoch time: 43.44s)
Epoch 320: l_f = 0.191321 (epoch time: 43.04s)
Epoch 330: l_f = 0.183791 (epoch time: 49.40s)
Epoch 340: l_f = 0.177756 (epoch time: 49.55s)
Epoch 350: l_f = 0.173353 (epoch time: 48.68s)
Epoch 360: l_f = 0.167573 (epoch time: 49.27s)
Epoch 370: l_f = 0.164448 (epoch time: 48.84s)
Epoch 380: l_f = 0.161377 (epoch time: 43.33s)
Epoch 390: l_f = 0.156311 (epoch time: 43.46s)
Epoch 400: l_f = 0.153607 (epoch time: 49.51s)
Epoch 410: l_f = 0.148390 (epoch time: 43.06s)
Epoch 420: l_f = 0.146010 (epoch time: 43.53s)
Epoch 430: l_f = 0.142860 (epoch time: 42.88s)
Epoch 440: l_f = 0.139580 (epoch time: 43.58s)
Epoch 450: l_f = 0.136705 (epoch time: 49.85s)
Epoch 460: l_f = 0.134296 (epoch time: 43.47s)
Epoch 470: l_f = 0.131984 (epoch time: 50.12s)
Epoch 480: l_f = 0.129349 (epoch time: 43.30s)
Epoch 490: l_f = 0.126672 (epoch time: 50.06s)
Epoch 500: l_f = 0.125198 (epoch time: 42.99s)
Epoch 510: l_f = 0.123492 (epoch time: 43.31s)
Epoch 520: l_f = 0.120846 (epoch time: 49.95s)
Epoch 530: l_f = 0.118655 (epoch time: 50.63s)
Epoch 540: l_f = 0.115821 (epoch time: 50.53s)
Epoch 550: l_f = 0.114434 (epoch time: 51.09s)
Epoch 560: l_f = 0.111984 (epoch time: 51.50s)
Epoch 570: l_f = 0.108974 (epoch time: 51.33s)
Epoch 580: l_f = 0.107712 (epoch time: 50.85s)
Epoch 590: l_f = 0.105589 (epoch time: 43.58s)
SubTraining time: 27884.05s
L_f = 0.103877
[SUMMARY] Full script time: 33257.06s
[/bin/bash] Script finished
[/bin/bash] Copy files back to cwd
[/bin/bash] Successfully copied results to /home/s4116488/Documents/MPS/cuda-samples/plotsfinal_bond_1/index_6
[/bin/bash] #### Finished GPU TensorCircuit array job. Have a nice day
