[/bin/bash] #### Starting GPU TensorCircuit array job
[/bin/bash] This is s4116488 and my MPS job has the ID 4181306, Task ID 32
[/bin/bash] Using bond dimension: 5 and init index: 2
[/bin/bash] CWD: /home/s4116488/Documents/MPS/cuda-samples
[/bin/bash] Using GPU: 0
[/bin/bash] Path of python file: /home/s4116488/Documents/MPS/cuda-samples
[/bin/bash] Node scratch: /scratchdata/s4116488/4181306
[/bin/bash] Run directory/scratchdata/s4116488/4181306/tc_gpu_final_bond_5_init_2_4181306
[/bin/bash] Run script with bond dimension 5 and init index 2

[INFO] Running train with bond dimension: 5
[INFO] Using init index: 2
Epoch 0: l_f = 20.117527 (epoch time: 120.78s)
Epoch 10: l_f = 0.671139 (epoch time: 90.46s)
Epoch 20: l_f = 0.351791 (epoch time: 95.15s)
Epoch 30: l_f = 0.211140 (epoch time: 95.10s)
Epoch 40: l_f = 0.128963 (epoch time: 95.98s)
Epoch 50: l_f = 0.080166 (epoch time: 98.61s)
Epoch 60: l_f = 0.047187 (epoch time: 91.37s)
Epoch 70: l_f = 0.043327 (epoch time: 89.30s)
Epoch 80: l_f = 0.042146 (epoch time: 90.03s)
Epoch 90: l_f = 0.036803 (epoch time: 90.96s)
Epoch 100: l_f = 0.034555 (epoch time: 101.16s)
Epoch 110: l_f = 0.029906 (epoch time: 96.90s)
Epoch 120: l_f = 0.028709 (epoch time: 97.44s)
Epoch 130: l_f = 0.026365 (epoch time: 106.55s)
Epoch 140: l_f = 0.024088 (epoch time: 100.63s)
Epoch 150: l_f = 0.022999 (epoch time: 98.85s)
Epoch 160: l_f = 0.018991 (epoch time: 100.21s)
Epoch 170: l_f = 0.017901 (epoch time: 110.05s)
Epoch 180: l_f = 0.015565 (epoch time: 98.78s)
Epoch 190: l_f = 0.014119 (epoch time: 112.29s)
SubTraining time: 19663.61s
L_f = 0.013539
Epoch 0: l_f = 12.852328 (epoch time: 230.04s)
Epoch 10: l_f = 3.731041 (epoch time: 156.65s)
Epoch 20: l_f = 2.428111 (epoch time: 168.68s)
Epoch 30: l_f = 2.181669 (epoch time: 169.15s)
Epoch 40: l_f = 1.991747 (epoch time: 160.99s)
Epoch 50: l_f = 1.889073 (epoch time: 167.32s)
Epoch 60: l_f = 1.802411 (epoch time: 169.71s)
Epoch 70: l_f = 1.740177 (epoch time: 156.16s)
Epoch 80: l_f = 1.687699 (epoch time: 170.01s)
Epoch 90: l_f = 1.663592 (epoch time: 158.61s)
Epoch 100: l_f = 1.632516 (epoch time: 159.99s)
Epoch 110: l_f = 1.624537 (epoch time: 156.30s)
Epoch 120: l_f = 1.578742 (epoch time: 156.36s)
Epoch 130: l_f = 1.555292 (epoch time: 160.62s)
Epoch 140: l_f = 1.564002 (epoch time: 146.46s)
Epoch 150: l_f = 1.512750 (epoch time: 140.63s)
Epoch 160: l_f = 1.485727 (epoch time: 144.52s)
Epoch 170: l_f = 1.492755 (epoch time: 160.20s)
Epoch 180: l_f = 1.454232 (epoch time: 145.66s)
Epoch 190: l_f = 1.451280 (epoch time: 162.33s)
Epoch 200: l_f = 1.430885 (epoch time: 146.94s)
Epoch 210: l_f = 1.406437 (epoch time: 144.97s)
Epoch 220: l_f = 1.403149 (epoch time: 145.36s)
Epoch 230: l_f = 1.370953 (epoch time: 144.12s)
Epoch 240: l_f = 1.356219 (epoch time: 164.87s)
Epoch 250: l_f = 1.347403 (epoch time: 165.33s)
Epoch 260: l_f = 1.306080 (epoch time: 163.98s)
Epoch 270: l_f = 1.304865 (epoch time: 164.63s)
Epoch 280: l_f = 1.288850 (epoch time: 166.69s)
Epoch 290: l_f = 1.258392 (epoch time: 143.11s)
Epoch 300: l_f = 1.234997 (epoch time: 144.40s)
Epoch 310: l_f = 1.225895 (epoch time: 145.15s)
Epoch 320: l_f = 1.202842 (epoch time: 146.97s)
Epoch 330: l_f = 1.187557 (epoch time: 169.75s)
Epoch 340: l_f = 1.188809 (epoch time: 146.57s)
Epoch 350: l_f = 1.156037 (epoch time: 144.56s)
Epoch 360: l_f = 1.135834 (epoch time: 171.28s)
Epoch 370: l_f = 1.120351 (epoch time: 145.04s)
Epoch 380: l_f = 1.096436 (epoch time: 147.97s)
Epoch 390: l_f = 1.068961 (epoch time: 147.46s)
Epoch 400: l_f = 1.065420 (epoch time: 149.27s)
Epoch 410: l_f = 1.027978 (epoch time: 145.97s)
Epoch 420: l_f = 1.011139 (epoch time: 148.43s)
Epoch 430: l_f = 0.996400 (epoch time: 149.13s)
Epoch 440: l_f = 0.980491 (epoch time: 173.65s)
Epoch 450: l_f = 0.967528 (epoch time: 147.03s)
Epoch 460: l_f = 0.943291 (epoch time: 147.50s)
Epoch 470: l_f = 0.912540 (epoch time: 146.93s)
Epoch 480: l_f = 0.904892 (epoch time: 147.09s)
Epoch 490: l_f = 0.874588 (epoch time: 147.70s)
Epoch 500: l_f = 0.875903 (epoch time: 177.03s)
Epoch 510: l_f = 0.847959 (epoch time: 148.66s)
Epoch 520: l_f = 0.838012 (epoch time: 148.31s)
Epoch 530: l_f = 0.816268 (epoch time: 147.23s)
Epoch 540: l_f = 0.793787 (epoch time: 179.79s)
Epoch 550: l_f = 0.806957 (epoch time: 146.62s)
Epoch 560: l_f = 0.760466 (epoch time: 147.98s)
Epoch 570: l_f = 0.759829 (epoch time: 149.31s)
Epoch 580: l_f = 0.743768 (epoch time: 148.05s)
Epoch 590: l_f = 0.718293 (epoch time: 146.90s)
SubTraining time: 91842.58s
L_f = 0.705789
[SUMMARY] Full script time: 111572.21s
[/bin/bash] Script finished
[/bin/bash] Copy files back to cwd
[/bin/bash] Successfully copied results to /home/s4116488/Documents/MPS/cuda-samples/plotsfinal_bond_5/index_2
[/bin/bash] #### Finished GPU TensorCircuit array job. Have a nice day
