[/bin/bash] #### Starting GPU TensorCircuit array job
[/bin/bash] This is s4116488 and my MPS job has the ID 4207281, Task ID 72
[/bin/bash] Using bond dimension: 1 and init index: 2
[/bin/bash] CWD: /home/s4116488/Documents/MPS/cuda-samples
[/bin/bash] Using GPU: 0
[/bin/bash] Path of python file: /home/s4116488/Documents/MPS/cuda-samples
[/bin/bash] Node scratch: /scratchdata/s4116488/4207281
[/bin/bash] Run directory/scratchdata/s4116488/4207281/tc_gpu_final_bond_1_init_2_4207281
[/bin/bash] Run script with bond dimension 1 and init index 2

[INFO] Running train with bond dimension: 1
[INFO] Using init index: 2
Epoch 0: l_f = 0.696499 (epoch time: 41.33s)
Epoch 10: l_f = 0.213223 (epoch time: 28.20s)
Epoch 20: l_f = 0.139964 (epoch time: 29.19s)
Epoch 30: l_f = 0.103752 (epoch time: 28.76s)
Epoch 40: l_f = 0.086921 (epoch time: 30.07s)
Epoch 50: l_f = 0.074758 (epoch time: 30.32s)
Epoch 60: l_f = 0.066109 (epoch time: 30.32s)
Epoch 70: l_f = 0.061213 (epoch time: 29.16s)
Epoch 80: l_f = 0.057280 (epoch time: 29.74s)
Epoch 90: l_f = 0.053922 (epoch time: 31.24s)
Epoch 100: l_f = 0.052426 (epoch time: 30.13s)
Epoch 110: l_f = 0.050723 (epoch time: 31.65s)
Epoch 120: l_f = 0.047991 (epoch time: 30.23s)
Epoch 130: l_f = 0.046001 (epoch time: 32.47s)
Epoch 140: l_f = 0.042944 (epoch time: 30.93s)
Epoch 150: l_f = 0.041324 (epoch time: 30.88s)
Epoch 160: l_f = 0.038801 (epoch time: 32.75s)
Epoch 170: l_f = 0.037762 (epoch time: 33.12s)
Epoch 180: l_f = 0.205615 (epoch time: 31.18s)
Epoch 190: l_f = 0.042954 (epoch time: 31.97s)
SubTraining time: 6069.27s
L_f = 0.051121
Epoch 0: l_f = 6.859286 (epoch time: 65.75s)
Epoch 10: l_f = 2.204610 (epoch time: 49.52s)
Epoch 20: l_f = 1.787468 (epoch time: 48.89s)
Epoch 30: l_f = 1.702240 (epoch time: 49.16s)
Epoch 40: l_f = 1.588789 (epoch time: 49.45s)
Epoch 50: l_f = 1.549198 (epoch time: 49.61s)
Epoch 60: l_f = 1.493792 (epoch time: 50.25s)
Epoch 70: l_f = 1.455236 (epoch time: 50.03s)
Epoch 80: l_f = 1.414439 (epoch time: 50.23s)
Epoch 90: l_f = 1.380843 (epoch time: 50.84s)
Epoch 100: l_f = 1.353031 (epoch time: 50.67s)
Epoch 110: l_f = 1.325173 (epoch time: 53.90s)
Epoch 120: l_f = 1.294391 (epoch time: 47.30s)
Epoch 130: l_f = 1.268458 (epoch time: 51.29s)
Epoch 140: l_f = 1.247165 (epoch time: 54.31s)
Epoch 150: l_f = 1.221756 (epoch time: 50.81s)
Epoch 160: l_f = 1.196506 (epoch time: 51.04s)
Epoch 170: l_f = 1.172467 (epoch time: 51.34s)
Epoch 180: l_f = 1.149447 (epoch time: 51.47s)
Epoch 190: l_f = 1.124115 (epoch time: 47.15s)
Epoch 200: l_f = 1.097577 (epoch time: 51.50s)
Epoch 210: l_f = 1.079787 (epoch time: 51.17s)
Epoch 220: l_f = 1.053937 (epoch time: 52.23s)
Epoch 230: l_f = 1.033618 (epoch time: 46.90s)
Epoch 240: l_f = 1.003933 (epoch time: 47.26s)
Epoch 250: l_f = 0.983878 (epoch time: 51.81s)
Epoch 260: l_f = 0.964816 (epoch time: 51.82s)
Epoch 270: l_f = 0.942741 (epoch time: 52.28s)
Epoch 280: l_f = 0.921907 (epoch time: 47.35s)
Epoch 290: l_f = 0.899170 (epoch time: 47.38s)
Epoch 300: l_f = 0.879758 (epoch time: 47.50s)
Epoch 310: l_f = 0.862557 (epoch time: 47.41s)
Epoch 320: l_f = 0.845964 (epoch time: 47.76s)
Epoch 330: l_f = 0.828525 (epoch time: 52.83s)
Epoch 340: l_f = 0.814236 (epoch time: 53.75s)
Epoch 350: l_f = 0.798533 (epoch time: 52.68s)
Epoch 360: l_f = 0.783006 (epoch time: 53.23s)
Epoch 370: l_f = 0.767702 (epoch time: 53.22s)
Epoch 380: l_f = 0.754660 (epoch time: 47.44s)
Epoch 390: l_f = 0.741540 (epoch time: 48.08s)
Epoch 400: l_f = 0.727851 (epoch time: 53.32s)
Epoch 410: l_f = 0.714678 (epoch time: 48.05s)
Epoch 420: l_f = 0.701312 (epoch time: 47.82s)
Epoch 430: l_f = 0.687411 (epoch time: 47.17s)
Epoch 440: l_f = 0.674888 (epoch time: 47.46s)
Epoch 450: l_f = 0.658823 (epoch time: 53.53s)
Epoch 460: l_f = 0.647765 (epoch time: 47.47s)
Epoch 470: l_f = 0.635867 (epoch time: 53.75s)
Epoch 480: l_f = 0.621060 (epoch time: 47.63s)
Epoch 490: l_f = 0.606331 (epoch time: 53.85s)
Epoch 500: l_f = 0.598698 (epoch time: 46.71s)
Epoch 510: l_f = 0.586630 (epoch time: 47.40s)
Epoch 520: l_f = 0.572974 (epoch time: 54.44s)
Epoch 530: l_f = 0.559343 (epoch time: 54.62s)
Epoch 540: l_f = 0.545396 (epoch time: 54.35s)
Epoch 550: l_f = 0.534346 (epoch time: 55.03s)
Epoch 560: l_f = 0.524502 (epoch time: 54.95s)
Epoch 570: l_f = 0.511890 (epoch time: 55.06s)
Epoch 580: l_f = 0.500020 (epoch time: 55.76s)
Epoch 590: l_f = 0.633681 (epoch time: 47.63s)
SubTraining time: 30528.15s
L_f = 0.591747
[SUMMARY] Full script time: 36629.90s
[/bin/bash] Script finished
[/bin/bash] Copy files back to cwd
[/bin/bash] Successfully copied results to /home/s4116488/Documents/MPS/cuda-samples/plotsfinal_bond_1/index_2
[/bin/bash] #### Finished GPU TensorCircuit array job. Have a nice day
