[/bin/bash] #### Starting GPU TensorCircuit array job
[/bin/bash] This is s4116488 and my MPS job has the ID 4177294, Task ID 21
[/bin/bash] Using bond dimension: 6 and init index: 1
[/bin/bash] CWD: /home/s4116488/Documents/MPS/cuda-samples
[/bin/bash] Using GPU: 0
[/bin/bash] Path of python file: /home/s4116488/Documents/MPS/cuda-samples
[/bin/bash] Node scratch: /scratchdata/s4116488/4177294
[/bin/bash] Run directory/scratchdata/s4116488/4177294/tc_gpu_final_bond_6_init_1_4177294
[/bin/bash] Run script with bond dimension 6 and init index 1

[INFO] Running train with bond dimension: 6
[INFO] Using init index: 1
Epoch 0: l_f = 2.595774 (epoch time: 115.28s)
Epoch 10: l_f = 0.152355 (epoch time: 82.30s)
Epoch 20: l_f = 0.179614 (epoch time: 86.19s)
Epoch 30: l_f = 0.071998 (epoch time: 85.52s)
Epoch 40: l_f = 0.034576 (epoch time: 85.66s)
Epoch 50: l_f = 0.026197 (epoch time: 90.14s)
Epoch 60: l_f = 0.020839 (epoch time: 90.64s)
Epoch 70: l_f = 0.016556 (epoch time: 89.45s)
Epoch 80: l_f = 0.011623 (epoch time: 90.92s)
Epoch 90: l_f = 0.008604 (epoch time: 90.52s)
Epoch 100: l_f = 0.009108 (epoch time: 91.92s)
Epoch 110: l_f = 0.005073 (epoch time: 87.84s)
Epoch 120: l_f = 0.005542 (epoch time: 88.55s)
Epoch 130: l_f = 0.005998 (epoch time: 98.07s)
Epoch 140: l_f = 0.002620 (epoch time: 90.81s)
Epoch 150: l_f = 0.003166 (epoch time: 89.38s)
Epoch 160: l_f = 0.003260 (epoch time: 91.48s)
Epoch 170: l_f = 0.003138 (epoch time: 101.52s)
Epoch 180: l_f = 0.002358 (epoch time: 89.15s)
Epoch 190: l_f = 0.002241 (epoch time: 101.43s)
SubTraining time: 18281.97s
L_f = 0.002727
Epoch 0: l_f = 48.152878 (epoch time: 212.12s)
Epoch 10: l_f = 4.755875 (epoch time: 140.55s)
Epoch 20: l_f = 4.214001 (epoch time: 155.16s)
Epoch 30: l_f = 3.547761 (epoch time: 154.27s)
Epoch 40: l_f = 2.760175 (epoch time: 161.31s)
Epoch 50: l_f = 2.532316 (epoch time: 158.62s)
Epoch 60: l_f = 2.310412 (epoch time: 157.84s)
Epoch 70: l_f = 2.151046 (epoch time: 145.07s)
Epoch 80: l_f = 2.051232 (epoch time: 162.29s)
Epoch 90: l_f = 1.964438 (epoch time: 150.53s)
Epoch 100: l_f = 1.917411 (epoch time: 150.01s)
Epoch 110: l_f = 1.873655 (epoch time: 148.39s)
Epoch 120: l_f = 1.834361 (epoch time: 150.48s)
Epoch 130: l_f = 1.803363 (epoch time: 151.50s)
Epoch 140: l_f = 1.770255 (epoch time: 152.00s)
Epoch 150: l_f = 1.723163 (epoch time: 165.43s)
Epoch 160: l_f = 1.699818 (epoch time: 148.78s)
Epoch 170: l_f = 1.655836 (epoch time: 149.55s)
Epoch 180: l_f = 1.639268 (epoch time: 150.50s)
Epoch 190: l_f = 1.587908 (epoch time: 168.19s)
Epoch 200: l_f = 1.555712 (epoch time: 150.57s)
Epoch 210: l_f = 1.532246 (epoch time: 151.46s)
Epoch 220: l_f = 1.504864 (epoch time: 149.94s)
Epoch 230: l_f = 1.472265 (epoch time: 167.74s)
Epoch 240: l_f = 1.451082 (epoch time: 151.15s)
Epoch 250: l_f = 1.426080 (epoch time: 155.43s)
Epoch 260: l_f = 1.406429 (epoch time: 153.35s)
Epoch 270: l_f = 1.367642 (epoch time: 152.54s)
Epoch 280: l_f = 1.339534 (epoch time: 172.56s)
Epoch 290: l_f = 1.326684 (epoch time: 173.68s)
Epoch 300: l_f = 1.300184 (epoch time: 151.10s)
Epoch 310: l_f = 1.269076 (epoch time: 153.45s)
Epoch 320: l_f = 1.248854 (epoch time: 150.97s)
Epoch 330: l_f = 1.258125 (epoch time: 173.65s)
Epoch 340: l_f = 1.211619 (epoch time: 149.99s)
Epoch 350: l_f = 1.181667 (epoch time: 151.94s)
Epoch 360: l_f = 1.167357 (epoch time: 175.18s)
Epoch 370: l_f = 1.138782 (epoch time: 151.35s)
Epoch 380: l_f = 1.114376 (epoch time: 150.48s)
Epoch 390: l_f = 1.082530 (epoch time: 150.72s)
Epoch 400: l_f = 1.052826 (epoch time: 150.17s)
Epoch 410: l_f = 1.047438 (epoch time: 149.46s)
Epoch 420: l_f = 1.023028 (epoch time: 150.49s)
Epoch 430: l_f = 0.997788 (epoch time: 152.07s)
Epoch 440: l_f = 0.968872 (epoch time: 153.58s)
Epoch 450: l_f = 0.960188 (epoch time: 152.56s)
Epoch 460: l_f = 0.933010 (epoch time: 149.77s)
Epoch 470: l_f = 0.944033 (epoch time: 151.15s)
Epoch 480: l_f = 0.908236 (epoch time: 153.34s)
Epoch 490: l_f = 0.893644 (epoch time: 148.74s)
Epoch 500: l_f = 0.858493 (epoch time: 153.17s)
Epoch 510: l_f = 0.838186 (epoch time: 150.53s)
Epoch 520: l_f = 0.858793 (epoch time: 152.35s)
Epoch 530: l_f = 0.828779 (epoch time: 151.23s)
Epoch 540: l_f = 0.815933 (epoch time: 152.81s)
Epoch 550: l_f = 0.786861 (epoch time: 153.21s)
Epoch 560: l_f = 0.761276 (epoch time: 165.49s)
Epoch 570: l_f = 0.752386 (epoch time: 157.15s)
Epoch 580: l_f = 0.726107 (epoch time: 159.42s)
Epoch 590: l_f = 0.717136 (epoch time: 199.84s)
SubTraining time: 93160.47s
L_f = 0.684932
[SUMMARY] Full script time: 111504.78s
[/bin/bash] Script finished
[/bin/bash] Copy files back to cwd
[/bin/bash] Successfully copied results to /home/s4116488/Documents/MPS/cuda-samples/plotsfinal_bond_6/index_1
[/bin/bash] #### Finished GPU TensorCircuit array job. Have a nice day
