[/bin/bash] #### Starting GPU TensorCircuit array job
[/bin/bash] This is s4116488 and my MPS job has the ID 4180809, Task ID 27
[/bin/bash] Using bond dimension: 6 and init index: 7
[/bin/bash] CWD: /home/s4116488/Documents/MPS/cuda-samples
[/bin/bash] Using GPU: 0
[/bin/bash] Path of python file: /home/s4116488/Documents/MPS/cuda-samples
[/bin/bash] Node scratch: /scratchdata/s4116488/4180809
[/bin/bash] Run directory/scratchdata/s4116488/4180809/tc_gpu_final_bond_6_init_7_4180809
[/bin/bash] Run script with bond dimension 6 and init index 7

[INFO] Running train with bond dimension: 6
[INFO] Using init index: 7
Epoch 0: l_f = 5.925642 (epoch time: 113.25s)
Epoch 10: l_f = 0.663161 (epoch time: 81.61s)
Epoch 20: l_f = 0.142452 (epoch time: 86.13s)
Epoch 30: l_f = 0.093303 (epoch time: 84.81s)
Epoch 40: l_f = 0.035512 (epoch time: 84.74s)
Epoch 50: l_f = 0.023076 (epoch time: 88.79s)
Epoch 60: l_f = 0.017441 (epoch time: 89.88s)
Epoch 70: l_f = 0.006294 (epoch time: 89.37s)
Epoch 80: l_f = 0.006534 (epoch time: 88.95s)
Epoch 90: l_f = 0.009346 (epoch time: 89.64s)
Epoch 100: l_f = 0.006684 (epoch time: 90.58s)
Epoch 110: l_f = 0.002563 (epoch time: 87.43s)
Epoch 120: l_f = 0.004240 (epoch time: 86.83s)
Epoch 130: l_f = 0.006941 (epoch time: 97.30s)
Epoch 140: l_f = 0.001589 (epoch time: 89.98s)
Epoch 150: l_f = 0.002238 (epoch time: 88.84s)
Epoch 160: l_f = 0.002498 (epoch time: 89.52s)
Epoch 170: l_f = 0.001515 (epoch time: 100.74s)
Epoch 180: l_f = 0.002175 (epoch time: 88.57s)
Epoch 190: l_f = 0.001498 (epoch time: 100.00s)
SubTraining time: 18080.27s
L_f = 0.001420
Epoch 0: l_f = 44.098076 (epoch time: 209.93s)
Epoch 10: l_f = 4.686913 (epoch time: 139.39s)
Epoch 20: l_f = 5.379662 (epoch time: 154.37s)
Epoch 30: l_f = 3.758124 (epoch time: 152.33s)
Epoch 40: l_f = 3.272023 (epoch time: 157.18s)
Epoch 50: l_f = 3.054295 (epoch time: 156.76s)
Epoch 60: l_f = 2.870873 (epoch time: 156.94s)
Epoch 70: l_f = 2.712286 (epoch time: 143.15s)
Epoch 80: l_f = 2.598832 (epoch time: 160.20s)
Epoch 90: l_f = 2.521998 (epoch time: 149.53s)
Epoch 100: l_f = 2.444367 (epoch time: 161.52s)
Epoch 110: l_f = 2.370896 (epoch time: 159.16s)
Epoch 120: l_f = 2.324389 (epoch time: 157.26s)
Epoch 130: l_f = 2.272262 (epoch time: 160.00s)
Epoch 140: l_f = 2.214367 (epoch time: 160.47s)
Epoch 150: l_f = 2.162088 (epoch time: 173.39s)
Epoch 160: l_f = 2.137348 (epoch time: 157.58s)
Epoch 170: l_f = 2.102444 (epoch time: 158.66s)
Epoch 180: l_f = 2.051531 (epoch time: 156.06s)
Epoch 190: l_f = 2.033282 (epoch time: 174.20s)
Epoch 200: l_f = 2.000354 (epoch time: 157.89s)
Epoch 210: l_f = 1.962894 (epoch time: 157.19s)
Epoch 220: l_f = 1.932634 (epoch time: 155.46s)
Epoch 230: l_f = 1.900444 (epoch time: 174.43s)
Epoch 240: l_f = 1.859924 (epoch time: 156.73s)
Epoch 250: l_f = 1.830557 (epoch time: 159.74s)
Epoch 260: l_f = 1.798187 (epoch time: 159.66s)
Epoch 270: l_f = 1.754466 (epoch time: 147.91s)
Epoch 280: l_f = 1.721491 (epoch time: 165.50s)
Epoch 290: l_f = 1.687061 (epoch time: 168.23s)
Epoch 300: l_f = 1.679486 (epoch time: 145.50s)
Epoch 310: l_f = 1.605705 (epoch time: 145.76s)
Epoch 320: l_f = 1.567018 (epoch time: 144.08s)
Epoch 330: l_f = 1.546084 (epoch time: 167.39s)
Epoch 340: l_f = 1.514837 (epoch time: 144.57s)
Epoch 350: l_f = 1.489986 (epoch time: 146.38s)
Epoch 360: l_f = 1.428304 (epoch time: 170.02s)
Epoch 370: l_f = 1.414419 (epoch time: 144.31s)
Epoch 380: l_f = 1.380626 (epoch time: 146.82s)
[/bin/bash] Script finished
[/bin/bash] Copy files back to cwd
[/bin/bash] Successfully copied results to /home/s4116488/Documents/MPS/cuda-samples/plotsfinal_bond_6/index_7
[/bin/bash] #### Finished GPU TensorCircuit array job. Have a nice day
