[/bin/bash] #### Starting GPU TensorCircuit array job
[/bin/bash] This is s4116488 and my MPS job has the ID 4146194, Task ID 49
[/bin/bash] Using bond dimension: 4 and init index: 9
[/bin/bash] CWD: /home/s4116488/Documents/MPS/cuda-samples
[/bin/bash] Using GPU: 0
[/bin/bash] Path of python file: /home/s4116488/Documents/MPS/cuda-samples
[/bin/bash] Node scratch: /scratchdata/s4116488/4146194
[/bin/bash] Run directory/scratchdata/s4116488/4146194/tc_gpu_5_bond_4_init_9_4146194
[/bin/bash] Run script with bond dimension 4 and init index 9

[INFO] Running train with bond dimension: 4
[INFO] Using init index: 9
Epoch 0: l_f = 70.737198, l_q1 = 0.451593, l_q2 = 0.229494 (epoch time: 89.56s)
Epoch 10: l_f = 5.488568, l_q1 = 0.391308, l_q2 = 0.096143 (epoch time: 56.47s)
Epoch 20: l_f = 2.915726, l_q1 = 0.291941, l_q2 = 0.131245 (epoch time: 51.67s)
Epoch 30: l_f = 1.178166, l_q1 = 0.247600, l_q2 = 0.072169 (epoch time: 51.88s)
Epoch 40: l_f = 0.623698, l_q1 = 0.248716, l_q2 = 0.066904 (epoch time: 52.23s)
Epoch 50: l_f = 0.332095, l_q1 = 0.231930, l_q2 = 0.065523 (epoch time: 52.38s)
Epoch 60: l_f = 0.206816, l_q1 = 0.231485, l_q2 = 0.066402 (epoch time: 56.52s)
Epoch 70: l_f = 0.145865, l_q1 = 0.247013, l_q2 = 0.064542 (epoch time: 56.35s)
Epoch 80: l_f = 0.080774, l_q1 = 0.251078, l_q2 = 0.069558 (epoch time: 56.63s)
Epoch 90: l_f = 0.038457, l_q1 = 0.255984, l_q2 = 0.071208 (epoch time: 56.65s)
Epoch 100: l_f = 0.022918, l_q1 = 0.278876, l_q2 = 0.074021 (epoch time: 53.36s)
Epoch 110: l_f = 0.022558, l_q1 = 0.278826, l_q2 = 0.075237 (epoch time: 56.81s)
Epoch 120: l_f = 0.013461, l_q1 = 0.281566, l_q2 = 0.074888 (epoch time: 58.16s)
Epoch 130: l_f = 0.012756, l_q1 = 0.282009, l_q2 = 0.074538 (epoch time: 56.84s)
Epoch 140: l_f = 0.011605, l_q1 = 0.282559, l_q2 = 0.076038 (epoch time: 60.61s)
Epoch 150: l_f = 0.022760, l_q1 = 0.275834, l_q2 = 0.074488 (epoch time: 59.31s)
Epoch 160: l_f = 0.019297, l_q1 = 0.282998, l_q2 = 0.074381 (epoch time: 59.93s)
Epoch 170: l_f = 0.018807, l_q1 = 0.277956, l_q2 = 0.072784 (epoch time: 63.26s)
Epoch 180: l_f = 0.018795, l_q1 = 0.278194, l_q2 = 0.072964 (epoch time: 57.09s)
Epoch 190: l_f = 0.020252, l_q1 = 0.274435, l_q2 = 0.071482 (epoch time: 54.93s)
Epoch 200: l_f = 0.023278, l_q1 = 0.275261, l_q2 = 0.073744 (epoch time: 54.86s)
Epoch 210: l_f = 0.017286, l_q1 = 0.278237, l_q2 = 0.070939 (epoch time: 60.49s)
Epoch 220: l_f = 0.012143, l_q1 = 0.274420, l_q2 = 0.070393 (epoch time: 57.13s)
Epoch 230: l_f = 0.017505, l_q1 = 0.276735, l_q2 = 0.069220 (epoch time: 56.46s)
Epoch 240: l_f = 0.015212, l_q1 = 0.279716, l_q2 = 0.070431 (epoch time: 64.84s)
SubTraining time: 12474.44s
L_f = 0.012799, L_q1 = 0.282282, L_q2 = 0.071639
[SUMMARY] Full script time: 12489.81s
[/bin/bash] Script finished
[/bin/bash] Copy files back to cwd
[/bin/bash] Successfully copied results to /home/s4116488/Documents/MPS/cuda-samples/plots5_bond_4/index_9
[/bin/bash] #### Finished GPU TensorCircuit array job. Have a nice day
