[/bin/bash] #### Starting GPU TensorCircuit array job
[/bin/bash] This is s4116488 and my MPS job has the ID 4145856, Task ID 43
[/bin/bash] Using bond dimension: 4 and init index: 3
[/bin/bash] CWD: /home/s4116488/Documents/MPS/cuda-samples
[/bin/bash] Using GPU: 0
[/bin/bash] Path of python file: /home/s4116488/Documents/MPS/cuda-samples
[/bin/bash] Node scratch: /scratchdata/s4116488/4145856
[/bin/bash] Run directory/scratchdata/s4116488/4145856/tc_gpu_5_bond_4_init_3_4145856
[/bin/bash] Run script with bond dimension 4 and init index 3

[INFO] Running train with bond dimension: 4
[INFO] Using init index: 3
Epoch 0: l_f = 92.117630, l_q1 = 0.817378, l_q2 = 0.424666 (epoch time: 88.33s)
Epoch 10: l_f = 5.199087, l_q1 = 0.264469, l_q2 = 0.073804 (epoch time: 52.77s)
Epoch 20: l_f = 1.763467, l_q1 = 0.170885, l_q2 = 0.070479 (epoch time: 53.78s)
Epoch 30: l_f = 0.931151, l_q1 = 0.120401, l_q2 = 0.040161 (epoch time: 54.62s)
Epoch 40: l_f = 0.479429, l_q1 = 0.087909, l_q2 = 0.031587 (epoch time: 56.09s)
Epoch 50: l_f = 0.229148, l_q1 = 0.084206, l_q2 = 0.027091 (epoch time: 56.60s)
Epoch 60: l_f = 0.151517, l_q1 = 0.082358, l_q2 = 0.029656 (epoch time: 56.74s)
Epoch 70: l_f = 0.076508, l_q1 = 0.083055, l_q2 = 0.026603 (epoch time: 56.17s)
Epoch 80: l_f = 0.049022, l_q1 = 0.078411, l_q2 = 0.025539 (epoch time: 59.55s)
Epoch 90: l_f = 0.033831, l_q1 = 0.076774, l_q2 = 0.024165 (epoch time: 57.99s)
Epoch 100: l_f = 0.025071, l_q1 = 0.075704, l_q2 = 0.025043 (epoch time: 56.72s)
Epoch 110: l_f = 0.014491, l_q1 = 0.075436, l_q2 = 0.024905 (epoch time: 61.53s)
Epoch 120: l_f = 0.013679, l_q1 = 0.077251, l_q2 = 0.024899 (epoch time: 61.96s)
Epoch 130: l_f = 0.011763, l_q1 = 0.075581, l_q2 = 0.025640 (epoch time: 64.76s)
Epoch 140: l_f = 0.013961, l_q1 = 0.072516, l_q2 = 0.026748 (epoch time: 65.71s)
Epoch 150: l_f = 0.008304, l_q1 = 0.074057, l_q2 = 0.026108 (epoch time: 62.60s)
Epoch 160: l_f = 0.009108, l_q1 = 0.069616, l_q2 = 0.026880 (epoch time: 62.44s)
Epoch 170: l_f = 0.008828, l_q1 = 0.075648, l_q2 = 0.024786 (epoch time: 66.87s)
Epoch 180: l_f = 0.009984, l_q1 = 0.068469, l_q2 = 0.027355 (epoch time: 59.80s)
Epoch 190: l_f = 0.010414, l_q1 = 0.070231, l_q2 = 0.026030 (epoch time: 57.66s)
Epoch 200: l_f = 0.011641, l_q1 = 0.071301, l_q2 = 0.024556 (epoch time: 57.19s)
Epoch 210: l_f = 0.008667, l_q1 = 0.069046, l_q2 = 0.025446 (epoch time: 64.59s)
Epoch 220: l_f = 0.014957, l_q1 = 0.068638, l_q2 = 0.026099 (epoch time: 60.20s)
Epoch 230: l_f = 0.016849, l_q1 = 0.069904, l_q2 = 0.025974 (epoch time: 59.86s)
Epoch 240: l_f = 0.016334, l_q1 = 0.072352, l_q2 = 0.026003 (epoch time: 67.98s)
SubTraining time: 13098.19s
L_f = 0.010375, L_q1 = 0.067958, L_q2 = 0.027640
[SUMMARY] Full script time: 13113.79s
[/bin/bash] Script finished
[/bin/bash] Copy files back to cwd
[/bin/bash] Successfully copied results to /home/s4116488/Documents/MPS/cuda-samples/plots5_bond_4/index_3
[/bin/bash] #### Finished GPU TensorCircuit array job. Have a nice day
