[/bin/bash] #### Starting GPU TensorCircuit array job
[/bin/bash] This is s4116488 and my MPS job has the ID 4146305, Task ID 54
[/bin/bash] Using bond dimension: 3 and init index: 4
[/bin/bash] CWD: /home/s4116488/Documents/MPS/cuda-samples
[/bin/bash] Using GPU: 0
[/bin/bash] Path of python file: /home/s4116488/Documents/MPS/cuda-samples
[/bin/bash] Node scratch: /scratchdata/s4116488/4146305
[/bin/bash] Run directory/scratchdata/s4116488/4146305/tc_gpu_5_bond_3_init_4_4146305
[/bin/bash] Run script with bond dimension 3 and init index 4

[INFO] Running train with bond dimension: 3
[INFO] Using init index: 4
Epoch 0: l_f = 438.848907, l_q1 = 3.529959, l_q2 = 2.509314 (epoch time: 90.10s)
Epoch 10: l_f = 37.597584, l_q1 = 0.798026, l_q2 = 0.234474 (epoch time: 53.01s)
Epoch 20: l_f = 12.153663, l_q1 = 0.497118, l_q2 = 0.161010 (epoch time: 53.43s)
Epoch 30: l_f = 5.177203, l_q1 = 0.638203, l_q2 = 0.139594 (epoch time: 57.93s)
Epoch 40: l_f = 1.860292, l_q1 = 0.525804, l_q2 = 0.147805 (epoch time: 55.95s)
Epoch 50: l_f = 1.049113, l_q1 = 0.456207, l_q2 = 0.133099 (epoch time: 56.84s)
Epoch 60: l_f = 0.574919, l_q1 = 0.410109, l_q2 = 0.131166 (epoch time: 60.62s)
Epoch 70: l_f = 0.381554, l_q1 = 0.420012, l_q2 = 0.134674 (epoch time: 57.58s)
Epoch 80: l_f = 0.243230, l_q1 = 0.442578, l_q2 = 0.142003 (epoch time: 57.58s)
Epoch 90: l_f = 0.173478, l_q1 = 0.451943, l_q2 = 0.151361 (epoch time: 57.93s)
Epoch 100: l_f = 0.105837, l_q1 = 0.454152, l_q2 = 0.156981 (epoch time: 61.28s)
Epoch 110: l_f = 0.074750, l_q1 = 0.465116, l_q2 = 0.153457 (epoch time: 57.05s)
Epoch 120: l_f = 0.066793, l_q1 = 0.463371, l_q2 = 0.159757 (epoch time: 61.81s)
Epoch 130: l_f = 0.047995, l_q1 = 0.474969, l_q2 = 0.164032 (epoch time: 60.88s)
Epoch 140: l_f = 0.047169, l_q1 = 0.475591, l_q2 = 0.161918 (epoch time: 59.05s)
Epoch 150: l_f = 0.037367, l_q1 = 0.481024, l_q2 = 0.161143 (epoch time: 63.22s)
Epoch 160: l_f = 0.022429, l_q1 = 0.483222, l_q2 = 0.163913 (epoch time: 64.76s)
Epoch 170: l_f = 0.036162, l_q1 = 0.484361, l_q2 = 0.164127 (epoch time: 63.80s)
Epoch 180: l_f = 0.022848, l_q1 = 0.486456, l_q2 = 0.164525 (epoch time: 67.29s)
Epoch 190: l_f = 0.032195, l_q1 = 0.488899, l_q2 = 0.161792 (epoch time: 69.69s)
Epoch 200: l_f = 0.022128, l_q1 = 0.486069, l_q2 = 0.161660 (epoch time: 65.11s)
Epoch 210: l_f = 0.029717, l_q1 = 0.488012, l_q2 = 0.162293 (epoch time: 70.32s)
Epoch 220: l_f = 0.019199, l_q1 = 0.488118, l_q2 = 0.162464 (epoch time: 62.40s)
Epoch 230: l_f = 0.017396, l_q1 = 0.488537, l_q2 = 0.159935 (epoch time: 58.68s)
Epoch 240: l_f = 0.031799, l_q1 = 0.492246, l_q2 = 0.163407 (epoch time: 68.96s)
SubTraining time: 13202.06s
L_f = 0.035955, L_q1 = 0.486940, L_q2 = 0.157867
[SUMMARY] Full script time: 13219.17s
[/bin/bash] Script finished
[/bin/bash] Copy files back to cwd
[/bin/bash] Successfully copied results to /home/s4116488/Documents/MPS/cuda-samples/plots5_bond_3/index_4
[/bin/bash] #### Finished GPU TensorCircuit array job. Have a nice day
