[/bin/bash] #### Starting GPU TensorCircuit array job
[/bin/bash] This is s4116488 and my MPS job has the ID 4145747, Task ID 31
[/bin/bash] Using bond dimension: 5 and init index: 1
[/bin/bash] CWD: /home/s4116488/Documents/MPS/cuda-samples
[/bin/bash] Using GPU: 0
[/bin/bash] Path of python file: /home/s4116488/Documents/MPS/cuda-samples
[/bin/bash] Node scratch: /scratchdata/s4116488/4145747
[/bin/bash] Run directory/scratchdata/s4116488/4145747/tc_gpu_5_bond_5_init_1_4145747
[/bin/bash] Run script with bond dimension 5 and init index 1

[INFO] Running train with bond dimension: 5
[INFO] Using init index: 1
Epoch 0: l_f = 30.733913, l_q1 = 0.451668, l_q2 = 0.159325 (epoch time: 106.04s)
Epoch 10: l_f = 2.653790, l_q1 = 0.190726, l_q2 = 0.070281 (epoch time: 67.39s)
Epoch 20: l_f = 0.981852, l_q1 = 0.183615, l_q2 = 0.064682 (epoch time: 71.07s)
Epoch 30: l_f = 0.317242, l_q1 = 0.200381, l_q2 = 0.060725 (epoch time: 69.53s)
Epoch 40: l_f = 0.207592, l_q1 = 0.183958, l_q2 = 0.071420 (epoch time: 71.84s)
Epoch 50: l_f = 0.132439, l_q1 = 0.187903, l_q2 = 0.061356 (epoch time: 70.55s)
Epoch 60: l_f = 0.083540, l_q1 = 0.173020, l_q2 = 0.057533 (epoch time: 71.00s)
Epoch 70: l_f = 0.026705, l_q1 = 0.172826, l_q2 = 0.056733 (epoch time: 76.19s)
Epoch 80: l_f = 0.009854, l_q1 = 0.173493, l_q2 = 0.056625 (epoch time: 77.17s)
Epoch 90: l_f = 0.012684, l_q1 = 0.170479, l_q2 = 0.055872 (epoch time: 80.05s)
Epoch 100: l_f = 0.010242, l_q1 = 0.169704, l_q2 = 0.055527 (epoch time: 73.10s)
Epoch 110: l_f = 0.009081, l_q1 = 0.171639, l_q2 = 0.055185 (epoch time: 72.10s)
Epoch 120: l_f = 0.009149, l_q1 = 0.173769, l_q2 = 0.055152 (epoch time: 73.16s)
Epoch 130: l_f = 0.008264, l_q1 = 0.171727, l_q2 = 0.055853 (epoch time: 75.88s)
Epoch 140: l_f = 0.010261, l_q1 = 0.176763, l_q2 = 0.053507 (epoch time: 81.12s)
Epoch 150: l_f = 0.004955, l_q1 = 0.169681, l_q2 = 0.057287 (epoch time: 72.41s)
Epoch 160: l_f = 0.006945, l_q1 = 0.173684, l_q2 = 0.054509 (epoch time: 76.28s)
Epoch 170: l_f = 0.007593, l_q1 = 0.170544, l_q2 = 0.054670 (epoch time: 75.37s)
Epoch 180: l_f = 0.015197, l_q1 = 0.169145, l_q2 = 0.058569 (epoch time: 73.45s)
Epoch 190: l_f = 0.008447, l_q1 = 0.175802, l_q2 = 0.054068 (epoch time: 72.65s)
Epoch 200: l_f = 0.008567, l_q1 = 0.174093, l_q2 = 0.056553 (epoch time: 69.50s)
Epoch 210: l_f = 0.009628, l_q1 = 0.167735, l_q2 = 0.057548 (epoch time: 66.76s)
Epoch 220: l_f = 0.008292, l_q1 = 0.168689, l_q2 = 0.057924 (epoch time: 70.30s)
Epoch 230: l_f = 0.009710, l_q1 = 0.174290, l_q2 = 0.056973 (epoch time: 64.07s)
Epoch 240: l_f = 0.007001, l_q1 = 0.174884, l_q2 = 0.055627 (epoch time: 68.88s)
SubTraining time: 16280.70s
L_f = 0.008661, L_q1 = 0.174407, L_q2 = 0.059469
[SUMMARY] Full script time: 16297.41s
[/bin/bash] Script finished
[/bin/bash] Copy files back to cwd
[/bin/bash] Successfully copied results to /home/s4116488/Documents/MPS/cuda-samples/plots5_bond_5/index_1
[/bin/bash] #### Finished GPU TensorCircuit array job. Have a nice day
