[/bin/bash] #### Starting GPU TensorCircuit array job
[/bin/bash] This is s4116488 and my MPS job has the ID 4146193, Task ID 48
[/bin/bash] Using bond dimension: 4 and init index: 8
[/bin/bash] CWD: /home/s4116488/Documents/MPS/cuda-samples
[/bin/bash] Using GPU: 0
[/bin/bash] Path of python file: /home/s4116488/Documents/MPS/cuda-samples
[/bin/bash] Node scratch: /scratchdata/s4116488/4146193
[/bin/bash] Run directory/scratchdata/s4116488/4146193/tc_gpu_5_bond_4_init_8_4146193
[/bin/bash] Run script with bond dimension 4 and init index 8

[INFO] Running train with bond dimension: 4
[INFO] Using init index: 8
Epoch 0: l_f = 132.583267, l_q1 = 1.216648, l_q2 = 0.556061 (epoch time: 96.04s)
Epoch 10: l_f = 8.629032, l_q1 = 0.337376, l_q2 = 0.095810 (epoch time: 57.61s)
Epoch 20: l_f = 3.065421, l_q1 = 0.249391, l_q2 = 0.081582 (epoch time: 58.39s)
Epoch 30: l_f = 1.420519, l_q1 = 0.266393, l_q2 = 0.084631 (epoch time: 59.85s)
Epoch 40: l_f = 0.940442, l_q1 = 0.269449, l_q2 = 0.069361 (epoch time: 61.60s)
Epoch 50: l_f = 0.525838, l_q1 = 0.256592, l_q2 = 0.073905 (epoch time: 60.69s)
Epoch 60: l_f = 0.360349, l_q1 = 0.248866, l_q2 = 0.071638 (epoch time: 63.51s)
Epoch 70: l_f = 0.271472, l_q1 = 0.236688, l_q2 = 0.068862 (epoch time: 63.44s)
Epoch 80: l_f = 0.202917, l_q1 = 0.238980, l_q2 = 0.067700 (epoch time: 63.41s)
Epoch 90: l_f = 0.143718, l_q1 = 0.240511, l_q2 = 0.065653 (epoch time: 63.96s)
Epoch 100: l_f = 0.101808, l_q1 = 0.235543, l_q2 = 0.064169 (epoch time: 62.28s)
Epoch 110: l_f = 0.100409, l_q1 = 0.224712, l_q2 = 0.062380 (epoch time: 67.70s)
Epoch 120: l_f = 0.067547, l_q1 = 0.215231, l_q2 = 0.058510 (epoch time: 68.61s)
Epoch 130: l_f = 0.043541, l_q1 = 0.214967, l_q2 = 0.055886 (epoch time: 67.54s)
Epoch 140: l_f = 0.038524, l_q1 = 0.203937, l_q2 = 0.054739 (epoch time: 71.03s)
Epoch 150: l_f = 0.024307, l_q1 = 0.198171, l_q2 = 0.052620 (epoch time: 70.09s)
Epoch 160: l_f = 0.023494, l_q1 = 0.190820, l_q2 = 0.051327 (epoch time: 68.92s)
Epoch 170: l_f = 0.019670, l_q1 = 0.186332, l_q2 = 0.049526 (epoch time: 73.36s)
Epoch 180: l_f = 0.027189, l_q1 = 0.183955, l_q2 = 0.048321 (epoch time: 65.93s)
Epoch 190: l_f = 0.014623, l_q1 = 0.183709, l_q2 = 0.047844 (epoch time: 64.76s)
Epoch 200: l_f = 0.013707, l_q1 = 0.180119, l_q2 = 0.046612 (epoch time: 64.09s)
Epoch 210: l_f = 0.011345, l_q1 = 0.180716, l_q2 = 0.046446 (epoch time: 70.60s)
Epoch 220: l_f = 0.011927, l_q1 = 0.178795, l_q2 = 0.044856 (epoch time: 68.13s)
Epoch 230: l_f = 0.018958, l_q1 = 0.171464, l_q2 = 0.045934 (epoch time: 66.22s)
Epoch 240: l_f = 0.011993, l_q1 = 0.177837, l_q2 = 0.043272 (epoch time: 75.33s)
SubTraining time: 14340.02s
L_f = 0.009205, L_q1 = 0.173783, L_q2 = 0.045211
[SUMMARY] Full script time: 14355.99s
[/bin/bash] Script finished
[/bin/bash] Copy files back to cwd
[/bin/bash] Successfully copied results to /home/s4116488/Documents/MPS/cuda-samples/plots5_bond_4/index_8
[/bin/bash] #### Finished GPU TensorCircuit array job. Have a nice day
