[/bin/bash] #### Starting GPU TensorCircuit array job
[/bin/bash] This is s4116488 and my MPS job has the ID 4147251, Task ID 78
[/bin/bash] Using bond dimension: 1 and init index: 8
[/bin/bash] CWD: /home/s4116488/Documents/MPS/cuda-samples
[/bin/bash] Using GPU: 0
[/bin/bash] Path of python file: /home/s4116488/Documents/MPS/cuda-samples
[/bin/bash] Node scratch: /scratchdata/s4116488/4147251
[/bin/bash] Run directory/scratchdata/s4116488/4147251/tc_gpu_5_bond_1_init_8_4147251
[/bin/bash] Run script with bond dimension 1 and init index 8

[INFO] Running train with bond dimension: 1
[INFO] Using init index: 8
Epoch 0: l_f = 19.887505, l_q1 = 0.462637, l_q2 = 0.130073 (epoch time: 32.61s)
Epoch 10: l_f = 29.874699, l_q1 = 0.454092, l_q2 = 0.131487 (epoch time: 17.68s)
Epoch 20: l_f = 46.682087, l_q1 = 0.454247, l_q2 = 0.133092 (epoch time: 18.64s)
Epoch 30: l_f = 14.738251, l_q1 = 0.454345, l_q2 = 0.127072 (epoch time: 18.55s)
Epoch 40: l_f = 9.763425, l_q1 = 0.452020, l_q2 = 0.124460 (epoch time: 18.16s)
Epoch 50: l_f = 11.886115, l_q1 = 0.456241, l_q2 = 0.123301 (epoch time: 18.34s)
Epoch 60: l_f = 11.441316, l_q1 = 0.458008, l_q2 = 0.123540 (epoch time: 18.65s)
Epoch 70: l_f = 11.248865, l_q1 = 0.460885, l_q2 = 0.123709 (epoch time: 19.83s)
Epoch 80: l_f = 10.091974, l_q1 = 0.463874, l_q2 = 0.123660 (epoch time: 18.83s)
Epoch 90: l_f = 9.622913, l_q1 = 0.461206, l_q2 = 0.123578 (epoch time: 19.96s)
Epoch 100: l_f = 9.895870, l_q1 = 0.458814, l_q2 = 0.123412 (epoch time: 20.16s)
Epoch 110: l_f = 8.999783, l_q1 = 0.458785, l_q2 = 0.123415 (epoch time: 19.21s)
Epoch 120: l_f = 21.206566, l_q1 = 0.456689, l_q2 = 0.123396 (epoch time: 19.54s)
Epoch 130: l_f = 8.244585, l_q1 = 0.447692, l_q2 = 0.123384 (epoch time: 19.67s)
Epoch 140: l_f = 8.397423, l_q1 = 0.445131, l_q2 = 0.123353 (epoch time: 19.49s)
Epoch 150: l_f = 8.757220, l_q1 = 0.445624, l_q2 = 0.123378 (epoch time: 19.89s)
Epoch 160: l_f = 8.252121, l_q1 = 0.446985, l_q2 = 0.123403 (epoch time: 19.79s)
Epoch 170: l_f = 8.069939, l_q1 = 0.448221, l_q2 = 0.123389 (epoch time: 19.89s)
Epoch 180: l_f = 7.902915, l_q1 = 0.449417, l_q2 = 0.123392 (epoch time: 19.96s)
Epoch 190: l_f = 7.505226, l_q1 = 0.450911, l_q2 = 0.123414 (epoch time: 20.34s)
Epoch 200: l_f = 7.574602, l_q1 = 0.451654, l_q2 = 0.123403 (epoch time: 18.48s)
Epoch 210: l_f = 7.534203, l_q1 = 0.452461, l_q2 = 0.123416 (epoch time: 20.44s)
Epoch 220: l_f = 7.450547, l_q1 = 0.452677, l_q2 = 0.123448 (epoch time: 20.69s)
Epoch 230: l_f = 7.209468, l_q1 = 0.452687, l_q2 = 0.123438 (epoch time: 20.47s)
Epoch 240: l_f = 7.167979, l_q1 = 0.452591, l_q2 = 0.123447 (epoch time: 18.82s)
SubTraining time: 4139.20s
L_f = 7.252955, L_q1 = 0.450566, L_q2 = 0.122608
[SUMMARY] Full script time: 4147.08s
[/bin/bash] Script finished
[/bin/bash] Copy files back to cwd
[/bin/bash] Successfully copied results to /home/s4116488/Documents/MPS/cuda-samples/plots5_bond_1/index_8
[/bin/bash] #### Finished GPU TensorCircuit array job. Have a nice day
