[/bin/bash] #### Starting GPU TensorCircuit array job
[/bin/bash] This is s4116488 and my MPS job has the ID 4147171, Task ID 75
[/bin/bash] Using bond dimension: 1 and init index: 5
[/bin/bash] CWD: /home/s4116488/Documents/MPS/cuda-samples
[/bin/bash] Using GPU: 0
[/bin/bash] Path of python file: /home/s4116488/Documents/MPS/cuda-samples
[/bin/bash] Node scratch: /scratchdata/s4116488/4147171
[/bin/bash] Run directory/scratchdata/s4116488/4147171/tc_gpu_5_bond_1_init_5_4147171
[/bin/bash] Run script with bond dimension 1 and init index 5

[INFO] Running train with bond dimension: 1
[INFO] Using init index: 5
Epoch 0: l_f = 12.141497, l_q1 = 0.461347, l_q2 = 0.115280 (epoch time: 38.40s)
Epoch 10: l_f = 9.994190, l_q1 = 0.412964, l_q2 = 0.117028 (epoch time: 23.00s)
Epoch 20: l_f = 6.448343, l_q1 = 0.418596, l_q2 = 0.112571 (epoch time: 23.84s)
Epoch 30: l_f = 6.058742, l_q1 = 0.413189, l_q2 = 0.110364 (epoch time: 23.78s)
Epoch 40: l_f = 5.765203, l_q1 = 0.408704, l_q2 = 0.106586 (epoch time: 23.34s)
Epoch 50: l_f = 5.032713, l_q1 = 0.409408, l_q2 = 0.103277 (epoch time: 23.86s)
Epoch 60: l_f = 4.043372, l_q1 = 0.407215, l_q2 = 0.098044 (epoch time: 24.19s)
Epoch 70: l_f = 3.348497, l_q1 = 0.401645, l_q2 = 0.090217 (epoch time: 25.17s)
Epoch 80: l_f = 5.295849, l_q1 = 0.395306, l_q2 = 0.090969 (epoch time: 24.25s)
Epoch 90: l_f = 3.632096, l_q1 = 0.386846, l_q2 = 0.087534 (epoch time: 25.66s)
Epoch 100: l_f = 2.727498, l_q1 = 0.383594, l_q2 = 0.075029 (epoch time: 25.56s)
Epoch 110: l_f = 2.124659, l_q1 = 0.376285, l_q2 = 0.073879 (epoch time: 24.74s)
Epoch 120: l_f = 1.462332, l_q1 = 0.367553, l_q2 = 0.079136 (epoch time: 24.97s)
Epoch 130: l_f = 1.454610, l_q1 = 0.360099, l_q2 = 0.078786 (epoch time: 21.69s)
Epoch 140: l_f = 1.229764, l_q1 = 0.355511, l_q2 = 0.079879 (epoch time: 22.35s)
Epoch 150: l_f = 1.134630, l_q1 = 0.355445, l_q2 = 0.080956 (epoch time: 21.44s)
Epoch 160: l_f = 0.983219, l_q1 = 0.352617, l_q2 = 0.079686 (epoch time: 22.49s)
Epoch 170: l_f = 4.269511, l_q1 = 0.362762, l_q2 = 0.079927 (epoch time: 22.25s)
Epoch 180: l_f = 0.940138, l_q1 = 0.367406, l_q2 = 0.079924 (epoch time: 23.52s)
Epoch 190: l_f = 1.659772, l_q1 = 0.400543, l_q2 = 0.080361 (epoch time: 21.62s)
Epoch 200: l_f = 1.780900, l_q1 = 0.406614, l_q2 = 0.081571 (epoch time: 21.20s)
Epoch 210: l_f = 1.013253, l_q1 = 0.410307, l_q2 = 0.081571 (epoch time: 23.06s)
Epoch 220: l_f = 0.944790, l_q1 = 0.413020, l_q2 = 0.082701 (epoch time: 22.35s)
Epoch 230: l_f = 1.261678, l_q1 = 0.411987, l_q2 = 0.078150 (epoch time: 22.71s)
Epoch 240: l_f = 1.100456, l_q1 = 0.411256, l_q2 = 0.082555 (epoch time: 21.28s)
SubTraining time: 4861.48s
L_f = 2.603844, L_q1 = 0.411379, L_q2 = 0.093262
[SUMMARY] Full script time: 4870.10s
[/bin/bash] Script finished
[/bin/bash] Copy files back to cwd
[/bin/bash] Successfully copied results to /home/s4116488/Documents/MPS/cuda-samples/plots5_bond_1/index_5
[/bin/bash] #### Finished GPU TensorCircuit array job. Have a nice day
