[/bin/bash] #### Starting GPU TensorCircuit array job
[/bin/bash] This is s4116488 and my MPS job has the ID 4094170, Task ID 0
[/bin/bash] Using bond dimension: 8 and init index: 0
[/bin/bash] CWD: /home/s4116488/Documents/MPS/cuda-samples
[/bin/bash] Using GPU: 0
[/bin/bash] Path of python file: /home/s4116488/Documents/MPS/cuda-samples
[/bin/bash] Node scratch: /scratchdata/s4116488/4094170
[/bin/bash] Run directory/scratchdata/s4116488/4094170/tc_gpu_8_bond_8_init_0_4094170
[/bin/bash] Run script with bond dimension 8 and init index 0

[INFO] Running train with bond dimension: 8
[INFO] Using init index: 0
Epoch 0: l_f = 50.283688, l_q = 0.671483, avg S = 0.5747/2.0794, max S = 1.1459/2.0794 (epoch time: 90.05s)
Epoch 10: l_f = 1.589051, l_q = 0.020383, avg S = 0.6120/2.0794, max S = 1.2241/2.0794 (epoch time: 51.52s)
Epoch 20: l_f = 0.384787, l_q = 0.020625, avg S = 0.5999/2.0794, max S = 1.1869/2.0794 (epoch time: 52.16s)
Epoch 30: l_f = 0.166914, l_q = 0.001347, avg S = 0.6172/2.0794, max S = 1.1902/2.0794 (epoch time: 52.65s)
Epoch 40: l_f = 0.078261, l_q = 0.000657, avg S = 0.6135/2.0794, max S = 1.1753/2.0794 (epoch time: 52.36s)
Epoch 50: l_f = 0.055877, l_q = 0.000318, avg S = 0.6148/2.0794, max S = 1.1765/2.0794 (epoch time: 52.57s)
Epoch 60: l_f = 0.031147, l_q = 0.000126, avg S = 0.6164/2.0794, max S = 1.1744/2.0794 (epoch time: 54.35s)
Epoch 70: l_f = 0.014099, l_q = 0.000049, avg S = 0.6157/2.0794, max S = 1.1726/2.0794 (epoch time: 51.91s)
Epoch 80: l_f = 0.013948, l_q = 0.000192, avg S = 0.6151/2.0794, max S = 1.1707/2.0794 (epoch time: 56.96s)
Epoch 90: l_f = 0.003985, l_q = 0.000015, avg S = 0.6138/2.0794, max S = 1.1695/2.0794 (epoch time: 59.41s)
SubTraining time: 4708.41s
L_f = 0.003533, L_q = 0.000014
[SUMMARY] Full script time: 4719.04s
[/bin/bash] Script finished
[/bin/bash] Copy files back to cwd
[/bin/bash] Successfully copied results to /home/s4116488/Documents/MPS/cuda-samples/plots8_bond_8/index_0
[/bin/bash] #### Finished GPU TensorCircuit array job. Have a nice day
