[/bin/bash] #### Starting GPU TensorCircuit array job
[/bin/bash] This is s4116488 and my MPS job has the ID 4094533, Task ID 12
[/bin/bash] Using bond dimension: 7 and init index: 2
[/bin/bash] CWD: /home/s4116488/Documents/MPS/cuda-samples
[/bin/bash] Using GPU: 0
[/bin/bash] Path of python file: /home/s4116488/Documents/MPS/cuda-samples
[/bin/bash] Node scratch: /scratchdata/s4116488/4094533
[/bin/bash] Run directory/scratchdata/s4116488/4094533/tc_gpu_8_bond_7_init_2_4094533
[/bin/bash] Run script with bond dimension 7 and init index 2

[INFO] Running train with bond dimension: 7
[INFO] Using init index: 2
Epoch 0: l_f = 58.094753, l_q = 1.479799, avg S = 0.5417/1.9459, max S = 1.0578/1.9459 (epoch time: 91.39s)
Epoch 10: l_f = 1.733140, l_q = 0.004572, avg S = 0.5983/1.9459, max S = 1.1736/1.9459 (epoch time: 53.21s)
Epoch 20: l_f = 0.556363, l_q = 0.021432, avg S = 0.5960/1.9459, max S = 1.2064/1.9459 (epoch time: 53.05s)
Epoch 30: l_f = 0.143385, l_q = 0.000962, avg S = 0.5893/1.9459, max S = 1.1637/1.9459 (epoch time: 54.13s)
Epoch 40: l_f = 0.038623, l_q = 0.000301, avg S = 0.5861/1.9459, max S = 1.1591/1.9459 (epoch time: 54.43s)
Epoch 50: l_f = 0.047891, l_q = 0.000623, avg S = 0.5843/1.9459, max S = 1.1497/1.9459 (epoch time: 54.10s)
Epoch 60: l_f = 0.025813, l_q = 0.000116, avg S = 0.5868/1.9459, max S = 1.1518/1.9459 (epoch time: 55.99s)
Epoch 70: l_f = 0.021317, l_q = 0.000068, avg S = 0.5865/1.9459, max S = 1.1485/1.9459 (epoch time: 53.32s)
Epoch 80: l_f = 0.020590, l_q = 0.000058, avg S = 0.5864/1.9459, max S = 1.1503/1.9459 (epoch time: 57.68s)
Epoch 90: l_f = 0.018713, l_q = 0.000097, avg S = 0.5855/1.9459, max S = 1.1466/1.9459 (epoch time: 61.24s)
SubTraining time: 4802.21s
L_f = 0.013999, L_q = 0.000075
[SUMMARY] Full script time: 4812.91s
[/bin/bash] Script finished
[/bin/bash] Copy files back to cwd
[/bin/bash] Successfully copied results to /home/s4116488/Documents/MPS/cuda-samples/plots8_bond_7/index_2
[/bin/bash] #### Finished GPU TensorCircuit array job. Have a nice day
