[/bin/bash] #### Starting GPU TensorCircuit array job
[/bin/bash] This is s4116488 and my MPS job has the ID 4094171, Task ID 1
[/bin/bash] Using bond dimension: 8 and init index: 1
[/bin/bash] CWD: /home/s4116488/Documents/MPS/cuda-samples
[/bin/bash] Using GPU: 0
[/bin/bash] Path of python file: /home/s4116488/Documents/MPS/cuda-samples
[/bin/bash] Node scratch: /scratchdata/s4116488/4094171
[/bin/bash] Run directory/scratchdata/s4116488/4094171/tc_gpu_8_bond_8_init_1_4094171
[/bin/bash] Run script with bond dimension 8 and init index 1

[INFO] Running train with bond dimension: 8
[INFO] Using init index: 1
Epoch 0: l_f = 46.044678, l_q = 0.371251, avg S = 0.5715/2.0794, max S = 1.1633/2.0794 (epoch time: 89.93s)
Epoch 10: l_f = 1.141298, l_q = 0.017610, avg S = 0.5792/2.0794, max S = 1.1503/2.0794 (epoch time: 51.59s)
Epoch 20: l_f = 0.177098, l_q = 0.001134, avg S = 0.5833/2.0794, max S = 1.1347/2.0794 (epoch time: 50.37s)
Epoch 30: l_f = 0.107298, l_q = 0.001755, avg S = 0.5680/2.0794, max S = 1.1283/2.0794 (epoch time: 50.26s)
Epoch 40: l_f = 0.054260, l_q = 0.002443, avg S = 0.5652/2.0794, max S = 1.1243/2.0794 (epoch time: 50.62s)
Epoch 50: l_f = 0.037310, l_q = 0.000552, avg S = 0.5679/2.0794, max S = 1.1266/2.0794 (epoch time: 50.55s)
Epoch 60: l_f = 0.023086, l_q = 0.000070, avg S = 0.5705/2.0794, max S = 1.1333/2.0794 (epoch time: 52.24s)
Epoch 70: l_f = 0.015182, l_q = 0.000117, avg S = 0.5730/2.0794, max S = 1.1391/2.0794 (epoch time: 49.66s)
Epoch 80: l_f = 0.009769, l_q = 0.000034, avg S = 0.5749/2.0794, max S = 1.1452/2.0794 (epoch time: 54.22s)
Epoch 90: l_f = 0.007709, l_q = 0.000020, avg S = 0.5769/2.0794, max S = 1.1479/2.0794 (epoch time: 54.75s)
SubTraining time: 4539.06s
L_f = 0.008100, L_q = 0.000083
[SUMMARY] Full script time: 4549.04s
[/bin/bash] Script finished
[/bin/bash] Copy files back to cwd
[/bin/bash] Successfully copied results to /home/s4116488/Documents/MPS/cuda-samples/plots8_bond_8/index_1
[/bin/bash] #### Finished GPU TensorCircuit array job. Have a nice day
