[/bin/bash] #### Starting GPU TensorCircuit array job
[/bin/bash] This is s4116488 and my MPS job has the ID 4094896, Task ID 52
[/bin/bash] Using bond dimension: 3 and init index: 2
[/bin/bash] CWD: /home/s4116488/Documents/MPS/cuda-samples
[/bin/bash] Using GPU: 0
[/bin/bash] Path of python file: /home/s4116488/Documents/MPS/cuda-samples
[/bin/bash] Node scratch: /scratchdata/s4116488/4094896
[/bin/bash] Run directory/scratchdata/s4116488/4094896/tc_gpu_8_bond_3_init_2_4094896
[/bin/bash] Run script with bond dimension 3 and init index 2

[INFO] Running train with bond dimension: 3
[INFO] Using init index: 2
Epoch 0: l_f = 67.754814, l_q = 1.504225, avg S = 0.4696/1.0986, max S = 0.8604/1.0986 (epoch time: 91.98s)
Epoch 10: l_f = 11.085960, l_q = 0.638765, avg S = 0.4944/1.0986, max S = 0.9135/1.0986 (epoch time: 50.94s)
Epoch 20: l_f = 4.503376, l_q = 0.038185, avg S = 0.4725/1.0986, max S = 0.8867/1.0986 (epoch time: 51.49s)
Epoch 30: l_f = 1.337379, l_q = 0.007421, avg S = 0.4575/1.0986, max S = 0.8516/1.0986 (epoch time: 54.20s)
Epoch 40: l_f = 0.624644, l_q = 0.002667, avg S = 0.4528/1.0986, max S = 0.8393/1.0986 (epoch time: 53.89s)
Epoch 50: l_f = 0.854723, l_q = 0.000983, avg S = 0.4486/1.0986, max S = 0.8304/1.0986 (epoch time: 55.60s)
Epoch 60: l_f = 0.244264, l_q = 0.005123, avg S = 0.4510/1.0986, max S = 0.8400/1.0986 (epoch time: 53.41s)
Epoch 70: l_f = 0.095376, l_q = 0.002580, avg S = 0.4486/1.0986, max S = 0.8314/1.0986 (epoch time: 53.96s)
Epoch 80: l_f = 0.024789, l_q = 0.000843, avg S = 0.4484/1.0986, max S = 0.8337/1.0986 (epoch time: 51.66s)
Epoch 90: l_f = 0.013179, l_q = 0.001667, avg S = 0.4466/1.0986, max S = 0.8288/1.0986 (epoch time: 56.90s)
SubTraining time: 4729.09s
L_f = 0.005627, L_q = 0.001165
[SUMMARY] Full script time: 4739.89s
[/bin/bash] Script finished
[/bin/bash] Copy files back to cwd
[/bin/bash] Successfully copied results to /home/s4116488/Documents/MPS/cuda-samples/plots8_bond_3/index_2
[/bin/bash] #### Finished GPU TensorCircuit array job. Have a nice day
