[/bin/bash] #### Starting GPU TensorCircuit array job
[/bin/bash] This is s4116488 and my MPS job has the ID 4094976, Task ID 75
[/bin/bash] Using bond dimension: 1 and init index: 5
[/bin/bash] CWD: /home/s4116488/Documents/MPS/cuda-samples
[/bin/bash] Using GPU: 0
[/bin/bash] Path of python file: /home/s4116488/Documents/MPS/cuda-samples
[/bin/bash] Node scratch: /scratchdata/s4116488/4094976
[/bin/bash] Run directory/scratchdata/s4116488/4094976/tc_gpu_8_bond_1_init_5_4094976
[/bin/bash] Run script with bond dimension 1 and init index 5

[INFO] Running train with bond dimension: 1
[INFO] Using init index: 5
Epoch 0: l_f = 67.737442, l_q = 0.928792, avg S = 0.0975/0.0000, max S = 0.1950/0.0000 (epoch time: 30.33s)
Epoch 10: l_f = 24.112242, l_q = 0.946550, avg S = 0.0773/0.0000, max S = 0.1545/0.0000 (epoch time: 14.40s)
Epoch 20: l_f = 16.907818, l_q = 1.194884, avg S = 0.0724/0.0000, max S = 0.1448/0.0000 (epoch time: 14.77s)
Epoch 30: l_f = 42.352371, l_q = 1.365707, avg S = 0.0866/0.0000, max S = 0.1732/0.0000 (epoch time: 14.90s)
Epoch 40: l_f = 16.140440, l_q = 0.985021, avg S = 0.0899/0.0000, max S = 0.1798/0.0000 (epoch time: 15.07s)
Epoch 50: l_f = 21.926392, l_q = 0.860994, avg S = 0.0903/0.0000, max S = 0.1807/0.0000 (epoch time: 15.73s)
Epoch 60: l_f = 15.323235, l_q = 0.834026, avg S = 0.0851/0.0000, max S = 0.1703/0.0000 (epoch time: 15.30s)
Epoch 70: l_f = 15.170151, l_q = 0.821466, avg S = 0.0829/0.0000, max S = 0.1659/0.0000 (epoch time: 15.35s)
Epoch 80: l_f = 24.432600, l_q = 1.016936, avg S = 0.0901/0.0000, max S = 0.1802/0.0000 (epoch time: 15.76s)
Epoch 90: l_f = 22.297232, l_q = 1.065284, avg S = 0.1099/0.0000, max S = 0.2198/0.0000 (epoch time: 15.85s)
SubTraining time: 1369.38s
L_f = 16.324886, L_q = 0.989435
[SUMMARY] Full script time: 1374.31s
[/bin/bash] Script finished
[/bin/bash] Copy files back to cwd
[/bin/bash] Successfully copied results to /home/s4116488/Documents/MPS/cuda-samples/plots8_bond_1/index_5
[/bin/bash] #### Finished GPU TensorCircuit array job. Have a nice day
