[/bin/bash] #### Starting GPU TensorCircuit array job
[/bin/bash] This is s4116488 and my MPS job has the ID 4094828, Task ID 41
[/bin/bash] Using bond dimension: 4 and init index: 1
[/bin/bash] CWD: /home/s4116488/Documents/MPS/cuda-samples
[/bin/bash] Using GPU: 0
[/bin/bash] Path of python file: /home/s4116488/Documents/MPS/cuda-samples
[/bin/bash] Node scratch: /scratchdata/s4116488/4094828
[/bin/bash] Run directory/scratchdata/s4116488/4094828/tc_gpu_8_bond_4_init_1_4094828
[/bin/bash] Run script with bond dimension 4 and init index 1

[INFO] Running train with bond dimension: 4
[INFO] Using init index: 1
Epoch 0: l_f = 46.044678, l_q = 0.371251, avg S = 0.5715/1.3863, max S = 1.1633/1.3863 (epoch time: 89.04s)
Epoch 10: l_f = 1.141298, l_q = 0.017610, avg S = 0.5792/1.3863, max S = 1.1503/1.3863 (epoch time: 52.27s)
Epoch 20: l_f = 0.177098, l_q = 0.001134, avg S = 0.5833/1.3863, max S = 1.1347/1.3863 (epoch time: 51.91s)
Epoch 30: l_f = 0.107298, l_q = 0.001755, avg S = 0.5680/1.3863, max S = 1.1283/1.3863 (epoch time: 52.03s)
Epoch 40: l_f = 0.054260, l_q = 0.002443, avg S = 0.5652/1.3863, max S = 1.1243/1.3863 (epoch time: 51.96s)
Epoch 50: l_f = 0.037310, l_q = 0.000552, avg S = 0.5679/1.3863, max S = 1.1266/1.3863 (epoch time: 52.03s)
Epoch 60: l_f = 0.023086, l_q = 0.000070, avg S = 0.5705/1.3863, max S = 1.1333/1.3863 (epoch time: 55.26s)
Epoch 70: l_f = 0.015182, l_q = 0.000117, avg S = 0.5730/1.3863, max S = 1.1391/1.3863 (epoch time: 52.10s)
Epoch 80: l_f = 0.009769, l_q = 0.000034, avg S = 0.5749/1.3863, max S = 1.1452/1.3863 (epoch time: 56.84s)
Epoch 90: l_f = 0.007709, l_q = 0.000020, avg S = 0.5769/1.3863, max S = 1.1479/1.3863 (epoch time: 57.43s)
SubTraining time: 4682.53s
L_f = 0.008100, L_q = 0.000083
[SUMMARY] Full script time: 4692.96s
[/bin/bash] Script finished
[/bin/bash] Copy files back to cwd
[/bin/bash] Successfully copied results to /home/s4116488/Documents/MPS/cuda-samples/plots8_bond_4/index_1
[/bin/bash] #### Finished GPU TensorCircuit array job. Have a nice day
