[/bin/bash] #### Starting GPU TensorCircuit array job
[/bin/bash] This is s4116488 and my MPS job has the ID 4094934, Task ID 58
[/bin/bash] Using bond dimension: 3 and init index: 8
[/bin/bash] CWD: /home/s4116488/Documents/MPS/cuda-samples
[/bin/bash] Using GPU: 0
[/bin/bash] Path of python file: /home/s4116488/Documents/MPS/cuda-samples
[/bin/bash] Node scratch: /scratchdata/s4116488/4094934
[/bin/bash] Run directory/scratchdata/s4116488/4094934/tc_gpu_8_bond_3_init_8_4094934
[/bin/bash] Run script with bond dimension 3 and init index 8

[INFO] Running train with bond dimension: 3
[INFO] Using init index: 8
Epoch 0: l_f = 35.917542, l_q = 0.473929, avg S = 0.4828/1.0986, max S = 0.8775/1.0986 (epoch time: 95.76s)
Epoch 10: l_f = 5.221865, l_q = 0.338587, avg S = 0.4619/1.0986, max S = 0.8298/1.0986 (epoch time: 50.76s)
Epoch 20: l_f = 3.281975, l_q = 0.174532, avg S = 0.4619/1.0986, max S = 0.8661/1.0986 (epoch time: 49.40s)
Epoch 30: l_f = 1.885174, l_q = 0.191439, avg S = 0.4682/1.0986, max S = 0.8459/1.0986 (epoch time: 52.75s)
Epoch 40: l_f = 3.330708, l_q = 0.047979, avg S = 0.4708/1.0986, max S = 0.8531/1.0986 (epoch time: 59.75s)
Epoch 50: l_f = 2.369430, l_q = 0.014001, avg S = 0.4569/1.0986, max S = 0.8643/1.0986 (epoch time: 54.60s)
Epoch 60: l_f = 1.096066, l_q = 0.007416, avg S = 0.4614/1.0986, max S = 0.8728/1.0986 (epoch time: 52.69s)
Epoch 70: l_f = 0.375716, l_q = 0.002970, avg S = 0.4563/1.0986, max S = 0.8606/1.0986 (epoch time: 50.16s)
Epoch 80: l_f = 0.157181, l_q = 0.000559, avg S = 0.4558/1.0986, max S = 0.8541/1.0986 (epoch time: 54.05s)
Epoch 90: l_f = 0.047175, l_q = 0.001635, avg S = 0.4565/1.0986, max S = 0.8480/1.0986 (epoch time: 58.28s)
SubTraining time: 4776.04s
L_f = 0.020938, L_q = 0.001302
[SUMMARY] Full script time: 4786.97s
[/bin/bash] Script finished
[/bin/bash] Copy files back to cwd
[/bin/bash] Successfully copied results to /home/s4116488/Documents/MPS/cuda-samples/plots8_bond_3/index_8
[/bin/bash] #### Finished GPU TensorCircuit array job. Have a nice day
