[/bin/bash] #### Starting GPU TensorCircuit array job
[/bin/bash] This is s4116488 and my MPS job has the ID 4094974, Task ID 73
[/bin/bash] Using bond dimension: 1 and init index: 3
[/bin/bash] CWD: /home/s4116488/Documents/MPS/cuda-samples
[/bin/bash] Using GPU: 0
[/bin/bash] Path of python file: /home/s4116488/Documents/MPS/cuda-samples
[/bin/bash] Node scratch: /scratchdata/s4116488/4094974
[/bin/bash] Run directory/scratchdata/s4116488/4094974/tc_gpu_8_bond_1_init_3_4094974
[/bin/bash] Run script with bond dimension 1 and init index 3

[INFO] Running train with bond dimension: 1
[INFO] Using init index: 3
Epoch 0: l_f = 51.763027, l_q = 0.891041, avg S = 0.0847/0.0000, max S = 0.1694/0.0000 (epoch time: 30.46s)
Epoch 10: l_f = 18.524214, l_q = 0.868838, avg S = 0.0538/0.0000, max S = 0.1077/0.0000 (epoch time: 14.66s)
Epoch 20: l_f = 2650.370850, l_q = 0.875935, avg S = 0.0534/0.0000, max S = 0.1069/0.0000 (epoch time: 14.87s)
Epoch 30: l_f = 15.900635, l_q = 0.841270, avg S = 0.0513/0.0000, max S = 0.1026/0.0000 (epoch time: 15.01s)
Epoch 40: l_f = 17.822191, l_q = 0.843378, avg S = 0.0457/0.0000, max S = 0.0914/0.0000 (epoch time: 15.11s)
Epoch 50: l_f = 16.141796, l_q = 0.803441, avg S = 0.0472/0.0000, max S = 0.0945/0.0000 (epoch time: 15.76s)
Epoch 60: l_f = 18.822264, l_q = 0.804662, avg S = 0.0436/0.0000, max S = 0.0872/0.0000 (epoch time: 15.16s)
Epoch 70: l_f = 18.389847, l_q = 0.795549, avg S = 0.0523/0.0000, max S = 0.1047/0.0000 (epoch time: 15.26s)
Epoch 80: l_f = 16.737238, l_q = 0.792446, avg S = 0.0620/0.0000, max S = 0.1240/0.0000 (epoch time: 15.82s)
Epoch 90: l_f = 17.358330, l_q = 0.792891, avg S = 0.0643/0.0000, max S = 0.1286/0.0000 (epoch time: 15.99s)
SubTraining time: 1374.03s
L_f = 15.176198, L_q = 0.792942
[SUMMARY] Full script time: 1379.11s
[/bin/bash] Script finished
[/bin/bash] Copy files back to cwd
[/bin/bash] Successfully copied results to /home/s4116488/Documents/MPS/cuda-samples/plots8_bond_1/index_3
[/bin/bash] #### Finished GPU TensorCircuit array job. Have a nice day
