[/bin/bash] #### Starting GPU TensorCircuit array job
[/bin/bash] This is s4116488 and my MPS job has the ID 4094888, Task ID 48
[/bin/bash] Using bond dimension: 4 and init index: 8
[/bin/bash] CWD: /home/s4116488/Documents/MPS/cuda-samples
[/bin/bash] Using GPU: 0
[/bin/bash] Path of python file: /home/s4116488/Documents/MPS/cuda-samples
[/bin/bash] Node scratch: /scratchdata/s4116488/4094888
[/bin/bash] Run directory/scratchdata/s4116488/4094888/tc_gpu_8_bond_4_init_8_4094888
[/bin/bash] Run script with bond dimension 4 and init index 8

[INFO] Running train with bond dimension: 4
[INFO] Using init index: 8
Epoch 0: l_f = 31.836777, l_q = 0.683275, avg S = 0.5800/1.3863, max S = 1.0648/1.3863 (epoch time: 91.44s)
Epoch 10: l_f = 0.343630, l_q = 0.007723, avg S = 0.5787/1.3863, max S = 1.0975/1.3863 (epoch time: 52.75s)
Epoch 20: l_f = 0.199414, l_q = 0.003153, avg S = 0.5352/1.3863, max S = 0.9802/1.3863 (epoch time: 52.73s)
Epoch 30: l_f = 0.139037, l_q = 0.003575, avg S = 0.5189/1.3863, max S = 0.9729/1.3863 (epoch time: 52.84s)
Epoch 40: l_f = 0.052798, l_q = 0.000413, avg S = 0.5071/1.3863, max S = 0.9661/1.3863 (epoch time: 53.33s)
Epoch 50: l_f = 0.029045, l_q = 0.000576, avg S = 0.5094/1.3863, max S = 0.9745/1.3863 (epoch time: 53.92s)
Epoch 60: l_f = 0.025872, l_q = 0.000372, avg S = 0.5132/1.3863, max S = 0.9838/1.3863 (epoch time: 55.42s)
Epoch 70: l_f = 0.017964, l_q = 0.000135, avg S = 0.5126/1.3863, max S = 0.9834/1.3863 (epoch time: 52.79s)
Epoch 80: l_f = 0.013955, l_q = 0.000093, avg S = 0.5148/1.3863, max S = 0.9865/1.3863 (epoch time: 57.17s)
Epoch 90: l_f = 0.017922, l_q = 0.000157, avg S = 0.5152/1.3863, max S = 0.9852/1.3863 (epoch time: 59.53s)
SubTraining time: 4770.85s
L_f = 0.017909, L_q = 0.000044
[SUMMARY] Full script time: 4781.50s
[/bin/bash] Script finished
[/bin/bash] Copy files back to cwd
[/bin/bash] Successfully copied results to /home/s4116488/Documents/MPS/cuda-samples/plots8_bond_4/index_8
[/bin/bash] #### Finished GPU TensorCircuit array job. Have a nice day
