[/bin/bash] #### Starting GPU TensorCircuit array job
[/bin/bash] This is s4116488 and my MPS job has the ID 4094936, Task ID 60
[/bin/bash] Using bond dimension: 2 and init index: 0
[/bin/bash] CWD: /home/s4116488/Documents/MPS/cuda-samples
[/bin/bash] Using GPU: 0
[/bin/bash] Path of python file: /home/s4116488/Documents/MPS/cuda-samples
[/bin/bash] Node scratch: /scratchdata/s4116488/4094936
[/bin/bash] Run directory/scratchdata/s4116488/4094936/tc_gpu_8_bond_2_init_0_4094936
[/bin/bash] Run script with bond dimension 2 and init index 0

[INFO] Running train with bond dimension: 2
[INFO] Using init index: 0
Epoch 0: l_f = 75.178986, l_q = 2.186532, avg S = 0.4454/0.6931, max S = 0.6795/0.6931 (epoch time: 58.28s)
Epoch 10: l_f = 21.593990, l_q = 0.741779, avg S = 0.4306/0.6931, max S = 0.6388/0.6931 (epoch time: 29.39s)
Epoch 20: l_f = 5.464596, l_q = 0.173982, avg S = 0.4639/0.6931, max S = 0.6586/0.6931 (epoch time: 31.04s)
Epoch 30: l_f = 8.788327, l_q = 0.178818, avg S = 0.4416/0.6931, max S = 0.6372/0.6931 (epoch time: 30.97s)
Epoch 40: l_f = 3.319140, l_q = 0.080055, avg S = 0.4363/0.6931, max S = 0.6513/0.6931 (epoch time: 31.51s)
Epoch 50: l_f = 1.277633, l_q = 0.016904, avg S = 0.4383/0.6931, max S = 0.6532/0.6931 (epoch time: 32.56s)
Epoch 60: l_f = 0.481481, l_q = 0.009341, avg S = 0.4381/0.6931, max S = 0.6564/0.6931 (epoch time: 32.47s)
Epoch 70: l_f = 0.221575, l_q = 0.009641, avg S = 0.4323/0.6931, max S = 0.6592/0.6931 (epoch time: 31.08s)
Epoch 80: l_f = 0.148437, l_q = 0.006824, avg S = 0.4313/0.6931, max S = 0.6610/0.6931 (epoch time: 31.03s)
Epoch 90: l_f = 0.080246, l_q = 0.005771, avg S = 0.4328/0.6931, max S = 0.6623/0.6931 (epoch time: 31.99s)
SubTraining time: 2788.71s
L_f = 0.054872, L_q = 0.004029
[SUMMARY] Full script time: 2796.89s
[/bin/bash] Script finished
[/bin/bash] Copy files back to cwd
[/bin/bash] Successfully copied results to /home/s4116488/Documents/MPS/cuda-samples/plots8_bond_2/index_0
[/bin/bash] #### Finished GPU TensorCircuit array job. Have a nice day
