[/bin/bash] #### Starting GPU TensorCircuit array job
[/bin/bash] This is s4116488 and my MPS job has the ID 4094960, Task ID 69
[/bin/bash] Using bond dimension: 2 and init index: 9
[/bin/bash] CWD: /home/s4116488/Documents/MPS/cuda-samples
[/bin/bash] Using GPU: 0
[/bin/bash] Path of python file: /home/s4116488/Documents/MPS/cuda-samples
[/bin/bash] Node scratch: /scratchdata/s4116488/4094960
[/bin/bash] Run directory/scratchdata/s4116488/4094960/tc_gpu_8_bond_2_init_9_4094960
[/bin/bash] Run script with bond dimension 2 and init index 9

[INFO] Running train with bond dimension: 2
[INFO] Using init index: 9
Epoch 0: l_f = 33.990242, l_q = 2.431141, avg S = 0.4328/0.6931, max S = 0.6639/0.6931 (epoch time: 60.72s)
Epoch 10: l_f = 17.941996, l_q = 0.841588, avg S = 0.4351/0.6931, max S = 0.6082/0.6931 (epoch time: 31.45s)
Epoch 20: l_f = 4.583015, l_q = 0.200545, avg S = 0.4543/0.6931, max S = 0.6391/0.6931 (epoch time: 33.18s)
Epoch 30: l_f = 2.187596, l_q = 0.095203, avg S = 0.4644/0.6931, max S = 0.6506/0.6931 (epoch time: 33.59s)
Epoch 40: l_f = 1.124332, l_q = 0.029769, avg S = 0.4728/0.6931, max S = 0.6467/0.6931 (epoch time: 33.29s)
Epoch 50: l_f = 0.571886, l_q = 0.026788, avg S = 0.4740/0.6931, max S = 0.6490/0.6931 (epoch time: 34.64s)
Epoch 60: l_f = 0.333455, l_q = 0.014502, avg S = 0.4747/0.6931, max S = 0.6507/0.6931 (epoch time: 34.96s)
Epoch 70: l_f = 0.220320, l_q = 0.007437, avg S = 0.4719/0.6931, max S = 0.6477/0.6931 (epoch time: 33.90s)
Epoch 80: l_f = 0.135412, l_q = 0.004069, avg S = 0.4699/0.6931, max S = 0.6474/0.6931 (epoch time: 32.06s)
Epoch 90: l_f = 0.089313, l_q = 0.003593, avg S = 0.4693/0.6931, max S = 0.6482/0.6931 (epoch time: 33.86s)
SubTraining time: 2908.47s
L_f = 0.057696, L_q = 0.004597
[SUMMARY] Full script time: 2916.96s
[/bin/bash] Script finished
[/bin/bash] Copy files back to cwd
[/bin/bash] Successfully copied results to /home/s4116488/Documents/MPS/cuda-samples/plots8_bond_2/index_9
[/bin/bash] #### Finished GPU TensorCircuit array job. Have a nice day
