[/bin/bash] #### Starting GPU TensorCircuit array job
[/bin/bash] This is s4116488 and my MPS job has the ID 4094904, Task ID 56
[/bin/bash] Using bond dimension: 3 and init index: 6
[/bin/bash] CWD: /home/s4116488/Documents/MPS/cuda-samples
[/bin/bash] Using GPU: 0
[/bin/bash] Path of python file: /home/s4116488/Documents/MPS/cuda-samples
[/bin/bash] Node scratch: /scratchdata/s4116488/4094904
[/bin/bash] Run directory/scratchdata/s4116488/4094904/tc_gpu_8_bond_3_init_6_4094904
[/bin/bash] Run script with bond dimension 3 and init index 6

[INFO] Running train with bond dimension: 3
[INFO] Using init index: 6
Epoch 0: l_f = 40.741573, l_q = 0.180552, avg S = 0.4375/1.0986, max S = 0.8061/1.0986 (epoch time: 89.93s)
Epoch 10: l_f = 5.137666, l_q = 0.575722, avg S = 0.4596/1.0986, max S = 0.8133/1.0986 (epoch time: 50.17s)
Epoch 20: l_f = 3.017880, l_q = 0.210291, avg S = 0.4371/1.0986, max S = 0.7531/1.0986 (epoch time: 50.21s)
Epoch 30: l_f = 2.111920, l_q = 0.346924, avg S = 0.4497/1.0986, max S = 0.8231/1.0986 (epoch time: 52.84s)
Epoch 40: l_f = 1.199790, l_q = 0.192166, avg S = 0.4426/1.0986, max S = 0.8210/1.0986 (epoch time: 52.88s)
Epoch 50: l_f = 0.609622, l_q = 0.066496, avg S = 0.4461/1.0986, max S = 0.8250/1.0986 (epoch time: 52.01s)
Epoch 60: l_f = 0.238799, l_q = 0.028430, avg S = 0.4456/1.0986, max S = 0.8312/1.0986 (epoch time: 58.30s)
Epoch 70: l_f = 0.102025, l_q = 0.014715, avg S = 0.4415/1.0986, max S = 0.8269/1.0986 (epoch time: 57.38s)
Epoch 80: l_f = 0.046442, l_q = 0.012627, avg S = 0.4406/1.0986, max S = 0.8272/1.0986 (epoch time: 56.61s)
Epoch 90: l_f = 0.028867, l_q = 0.013504, avg S = 0.4417/1.0986, max S = 0.8316/1.0986 (epoch time: 58.75s)
SubTraining time: 4723.94s
L_f = 0.017986, L_q = 0.014092
[SUMMARY] Full script time: 4734.07s
[/bin/bash] Script finished
[/bin/bash] Copy files back to cwd
[/bin/bash] Successfully copied results to /home/s4116488/Documents/MPS/cuda-samples/plots8_bond_3/index_6
[/bin/bash] #### Finished GPU TensorCircuit array job. Have a nice day
