[/bin/bash] #### Starting GPU TensorCircuit array job
[/bin/bash] This is s4116488 and my MPS job has the ID 4094835, Task ID 45
[/bin/bash] Using bond dimension: 4 and init index: 5
[/bin/bash] CWD: /home/s4116488/Documents/MPS/cuda-samples
[/bin/bash] Using GPU: 0
[/bin/bash] Path of python file: /home/s4116488/Documents/MPS/cuda-samples
[/bin/bash] Node scratch: /scratchdata/s4116488/4094835
[/bin/bash] Run directory/scratchdata/s4116488/4094835/tc_gpu_8_bond_4_init_5_4094835
[/bin/bash] Run script with bond dimension 4 and init index 5

[INFO] Running train with bond dimension: 4
[INFO] Using init index: 5
Epoch 0: l_f = 67.077568, l_q = 2.945424, avg S = 0.5618/1.3863, max S = 1.0653/1.3863 (epoch time: 92.36s)
Epoch 10: l_f = 2.125090, l_q = 0.025685, avg S = 0.5146/1.3863, max S = 0.9926/1.3863 (epoch time: 53.24s)
Epoch 20: l_f = 0.580886, l_q = 0.054045, avg S = 0.5322/1.3863, max S = 0.9982/1.3863 (epoch time: 51.65s)
Epoch 30: l_f = 0.273917, l_q = 0.014620, avg S = 0.5287/1.3863, max S = 0.9787/1.3863 (epoch time: 53.32s)
Epoch 40: l_f = 0.101666, l_q = 0.001217, avg S = 0.5377/1.3863, max S = 1.0021/1.3863 (epoch time: 57.83s)
Epoch 50: l_f = 0.055059, l_q = 0.000403, avg S = 0.5436/1.3863, max S = 1.0160/1.3863 (epoch time: 58.35s)
Epoch 60: l_f = 0.027166, l_q = 0.000061, avg S = 0.5493/1.3863, max S = 1.0344/1.3863 (epoch time: 70.61s)
Epoch 70: l_f = 0.017453, l_q = 0.000101, avg S = 0.5511/1.3863, max S = 1.0397/1.3863 (epoch time: 59.28s)
Epoch 80: l_f = 0.010980, l_q = 0.000039, avg S = 0.5520/1.3863, max S = 1.0440/1.3863 (epoch time: 60.65s)
Epoch 90: l_f = 0.007690, l_q = 0.000069, avg S = 0.5533/1.3863, max S = 1.0459/1.3863 (epoch time: 57.91s)
SubTraining time: 5121.97s
L_f = 0.007005, L_q = 0.000061
[SUMMARY] Full script time: 5132.46s
[/bin/bash] Script finished
[/bin/bash] Copy files back to cwd
[/bin/bash] Successfully copied results to /home/s4116488/Documents/MPS/cuda-samples/plots8_bond_4/index_5
[/bin/bash] #### Finished GPU TensorCircuit array job. Have a nice day
