[/bin/bash] #### Starting GPU TensorCircuit array job
[/bin/bash] This is s4116488 and my MPS job has the ID 4094189, Task ID 4
[/bin/bash] Using bond dimension: 8 and init index: 4
[/bin/bash] CWD: /home/s4116488/Documents/MPS/cuda-samples
[/bin/bash] Using GPU: 0
[/bin/bash] Path of python file: /home/s4116488/Documents/MPS/cuda-samples
[/bin/bash] Node scratch: /scratchdata/s4116488/4094189
[/bin/bash] Run directory/scratchdata/s4116488/4094189/tc_gpu_8_bond_8_init_4_4094189
[/bin/bash] Run script with bond dimension 8 and init index 4

[INFO] Running train with bond dimension: 8
[INFO] Using init index: 4
Epoch 0: l_f = 63.723125, l_q = 0.714707, avg S = 0.5675/2.0794, max S = 1.1472/2.0794 (epoch time: 104.73s)
Epoch 10: l_f = 1.247450, l_q = 0.028447, avg S = 0.5476/2.0794, max S = 1.0851/2.0794 (epoch time: 55.88s)
Epoch 20: l_f = 0.539156, l_q = 0.008991, avg S = 0.5722/2.0794, max S = 1.1271/2.0794 (epoch time: 58.57s)
Epoch 30: l_f = 0.341657, l_q = 0.007188, avg S = 0.5832/2.0794, max S = 1.1437/2.0794 (epoch time: 55.41s)
Epoch 40: l_f = 0.082424, l_q = 0.001518, avg S = 0.5886/2.0794, max S = 1.1603/2.0794 (epoch time: 53.27s)
Epoch 50: l_f = 0.032088, l_q = 0.001008, avg S = 0.5925/2.0794, max S = 1.1703/2.0794 (epoch time: 55.29s)
Epoch 60: l_f = 0.032341, l_q = 0.000802, avg S = 0.5950/2.0794, max S = 1.1776/2.0794 (epoch time: 59.49s)
Epoch 70: l_f = 0.018882, l_q = 0.000167, avg S = 0.5945/2.0794, max S = 1.1696/2.0794 (epoch time: 63.02s)
Epoch 80: l_f = 0.009541, l_q = 0.000087, avg S = 0.5942/2.0794, max S = 1.1674/2.0794 (epoch time: 65.24s)
Epoch 90: l_f = 0.005794, l_q = 0.000021, avg S = 0.5930/2.0794, max S = 1.1653/2.0794 (epoch time: 65.12s)
SubTraining time: 5181.49s
L_f = 0.005583, L_q = 0.000094
[SUMMARY] Full script time: 5192.15s
[/bin/bash] Script finished
[/bin/bash] Copy files back to cwd
[/bin/bash] Successfully copied results to /home/s4116488/Documents/MPS/cuda-samples/plots8_bond_8/index_4
[/bin/bash] #### Finished GPU TensorCircuit array job. Have a nice day
