[/bin/bash] #### Starting GPU TensorCircuit array job
[/bin/bash] This is s4116488 and my MPS job has the ID 4094981, Task ID 77
[/bin/bash] Using bond dimension: 1 and init index: 7
[/bin/bash] CWD: /home/s4116488/Documents/MPS/cuda-samples
[/bin/bash] Using GPU: 0
[/bin/bash] Path of python file: /home/s4116488/Documents/MPS/cuda-samples
[/bin/bash] Node scratch: /scratchdata/s4116488/4094981
[/bin/bash] Run directory/scratchdata/s4116488/4094981/tc_gpu_8_bond_1_init_7_4094981
[/bin/bash] Run script with bond dimension 1 and init index 7

[INFO] Running train with bond dimension: 1
[INFO] Using init index: 7
Epoch 0: l_f = 25.380877, l_q = 0.887819, avg S = 0.0829/0.0000, max S = 0.1658/0.0000 (epoch time: 30.24s)
Epoch 10: l_f = 10.717880, l_q = 0.506998, avg S = 0.1118/0.0000, max S = 0.2237/0.0000 (epoch time: 14.33s)
Epoch 20: l_f = 9.299466, l_q = 0.251351, avg S = 0.1240/0.0000, max S = 0.2480/0.0000 (epoch time: 14.69s)
Epoch 30: l_f = 11.959108, l_q = 0.127551, avg S = 0.1448/0.0000, max S = 0.2895/0.0000 (epoch time: 14.55s)
Epoch 40: l_f = 146.347321, l_q = 0.204599, avg S = 0.1526/0.0000, max S = 0.3052/0.0000 (epoch time: 14.90s)
Epoch 50: l_f = 28.144272, l_q = 0.425381, avg S = 0.1526/0.0000, max S = 0.3053/0.0000 (epoch time: 15.71s)
Epoch 60: l_f = 22.087997, l_q = 0.515580, avg S = 0.1399/0.0000, max S = 0.2797/0.0000 (epoch time: 14.96s)
Epoch 70: l_f = 15.227466, l_q = 0.497162, avg S = 0.0944/0.0000, max S = 0.1888/0.0000 (epoch time: 14.96s)
Epoch 80: l_f = 51.766762, l_q = 0.482349, avg S = 0.1177/0.0000, max S = 0.2354/0.0000 (epoch time: 15.29s)
Epoch 90: l_f = 21.860846, l_q = 0.640976, avg S = 0.1414/0.0000, max S = 0.2828/0.0000 (epoch time: 15.07s)
SubTraining time: 1336.38s
L_f = 23.791311, L_q = 0.546777
[SUMMARY] Full script time: 1341.28s
[/bin/bash] Script finished
[/bin/bash] Copy files back to cwd
[/bin/bash] Successfully copied results to /home/s4116488/Documents/MPS/cuda-samples/plots8_bond_1/index_7
[/bin/bash] #### Finished GPU TensorCircuit array job. Have a nice day
