[/bin/bash] #### Starting GPU TensorCircuit array job
[/bin/bash] This is s4116488 and my MPS job has the ID 4094977, Task ID 76
[/bin/bash] Using bond dimension: 1 and init index: 6
[/bin/bash] CWD: /home/s4116488/Documents/MPS/cuda-samples
[/bin/bash] Using GPU: 0
[/bin/bash] Path of python file: /home/s4116488/Documents/MPS/cuda-samples
[/bin/bash] Node scratch: /scratchdata/s4116488/4094977
[/bin/bash] Run directory/scratchdata/s4116488/4094977/tc_gpu_8_bond_1_init_6_4094977
[/bin/bash] Run script with bond dimension 1 and init index 6

[INFO] Running train with bond dimension: 1
[INFO] Using init index: 6
Epoch 0: l_f = 26.918076, l_q = 0.625416, avg S = 0.1368/0.0000, max S = 0.2737/0.0000 (epoch time: 30.90s)
Epoch 10: l_f = 16.013254, l_q = 0.782761, avg S = 0.0761/0.0000, max S = 0.1522/0.0000 (epoch time: 14.56s)
Epoch 20: l_f = 66.894974, l_q = 0.801506, avg S = 0.0669/0.0000, max S = 0.1338/0.0000 (epoch time: 14.89s)
Epoch 30: l_f = 14.972625, l_q = 0.804343, avg S = 0.0797/0.0000, max S = 0.1594/0.0000 (epoch time: 14.92s)
Epoch 40: l_f = 2171.536377, l_q = 0.744975, avg S = 0.1033/0.0000, max S = 0.2066/0.0000 (epoch time: 15.07s)
Epoch 50: l_f = 24.419750, l_q = 0.554291, avg S = 0.0707/0.0000, max S = 0.1414/0.0000 (epoch time: 15.79s)
Epoch 60: l_f = 19.637205, l_q = 0.725252, avg S = 0.0653/0.0000, max S = 0.1306/0.0000 (epoch time: 15.15s)
Epoch 70: l_f = 16.119284, l_q = 0.914546, avg S = 0.0862/0.0000, max S = 0.1724/0.0000 (epoch time: 15.16s)
Epoch 80: l_f = 22.283636, l_q = 0.713680, avg S = 0.1012/0.0000, max S = 0.2025/0.0000 (epoch time: 15.89s)
Epoch 90: l_f = 23.510208, l_q = 1.006069, avg S = 0.1100/0.0000, max S = 0.2199/0.0000 (epoch time: 16.00s)
SubTraining time: 1365.53s
L_f = 28.124466, L_q = 1.148280
[SUMMARY] Full script time: 1370.60s
[/bin/bash] Script finished
[/bin/bash] Copy files back to cwd
[/bin/bash] Successfully copied results to /home/s4116488/Documents/MPS/cuda-samples/plots8_bond_1/index_6
[/bin/bash] #### Finished GPU TensorCircuit array job. Have a nice day
