[/bin/bash] #### Starting GPU TensorCircuit array job
[/bin/bash] This is s4116488 and my MPS job has the ID 4094661, Task ID 30
[/bin/bash] Using bond dimension: 5 and init index: 0
[/bin/bash] CWD: /home/s4116488/Documents/MPS/cuda-samples
[/bin/bash] Using GPU: 0
[/bin/bash] Path of python file: /home/s4116488/Documents/MPS/cuda-samples
[/bin/bash] Node scratch: /scratchdata/s4116488/4094661
[/bin/bash] Run directory/scratchdata/s4116488/4094661/tc_gpu_8_bond_5_init_0_4094661
[/bin/bash] Run script with bond dimension 5 and init index 0

[INFO] Running train with bond dimension: 5
[INFO] Using init index: 0
Epoch 0: l_f = 50.283688, l_q = 0.671483, avg S = 0.5747/1.6094, max S = 1.1459/1.6094 (epoch time: 90.00s)
Epoch 10: l_f = 1.589051, l_q = 0.020383, avg S = 0.6120/1.6094, max S = 1.2241/1.6094 (epoch time: 52.45s)
Epoch 20: l_f = 0.384787, l_q = 0.020625, avg S = 0.5999/1.6094, max S = 1.1869/1.6094 (epoch time: 51.08s)
Epoch 30: l_f = 0.166914, l_q = 0.001347, avg S = 0.6172/1.6094, max S = 1.1902/1.6094 (epoch time: 53.62s)
Epoch 40: l_f = 0.078261, l_q = 0.000657, avg S = 0.6135/1.6094, max S = 1.1753/1.6094 (epoch time: 53.04s)
Epoch 50: l_f = 0.055877, l_q = 0.000318, avg S = 0.6148/1.6094, max S = 1.1765/1.6094 (epoch time: 53.57s)
Epoch 60: l_f = 0.031147, l_q = 0.000126, avg S = 0.6164/1.6094, max S = 1.1744/1.6094 (epoch time: 54.60s)
Epoch 70: l_f = 0.014099, l_q = 0.000049, avg S = 0.6157/1.6094, max S = 1.1726/1.6094 (epoch time: 51.87s)
Epoch 80: l_f = 0.013948, l_q = 0.000192, avg S = 0.6151/1.6094, max S = 1.1707/1.6094 (epoch time: 55.70s)
Epoch 90: l_f = 0.003985, l_q = 0.000015, avg S = 0.6138/1.6094, max S = 1.1695/1.6094 (epoch time: 58.18s)
SubTraining time: 4729.21s
L_f = 0.003533, L_q = 0.000014
[SUMMARY] Full script time: 4739.30s
[/bin/bash] Script finished
[/bin/bash] Copy files back to cwd
[/bin/bash] Successfully copied results to /home/s4116488/Documents/MPS/cuda-samples/plots8_bond_5/index_0
[/bin/bash] #### Finished GPU TensorCircuit array job. Have a nice day
