[/bin/bash] #### Starting GPU TensorCircuit array job
[/bin/bash] This is s4116488 and my MPS job has the ID 4094829, Task ID 42
[/bin/bash] Using bond dimension: 4 and init index: 2
[/bin/bash] CWD: /home/s4116488/Documents/MPS/cuda-samples
[/bin/bash] Using GPU: 0
[/bin/bash] Path of python file: /home/s4116488/Documents/MPS/cuda-samples
[/bin/bash] Node scratch: /scratchdata/s4116488/4094829
[/bin/bash] Run directory/scratchdata/s4116488/4094829/tc_gpu_8_bond_4_init_2_4094829
[/bin/bash] Run script with bond dimension 4 and init index 2

[INFO] Running train with bond dimension: 4
[INFO] Using init index: 2
Epoch 0: l_f = 58.094753, l_q = 1.479799, avg S = 0.5417/1.3863, max S = 1.0578/1.3863 (epoch time: 90.76s)
Epoch 10: l_f = 1.733140, l_q = 0.004572, avg S = 0.5983/1.3863, max S = 1.1736/1.3863 (epoch time: 53.55s)
Epoch 20: l_f = 0.556363, l_q = 0.021432, avg S = 0.5960/1.3863, max S = 1.2064/1.3863 (epoch time: 52.43s)
Epoch 30: l_f = 0.143385, l_q = 0.000962, avg S = 0.5893/1.3863, max S = 1.1637/1.3863 (epoch time: 53.05s)
Epoch 40: l_f = 0.038623, l_q = 0.000301, avg S = 0.5861/1.3863, max S = 1.1591/1.3863 (epoch time: 52.12s)
Epoch 50: l_f = 0.047891, l_q = 0.000623, avg S = 0.5843/1.3863, max S = 1.1497/1.3863 (epoch time: 53.29s)
Epoch 60: l_f = 0.025813, l_q = 0.000116, avg S = 0.5868/1.3863, max S = 1.1518/1.3863 (epoch time: 54.04s)
Epoch 70: l_f = 0.021317, l_q = 0.000068, avg S = 0.5865/1.3863, max S = 1.1485/1.3863 (epoch time: 52.03s)
Epoch 80: l_f = 0.020590, l_q = 0.000058, avg S = 0.5864/1.3863, max S = 1.1503/1.3863 (epoch time: 56.39s)
Epoch 90: l_f = 0.018713, l_q = 0.000097, avg S = 0.5855/1.3863, max S = 1.1466/1.3863 (epoch time: 57.24s)
SubTraining time: 4697.14s
L_f = 0.013999, L_q = 0.000075
[SUMMARY] Full script time: 4707.53s
[/bin/bash] Script finished
[/bin/bash] Copy files back to cwd
[/bin/bash] Successfully copied results to /home/s4116488/Documents/MPS/cuda-samples/plots8_bond_4/index_2
[/bin/bash] #### Finished GPU TensorCircuit array job. Have a nice day
