[/bin/bash] #### Starting GPU TensorCircuit array job
[/bin/bash] This is s4116488 and my MPS job has the ID 4075211, Task ID 44
[/bin/bash] Using bond dimension: 4 and init index: 4
[/bin/bash] CWD: /home/s4116488/Documents/MPS/cuda-samples
[/bin/bash] Using GPU: 0
[/bin/bash] Path of python file: /home/s4116488/Documents/MPS/cuda-samples
[/bin/bash] Node scratch: /scratchdata/s4116488/4075211
[/bin/bash] Run directory/scratchdata/s4116488/4075211/tc_gpu_A_bond_4_init_4_4075211
[/bin/bash] Run script with bond dimension 4 and init index 4

[INFO] Running train with bond dimension: 4
[INFO] Using init index: 4
Epoch 0: l_f = 407.149811, l_q = 0.221675, avg S = 0.5631/1.3863, max S = 1.1528/1.3863 (epoch time: 91.86s)
Epoch 10: l_f = 5.668069, l_q = 0.171860, avg S = 0.5732/1.3863, max S = 1.1867/1.3863 (epoch time: 53.88s)
Epoch 20: l_f = 3.769005, l_q = 0.084190, avg S = 0.5660/1.3863, max S = 1.1959/1.3863 (epoch time: 54.35s)
Epoch 30: l_f = 2.272658, l_q = 0.060858, avg S = 0.5773/1.3863, max S = 1.1898/1.3863 (epoch time: 55.96s)
Epoch 40: l_f = 0.592418, l_q = 0.028100, avg S = 0.5798/1.3863, max S = 1.1814/1.3863 (epoch time: 53.93s)
Epoch 50: l_f = 0.587705, l_q = 0.027050, avg S = 0.5787/1.3863, max S = 1.1802/1.3863 (epoch time: 56.24s)
Epoch 60: l_f = 0.199045, l_q = 0.026137, avg S = 0.5775/1.3863, max S = 1.1811/1.3863 (epoch time: 56.69s)
Epoch 70: l_f = 0.100590, l_q = 0.024652, avg S = 0.5761/1.3863, max S = 1.1819/1.3863 (epoch time: 56.95s)
Epoch 80: l_f = 0.074358, l_q = 0.023372, avg S = 0.5761/1.3863, max S = 1.1831/1.3863 (epoch time: 54.98s)
Epoch 90: l_f = 0.043379, l_q = 0.020789, avg S = 0.5761/1.3863, max S = 1.1851/1.3863 (epoch time: 56.60s)
Epoch 100: l_f = 0.269264, l_q = 0.021622, avg S = 0.5753/1.3863, max S = 1.1838/1.3863 (epoch time: 57.60s)
Epoch 110: l_f = 0.073871, l_q = 0.020393, avg S = 0.5752/1.3863, max S = 1.1838/1.3863 (epoch time: 60.46s)
Epoch 120: l_f = 0.117284, l_q = 0.021617, avg S = 0.5747/1.3863, max S = 1.1841/1.3863 (epoch time: 55.74s)
Epoch 130: l_f = 0.039437, l_q = 0.020129, avg S = 0.5748/1.3863, max S = 1.1838/1.3863 (epoch time: 54.90s)
Epoch 140: l_f = 0.094640, l_q = 0.021484, avg S = 0.5749/1.3863, max S = 1.1837/1.3863 (epoch time: 60.25s)
Epoch 150: l_f = 0.017782, l_q = 0.019457, avg S = 0.5745/1.3863, max S = 1.1832/1.3863 (epoch time: 59.72s)
Epoch 160: l_f = 0.036685, l_q = 0.019395, avg S = 0.5744/1.3863, max S = 1.1829/1.3863 (epoch time: 57.93s)
Epoch 170: l_f = 0.318792, l_q = 0.020522, avg S = 0.5745/1.3863, max S = 1.1830/1.3863 (epoch time: 53.07s)
Epoch 180: l_f = 0.017622, l_q = 0.020435, avg S = 0.5738/1.3863, max S = 1.1819/1.3863 (epoch time: 60.90s)
Epoch 190: l_f = 0.103992, l_q = 0.018466, avg S = 0.5741/1.3863, max S = 1.1817/1.3863 (epoch time: 54.16s)
Epoch 200: l_f = 0.045152, l_q = 0.021008, avg S = 0.5744/1.3863, max S = 1.1835/1.3863 (epoch time: 62.10s)
Epoch 210: l_f = 0.293017, l_q = 0.019878, avg S = 0.5737/1.3863, max S = 1.1816/1.3863 (epoch time: 56.37s)
Epoch 220: l_f = 0.223507, l_q = 0.017370, avg S = 0.5739/1.3863, max S = 1.1833/1.3863 (epoch time: 55.08s)
Epoch 230: l_f = 0.034652, l_q = 0.020724, avg S = 0.5720/1.3863, max S = 1.1842/1.3863 (epoch time: 53.75s)
Epoch 240: l_f = 0.241111, l_q = 0.015763, avg S = 0.5719/1.3863, max S = 1.1839/1.3863 (epoch time: 53.95s)
SubTraining time: 12503.15s
L_f = 0.261554, L_q = 0.017871
[SUMMARY] Full script time: 12514.18s
[/bin/bash] Script finished
[/bin/bash] Copy files back to cwd
[/bin/bash] Successfully copied results to /home/s4116488/Documents/MPS/cuda-samples/plotsA_bond_4/index_4
[/bin/bash] #### Finished GPU TensorCircuit array job. Have a nice day
