[/bin/bash] #### Starting GPU TensorCircuit array job
[/bin/bash] This is s4116488 and my MPS job has the ID 4075457, Task ID 61
[/bin/bash] Using bond dimension: 2 and init index: 1
[/bin/bash] CWD: /home/s4116488/Documents/MPS/cuda-samples
[/bin/bash] Using GPU: 0
[/bin/bash] Path of python file: /home/s4116488/Documents/MPS/cuda-samples
[/bin/bash] Node scratch: /scratchdata/s4116488/4075457
[/bin/bash] Run directory/scratchdata/s4116488/4075457/tc_gpu_A_bond_2_init_1_4075457
[/bin/bash] Run script with bond dimension 2 and init index 1

[INFO] Running train with bond dimension: 2
[INFO] Using init index: 1
Epoch 0: l_f = 401.988373, l_q = 0.462626, avg S = 0.3604/0.6931, max S = 0.4975/0.6931 (epoch time: 71.67s)
Epoch 10: l_f = 85.698898, l_q = 0.415697, avg S = 0.3560/0.6931, max S = 0.5348/0.6931 (epoch time: 38.07s)
Epoch 20: l_f = 10.248337, l_q = 0.259269, avg S = 0.3776/0.6931, max S = 0.5723/0.6931 (epoch time: 39.12s)
Epoch 30: l_f = 9.887054, l_q = 0.212837, avg S = 0.3689/0.6931, max S = 0.5524/0.6931 (epoch time: 39.04s)
Epoch 40: l_f = 8.119857, l_q = 0.172663, avg S = 0.3689/0.6931, max S = 0.5430/0.6931 (epoch time: 40.97s)
Epoch 50: l_f = 3.070298, l_q = 0.151657, avg S = 0.3677/0.6931, max S = 0.5363/0.6931 (epoch time: 41.97s)
Epoch 60: l_f = 1.495667, l_q = 0.117117, avg S = 0.3642/0.6931, max S = 0.5409/0.6931 (epoch time: 41.88s)
Epoch 70: l_f = 0.653566, l_q = 0.101267, avg S = 0.3655/0.6931, max S = 0.5445/0.6931 (epoch time: 42.64s)
Epoch 80: l_f = 0.329768, l_q = 0.103965, avg S = 0.3657/0.6931, max S = 0.5444/0.6931 (epoch time: 40.91s)
Epoch 90: l_f = 0.140962, l_q = 0.111759, avg S = 0.3634/0.6931, max S = 0.5420/0.6931 (epoch time: 40.36s)
Epoch 100: l_f = 0.088444, l_q = 0.117535, avg S = 0.3615/0.6931, max S = 0.5400/0.6931 (epoch time: 41.59s)
Epoch 110: l_f = 0.041302, l_q = 0.122733, avg S = 0.3614/0.6931, max S = 0.5407/0.6931 (epoch time: 39.60s)
Epoch 120: l_f = 0.085968, l_q = 0.127019, avg S = 0.3603/0.6931, max S = 0.5389/0.6931 (epoch time: 43.28s)
Epoch 130: l_f = 0.100267, l_q = 0.128393, avg S = 0.3610/0.6931, max S = 0.5400/0.6931 (epoch time: 42.99s)
Epoch 140: l_f = 0.080892, l_q = 0.127996, avg S = 0.3623/0.6931, max S = 0.5421/0.6931 (epoch time: 43.26s)
Epoch 150: l_f = 0.041552, l_q = 0.128643, avg S = 0.3611/0.6931, max S = 0.5410/0.6931 (epoch time: 41.47s)
Epoch 160: l_f = 0.041635, l_q = 0.129484, avg S = 0.3609/0.6931, max S = 0.5396/0.6931 (epoch time: 45.30s)
Epoch 170: l_f = 0.066026, l_q = 0.128040, avg S = 0.3608/0.6931, max S = 0.5390/0.6931 (epoch time: 45.06s)
Epoch 180: l_f = 0.218506, l_q = 0.129045, avg S = 0.3607/0.6931, max S = 0.5391/0.6931 (epoch time: 40.19s)
Epoch 190: l_f = 0.018470, l_q = 0.129058, avg S = 0.3613/0.6931, max S = 0.5404/0.6931 (epoch time: 40.68s)
Epoch 200: l_f = 0.115944, l_q = 0.129222, avg S = 0.3611/0.6931, max S = 0.5398/0.6931 (epoch time: 41.59s)
Epoch 210: l_f = 0.029617, l_q = 0.128412, avg S = 0.3605/0.6931, max S = 0.5392/0.6931 (epoch time: 46.07s)
Epoch 220: l_f = 0.151595, l_q = 0.128244, avg S = 0.3610/0.6931, max S = 0.5406/0.6931 (epoch time: 41.26s)
Epoch 230: l_f = 0.011587, l_q = 0.128542, avg S = 0.3607/0.6931, max S = 0.5398/0.6931 (epoch time: 42.35s)
Epoch 240: l_f = 0.065693, l_q = 0.128725, avg S = 0.3604/0.6931, max S = 0.5397/0.6931 (epoch time: 46.36s)
SubTraining time: 9240.81s
L_f = 0.111940, L_q = 0.128412
[SUMMARY] Full script time: 9250.39s
[/bin/bash] Script finished
[/bin/bash] Copy files back to cwd
[/bin/bash] Successfully copied results to /home/s4116488/Documents/MPS/cuda-samples/plotsA_bond_2/index_1
[/bin/bash] #### Finished GPU TensorCircuit array job. Have a nice day
