[/bin/bash] #### Starting GPU TensorCircuit array job
[/bin/bash] This is s4116488 and my MPS job has the ID 4075602, Task ID 65
[/bin/bash] Using bond dimension: 2 and init index: 5
[/bin/bash] CWD: /home/s4116488/Documents/MPS/cuda-samples
[/bin/bash] Using GPU: 0
[/bin/bash] Path of python file: /home/s4116488/Documents/MPS/cuda-samples
[/bin/bash] Node scratch: /scratchdata/s4116488/4075602
[/bin/bash] Run directory/scratchdata/s4116488/4075602/tc_gpu_A_bond_2_init_5_4075602
[/bin/bash] Run script with bond dimension 2 and init index 5

[INFO] Running train with bond dimension: 2
[INFO] Using init index: 5
Epoch 0: l_f = 348.922852, l_q = 0.752718, avg S = 0.3512/0.6931, max S = 0.5051/0.6931 (epoch time: 65.10s)
Epoch 10: l_f = 11.351107, l_q = 0.181537, avg S = 0.3586/0.6931, max S = 0.5838/0.6931 (epoch time: 36.15s)
Epoch 20: l_f = 48.446255, l_q = 0.217857, avg S = 0.3454/0.6931, max S = 0.5166/0.6931 (epoch time: 38.12s)
Epoch 30: l_f = 207.012375, l_q = 0.743773, avg S = 0.3329/0.6931, max S = 0.4802/0.6931 (epoch time: 37.62s)
Epoch 40: l_f = 23.977076, l_q = 0.182925, avg S = 0.3350/0.6931, max S = 0.5027/0.6931 (epoch time: 38.16s)
Epoch 50: l_f = 112.141228, l_q = 0.280583, avg S = 0.3304/0.6931, max S = 0.4976/0.6931 (epoch time: 38.50s)
Epoch 60: l_f = 39.275932, l_q = 0.150753, avg S = 0.3655/0.6931, max S = 0.5400/0.6931 (epoch time: 39.37s)
Epoch 70: l_f = 7.249004, l_q = 0.059735, avg S = 0.3843/0.6931, max S = 0.5685/0.6931 (epoch time: 39.64s)
Epoch 80: l_f = 4.876935, l_q = 0.058970, avg S = 0.3900/0.6931, max S = 0.5795/0.6931 (epoch time: 37.84s)
Epoch 90: l_f = 2.138686, l_q = 0.058201, avg S = 0.3899/0.6931, max S = 0.5769/0.6931 (epoch time: 39.30s)
Epoch 100: l_f = 0.971009, l_q = 0.058894, avg S = 0.3870/0.6931, max S = 0.5743/0.6931 (epoch time: 40.08s)
Epoch 110: l_f = 0.822747, l_q = 0.061130, avg S = 0.3857/0.6931, max S = 0.5745/0.6931 (epoch time: 38.29s)
Epoch 120: l_f = 0.413339, l_q = 0.064048, avg S = 0.3850/0.6931, max S = 0.5749/0.6931 (epoch time: 41.11s)
Epoch 130: l_f = 0.265119, l_q = 0.066296, avg S = 0.3846/0.6931, max S = 0.5754/0.6931 (epoch time: 40.55s)
Epoch 140: l_f = 0.158640, l_q = 0.067890, avg S = 0.3853/0.6931, max S = 0.5766/0.6931 (epoch time: 40.47s)
Epoch 150: l_f = 0.131296, l_q = 0.068659, avg S = 0.3844/0.6931, max S = 0.5752/0.6931 (epoch time: 37.89s)
Epoch 160: l_f = 0.099744, l_q = 0.069862, avg S = 0.3851/0.6931, max S = 0.5763/0.6931 (epoch time: 42.69s)
Epoch 170: l_f = 0.077393, l_q = 0.070282, avg S = 0.3848/0.6931, max S = 0.5759/0.6931 (epoch time: 42.77s)
Epoch 180: l_f = 0.065952, l_q = 0.070665, avg S = 0.3852/0.6931, max S = 0.5767/0.6931 (epoch time: 37.98s)
Epoch 190: l_f = 0.078403, l_q = 0.070578, avg S = 0.3848/0.6931, max S = 0.5760/0.6931 (epoch time: 38.22s)
Epoch 200: l_f = 0.066825, l_q = 0.070128, avg S = 0.3853/0.6931, max S = 0.5767/0.6931 (epoch time: 38.55s)
Epoch 210: l_f = 0.086582, l_q = 0.070896, avg S = 0.3853/0.6931, max S = 0.5762/0.6931 (epoch time: 42.83s)
Epoch 220: l_f = 0.048610, l_q = 0.070711, avg S = 0.3852/0.6931, max S = 0.5762/0.6931 (epoch time: 38.37s)
Epoch 230: l_f = 0.054639, l_q = 0.070575, avg S = 0.3853/0.6931, max S = 0.5766/0.6931 (epoch time: 38.65s)
Epoch 240: l_f = 0.038920, l_q = 0.071336, avg S = 0.3855/0.6931, max S = 0.5770/0.6931 (epoch time: 44.67s)
SubTraining time: 8702.28s
L_f = 0.041295, L_q = 0.071335
[SUMMARY] Full script time: 8711.00s
[/bin/bash] Script finished
[/bin/bash] Copy files back to cwd
[/bin/bash] Successfully copied results to /home/s4116488/Documents/MPS/cuda-samples/plotsA_bond_2/index_5
[/bin/bash] #### Finished GPU TensorCircuit array job. Have a nice day
