[/bin/bash] #### Starting GPU TensorCircuit array job
[/bin/bash] This is s4116488 and my MPS job has the ID 4074602, Task ID 5
[/bin/bash] Using bond dimension: 8 and init index: 5
[/bin/bash] CWD: /home/s4116488/Documents/MPS/cuda-samples
[/bin/bash] Using GPU: 0
[/bin/bash] Path of python file: /home/s4116488/Documents/MPS/cuda-samples
[/bin/bash] Node scratch: /scratchdata/s4116488/4074602
[/bin/bash] Run directory/scratchdata/s4116488/4074602/tc_gpu_A_bond_8_init_5_4074602
[/bin/bash] Run script with bond dimension 8 and init index 5

[INFO] Running train with bond dimension: 8
[INFO] Using init index: 5
Epoch 0: l_f = 632.720825, l_q = 0.377511, avg S = 0.5577/2.0794, max S = 1.5452/2.0794 (epoch time: 110.88s)
Epoch 10: l_f = 5.933818, l_q = 0.124018, avg S = 0.5606/2.0794, max S = 1.5473/2.0794 (epoch time: 59.52s)
Epoch 20: l_f = 1.464818, l_q = 0.070929, avg S = 0.5554/2.0794, max S = 1.5373/2.0794 (epoch time: 59.93s)
Epoch 30: l_f = 0.528823, l_q = 0.036475, avg S = 0.5567/2.0794, max S = 1.5434/2.0794 (epoch time: 62.13s)
Epoch 40: l_f = 0.310838, l_q = 0.020648, avg S = 0.5559/2.0794, max S = 1.5386/2.0794 (epoch time: 61.87s)
Epoch 50: l_f = 0.123215, l_q = 0.012510, avg S = 0.5582/2.0794, max S = 1.5455/2.0794 (epoch time: 68.06s)
Epoch 60: l_f = 0.085904, l_q = 0.012279, avg S = 0.5572/2.0794, max S = 1.5419/2.0794 (epoch time: 67.62s)
Epoch 70: l_f = 0.268346, l_q = 0.008336, avg S = 0.5577/2.0794, max S = 1.5431/2.0794 (epoch time: 63.38s)
Epoch 80: l_f = 0.152181, l_q = 0.005703, avg S = 0.5588/2.0794, max S = 1.5479/2.0794 (epoch time: 62.17s)
Epoch 90: l_f = 0.133009, l_q = 0.006226, avg S = 0.5601/2.0794, max S = 1.5528/2.0794 (epoch time: 68.51s)
Epoch 100: l_f = 0.420273, l_q = 0.004462, avg S = 0.5601/2.0794, max S = 1.5544/2.0794 (epoch time: 64.64s)
Epoch 110: l_f = 0.061202, l_q = 0.003613, avg S = 0.5608/2.0794, max S = 1.5575/2.0794 (epoch time: 80.49s)
Epoch 120: l_f = 0.231475, l_q = 0.002756, avg S = 0.5610/2.0794, max S = 1.5585/2.0794 (epoch time: 72.54s)
Epoch 130: l_f = 0.031699, l_q = 0.002440, avg S = 0.5601/2.0794, max S = 1.5558/2.0794 (epoch time: 61.00s)
Epoch 140: l_f = 0.076639, l_q = 0.001902, avg S = 0.5617/2.0794, max S = 1.5602/2.0794 (epoch time: 60.74s)
Epoch 150: l_f = 0.008779, l_q = 0.001817, avg S = 0.5621/2.0794, max S = 1.5614/2.0794 (epoch time: 61.55s)
Epoch 160: l_f = 0.010214, l_q = 0.001396, avg S = 0.5624/2.0794, max S = 1.5624/2.0794 (epoch time: 62.66s)
Epoch 170: l_f = 0.010285, l_q = 0.001483, avg S = 0.5617/2.0794, max S = 1.5598/2.0794 (epoch time: 66.63s)
Epoch 180: l_f = 0.004116, l_q = 0.001200, avg S = 0.5618/2.0794, max S = 1.5610/2.0794 (epoch time: 61.36s)
Epoch 190: l_f = 0.097268, l_q = 0.001032, avg S = 0.5617/2.0794, max S = 1.5615/2.0794 (epoch time: 60.75s)
Epoch 200: l_f = 0.038431, l_q = 0.001092, avg S = 0.5615/2.0794, max S = 1.5630/2.0794 (epoch time: 66.91s)
Epoch 210: l_f = 0.023817, l_q = 0.001041, avg S = 0.5605/2.0794, max S = 1.5607/2.0794 (epoch time: 68.04s)
Epoch 220: l_f = 0.143603, l_q = 0.000915, avg S = 0.5613/2.0794, max S = 1.5637/2.0794 (epoch time: 67.73s)
Epoch 230: l_f = 0.014746, l_q = 0.000708, avg S = 0.5614/2.0794, max S = 1.5643/2.0794 (epoch time: 69.52s)
Epoch 240: l_f = 0.013175, l_q = 0.000679, avg S = 0.5604/2.0794, max S = 1.5609/2.0794 (epoch time: 60.93s)
SubTraining time: 14364.76s
L_f = 0.065678, L_q = 0.000724
[SUMMARY] Full script time: 14379.83s
[/bin/bash] Script finished
[/bin/bash] Copy files back to cwd
[/bin/bash] Successfully copied results to /home/s4116488/Documents/MPS/cuda-samples/plotsA_bond_8/index_5
[/bin/bash] #### Finished GPU TensorCircuit array job. Have a nice day
