[/bin/bash] #### Starting GPU TensorCircuit array job
[/bin/bash] This is s4116488 and my MPS job has the ID 4075680, Task ID 67
[/bin/bash] Using bond dimension: 2 and init index: 7
[/bin/bash] CWD: /home/s4116488/Documents/MPS/cuda-samples
[/bin/bash] Using GPU: 0
[/bin/bash] Path of python file: /home/s4116488/Documents/MPS/cuda-samples
[/bin/bash] Node scratch: /scratchdata/s4116488/4075680
[/bin/bash] Run directory/scratchdata/s4116488/4075680/tc_gpu_A_bond_2_init_7_4075680
[/bin/bash] Run script with bond dimension 2 and init index 7

[INFO] Running train with bond dimension: 2
[INFO] Using init index: 7
Epoch 0: l_f = 558.397827, l_q = 1.400375, avg S = 0.3549/0.6931, max S = 0.5713/0.6931 (epoch time: 72.58s)
Epoch 10: l_f = 23.919466, l_q = 0.154047, avg S = 0.3974/0.6931, max S = 0.5912/0.6931 (epoch time: 38.27s)
Epoch 20: l_f = 13.974017, l_q = 0.164022, avg S = 0.3766/0.6931, max S = 0.5680/0.6931 (epoch time: 40.00s)
Epoch 30: l_f = 4.720523, l_q = 0.173062, avg S = 0.3557/0.6931, max S = 0.5674/0.6931 (epoch time: 40.03s)
Epoch 40: l_f = 3.928385, l_q = 0.171235, avg S = 0.3575/0.6931, max S = 0.5760/0.6931 (epoch time: 40.34s)
Epoch 50: l_f = 1.559963, l_q = 0.195183, avg S = 0.3561/0.6931, max S = 0.5709/0.6931 (epoch time: 41.40s)
Epoch 60: l_f = 0.818798, l_q = 0.216276, avg S = 0.3572/0.6931, max S = 0.5771/0.6931 (epoch time: 42.88s)
Epoch 70: l_f = 0.235632, l_q = 0.236460, avg S = 0.3570/0.6931, max S = 0.5780/0.6931 (epoch time: 42.34s)
Epoch 80: l_f = 0.128886, l_q = 0.248500, avg S = 0.3608/0.6931, max S = 0.5822/0.6931 (epoch time: 40.53s)
Epoch 90: l_f = 0.027573, l_q = 0.250244, avg S = 0.3623/0.6931, max S = 0.5837/0.6931 (epoch time: 41.82s)
Epoch 100: l_f = 0.023389, l_q = 0.249230, avg S = 0.3622/0.6931, max S = 0.5827/0.6931 (epoch time: 46.63s)
Epoch 110: l_f = 0.013998, l_q = 0.248701, avg S = 0.3617/0.6931, max S = 0.5834/0.6931 (epoch time: 42.99s)
Epoch 120: l_f = 0.025235, l_q = 0.247191, avg S = 0.3615/0.6931, max S = 0.5824/0.6931 (epoch time: 44.30s)
Epoch 130: l_f = 0.041170, l_q = 0.246951, avg S = 0.3614/0.6931, max S = 0.5827/0.6931 (epoch time: 44.86s)
Epoch 140: l_f = 0.007727, l_q = 0.246763, avg S = 0.3618/0.6931, max S = 0.5829/0.6931 (epoch time: 44.13s)
Epoch 150: l_f = 0.007847, l_q = 0.247600, avg S = 0.3616/0.6931, max S = 0.5827/0.6931 (epoch time: 39.87s)
Epoch 160: l_f = 0.075000, l_q = 0.246657, avg S = 0.3611/0.6931, max S = 0.5821/0.6931 (epoch time: 43.71s)
Epoch 170: l_f = 0.025069, l_q = 0.248913, avg S = 0.3616/0.6931, max S = 0.5827/0.6931 (epoch time: 46.22s)
Epoch 180: l_f = 0.138021, l_q = 0.249229, avg S = 0.3617/0.6931, max S = 0.5831/0.6931 (epoch time: 39.84s)
Epoch 190: l_f = 0.009018, l_q = 0.250973, avg S = 0.3618/0.6931, max S = 0.5835/0.6931 (epoch time: 40.74s)
Epoch 200: l_f = 0.024394, l_q = 0.250094, avg S = 0.3615/0.6931, max S = 0.5833/0.6931 (epoch time: 40.52s)
Epoch 210: l_f = 0.015663, l_q = 0.248900, avg S = 0.3615/0.6931, max S = 0.5836/0.6931 (epoch time: 43.83s)
Epoch 220: l_f = 0.034160, l_q = 0.251831, avg S = 0.3615/0.6931, max S = 0.5843/0.6931 (epoch time: 41.44s)
Epoch 230: l_f = 0.012420, l_q = 0.249983, avg S = 0.3614/0.6931, max S = 0.5836/0.6931 (epoch time: 41.72s)
Epoch 240: l_f = 0.031114, l_q = 0.252293, avg S = 0.3615/0.6931, max S = 0.5838/0.6931 (epoch time: 47.10s)
SubTraining time: 9344.25s
L_f = 0.031137, L_q = 0.250178
[SUMMARY] Full script time: 9353.64s
[/bin/bash] Script finished
[/bin/bash] Copy files back to cwd
[/bin/bash] Successfully copied results to /home/s4116488/Documents/MPS/cuda-samples/plotsA_bond_2/index_7
[/bin/bash] #### Finished GPU TensorCircuit array job. Have a nice day
