[/bin/bash] #### Starting GPU TensorCircuit array job
[/bin/bash] This is s4116488 and my MPS job has the ID 4075317, Task ID 51
[/bin/bash] Using bond dimension: 3 and init index: 1
[/bin/bash] CWD: /home/s4116488/Documents/MPS/cuda-samples
[/bin/bash] Using GPU: 0
[/bin/bash] Path of python file: /home/s4116488/Documents/MPS/cuda-samples
[/bin/bash] Node scratch: /scratchdata/s4116488/4075317
[/bin/bash] Run directory/scratchdata/s4116488/4075317/tc_gpu_A_bond_3_init_1_4075317
[/bin/bash] Run script with bond dimension 3 and init index 1

[INFO] Running train with bond dimension: 3
[INFO] Using init index: 1
Epoch 0: l_f = 481.118713, l_q = 0.356600, avg S = 0.4080/1.0986, max S = 0.8588/1.0986 (epoch time: 94.58s)
Epoch 10: l_f = 26.766214, l_q = 0.125762, avg S = 0.3999/1.0986, max S = 0.8568/1.0986 (epoch time: 52.48s)
Epoch 20: l_f = 47.444637, l_q = 0.311593, avg S = 0.4176/1.0986, max S = 0.8794/1.0986 (epoch time: 51.70s)
Epoch 30: l_f = 8.462177, l_q = 0.164376, avg S = 0.4159/1.0986, max S = 0.8775/1.0986 (epoch time: 54.25s)
Epoch 40: l_f = 7.858070, l_q = 0.090824, avg S = 0.4218/1.0986, max S = 0.8785/1.0986 (epoch time: 53.20s)
Epoch 50: l_f = 4.635764, l_q = 0.093942, avg S = 0.4224/1.0986, max S = 0.8798/1.0986 (epoch time: 52.45s)
Epoch 60: l_f = 2.018222, l_q = 0.125436, avg S = 0.4197/1.0986, max S = 0.8836/1.0986 (epoch time: 53.94s)
Epoch 70: l_f = 1.111081, l_q = 0.139783, avg S = 0.4187/1.0986, max S = 0.8798/1.0986 (epoch time: 59.19s)
Epoch 80: l_f = 0.772690, l_q = 0.140620, avg S = 0.4201/1.0986, max S = 0.8824/1.0986 (epoch time: 58.30s)
Epoch 90: l_f = 0.423408, l_q = 0.133501, avg S = 0.4202/1.0986, max S = 0.8834/1.0986 (epoch time: 56.41s)
Epoch 100: l_f = 0.358396, l_q = 0.126567, avg S = 0.4215/1.0986, max S = 0.8855/1.0986 (epoch time: 51.53s)
Epoch 110: l_f = 0.213928, l_q = 0.126825, avg S = 0.4214/1.0986, max S = 0.8844/1.0986 (epoch time: 55.39s)
Epoch 120: l_f = 0.205992, l_q = 0.130790, avg S = 0.4218/1.0986, max S = 0.8847/1.0986 (epoch time: 57.80s)
Epoch 130: l_f = 0.131781, l_q = 0.125884, avg S = 0.4217/1.0986, max S = 0.8840/1.0986 (epoch time: 54.49s)
Epoch 140: l_f = 0.218298, l_q = 0.122237, avg S = 0.4223/1.0986, max S = 0.8854/1.0986 (epoch time: 56.29s)
Epoch 150: l_f = 0.058445, l_q = 0.120535, avg S = 0.4224/1.0986, max S = 0.8854/1.0986 (epoch time: 55.81s)
Epoch 160: l_f = 0.034605, l_q = 0.120685, avg S = 0.4219/1.0986, max S = 0.8838/1.0986 (epoch time: 53.87s)
Epoch 170: l_f = 0.035895, l_q = 0.117300, avg S = 0.4222/1.0986, max S = 0.8849/1.0986 (epoch time: 54.22s)
Epoch 180: l_f = 0.073193, l_q = 0.117638, avg S = 0.4226/1.0986, max S = 0.8855/1.0986 (epoch time: 56.32s)
Epoch 190: l_f = 0.016497, l_q = 0.117262, avg S = 0.4231/1.0986, max S = 0.8871/1.0986 (epoch time: 53.23s)
Epoch 200: l_f = 0.112063, l_q = 0.118283, avg S = 0.4228/1.0986, max S = 0.8864/1.0986 (epoch time: 57.22s)
Epoch 210: l_f = 0.022415, l_q = 0.116667, avg S = 0.4232/1.0986, max S = 0.8869/1.0986 (epoch time: 62.19s)
Epoch 220: l_f = 0.035722, l_q = 0.114901, avg S = 0.4228/1.0986, max S = 0.8857/1.0986 (epoch time: 56.04s)
Epoch 230: l_f = 0.016988, l_q = 0.115872, avg S = 0.4226/1.0986, max S = 0.8859/1.0986 (epoch time: 53.06s)
Epoch 240: l_f = 0.056665, l_q = 0.114400, avg S = 0.4229/1.0986, max S = 0.8869/1.0986 (epoch time: 53.62s)
SubTraining time: 12219.54s
L_f = 0.037483, L_q = 0.120611
[SUMMARY] Full script time: 12230.06s
[/bin/bash] Script finished
[/bin/bash] Copy files back to cwd
[/bin/bash] Successfully copied results to /home/s4116488/Documents/MPS/cuda-samples/plotsA_bond_3/index_1
[/bin/bash] #### Finished GPU TensorCircuit array job. Have a nice day
