[/bin/bash] #### Starting GPU TensorCircuit array job
[/bin/bash] This is s4116488 and my MPS job has the ID 4074867, Task ID 24
[/bin/bash] Using bond dimension: 6 and init index: 4
[/bin/bash] CWD: /home/s4116488/Documents/MPS/cuda-samples
[/bin/bash] Using GPU: 0
[/bin/bash] Path of python file: /home/s4116488/Documents/MPS/cuda-samples
[/bin/bash] Node scratch: /scratchdata/s4116488/4074867
[/bin/bash] Run directory/scratchdata/s4116488/4074867/tc_gpu_A_bond_6_init_4_4074867
[/bin/bash] Run script with bond dimension 6 and init index 4

[INFO] Running train with bond dimension: 6
[INFO] Using init index: 4
Epoch 0: l_f = 412.493713, l_q = 0.138226, avg S = 0.5521/1.7918, max S = 1.3877/1.7918 (epoch time: 103.40s)
Epoch 10: l_f = 2.129344, l_q = 0.053937, avg S = 0.5505/1.7918, max S = 1.4314/1.7918 (epoch time: 59.71s)
Epoch 20: l_f = 1.247030, l_q = 0.026438, avg S = 0.5484/1.7918, max S = 1.4491/1.7918 (epoch time: 59.83s)
Epoch 30: l_f = 0.987460, l_q = 0.016372, avg S = 0.5433/1.7918, max S = 1.4461/1.7918 (epoch time: 62.19s)
Epoch 40: l_f = 0.266367, l_q = 0.009604, avg S = 0.5383/1.7918, max S = 1.4383/1.7918 (epoch time: 64.00s)
Epoch 50: l_f = 0.227795, l_q = 0.010101, avg S = 0.5312/1.7918, max S = 1.4233/1.7918 (epoch time: 61.78s)
Epoch 60: l_f = 0.107638, l_q = 0.007928, avg S = 0.5317/1.7918, max S = 1.4172/1.7918 (epoch time: 62.77s)
Epoch 70: l_f = 0.220030, l_q = 0.001640, avg S = 0.5335/1.7918, max S = 1.4114/1.7918 (epoch time: 61.06s)
Epoch 80: l_f = 0.375731, l_q = 0.007380, avg S = 0.5342/1.7918, max S = 1.4088/1.7918 (epoch time: 65.44s)
Epoch 90: l_f = 0.140823, l_q = 0.005822, avg S = 0.5369/1.7918, max S = 1.4114/1.7918 (epoch time: 64.96s)
Epoch 100: l_f = 0.505810, l_q = 0.005020, avg S = 0.5376/1.7918, max S = 1.4171/1.7918 (epoch time: 67.83s)
Epoch 110: l_f = 0.126326, l_q = 0.002328, avg S = 0.5368/1.7918, max S = 1.4193/1.7918 (epoch time: 60.87s)
Epoch 120: l_f = 0.243042, l_q = 0.002108, avg S = 0.5344/1.7918, max S = 1.4211/1.7918 (epoch time: 65.92s)
Epoch 130: l_f = 0.262172, l_q = 0.002148, avg S = 0.5345/1.7918, max S = 1.4285/1.7918 (epoch time: 71.45s)
Epoch 140: l_f = 0.267711, l_q = 0.006874, avg S = 0.5355/1.7918, max S = 1.4414/1.7918 (epoch time: 68.49s)
Epoch 150: l_f = 0.192520, l_q = 0.006479, avg S = 0.5358/1.7918, max S = 1.4367/1.7918 (epoch time: 68.53s)
Epoch 160: l_f = 0.292556, l_q = 0.007395, avg S = 0.5332/1.7918, max S = 1.4286/1.7918 (epoch time: 61.53s)
Epoch 170: l_f = 0.121836, l_q = 0.012830, avg S = 0.5319/1.7918, max S = 1.4302/1.7918 (epoch time: 61.99s)
Epoch 180: l_f = 0.772561, l_q = 0.009573, avg S = 0.5332/1.7918, max S = 1.4361/1.7918 (epoch time: 62.70s)
Epoch 190: l_f = 0.062921, l_q = 0.004969, avg S = 0.5349/1.7918, max S = 1.4414/1.7918 (epoch time: 70.34s)
Epoch 200: l_f = 0.048241, l_q = 0.005911, avg S = 0.5322/1.7918, max S = 1.4344/1.7918 (epoch time: 63.11s)
Epoch 210: l_f = 0.263687, l_q = 0.002505, avg S = 0.5306/1.7918, max S = 1.4317/1.7918 (epoch time: 62.19s)
Epoch 220: l_f = 0.015867, l_q = 0.002949, avg S = 0.5299/1.7918, max S = 1.4313/1.7918 (epoch time: 61.76s)
Epoch 230: l_f = 0.059264, l_q = 0.002693, avg S = 0.5302/1.7918, max S = 1.4342/1.7918 (epoch time: 62.16s)
Epoch 240: l_f = 0.129247, l_q = 0.002368, avg S = 0.5311/1.7918, max S = 1.4359/1.7918 (epoch time: 64.57s)
SubTraining time: 14038.86s
L_f = 0.185934, L_q = 0.002818
[SUMMARY] Full script time: 14051.33s
[/bin/bash] Script finished
[/bin/bash] Copy files back to cwd
[/bin/bash] Successfully copied results to /home/s4116488/Documents/MPS/cuda-samples/plotsA_bond_6/index_4
[/bin/bash] #### Finished GPU TensorCircuit array job. Have a nice day
