[/bin/bash] #### Starting GPU TensorCircuit array job
[/bin/bash] This is s4116488 and my MPS job has the ID 4075716, Task ID 71
[/bin/bash] Using bond dimension: 1 and init index: 1
[/bin/bash] CWD: /home/s4116488/Documents/MPS/cuda-samples
[/bin/bash] Using GPU: 0
[/bin/bash] Path of python file: /home/s4116488/Documents/MPS/cuda-samples
[/bin/bash] Node scratch: /scratchdata/s4116488/4075716
[/bin/bash] Run directory/scratchdata/s4116488/4075716/tc_gpu_A_bond_1_init_1_4075716
[/bin/bash] Run script with bond dimension 1 and init index 1

[INFO] Running train with bond dimension: 1
[INFO] Using init index: 1
Epoch 0: l_f = 319.078217, l_q = 0.812780, avg S = 0.0359/0.0000, max S = 0.0897/0.0000 (epoch time: 44.24s)
Epoch 10: l_f = 45.913681, l_q = 0.188305, avg S = 0.1019/0.0000, max S = 0.2549/0.0000 (epoch time: 27.86s)
Epoch 20: l_f = 35.278328, l_q = 0.246444, avg S = 0.0803/0.0000, max S = 0.2007/0.0000 (epoch time: 28.24s)
Epoch 30: l_f = 55.668243, l_q = 0.301330, avg S = 0.1001/0.0000, max S = 0.2501/0.0000 (epoch time: 27.67s)
Epoch 40: l_f = 89.323723, l_q = 0.299689, avg S = 0.1025/0.0000, max S = 0.2562/0.0000 (epoch time: 34.46s)
Epoch 50: l_f = 80.821159, l_q = 0.279325, avg S = 0.0943/0.0000, max S = 0.2356/0.0000 (epoch time: 28.49s)
Epoch 60: l_f = 62.144165, l_q = 0.230912, avg S = 0.1039/0.0000, max S = 0.2597/0.0000 (epoch time: 28.99s)
Epoch 70: l_f = 34.055084, l_q = 0.196665, avg S = 0.0984/0.0000, max S = 0.2461/0.0000 (epoch time: 29.70s)
Epoch 80: l_f = 23.023420, l_q = 0.209270, avg S = 0.0853/0.0000, max S = 0.2134/0.0000 (epoch time: 33.18s)
Epoch 90: l_f = 13.454314, l_q = 0.192037, avg S = 0.0785/0.0000, max S = 0.1964/0.0000 (epoch time: 36.09s)
Epoch 100: l_f = 11.550248, l_q = 0.184818, avg S = 0.0794/0.0000, max S = 0.1985/0.0000 (epoch time: 29.69s)
Epoch 110: l_f = 11.587611, l_q = 0.201690, avg S = 0.0877/0.0000, max S = 0.2193/0.0000 (epoch time: 28.76s)
Epoch 120: l_f = 10.987706, l_q = 0.196879, avg S = 0.0909/0.0000, max S = 0.2273/0.0000 (epoch time: 29.72s)
Epoch 130: l_f = 8.957251, l_q = 0.186485, avg S = 0.0863/0.0000, max S = 0.2158/0.0000 (epoch time: 29.56s)
Epoch 140: l_f = 5.260859, l_q = 0.173033, avg S = 0.0801/0.0000, max S = 0.2002/0.0000 (epoch time: 37.68s)
Epoch 150: l_f = 26.154373, l_q = 0.215252, avg S = 0.0763/0.0000, max S = 0.1908/0.0000 (epoch time: 30.47s)
Epoch 160: l_f = 265.647980, l_q = 0.654283, avg S = 0.0645/0.0000, max S = 0.1614/0.0000 (epoch time: 39.00s)
Epoch 170: l_f = 268.456512, l_q = 0.881069, avg S = 0.0365/0.0000, max S = 0.0912/0.0000 (epoch time: 31.14s)
Epoch 180: l_f = 230.703690, l_q = 0.629344, avg S = 0.0531/0.0000, max S = 0.1327/0.0000 (epoch time: 30.79s)
Epoch 190: l_f = 94.812126, l_q = 0.319731, avg S = 0.0759/0.0000, max S = 0.1898/0.0000 (epoch time: 29.96s)
Epoch 200: l_f = 130.808151, l_q = 0.509715, avg S = 0.0697/0.0000, max S = 0.1743/0.0000 (epoch time: 31.05s)
Epoch 210: l_f = 290.165314, l_q = 0.862918, avg S = 0.0292/0.0000, max S = 0.0729/0.0000 (epoch time: 31.44s)
Epoch 220: l_f = 295.072418, l_q = 0.880525, avg S = 0.0244/0.0000, max S = 0.0611/0.0000 (epoch time: 31.22s)
Epoch 230: l_f = 270.337463, l_q = 0.769644, avg S = 0.0330/0.0000, max S = 0.0825/0.0000 (epoch time: 31.58s)
Epoch 240: l_f = 317.423187, l_q = 0.840128, avg S = 0.0403/0.0000, max S = 0.1007/0.0000 (epoch time: 30.67s)
SubTraining time: 7066.80s
L_f = 313.135223, L_q = 0.838802
[SUMMARY] Full script time: 7074.46s
[/bin/bash] Script finished
[/bin/bash] Copy files back to cwd
[/bin/bash] Successfully copied results to /home/s4116488/Documents/MPS/cuda-samples/plotsA_bond_1/index_1
[/bin/bash] #### Finished GPU TensorCircuit array job. Have a nice day
