[/bin/bash] #### Starting GPU TensorCircuit array job
[/bin/bash] This is s4116488 and my MPS job has the ID 4075529, Task ID 64
[/bin/bash] Using bond dimension: 2 and init index: 4
[/bin/bash] CWD: /home/s4116488/Documents/MPS/cuda-samples
[/bin/bash] Using GPU: 0
[/bin/bash] Path of python file: /home/s4116488/Documents/MPS/cuda-samples
[/bin/bash] Node scratch: /scratchdata/s4116488/4075529
[/bin/bash] Run directory/scratchdata/s4116488/4075529/tc_gpu_A_bond_2_init_4_4075529
[/bin/bash] Run script with bond dimension 2 and init index 4

[INFO] Running train with bond dimension: 2
[INFO] Using init index: 4
Epoch 0: l_f = 198.647491, l_q = 0.419634, avg S = 0.3831/0.6931, max S = 0.5894/0.6931 (epoch time: 71.08s)
Epoch 10: l_f = 6.302575, l_q = 0.330964, avg S = 0.3581/0.6931, max S = 0.5820/0.6931 (epoch time: 37.52s)
Epoch 20: l_f = 11.225894, l_q = 0.234851, avg S = 0.3177/0.6931, max S = 0.5312/0.6931 (epoch time: 39.38s)
Epoch 30: l_f = 45.539528, l_q = 0.171548, avg S = 0.3337/0.6931, max S = 0.5458/0.6931 (epoch time: 39.66s)
Epoch 40: l_f = 120.483940, l_q = 0.417110, avg S = 0.3276/0.6931, max S = 0.4619/0.6931 (epoch time: 41.21s)
Epoch 50: l_f = 21.177534, l_q = 0.165785, avg S = 0.3526/0.6931, max S = 0.4880/0.6931 (epoch time: 41.48s)
Epoch 60: l_f = 87.650452, l_q = 0.332400, avg S = 0.3401/0.6931, max S = 0.4797/0.6931 (epoch time: 41.35s)
Epoch 70: l_f = 58.164234, l_q = 0.259607, avg S = 0.3665/0.6931, max S = 0.5133/0.6931 (epoch time: 40.92s)
Epoch 80: l_f = 52.082912, l_q = 0.188388, avg S = 0.3511/0.6931, max S = 0.4945/0.6931 (epoch time: 39.10s)
Epoch 90: l_f = 9.807568, l_q = 0.083766, avg S = 0.3535/0.6931, max S = 0.4948/0.6931 (epoch time: 41.14s)
Epoch 100: l_f = 3.696838, l_q = 0.099793, avg S = 0.3523/0.6931, max S = 0.4960/0.6931 (epoch time: 42.30s)
Epoch 110: l_f = 2.357571, l_q = 0.104794, avg S = 0.3472/0.6931, max S = 0.4969/0.6931 (epoch time: 40.39s)
Epoch 120: l_f = 1.490493, l_q = 0.096946, avg S = 0.3461/0.6931, max S = 0.4994/0.6931 (epoch time: 43.45s)
Epoch 130: l_f = 1.037209, l_q = 0.094371, avg S = 0.3434/0.6931, max S = 0.4981/0.6931 (epoch time: 42.46s)
Epoch 140: l_f = 0.842862, l_q = 0.093700, avg S = 0.3423/0.6931, max S = 0.4974/0.6931 (epoch time: 42.67s)
Epoch 150: l_f = 0.644085, l_q = 0.093700, avg S = 0.3420/0.6931, max S = 0.4974/0.6931 (epoch time: 41.04s)
Epoch 160: l_f = 0.537337, l_q = 0.095808, avg S = 0.3416/0.6931, max S = 0.4966/0.6931 (epoch time: 44.74s)
Epoch 170: l_f = 0.371142, l_q = 0.097494, avg S = 0.3411/0.6931, max S = 0.4941/0.6931 (epoch time: 44.62s)
Epoch 180: l_f = 0.238395, l_q = 0.099934, avg S = 0.3416/0.6931, max S = 0.4928/0.6931 (epoch time: 40.67s)
Epoch 190: l_f = 0.189128, l_q = 0.100106, avg S = 0.3417/0.6931, max S = 0.4919/0.6931 (epoch time: 40.31s)
Epoch 200: l_f = 0.177851, l_q = 0.100606, avg S = 0.3409/0.6931, max S = 0.4906/0.6931 (epoch time: 41.47s)
Epoch 210: l_f = 0.114128, l_q = 0.101567, avg S = 0.3415/0.6931, max S = 0.4912/0.6931 (epoch time: 46.40s)
Epoch 220: l_f = 0.151904, l_q = 0.101407, avg S = 0.3408/0.6931, max S = 0.4896/0.6931 (epoch time: 40.68s)
Epoch 230: l_f = 0.107029, l_q = 0.101739, avg S = 0.3407/0.6931, max S = 0.4899/0.6931 (epoch time: 40.71s)
Epoch 240: l_f = 0.080746, l_q = 0.101859, avg S = 0.3407/0.6931, max S = 0.4904/0.6931 (epoch time: 45.41s)
SubTraining time: 9164.31s
L_f = 0.076947, L_q = 0.101573
[SUMMARY] Full script time: 9173.60s
[/bin/bash] Script finished
[/bin/bash] Copy files back to cwd
[/bin/bash] Successfully copied results to /home/s4116488/Documents/MPS/cuda-samples/plotsA_bond_2/index_4
[/bin/bash] #### Finished GPU TensorCircuit array job. Have a nice day
