[/bin/bash] #### Starting GPU TensorCircuit array job
[/bin/bash] This is s4116488 and my MPS job has the ID 4075049, Task ID 34
[/bin/bash] Using bond dimension: 5 and init index: 4
[/bin/bash] CWD: /home/s4116488/Documents/MPS/cuda-samples
[/bin/bash] Using GPU: 0
[/bin/bash] Path of python file: /home/s4116488/Documents/MPS/cuda-samples
[/bin/bash] Node scratch: /scratchdata/s4116488/4075049
[/bin/bash] Run directory/scratchdata/s4116488/4075049/tc_gpu_A_bond_5_init_4_4075049
[/bin/bash] Run script with bond dimension 5 and init index 4

[INFO] Running train with bond dimension: 5
[INFO] Using init index: 4
Epoch 0: l_f = 414.641663, l_q = 0.227123, avg S = 0.5648/1.6094, max S = 1.3090/1.6094 (epoch time: 106.29s)
Epoch 10: l_f = 3.830018, l_q = 0.038761, avg S = 0.5742/1.6094, max S = 1.3444/1.6094 (epoch time: 62.27s)
Epoch 20: l_f = 1.498496, l_q = 0.066944, avg S = 0.5648/1.6094, max S = 1.3166/1.6094 (epoch time: 63.18s)
Epoch 30: l_f = 0.470362, l_q = 0.069916, avg S = 0.5577/1.6094, max S = 1.3165/1.6094 (epoch time: 65.79s)
Epoch 40: l_f = 0.149475, l_q = 0.055193, avg S = 0.5528/1.6094, max S = 1.3187/1.6094 (epoch time: 67.01s)
Epoch 50: l_f = 0.061057, l_q = 0.046934, avg S = 0.5497/1.6094, max S = 1.3174/1.6094 (epoch time: 64.87s)
Epoch 60: l_f = 0.028464, l_q = 0.040726, avg S = 0.5496/1.6094, max S = 1.3176/1.6094 (epoch time: 64.38s)
Epoch 70: l_f = 0.018219, l_q = 0.035729, avg S = 0.5495/1.6094, max S = 1.3177/1.6094 (epoch time: 64.77s)
Epoch 80: l_f = 0.015433, l_q = 0.032594, avg S = 0.5505/1.6094, max S = 1.3199/1.6094 (epoch time: 67.34s)
Epoch 90: l_f = 0.011297, l_q = 0.031662, avg S = 0.5500/1.6094, max S = 1.3190/1.6094 (epoch time: 68.22s)
Epoch 100: l_f = 0.276021, l_q = 0.029817, avg S = 0.5505/1.6094, max S = 1.3197/1.6094 (epoch time: 68.44s)
Epoch 110: l_f = 0.028355, l_q = 0.029312, avg S = 0.5507/1.6094, max S = 1.3198/1.6094 (epoch time: 62.97s)
Epoch 120: l_f = 0.148507, l_q = 0.028646, avg S = 0.5507/1.6094, max S = 1.3195/1.6094 (epoch time: 67.46s)
Epoch 130: l_f = 0.040874, l_q = 0.028476, avg S = 0.5507/1.6094, max S = 1.3195/1.6094 (epoch time: 70.72s)
Epoch 140: l_f = 0.622282, l_q = 0.029975, avg S = 0.5504/1.6094, max S = 1.3192/1.6094 (epoch time: 69.40s)
Epoch 150: l_f = 0.126499, l_q = 0.025729, avg S = 0.5513/1.6094, max S = 1.3209/1.6094 (epoch time: 70.26s)
Epoch 160: l_f = 0.036332, l_q = 0.028629, avg S = 0.5510/1.6094, max S = 1.3213/1.6094 (epoch time: 63.52s)
Epoch 170: l_f = 0.133526, l_q = 0.023006, avg S = 0.5522/1.6094, max S = 1.3206/1.6094 (epoch time: 64.50s)
Epoch 180: l_f = 0.013536, l_q = 0.026461, avg S = 0.5518/1.6094, max S = 1.3201/1.6094 (epoch time: 64.01s)
Epoch 190: l_f = 0.152207, l_q = 0.024696, avg S = 0.5529/1.6094, max S = 1.3207/1.6094 (epoch time: 72.37s)
Epoch 200: l_f = 0.073084, l_q = 0.024349, avg S = 0.5540/1.6094, max S = 1.3213/1.6094 (epoch time: 63.67s)
Epoch 210: l_f = 0.039861, l_q = 0.028309, avg S = 0.5536/1.6094, max S = 1.3211/1.6094 (epoch time: 63.72s)
Epoch 220: l_f = 0.028379, l_q = 0.026452, avg S = 0.5550/1.6094, max S = 1.3220/1.6094 (epoch time: 63.73s)
Epoch 230: l_f = 0.208788, l_q = 0.027740, avg S = 0.5563/1.6094, max S = 1.3229/1.6094 (epoch time: 62.70s)
Epoch 240: l_f = 0.072172, l_q = 0.026946, avg S = 0.5557/1.6094, max S = 1.3212/1.6094 (epoch time: 64.62s)
SubTraining time: 14478.29s
L_f = 0.277389, L_q = 0.024405
[SUMMARY] Full script time: 14490.35s
[/bin/bash] Script finished
[/bin/bash] Copy files back to cwd
[/bin/bash] Successfully copied results to /home/s4116488/Documents/MPS/cuda-samples/plotsA_bond_5/index_4
[/bin/bash] #### Finished GPU TensorCircuit array job. Have a nice day
