[/bin/bash] #### Starting GPU TensorCircuit array job
[/bin/bash] This is s4116488 and my MPS job has the ID 4074604, Task ID 7
[/bin/bash] Using bond dimension: 8 and init index: 7
[/bin/bash] CWD: /home/s4116488/Documents/MPS/cuda-samples
[/bin/bash] Using GPU: 0
[/bin/bash] Path of python file: /home/s4116488/Documents/MPS/cuda-samples
[/bin/bash] Node scratch: /scratchdata/s4116488/4074604
[/bin/bash] Run directory/scratchdata/s4116488/4074604/tc_gpu_A_bond_8_init_7_4074604
[/bin/bash] Run script with bond dimension 8 and init index 7

[INFO] Running train with bond dimension: 8
[INFO] Using init index: 7
Epoch 0: l_f = 742.873047, l_q = 0.405358, avg S = 0.5477/2.0794, max S = 1.4919/2.0794 (epoch time: 108.38s)
Epoch 10: l_f = 2.970488, l_q = 0.043542, avg S = 0.5214/2.0794, max S = 1.4786/2.0794 (epoch time: 60.79s)
Epoch 20: l_f = 2.239892, l_q = 0.069657, avg S = 0.5269/2.0794, max S = 1.5072/2.0794 (epoch time: 58.67s)
Epoch 30: l_f = 0.789965, l_q = 0.037274, avg S = 0.5304/2.0794, max S = 1.5273/2.0794 (epoch time: 61.57s)
Epoch 40: l_f = 0.365831, l_q = 0.013721, avg S = 0.5305/2.0794, max S = 1.5230/2.0794 (epoch time: 63.29s)
Epoch 50: l_f = 0.113711, l_q = 0.004358, avg S = 0.5323/2.0794, max S = 1.5204/2.0794 (epoch time: 64.42s)
Epoch 60: l_f = 0.067466, l_q = 0.002581, avg S = 0.5322/2.0794, max S = 1.5160/2.0794 (epoch time: 61.78s)
Epoch 70: l_f = 0.013712, l_q = 0.001538, avg S = 0.5326/2.0794, max S = 1.5155/2.0794 (epoch time: 62.79s)
Epoch 80: l_f = 0.046699, l_q = 0.001480, avg S = 0.5327/2.0794, max S = 1.5144/2.0794 (epoch time: 59.00s)
Epoch 90: l_f = 0.081324, l_q = 0.001283, avg S = 0.5329/2.0794, max S = 1.5144/2.0794 (epoch time: 64.13s)
Epoch 100: l_f = 0.031404, l_q = 0.001135, avg S = 0.5326/2.0794, max S = 1.5151/2.0794 (epoch time: 61.95s)
Epoch 110: l_f = 0.008215, l_q = 0.001611, avg S = 0.5325/2.0794, max S = 1.5152/2.0794 (epoch time: 64.34s)
Epoch 120: l_f = 0.209747, l_q = 0.002312, avg S = 0.5320/2.0794, max S = 1.5137/2.0794 (epoch time: 61.49s)
Epoch 130: l_f = 0.273612, l_q = 0.002276, avg S = 0.5336/2.0794, max S = 1.5156/2.0794 (epoch time: 62.75s)
Epoch 140: l_f = 0.015833, l_q = 0.003630, avg S = 0.5343/2.0794, max S = 1.5125/2.0794 (epoch time: 60.87s)
Epoch 150: l_f = 0.040383, l_q = 0.001573, avg S = 0.5351/2.0794, max S = 1.5149/2.0794 (epoch time: 60.23s)
Epoch 160: l_f = 0.004331, l_q = 0.001647, avg S = 0.5350/2.0794, max S = 1.5120/2.0794 (epoch time: 62.62s)
Epoch 170: l_f = 0.015953, l_q = 0.001442, avg S = 0.5352/2.0794, max S = 1.5118/2.0794 (epoch time: 65.41s)
Epoch 180: l_f = 0.019831, l_q = 0.000676, avg S = 0.5350/2.0794, max S = 1.5109/2.0794 (epoch time: 61.58s)
Epoch 190: l_f = 0.046161, l_q = 0.001079, avg S = 0.5332/2.0794, max S = 1.5082/2.0794 (epoch time: 60.08s)
Epoch 200: l_f = 0.123212, l_q = 0.001273, avg S = 0.5333/2.0794, max S = 1.5096/2.0794 (epoch time: 67.51s)
Epoch 210: l_f = 0.096397, l_q = 0.000991, avg S = 0.5337/2.0794, max S = 1.5084/2.0794 (epoch time: 65.21s)
Epoch 220: l_f = 0.023559, l_q = 0.001778, avg S = 0.5338/2.0794, max S = 1.5075/2.0794 (epoch time: 65.74s)
Epoch 230: l_f = 0.014758, l_q = 0.001505, avg S = 0.5342/2.0794, max S = 1.5069/2.0794 (epoch time: 67.94s)
Epoch 240: l_f = 0.004883, l_q = 0.001971, avg S = 0.5349/2.0794, max S = 1.5075/2.0794 (epoch time: 58.11s)
SubTraining time: 13832.85s
L_f = 0.127921, L_q = 0.000746
[SUMMARY] Full script time: 13847.20s
[/bin/bash] Script finished
[/bin/bash] Copy files back to cwd
[/bin/bash] Successfully copied results to /home/s4116488/Documents/MPS/cuda-samples/plotsA_bond_8/index_7
[/bin/bash] #### Finished GPU TensorCircuit array job. Have a nice day
