[/bin/bash] #### Starting GPU TensorCircuit array job
[/bin/bash] This is s4116488 and my MPS job has the ID 4074600, Task ID 3
[/bin/bash] Using bond dimension: 8 and init index: 3
[/bin/bash] CWD: /home/s4116488/Documents/MPS/cuda-samples
[/bin/bash] Using GPU: 0
[/bin/bash] Path of python file: /home/s4116488/Documents/MPS/cuda-samples
[/bin/bash] Node scratch: /scratchdata/s4116488/4074600
[/bin/bash] Run directory/scratchdata/s4116488/4074600/tc_gpu_A_bond_8_init_3_4074600
[/bin/bash] Run script with bond dimension 8 and init index 3

[INFO] Running train with bond dimension: 8
[INFO] Using init index: 3
Epoch 0: l_f = 135.227432, l_q = 0.106195, avg S = 0.5397/2.0794, max S = 1.4573/2.0794 (epoch time: 110.71s)
Epoch 10: l_f = 9.936398, l_q = 0.034023, avg S = 0.5292/2.0794, max S = 1.4269/2.0794 (epoch time: 59.95s)
Epoch 20: l_f = 4.506568, l_q = 0.005444, avg S = 0.5269/2.0794, max S = 1.4186/2.0794 (epoch time: 59.69s)
Epoch 30: l_f = 1.787991, l_q = 0.012990, avg S = 0.5217/2.0794, max S = 1.4022/2.0794 (epoch time: 61.74s)
Epoch 40: l_f = 0.614848, l_q = 0.013251, avg S = 0.5198/2.0794, max S = 1.3955/2.0794 (epoch time: 61.38s)
Epoch 50: l_f = 0.170144, l_q = 0.009739, avg S = 0.5189/2.0794, max S = 1.3951/2.0794 (epoch time: 67.67s)
Epoch 60: l_f = 0.093163, l_q = 0.009964, avg S = 0.5171/2.0794, max S = 1.3927/2.0794 (epoch time: 67.16s)
Epoch 70: l_f = 0.035930, l_q = 0.007041, avg S = 0.5166/2.0794, max S = 1.3920/2.0794 (epoch time: 62.83s)
Epoch 80: l_f = 0.022354, l_q = 0.004818, avg S = 0.5158/2.0794, max S = 1.3897/2.0794 (epoch time: 61.80s)
Epoch 90: l_f = 0.023688, l_q = 0.004739, avg S = 0.5155/2.0794, max S = 1.3896/2.0794 (epoch time: 68.61s)
Epoch 100: l_f = 0.074461, l_q = 0.002870, avg S = 0.5153/2.0794, max S = 1.3893/2.0794 (epoch time: 63.80s)
Epoch 110: l_f = 0.017403, l_q = 0.002166, avg S = 0.5161/2.0794, max S = 1.3918/2.0794 (epoch time: 81.30s)
Epoch 120: l_f = 0.060401, l_q = 0.001705, avg S = 0.5167/2.0794, max S = 1.3945/2.0794 (epoch time: 72.72s)
Epoch 130: l_f = 0.010531, l_q = 0.001361, avg S = 0.5169/2.0794, max S = 1.3948/2.0794 (epoch time: 60.25s)
Epoch 140: l_f = 0.011788, l_q = 0.001079, avg S = 0.5169/2.0794, max S = 1.3953/2.0794 (epoch time: 60.85s)
Epoch 150: l_f = 0.018004, l_q = 0.001014, avg S = 0.5170/2.0794, max S = 1.3958/2.0794 (epoch time: 60.23s)
Epoch 160: l_f = 0.011035, l_q = 0.001334, avg S = 0.5171/2.0794, max S = 1.3973/2.0794 (epoch time: 62.95s)
Epoch 170: l_f = 0.027589, l_q = 0.000980, avg S = 0.5161/2.0794, max S = 1.3959/2.0794 (epoch time: 67.36s)
Epoch 180: l_f = 0.035773, l_q = 0.001415, avg S = 0.5156/2.0794, max S = 1.3945/2.0794 (epoch time: 61.18s)
Epoch 190: l_f = 0.041111, l_q = 0.001430, avg S = 0.5151/2.0794, max S = 1.3931/2.0794 (epoch time: 60.10s)
Epoch 200: l_f = 0.011310, l_q = 0.001338, avg S = 0.5156/2.0794, max S = 1.3926/2.0794 (epoch time: 66.67s)
Epoch 210: l_f = 0.054833, l_q = 0.001087, avg S = 0.5156/2.0794, max S = 1.3936/2.0794 (epoch time: 68.29s)
Epoch 220: l_f = 0.101222, l_q = 0.001180, avg S = 0.5159/2.0794, max S = 1.3952/2.0794 (epoch time: 68.37s)
Epoch 230: l_f = 0.096971, l_q = 0.001141, avg S = 0.5165/2.0794, max S = 1.3977/2.0794 (epoch time: 71.20s)
Epoch 240: l_f = 0.039470, l_q = 0.000987, avg S = 0.5161/2.0794, max S = 1.3958/2.0794 (epoch time: 60.52s)
SubTraining time: 14350.83s
L_f = 0.015282, L_q = 0.001985
[SUMMARY] Full script time: 14365.74s
[/bin/bash] Script finished
[/bin/bash] Copy files back to cwd
[/bin/bash] Successfully copied results to /home/s4116488/Documents/MPS/cuda-samples/plotsA_bond_8/index_3
[/bin/bash] #### Finished GPU TensorCircuit array job. Have a nice day
