[/bin/bash] #### Starting GPU TensorCircuit array job
[/bin/bash] This is s4116488 and my MPS job has the ID 4069080, Task ID 79
[/bin/bash] Using bond dimension: 1 and init index: 9
[/bin/bash] CWD: /home/s4116488/Documents/MPS/cuda-samples
[/bin/bash] Using GPU: 0
[/bin/bash] Path of python file: /home/s4116488/Documents/MPS/cuda-samples
[/bin/bash] Node scratch: /scratchdata/s4116488/4069080
[/bin/bash] Run directory/scratchdata/s4116488/4069080/tc_gpu_A_bond_1_init_9_4069080
[/bin/bash] Run script with bond dimension 1 and init index 9

[INFO] Running train with bond dimension: 1
[INFO] Using init index: 9
Epoch 0: l_f = 263.220551, l_q = 0.822239, avg S = 0.0467/0.0000, max S = 0.1167/0.0000 (epoch time: 40.82s)
Epoch 10: l_f = 287.711304, l_q = 1.138849, avg S = 0.0773/0.0000, max S = 0.1932/0.0000 (epoch time: 20.21s)
Epoch 20: l_f = 319.007263, l_q = 0.919270, avg S = 0.0456/0.0000, max S = 0.1140/0.0000 (epoch time: 21.54s)
Epoch 30: l_f = 251.931427, l_q = 0.660081, avg S = 0.0661/0.0000, max S = 0.1652/0.0000 (epoch time: 20.72s)
Epoch 40: l_f = 174.381927, l_q = 0.472899, avg S = 0.0766/0.0000, max S = 0.1916/0.0000 (epoch time: 20.61s)
Epoch 50: l_f = 76.767426, l_q = 0.328858, avg S = 0.0940/0.0000, max S = 0.2350/0.0000 (epoch time: 20.76s)
Epoch 60: l_f = 153.996933, l_q = 0.526529, avg S = 0.0439/0.0000, max S = 0.1096/0.0000 (epoch time: 21.41s)
Epoch 70: l_f = 282.217346, l_q = 0.666043, avg S = 0.0215/0.0000, max S = 0.0538/0.0000 (epoch time: 21.39s)
Epoch 80: l_f = 202.602890, l_q = 0.615408, avg S = 0.0326/0.0000, max S = 0.0815/0.0000 (epoch time: 21.40s)
Epoch 90: l_f = 193.381119, l_q = 0.618511, avg S = 0.0348/0.0000, max S = 0.0869/0.0000 (epoch time: 21.82s)
Epoch 100: l_f = 296.320282, l_q = 0.838682, avg S = 0.0323/0.0000, max S = 0.0807/0.0000 (epoch time: 21.60s)
Epoch 110: l_f = 306.367340, l_q = 0.875413, avg S = 0.0188/0.0000, max S = 0.0470/0.0000 (epoch time: 22.83s)
Epoch 120: l_f = 274.521942, l_q = 0.804914, avg S = 0.0324/0.0000, max S = 0.0810/0.0000 (epoch time: 21.92s)
Epoch 130: l_f = 304.837494, l_q = 0.863167, avg S = 0.0168/0.0000, max S = 0.0421/0.0000 (epoch time: 22.17s)
Epoch 140: l_f = 340.821014, l_q = 0.850149, avg S = 0.0150/0.0000, max S = 0.0376/0.0000 (epoch time: 24.26s)
Epoch 150: l_f = 292.819427, l_q = 0.836541, avg S = 0.0179/0.0000, max S = 0.0447/0.0000 (epoch time: 23.60s)
Epoch 160: l_f = 300.529877, l_q = 0.855877, avg S = 0.0217/0.0000, max S = 0.0543/0.0000 (epoch time: 23.25s)
Epoch 170: l_f = 292.665100, l_q = 0.830867, avg S = 0.0217/0.0000, max S = 0.0542/0.0000 (epoch time: 25.48s)
Epoch 180: l_f = 286.701172, l_q = 0.826714, avg S = 0.0294/0.0000, max S = 0.0736/0.0000 (epoch time: 23.37s)
Epoch 190: l_f = 272.957245, l_q = 0.820301, avg S = 0.0312/0.0000, max S = 0.0781/0.0000 (epoch time: 24.53s)
Epoch 200: l_f = 259.072845, l_q = 0.809210, avg S = 0.0335/0.0000, max S = 0.0838/0.0000 (epoch time: 25.05s)
Epoch 210: l_f = 242.599411, l_q = 0.797098, avg S = 0.0348/0.0000, max S = 0.0870/0.0000 (epoch time: 25.46s)
Epoch 220: l_f = 223.013107, l_q = 0.782257, avg S = 0.0348/0.0000, max S = 0.0871/0.0000 (epoch time: 24.17s)
Epoch 230: l_f = 212.761581, l_q = 0.760209, avg S = 0.0353/0.0000, max S = 0.0884/0.0000 (epoch time: 26.88s)
Epoch 240: l_f = 204.634750, l_q = 0.746836, avg S = 0.0362/0.0000, max S = 0.0904/0.0000 (epoch time: 24.63s)
SubTraining time: 5074.09s
L_f = 199.654404, L_q = 0.727786
[SUMMARY] Full script time: 5085.57s
[/bin/bash] Script finished
[/bin/bash] Copy files back to cwd
[/bin/bash] Successfully copied results to /home/s4116488/Documents/MPS/cuda-samples/plotsA_bond_1/index_9
[/bin/bash] #### Finished GPU TensorCircuit array job. Have a nice day
