[/bin/bash] #### Starting GPU TensorCircuit array job
[/bin/bash] This is s4116488 and my MPS job has the ID 4075351, Task ID 52
[/bin/bash] Using bond dimension: 3 and init index: 2
[/bin/bash] CWD: /home/s4116488/Documents/MPS/cuda-samples
[/bin/bash] Using GPU: 0
[/bin/bash] Path of python file: /home/s4116488/Documents/MPS/cuda-samples
[/bin/bash] Node scratch: /scratchdata/s4116488/4075351
[/bin/bash] Run directory/scratchdata/s4116488/4075351/tc_gpu_A_bond_3_init_2_4075351
[/bin/bash] Run script with bond dimension 3 and init index 2

[INFO] Running train with bond dimension: 3
[INFO] Using init index: 2
Epoch 0: l_f = 124.443604, l_q = 0.461407, avg S = 0.4055/1.0986, max S = 0.8396/1.0986 (epoch time: 93.44s)
Epoch 10: l_f = 16.416988, l_q = 0.170854, avg S = 0.4145/1.0986, max S = 0.8677/1.0986 (epoch time: 51.47s)
Epoch 20: l_f = 15.758713, l_q = 0.056098, avg S = 0.4195/1.0986, max S = 0.8829/1.0986 (epoch time: 52.24s)
Epoch 30: l_f = 6.804340, l_q = 0.059366, avg S = 0.4135/1.0986, max S = 0.8860/1.0986 (epoch time: 53.62s)
Epoch 40: l_f = 2.750398, l_q = 0.041829, avg S = 0.4112/1.0986, max S = 0.8703/1.0986 (epoch time: 54.50s)
Epoch 50: l_f = 0.786478, l_q = 0.042857, avg S = 0.4114/1.0986, max S = 0.8614/1.0986 (epoch time: 55.14s)
Epoch 60: l_f = 0.325571, l_q = 0.035033, avg S = 0.4102/1.0986, max S = 0.8611/1.0986 (epoch time: 55.43s)
Epoch 70: l_f = 0.139285, l_q = 0.033576, avg S = 0.4100/1.0986, max S = 0.8630/1.0986 (epoch time: 55.81s)
Epoch 80: l_f = 0.056701, l_q = 0.033206, avg S = 0.4093/1.0986, max S = 0.8635/1.0986 (epoch time: 56.16s)
Epoch 90: l_f = 0.068008, l_q = 0.033017, avg S = 0.4082/1.0986, max S = 0.8634/1.0986 (epoch time: 53.30s)
Epoch 100: l_f = 0.051572, l_q = 0.034010, avg S = 0.4081/1.0986, max S = 0.8631/1.0986 (epoch time: 53.51s)
Epoch 110: l_f = 0.128656, l_q = 0.034982, avg S = 0.4088/1.0986, max S = 0.8639/1.0986 (epoch time: 58.83s)
Epoch 120: l_f = 0.181249, l_q = 0.034313, avg S = 0.4082/1.0986, max S = 0.8636/1.0986 (epoch time: 69.66s)
Epoch 130: l_f = 0.040276, l_q = 0.035179, avg S = 0.4083/1.0986, max S = 0.8639/1.0986 (epoch time: 60.45s)
Epoch 140: l_f = 0.041724, l_q = 0.034849, avg S = 0.4072/1.0986, max S = 0.8618/1.0986 (epoch time: 58.83s)
Epoch 150: l_f = 0.015459, l_q = 0.034772, avg S = 0.4071/1.0986, max S = 0.8618/1.0986 (epoch time: 54.73s)
Epoch 160: l_f = 0.007205, l_q = 0.035053, avg S = 0.4078/1.0986, max S = 0.8633/1.0986 (epoch time: 53.57s)
Epoch 170: l_f = 0.055107, l_q = 0.034677, avg S = 0.4082/1.0986, max S = 0.8643/1.0986 (epoch time: 57.05s)
Epoch 180: l_f = 0.031001, l_q = 0.034885, avg S = 0.4078/1.0986, max S = 0.8628/1.0986 (epoch time: 59.32s)
Epoch 190: l_f = 0.042817, l_q = 0.034757, avg S = 0.4075/1.0986, max S = 0.8622/1.0986 (epoch time: 61.31s)
Epoch 200: l_f = 0.066359, l_q = 0.034603, avg S = 0.4078/1.0986, max S = 0.8636/1.0986 (epoch time: 74.62s)
Epoch 210: l_f = 0.017503, l_q = 0.033471, avg S = 0.4078/1.0986, max S = 0.8635/1.0986 (epoch time: 75.38s)
Epoch 220: l_f = 0.047830, l_q = 0.033149, avg S = 0.4082/1.0986, max S = 0.8648/1.0986 (epoch time: 67.21s)
Epoch 230: l_f = 0.007372, l_q = 0.034621, avg S = 0.4081/1.0986, max S = 0.8641/1.0986 (epoch time: 55.61s)
Epoch 240: l_f = 0.008424, l_q = 0.034318, avg S = 0.4082/1.0986, max S = 0.8642/1.0986 (epoch time: 54.15s)
SubTraining time: 12865.92s
L_f = 0.005937, L_q = 0.034352
[SUMMARY] Full script time: 12876.42s
[/bin/bash] Script finished
[/bin/bash] Copy files back to cwd
[/bin/bash] Successfully copied results to /home/s4116488/Documents/MPS/cuda-samples/plotsA_bond_3/index_2
[/bin/bash] #### Finished GPU TensorCircuit array job. Have a nice day
