[/bin/bash] #### Starting GPU TensorCircuit array job
[/bin/bash] This is s4116488 and my MPS job has the ID 4075218, Task ID 47
[/bin/bash] Using bond dimension: 4 and init index: 7
[/bin/bash] CWD: /home/s4116488/Documents/MPS/cuda-samples
[/bin/bash] Using GPU: 0
[/bin/bash] Path of python file: /home/s4116488/Documents/MPS/cuda-samples
[/bin/bash] Node scratch: /scratchdata/s4116488/4075218
[/bin/bash] Run directory/scratchdata/s4116488/4075218/tc_gpu_A_bond_4_init_7_4075218
[/bin/bash] Run script with bond dimension 4 and init index 7

[INFO] Running train with bond dimension: 4
[INFO] Using init index: 7
Epoch 0: l_f = 591.664490, l_q = 0.406665, avg S = 0.5668/1.3863, max S = 1.1831/1.3863 (epoch time: 91.99s)
Epoch 10: l_f = 15.742282, l_q = 0.106208, avg S = 0.5416/1.3863, max S = 1.1609/1.3863 (epoch time: 51.61s)
Epoch 20: l_f = 2.691903, l_q = 0.090905, avg S = 0.5649/1.3863, max S = 1.1740/1.3863 (epoch time: 57.41s)
Epoch 30: l_f = 1.187257, l_q = 0.132938, avg S = 0.5730/1.3863, max S = 1.1942/1.3863 (epoch time: 70.40s)
Epoch 40: l_f = 0.649201, l_q = 0.157285, avg S = 0.5818/1.3863, max S = 1.2159/1.3863 (epoch time: 67.56s)
Epoch 50: l_f = 0.426539, l_q = 0.159938, avg S = 0.5846/1.3863, max S = 1.2201/1.3863 (epoch time: 68.37s)
Epoch 60: l_f = 0.287890, l_q = 0.159795, avg S = 0.5841/1.3863, max S = 1.2177/1.3863 (epoch time: 54.59s)
Epoch 70: l_f = 0.202859, l_q = 0.158014, avg S = 0.5847/1.3863, max S = 1.2176/1.3863 (epoch time: 55.03s)
Epoch 80: l_f = 0.168720, l_q = 0.155980, avg S = 0.5852/1.3863, max S = 1.2175/1.3863 (epoch time: 53.61s)
Epoch 90: l_f = 0.132710, l_q = 0.157097, avg S = 0.5833/1.3863, max S = 1.2157/1.3863 (epoch time: 58.55s)
Epoch 100: l_f = 0.122742, l_q = 0.154139, avg S = 0.5822/1.3863, max S = 1.2134/1.3863 (epoch time: 58.29s)
Epoch 110: l_f = 0.112427, l_q = 0.150350, avg S = 0.5803/1.3863, max S = 1.2111/1.3863 (epoch time: 58.37s)
Epoch 120: l_f = 0.081060, l_q = 0.151515, avg S = 0.5784/1.3863, max S = 1.2096/1.3863 (epoch time: 54.69s)
Epoch 130: l_f = 0.158201, l_q = 0.150546, avg S = 0.5764/1.3863, max S = 1.2085/1.3863 (epoch time: 52.89s)
Epoch 140: l_f = 0.048442, l_q = 0.148802, avg S = 0.5744/1.3863, max S = 1.2061/1.3863 (epoch time: 59.75s)
Epoch 150: l_f = 0.031181, l_q = 0.147719, avg S = 0.5730/1.3863, max S = 1.2042/1.3863 (epoch time: 59.66s)
Epoch 160: l_f = 0.066027, l_q = 0.151183, avg S = 0.5711/1.3863, max S = 1.2030/1.3863 (epoch time: 56.34s)
Epoch 170: l_f = 0.118870, l_q = 0.145351, avg S = 0.5707/1.3863, max S = 1.2021/1.3863 (epoch time: 54.18s)
Epoch 180: l_f = 0.090778, l_q = 0.146760, avg S = 0.5685/1.3863, max S = 1.2006/1.3863 (epoch time: 61.15s)
Epoch 190: l_f = 0.137997, l_q = 0.145595, avg S = 0.5683/1.3863, max S = 1.2006/1.3863 (epoch time: 53.13s)
Epoch 200: l_f = 0.012367, l_q = 0.148708, avg S = 0.5687/1.3863, max S = 1.1997/1.3863 (epoch time: 60.84s)
Epoch 210: l_f = 0.007980, l_q = 0.145444, avg S = 0.5680/1.3863, max S = 1.1996/1.3863 (epoch time: 55.69s)
Epoch 220: l_f = 0.027146, l_q = 0.148768, avg S = 0.5674/1.3863, max S = 1.2001/1.3863 (epoch time: 53.57s)
Epoch 230: l_f = 0.116444, l_q = 0.150303, avg S = 0.5667/1.3863, max S = 1.2004/1.3863 (epoch time: 52.87s)
Epoch 240: l_f = 0.049024, l_q = 0.144704, avg S = 0.5664/1.3863, max S = 1.1976/1.3863 (epoch time: 54.14s)
SubTraining time: 12755.43s
L_f = 0.008024, L_q = 0.150144
[SUMMARY] Full script time: 12766.01s
[/bin/bash] Script finished
[/bin/bash] Copy files back to cwd
[/bin/bash] Successfully copied results to /home/s4116488/Documents/MPS/cuda-samples/plotsA_bond_4/index_7
[/bin/bash] #### Finished GPU TensorCircuit array job. Have a nice day
