[/bin/bash] #### Starting GPU TensorCircuit array job
[/bin/bash] This is s4116488 and my MPS job has the ID 4075202, Task ID 42
[/bin/bash] Using bond dimension: 4 and init index: 2
[/bin/bash] CWD: /home/s4116488/Documents/MPS/cuda-samples
[/bin/bash] Using GPU: 0
[/bin/bash] Path of python file: /home/s4116488/Documents/MPS/cuda-samples
[/bin/bash] Node scratch: /scratchdata/s4116488/4075202
[/bin/bash] Run directory/scratchdata/s4116488/4075202/tc_gpu_A_bond_4_init_2_4075202
[/bin/bash] Run script with bond dimension 4 and init index 2

[INFO] Running train with bond dimension: 4
[INFO] Using init index: 2
Epoch 0: l_f = 204.833542, l_q = 0.101743, avg S = 0.5726/1.3863, max S = 1.1852/1.3863 (epoch time: 108.12s)
Epoch 10: l_f = 4.445465, l_q = 0.089640, avg S = 0.5840/1.3863, max S = 1.2158/1.3863 (epoch time: 59.09s)
Epoch 20: l_f = 2.089678, l_q = 0.184483, avg S = 0.5727/1.3863, max S = 1.1835/1.3863 (epoch time: 64.99s)
Epoch 30: l_f = 1.312594, l_q = 0.216260, avg S = 0.5765/1.3863, max S = 1.1830/1.3863 (epoch time: 67.66s)
Epoch 40: l_f = 0.283686, l_q = 0.200998, avg S = 0.5737/1.3863, max S = 1.1892/1.3863 (epoch time: 65.55s)
Epoch 50: l_f = 0.226493, l_q = 0.175802, avg S = 0.5735/1.3863, max S = 1.1902/1.3863 (epoch time: 86.99s)
Epoch 60: l_f = 0.104134, l_q = 0.144417, avg S = 0.5730/1.3863, max S = 1.1884/1.3863 (epoch time: 76.81s)
Epoch 70: l_f = 0.035596, l_q = 0.152387, avg S = 0.5693/1.3863, max S = 1.1775/1.3863 (epoch time: 63.26s)
Epoch 80: l_f = 0.079640, l_q = 0.162284, avg S = 0.5698/1.3863, max S = 1.1754/1.3863 (epoch time: 74.70s)
Epoch 90: l_f = 0.057438, l_q = 0.155643, avg S = 0.5694/1.3863, max S = 1.1726/1.3863 (epoch time: 68.54s)
Epoch 100: l_f = 0.074146, l_q = 0.153226, avg S = 0.5689/1.3863, max S = 1.1707/1.3863 (epoch time: 91.82s)
Epoch 110: l_f = 0.042993, l_q = 0.159232, avg S = 0.5688/1.3863, max S = 1.1736/1.3863 (epoch time: 77.46s)
Epoch 120: l_f = 0.511587, l_q = 0.150727, avg S = 0.5695/1.3863, max S = 1.1755/1.3863 (epoch time: 59.95s)
Epoch 130: l_f = 0.040221, l_q = 0.152675, avg S = 0.5691/1.3863, max S = 1.1802/1.3863 (epoch time: 62.29s)
Epoch 140: l_f = 0.045448, l_q = 0.141342, avg S = 0.5694/1.3863, max S = 1.1811/1.3863 (epoch time: 81.75s)
Epoch 150: l_f = 0.549288, l_q = 0.135224, avg S = 0.5656/1.3863, max S = 1.1750/1.3863 (epoch time: 89.51s)
Epoch 160: l_f = 0.200406, l_q = 0.147119, avg S = 0.5645/1.3863, max S = 1.1689/1.3863 (epoch time: 99.45s)
Epoch 170: l_f = 0.028485, l_q = 0.154887, avg S = 0.5665/1.3863, max S = 1.1667/1.3863 (epoch time: 68.20s)
Epoch 180: l_f = 0.027956, l_q = 0.156652, avg S = 0.5671/1.3863, max S = 1.1678/1.3863 (epoch time: 69.94s)
Epoch 190: l_f = 0.099256, l_q = 0.162826, avg S = 0.5646/1.3863, max S = 1.1628/1.3863 (epoch time: 70.00s)
Epoch 200: l_f = 0.420514, l_q = 0.149431, avg S = 0.5619/1.3863, max S = 1.1534/1.3863 (epoch time: 99.45s)
Epoch 210: l_f = 0.083503, l_q = 0.132904, avg S = 0.5623/1.3863, max S = 1.1564/1.3863 (epoch time: 73.35s)
Epoch 220: l_f = 0.667874, l_q = 0.134099, avg S = 0.5607/1.3863, max S = 1.1539/1.3863 (epoch time: 65.72s)
Epoch 230: l_f = 0.076527, l_q = 0.125872, avg S = 0.5577/1.3863, max S = 1.1472/1.3863 (epoch time: 68.56s)
Epoch 240: l_f = 0.149879, l_q = 0.121129, avg S = 0.5549/1.3863, max S = 1.1439/1.3863 (epoch time: 64.48s)
SubTraining time: 15934.85s
L_f = 0.455743, L_q = 0.097229
[SUMMARY] Full script time: 15949.90s
[/bin/bash] Script finished
[/bin/bash] Copy files back to cwd
[/bin/bash] Successfully copied results to /home/s4116488/Documents/MPS/cuda-samples/plotsA_bond_4/index_2
[/bin/bash] #### Finished GPU TensorCircuit array job. Have a nice day
