[/bin/bash] #### Starting GPU TensorCircuit array job
[/bin/bash] This is s4116488 and my MPS job has the ID 4075712, Task ID 68
[/bin/bash] Using bond dimension: 2 and init index: 8
[/bin/bash] CWD: /home/s4116488/Documents/MPS/cuda-samples
[/bin/bash] Using GPU: 0
[/bin/bash] Path of python file: /home/s4116488/Documents/MPS/cuda-samples
[/bin/bash] Node scratch: /scratchdata/s4116488/4075712
[/bin/bash] Run directory/scratchdata/s4116488/4075712/tc_gpu_A_bond_2_init_8_4075712
[/bin/bash] Run script with bond dimension 2 and init index 8

[INFO] Running train with bond dimension: 2
[INFO] Using init index: 8
Epoch 0: l_f = 501.810150, l_q = 0.600586, avg S = 0.3205/0.6931, max S = 0.4361/0.6931 (epoch time: 64.68s)
Epoch 10: l_f = 217.986359, l_q = 0.703532, avg S = 0.3510/0.6931, max S = 0.5275/0.6931 (epoch time: 35.59s)
Epoch 20: l_f = 48.919521, l_q = 0.105913, avg S = 0.3524/0.6931, max S = 0.5064/0.6931 (epoch time: 37.61s)
Epoch 30: l_f = 5.433416, l_q = 0.136584, avg S = 0.3642/0.6931, max S = 0.5178/0.6931 (epoch time: 37.43s)
Epoch 40: l_f = 2.162092, l_q = 0.112108, avg S = 0.3646/0.6931, max S = 0.5386/0.6931 (epoch time: 38.05s)
Epoch 50: l_f = 1.213462, l_q = 0.110725, avg S = 0.3560/0.6931, max S = 0.5382/0.6931 (epoch time: 38.36s)
Epoch 60: l_f = 0.773892, l_q = 0.111016, avg S = 0.3530/0.6931, max S = 0.5399/0.6931 (epoch time: 38.99s)
Epoch 70: l_f = 0.490598, l_q = 0.108060, avg S = 0.3495/0.6931, max S = 0.5433/0.6931 (epoch time: 39.38s)
Epoch 80: l_f = 0.637761, l_q = 0.109114, avg S = 0.3468/0.6931, max S = 0.5443/0.6931 (epoch time: 37.57s)
Epoch 90: l_f = 0.290081, l_q = 0.107522, avg S = 0.3461/0.6931, max S = 0.5456/0.6931 (epoch time: 39.12s)
Epoch 100: l_f = 0.234670, l_q = 0.108401, avg S = 0.3446/0.6931, max S = 0.5443/0.6931 (epoch time: 39.94s)
Epoch 110: l_f = 0.174142, l_q = 0.109284, avg S = 0.3435/0.6931, max S = 0.5437/0.6931 (epoch time: 37.64s)
Epoch 120: l_f = 0.215320, l_q = 0.107966, avg S = 0.3433/0.6931, max S = 0.5441/0.6931 (epoch time: 41.67s)
Epoch 130: l_f = 0.191706, l_q = 0.108948, avg S = 0.3422/0.6931, max S = 0.5419/0.6931 (epoch time: 40.21s)
Epoch 140: l_f = 0.270431, l_q = 0.109840, avg S = 0.3416/0.6931, max S = 0.5411/0.6931 (epoch time: 40.40s)
Epoch 150: l_f = 0.128144, l_q = 0.107644, avg S = 0.3410/0.6931, max S = 0.5390/0.6931 (epoch time: 38.12s)
Epoch 160: l_f = 0.105228, l_q = 0.106973, avg S = 0.3406/0.6931, max S = 0.5388/0.6931 (epoch time: 42.71s)
Epoch 170: l_f = 0.119283, l_q = 0.108582, avg S = 0.3398/0.6931, max S = 0.5369/0.6931 (epoch time: 43.67s)
Epoch 180: l_f = 0.098797, l_q = 0.108083, avg S = 0.3395/0.6931, max S = 0.5357/0.6931 (epoch time: 38.44s)
Epoch 190: l_f = 0.091243, l_q = 0.107891, avg S = 0.3392/0.6931, max S = 0.5344/0.6931 (epoch time: 39.24s)
Epoch 200: l_f = 0.102190, l_q = 0.107720, avg S = 0.3388/0.6931, max S = 0.5330/0.6931 (epoch time: 38.67s)
Epoch 210: l_f = 0.080826, l_q = 0.108897, avg S = 0.3391/0.6931, max S = 0.5327/0.6931 (epoch time: 43.26s)
Epoch 220: l_f = 0.087916, l_q = 0.107785, avg S = 0.3387/0.6931, max S = 0.5311/0.6931 (epoch time: 39.04s)
Epoch 230: l_f = 0.105840, l_q = 0.106873, avg S = 0.3383/0.6931, max S = 0.5306/0.6931 (epoch time: 39.13s)
Epoch 240: l_f = 0.121235, l_q = 0.106685, avg S = 0.3384/0.6931, max S = 0.5287/0.6931 (epoch time: 43.75s)
SubTraining time: 8697.50s
L_f = 0.081337, L_q = 0.107926
[SUMMARY] Full script time: 8706.73s
[/bin/bash] Script finished
[/bin/bash] Copy files back to cwd
[/bin/bash] Successfully copied results to /home/s4116488/Documents/MPS/cuda-samples/plotsA_bond_2/index_8
[/bin/bash] #### Finished GPU TensorCircuit array job. Have a nice day
