[/bin/bash] #### Starting GPU TensorCircuit array job
[/bin/bash] This is s4116488 and my MPS job has the ID 4096433, Task ID 43
[/bin/bash] Using bond dimension: 4 and init index: 3
[/bin/bash] CWD: /home/s4116488/Documents/MPS/cuda-samples
[/bin/bash] Using GPU: 0
[/bin/bash] Path of python file: /home/s4116488/Documents/MPS/cuda-samples
[/bin/bash] Node scratch: /scratchdata/s4116488/4096433
[/bin/bash] Run directory/scratchdata/s4116488/4096433/tc_gpu_10_bond_4_init_3_4096433
[/bin/bash] Run script with bond dimension 4 and init index 3

[INFO] Running train with bond dimension: 4
[INFO] Using init index: 3
Epoch 0: l_f = 68.656700, l_q = 2.088196, avg S = 0.5690/1.3863, max S = 1.0888/1.3863 (epoch time: 90.54s)
Epoch 10: l_f = 4.235117, l_q = 0.118457, avg S = 0.5512/1.3863, max S = 1.0546/1.3863 (epoch time: 52.82s)
Epoch 20: l_f = 1.111770, l_q = 0.011484, avg S = 0.5707/1.3863, max S = 1.1336/1.3863 (epoch time: 51.98s)
Epoch 30: l_f = 0.328596, l_q = 0.002920, avg S = 0.5529/1.3863, max S = 1.1159/1.3863 (epoch time: 54.93s)
Epoch 40: l_f = 0.214875, l_q = 0.000766, avg S = 0.5492/1.3863, max S = 1.1004/1.3863 (epoch time: 53.49s)
Epoch 50: l_f = 0.093477, l_q = 0.000639, avg S = 0.5495/1.3863, max S = 1.0842/1.3863 (epoch time: 53.24s)
Epoch 60: l_f = 0.061212, l_q = 0.000183, avg S = 0.5484/1.3863, max S = 1.0706/1.3863 (epoch time: 55.19s)
Epoch 70: l_f = 0.042722, l_q = 0.000094, avg S = 0.5471/1.3863, max S = 1.0626/1.3863 (epoch time: 52.54s)
Epoch 80: l_f = 0.031882, l_q = 0.000146, avg S = 0.5467/1.3863, max S = 1.0589/1.3863 (epoch time: 57.12s)
Epoch 90: l_f = 0.029107, l_q = 0.000083, avg S = 0.5470/1.3863, max S = 1.0582/1.3863 (epoch time: 59.03s)
SubTraining time: 4780.46s
L_f = 0.024083, L_q = 0.000167
[SUMMARY] Full script time: 4790.44s
[/bin/bash] Script finished
[/bin/bash] Copy files back to cwd
[/bin/bash] Successfully copied results to /home/s4116488/Documents/MPS/cuda-samples/plots10_bond_4/index_3
[/bin/bash] #### Finished GPU TensorCircuit array job. Have a nice day
