[/bin/bash] #### Starting GPU TensorCircuit array job
[/bin/bash] This is s4116488 and my MPS job has the ID 4095753, Task ID 9
[/bin/bash] Using bond dimension: 8 and init index: 9
[/bin/bash] CWD: /home/s4116488/Documents/MPS/cuda-samples
[/bin/bash] Using GPU: 0
[/bin/bash] Path of python file: /home/s4116488/Documents/MPS/cuda-samples
[/bin/bash] Node scratch: /scratchdata/s4116488/4095753
[/bin/bash] Run directory/scratchdata/s4116488/4095753/tc_gpu_10_bond_8_init_9_4095753
[/bin/bash] Run script with bond dimension 8 and init index 9

[INFO] Running train with bond dimension: 8
[INFO] Using init index: 9
Epoch 0: l_f = 30.077841, l_q = 0.997966, avg S = 0.5726/2.0794, max S = 1.0812/2.0794 (epoch time: 89.44s)
Epoch 10: l_f = 1.609503, l_q = 0.063186, avg S = 0.5397/2.0794, max S = 0.9825/2.0794 (epoch time: 53.59s)
Epoch 20: l_f = 0.387986, l_q = 0.029848, avg S = 0.5116/2.0794, max S = 0.9167/2.0794 (epoch time: 53.33s)
Epoch 30: l_f = 0.152392, l_q = 0.004910, avg S = 0.5220/2.0794, max S = 0.9160/2.0794 (epoch time: 53.73s)
Epoch 40: l_f = 0.072097, l_q = 0.000927, avg S = 0.5275/2.0794, max S = 0.9217/2.0794 (epoch time: 53.63s)
Epoch 50: l_f = 0.031412, l_q = 0.000840, avg S = 0.5295/2.0794, max S = 0.9221/2.0794 (epoch time: 53.69s)
Epoch 60: l_f = 0.015741, l_q = 0.000117, avg S = 0.5318/2.0794, max S = 0.9252/2.0794 (epoch time: 55.31s)
Epoch 70: l_f = 0.013024, l_q = 0.000089, avg S = 0.5337/2.0794, max S = 0.9268/2.0794 (epoch time: 53.07s)
Epoch 80: l_f = 0.011280, l_q = 0.000130, avg S = 0.5353/2.0794, max S = 0.9288/2.0794 (epoch time: 56.56s)
Epoch 90: l_f = 0.012234, l_q = 0.000040, avg S = 0.5376/2.0794, max S = 0.9295/2.0794 (epoch time: 58.56s)
SubTraining time: 4765.68s
L_f = 0.011691, L_q = 0.000223
[SUMMARY] Full script time: 4776.71s
[/bin/bash] Script finished
[/bin/bash] Copy files back to cwd
[/bin/bash] Successfully copied results to /home/s4116488/Documents/MPS/cuda-samples/plots10_bond_8/index_9
[/bin/bash] #### Finished GPU TensorCircuit array job. Have a nice day
