[/bin/bash] #### Starting GPU TensorCircuit array job
[/bin/bash] This is s4116488 and my MPS job has the ID 4095751, Task ID 7
[/bin/bash] Using bond dimension: 8 and init index: 7
[/bin/bash] CWD: /home/s4116488/Documents/MPS/cuda-samples
[/bin/bash] Using GPU: 0
[/bin/bash] Path of python file: /home/s4116488/Documents/MPS/cuda-samples
[/bin/bash] Node scratch: /scratchdata/s4116488/4095751
[/bin/bash] Run directory/scratchdata/s4116488/4095751/tc_gpu_10_bond_8_init_7_4095751
[/bin/bash] Run script with bond dimension 8 and init index 7

[INFO] Running train with bond dimension: 8
[INFO] Using init index: 7
Epoch 0: l_f = 102.716972, l_q = 2.057235, avg S = 0.5807/2.0794, max S = 1.1167/2.0794 (epoch time: 88.78s)
Epoch 10: l_f = 1.660723, l_q = 0.011750, avg S = 0.5835/2.0794, max S = 1.1674/2.0794 (epoch time: 53.03s)
Epoch 20: l_f = 0.717611, l_q = 0.039250, avg S = 0.5829/2.0794, max S = 1.1596/2.0794 (epoch time: 53.20s)
Epoch 30: l_f = 0.479865, l_q = 0.020214, avg S = 0.5975/2.0794, max S = 1.1664/2.0794 (epoch time: 53.38s)
Epoch 40: l_f = 0.168336, l_q = 0.002035, avg S = 0.6044/2.0794, max S = 1.1737/2.0794 (epoch time: 53.61s)
Epoch 50: l_f = 0.153360, l_q = 0.002745, avg S = 0.6040/2.0794, max S = 1.1772/2.0794 (epoch time: 53.74s)
Epoch 60: l_f = 0.085234, l_q = 0.001376, avg S = 0.6010/2.0794, max S = 1.1680/2.0794 (epoch time: 55.30s)
Epoch 70: l_f = 0.043863, l_q = 0.000293, avg S = 0.5949/2.0794, max S = 1.1572/2.0794 (epoch time: 52.69s)
Epoch 80: l_f = 0.031780, l_q = 0.000374, avg S = 0.5917/2.0794, max S = 1.1534/2.0794 (epoch time: 56.99s)
Epoch 90: l_f = 0.017033, l_q = 0.000046, avg S = 0.5905/2.0794, max S = 1.1537/2.0794 (epoch time: 58.76s)
SubTraining time: 4764.18s
L_f = 0.026155, L_q = 0.000548
[SUMMARY] Full script time: 4775.36s
[/bin/bash] Script finished
[/bin/bash] Copy files back to cwd
[/bin/bash] Successfully copied results to /home/s4116488/Documents/MPS/cuda-samples/plots10_bond_8/index_7
[/bin/bash] #### Finished GPU TensorCircuit array job. Have a nice day
