[/bin/bash] #### Starting GPU TensorCircuit array job
[/bin/bash] This is s4116488 and my MPS job has the ID 4097511, Task ID 78
[/bin/bash] Using bond dimension: 1 and init index: 8
[/bin/bash] CWD: /home/s4116488/Documents/MPS/cuda-samples
[/bin/bash] Using GPU: 0
[/bin/bash] Path of python file: /home/s4116488/Documents/MPS/cuda-samples
[/bin/bash] Node scratch: /scratchdata/s4116488/4097511
[/bin/bash] Run directory/scratchdata/s4116488/4097511/tc_gpu_10_bond_1_init_8_4097511
[/bin/bash] Run script with bond dimension 1 and init index 8

[INFO] Running train with bond dimension: 1
[INFO] Using init index: 8
Epoch 0: l_f = 383.194244, l_q = 1.206277, avg S = 0.0892/0.0000, max S = 0.1783/0.0000 (epoch time: 30.32s)
Epoch 10: l_f = 33.675770, l_q = 1.330779, avg S = 0.0606/0.0000, max S = 0.1212/0.0000 (epoch time: 14.57s)
Epoch 20: l_f = 30.585043, l_q = 1.285557, avg S = 0.0540/0.0000, max S = 0.1081/0.0000 (epoch time: 14.78s)
Epoch 30: l_f = 26.618076, l_q = 1.354611, avg S = 0.0710/0.0000, max S = 0.1420/0.0000 (epoch time: 14.74s)
Epoch 40: l_f = 28.002604, l_q = 1.431172, avg S = 0.0857/0.0000, max S = 0.1714/0.0000 (epoch time: 15.08s)
Epoch 50: l_f = 24.175013, l_q = 1.304348, avg S = 0.0887/0.0000, max S = 0.1773/0.0000 (epoch time: 15.81s)
Epoch 60: l_f = 24.071144, l_q = 1.288678, avg S = 0.0864/0.0000, max S = 0.1728/0.0000 (epoch time: 15.19s)
Epoch 70: l_f = 23.198261, l_q = 1.296701, avg S = 0.0859/0.0000, max S = 0.1717/0.0000 (epoch time: 15.20s)
Epoch 80: l_f = 23.013554, l_q = 1.297212, avg S = 0.0854/0.0000, max S = 0.1708/0.0000 (epoch time: 16.05s)
Epoch 90: l_f = 22.712479, l_q = 1.307698, avg S = 0.0857/0.0000, max S = 0.1714/0.0000 (epoch time: 15.87s)
SubTraining time: 1363.87s
L_f = 21.017862, L_q = 1.331302
[SUMMARY] Full script time: 1369.00s
[/bin/bash] Script finished
[/bin/bash] Copy files back to cwd
[/bin/bash] Successfully copied results to /home/s4116488/Documents/MPS/cuda-samples/plots10_bond_1/index_8
[/bin/bash] #### Finished GPU TensorCircuit array job. Have a nice day
