[/bin/bash] #### Starting GPU TensorCircuit array job
[/bin/bash] This is s4116488 and my MPS job has the ID 4095742, Task ID 79
[/bin/bash] Using bond dimension: 1 and init index: 9
[/bin/bash] CWD: /home/s4116488/Documents/MPS/cuda-samples
[/bin/bash] Using GPU: 0
[/bin/bash] Path of python file: /home/s4116488/Documents/MPS/cuda-samples
[/bin/bash] Node scratch: /scratchdata/s4116488/4095742
[/bin/bash] Run directory/scratchdata/s4116488/4095742/tc_gpu_10_bond_1_init_9_4095742
[/bin/bash] Run script with bond dimension 1 and init index 9

[INFO] Running train with bond dimension: 1
[INFO] Using init index: 9
Epoch 0: l_f = 35.935925, l_q = 1.370077, avg S = 0.1351/0.0000, max S = 0.2703/0.0000 (epoch time: 32.42s)
Epoch 10: l_f = 24.923544, l_q = 0.733519, avg S = 0.1163/0.0000, max S = 0.2326/0.0000 (epoch time: 14.62s)
Epoch 20: l_f = 19.892241, l_q = 0.591480, avg S = 0.1391/0.0000, max S = 0.2782/0.0000 (epoch time: 14.99s)
Epoch 30: l_f = 18.746723, l_q = 0.600085, avg S = 0.1443/0.0000, max S = 0.2886/0.0000 (epoch time: 18.02s)
Epoch 40: l_f = 18.358904, l_q = 0.546553, avg S = 0.1470/0.0000, max S = 0.2939/0.0000 (epoch time: 17.65s)
Epoch 50: l_f = 15.510294, l_q = 0.478834, avg S = 0.1461/0.0000, max S = 0.2922/0.0000 (epoch time: 17.85s)
Epoch 60: l_f = 14.710352, l_q = 0.434839, avg S = 0.1425/0.0000, max S = 0.2850/0.0000 (epoch time: 16.72s)
Epoch 70: l_f = 13.840189, l_q = 0.420017, avg S = 0.1440/0.0000, max S = 0.2881/0.0000 (epoch time: 20.24s)
Epoch 80: l_f = 13.203674, l_q = 0.402836, avg S = 0.1446/0.0000, max S = 0.2892/0.0000 (epoch time: 20.24s)
Epoch 90: l_f = 12.725463, l_q = 0.391686, avg S = 0.1444/0.0000, max S = 0.2887/0.0000 (epoch time: 20.64s)
SubTraining time: 1614.06s
L_f = 12.276562, L_q = 0.385316
[SUMMARY] Full script time: 1619.92s
[/bin/bash] Script finished
[/bin/bash] Copy files back to cwd
[/bin/bash] Successfully copied results to /home/s4116488/Documents/MPS/cuda-samples/plots10_bond_1/index_9
[/bin/bash] #### Finished GPU TensorCircuit array job. Have a nice day
