[/bin/bash] #### Starting GPU TensorCircuit array job
[/bin/bash] This is s4116488 and my MPS job has the ID 4097158, Task ID 72
[/bin/bash] Using bond dimension: 1 and init index: 2
[/bin/bash] CWD: /home/s4116488/Documents/MPS/cuda-samples
[/bin/bash] Using GPU: 0
[/bin/bash] Path of python file: /home/s4116488/Documents/MPS/cuda-samples
[/bin/bash] Node scratch: /scratchdata/s4116488/4097158
[/bin/bash] Run directory/scratchdata/s4116488/4097158/tc_gpu_10_bond_1_init_2_4097158
[/bin/bash] Run script with bond dimension 1 and init index 2

[INFO] Running train with bond dimension: 1
[INFO] Using init index: 2
Epoch 0: l_f = 41.353371, l_q = 0.997276, avg S = 0.1267/0.0000, max S = 0.2534/0.0000 (epoch time: 29.27s)
Epoch 10: l_f = 29.867264, l_q = 1.228789, avg S = 0.0915/0.0000, max S = 0.1829/0.0000 (epoch time: 14.07s)
Epoch 20: l_f = 30.360382, l_q = 1.195362, avg S = 0.0809/0.0000, max S = 0.1617/0.0000 (epoch time: 14.10s)
Epoch 30: l_f = 33.982880, l_q = 1.220357, avg S = 0.0907/0.0000, max S = 0.1814/0.0000 (epoch time: 14.30s)
Epoch 40: l_f = 28.650772, l_q = 1.229925, avg S = 0.0990/0.0000, max S = 0.1980/0.0000 (epoch time: 14.38s)
Epoch 50: l_f = 32.752697, l_q = 1.466411, avg S = 0.1249/0.0000, max S = 0.2498/0.0000 (epoch time: 15.17s)
Epoch 60: l_f = 26.744352, l_q = 0.804779, avg S = 0.1035/0.0000, max S = 0.2069/0.0000 (epoch time: 14.54s)
Epoch 70: l_f = 23.858088, l_q = 0.769439, avg S = 0.0929/0.0000, max S = 0.1858/0.0000 (epoch time: 14.68s)
Epoch 80: l_f = 20.551815, l_q = 0.784645, avg S = 0.0825/0.0000, max S = 0.1650/0.0000 (epoch time: 15.41s)
Epoch 90: l_f = 19.800581, l_q = 0.792567, avg S = 0.0810/0.0000, max S = 0.1620/0.0000 (epoch time: 15.43s)
SubTraining time: 1314.25s
L_f = 19.496359, L_q = 0.786605
[SUMMARY] Full script time: 1319.26s
[/bin/bash] Script finished
[/bin/bash] Copy files back to cwd
[/bin/bash] Successfully copied results to /home/s4116488/Documents/MPS/cuda-samples/plots10_bond_1/index_2
[/bin/bash] #### Finished GPU TensorCircuit array job. Have a nice day
