[/bin/bash] #### Starting GPU TensorCircuit array job
[/bin/bash] This is s4116488 and my MPS job has the ID 4096860, Task ID 59
[/bin/bash] Using bond dimension: 3 and init index: 9
[/bin/bash] CWD: /home/s4116488/Documents/MPS/cuda-samples
[/bin/bash] Using GPU: 0
[/bin/bash] Path of python file: /home/s4116488/Documents/MPS/cuda-samples
[/bin/bash] Node scratch: /scratchdata/s4116488/4096860
[/bin/bash] Run directory/scratchdata/s4116488/4096860/tc_gpu_10_bond_3_init_9_4096860
[/bin/bash] Run script with bond dimension 3 and init index 9

[INFO] Running train with bond dimension: 3
[INFO] Using init index: 9
Epoch 0: l_f = 25.468168, l_q = 1.014513, avg S = 0.4689/1.0986, max S = 0.8861/1.0986 (epoch time: 91.97s)
Epoch 10: l_f = 1.110713, l_q = 0.005240, avg S = 0.4580/1.0986, max S = 0.8420/1.0986 (epoch time: 52.39s)
Epoch 20: l_f = 0.644399, l_q = 0.008173, avg S = 0.4706/1.0986, max S = 0.8659/1.0986 (epoch time: 52.24s)
Epoch 30: l_f = 0.221332, l_q = 0.004470, avg S = 0.4677/1.0986, max S = 0.8647/1.0986 (epoch time: 55.45s)
Epoch 40: l_f = 0.050022, l_q = 0.004514, avg S = 0.4676/1.0986, max S = 0.8667/1.0986 (epoch time: 53.80s)
Epoch 50: l_f = 0.017420, l_q = 0.002510, avg S = 0.4691/1.0986, max S = 0.8676/1.0986 (epoch time: 53.92s)
Epoch 60: l_f = 0.010122, l_q = 0.001922, avg S = 0.4713/1.0986, max S = 0.8683/1.0986 (epoch time: 52.03s)
Epoch 70: l_f = 0.004742, l_q = 0.001330, avg S = 0.4719/1.0986, max S = 0.8663/1.0986 (epoch time: 55.48s)
Epoch 80: l_f = 0.007957, l_q = 0.001308, avg S = 0.4724/1.0986, max S = 0.8655/1.0986 (epoch time: 52.38s)
Epoch 90: l_f = 0.005703, l_q = 0.001151, avg S = 0.4731/1.0986, max S = 0.8657/1.0986 (epoch time: 57.92s)
SubTraining time: 4762.80s
L_f = 0.005416, L_q = 0.000940
[SUMMARY] Full script time: 4773.07s
[/bin/bash] Script finished
[/bin/bash] Copy files back to cwd
[/bin/bash] Successfully copied results to /home/s4116488/Documents/MPS/cuda-samples/plots10_bond_3/index_9
[/bin/bash] #### Finished GPU TensorCircuit array job. Have a nice day
