[/bin/bash] #### Starting GPU TensorCircuit array job
[/bin/bash] This is s4116488 and my MPS job has the ID 4097491, Task ID 76
[/bin/bash] Using bond dimension: 1 and init index: 6
[/bin/bash] CWD: /home/s4116488/Documents/MPS/cuda-samples
[/bin/bash] Using GPU: 0
[/bin/bash] Path of python file: /home/s4116488/Documents/MPS/cuda-samples
[/bin/bash] Node scratch: /scratchdata/s4116488/4097491
[/bin/bash] Run directory/scratchdata/s4116488/4097491/tc_gpu_10_bond_1_init_6_4097491
[/bin/bash] Run script with bond dimension 1 and init index 6

[INFO] Running train with bond dimension: 1
[INFO] Using init index: 6
Epoch 0: l_f = 40.716488, l_q = 0.955113, avg S = 0.1366/0.0000, max S = 0.2733/0.0000 (epoch time: 29.31s)
Epoch 10: l_f = 25.585938, l_q = 0.890600, avg S = 0.1011/0.0000, max S = 0.2023/0.0000 (epoch time: 14.31s)
Epoch 20: l_f = 37.121906, l_q = 0.963437, avg S = 0.0914/0.0000, max S = 0.1829/0.0000 (epoch time: 14.24s)
Epoch 30: l_f = 29.285185, l_q = 1.090068, avg S = 0.1082/0.0000, max S = 0.2164/0.0000 (epoch time: 14.36s)
Epoch 40: l_f = 20.987352, l_q = 0.993360, avg S = 0.1198/0.0000, max S = 0.2397/0.0000 (epoch time: 14.52s)
Epoch 50: l_f = 18.922010, l_q = 0.923182, avg S = 0.1250/0.0000, max S = 0.2500/0.0000 (epoch time: 16.11s)
Epoch 60: l_f = 17.502214, l_q = 0.871567, avg S = 0.1315/0.0000, max S = 0.2630/0.0000 (epoch time: 14.67s)
Epoch 70: l_f = 16.098541, l_q = 0.830737, avg S = 0.1350/0.0000, max S = 0.2700/0.0000 (epoch time: 16.60s)
Epoch 80: l_f = 15.255081, l_q = 0.786656, avg S = 0.1378/0.0000, max S = 0.2755/0.0000 (epoch time: 16.60s)
Epoch 90: l_f = 14.361335, l_q = 0.733291, avg S = 0.1408/0.0000, max S = 0.2816/0.0000 (epoch time: 16.68s)
SubTraining time: 1360.91s
L_f = 13.628693, L_q = 0.679806
[SUMMARY] Full script time: 1366.15s
[/bin/bash] Script finished
[/bin/bash] Copy files back to cwd
[/bin/bash] Successfully copied results to /home/s4116488/Documents/MPS/cuda-samples/plots10_bond_1/index_6
[/bin/bash] #### Finished GPU TensorCircuit array job. Have a nice day
