[/bin/bash] #### Starting GPU TensorCircuit array job
[/bin/bash] This is s4116488 and my MPS job has the ID 4096425, Task ID 38
[/bin/bash] Using bond dimension: 5 and init index: 8
[/bin/bash] CWD: /home/s4116488/Documents/MPS/cuda-samples
[/bin/bash] Using GPU: 0
[/bin/bash] Path of python file: /home/s4116488/Documents/MPS/cuda-samples
[/bin/bash] Node scratch: /scratchdata/s4116488/4096425
[/bin/bash] Run directory/scratchdata/s4116488/4096425/tc_gpu_10_bond_5_init_8_4096425
[/bin/bash] Run script with bond dimension 5 and init index 8

[INFO] Running train with bond dimension: 5
[INFO] Using init index: 8
Epoch 0: l_f = 58.618366, l_q = 1.202011, avg S = 0.5763/1.6094, max S = 1.0546/1.6094 (epoch time: 88.59s)
Epoch 10: l_f = 3.982302, l_q = 0.044951, avg S = 0.5760/1.6094, max S = 1.0981/1.6094 (epoch time: 56.85s)
Epoch 20: l_f = 1.120368, l_q = 0.013036, avg S = 0.5582/1.6094, max S = 1.0651/1.6094 (epoch time: 51.67s)
Epoch 30: l_f = 0.468005, l_q = 0.002138, avg S = 0.5707/1.6094, max S = 1.0745/1.6094 (epoch time: 56.48s)
Epoch 40: l_f = 0.221939, l_q = 0.003628, avg S = 0.5787/1.6094, max S = 1.0969/1.6094 (epoch time: 50.54s)
Epoch 50: l_f = 0.148820, l_q = 0.002048, avg S = 0.5736/1.6094, max S = 1.0806/1.6094 (epoch time: 51.49s)
Epoch 60: l_f = 0.100098, l_q = 0.000470, avg S = 0.5736/1.6094, max S = 1.0974/1.6094 (epoch time: 56.65s)
Epoch 70: l_f = 0.088264, l_q = 0.000856, avg S = 0.5715/1.6094, max S = 1.1134/1.6094 (epoch time: 56.18s)
Epoch 80: l_f = 0.066669, l_q = 0.000253, avg S = 0.5660/1.6094, max S = 1.1057/1.6094 (epoch time: 64.80s)
Epoch 90: l_f = 0.036629, l_q = 0.000586, avg S = 0.5615/1.6094, max S = 1.0938/1.6094 (epoch time: 66.90s)
SubTraining time: 4945.89s
L_f = 0.033180, L_q = 0.000077
[SUMMARY] Full script time: 4956.57s
[/bin/bash] Script finished
[/bin/bash] Copy files back to cwd
[/bin/bash] Successfully copied results to /home/s4116488/Documents/MPS/cuda-samples/plots10_bond_5/index_8
[/bin/bash] #### Finished GPU TensorCircuit array job. Have a nice day
