[/bin/bash] #### Starting GPU TensorCircuit array job
[/bin/bash] This is s4116488 and my MPS job has the ID 4096875, Task ID 65
[/bin/bash] Using bond dimension: 2 and init index: 5
[/bin/bash] CWD: /home/s4116488/Documents/MPS/cuda-samples
[/bin/bash] Using GPU: 0
[/bin/bash] Path of python file: /home/s4116488/Documents/MPS/cuda-samples
[/bin/bash] Node scratch: /scratchdata/s4116488/4096875
[/bin/bash] Run directory/scratchdata/s4116488/4096875/tc_gpu_10_bond_2_init_5_4096875
[/bin/bash] Run script with bond dimension 2 and init index 5

[INFO] Running train with bond dimension: 2
[INFO] Using init index: 5
Epoch 0: l_f = 94.054680, l_q = 4.878917, avg S = 0.4375/0.6931, max S = 0.6726/0.6931 (epoch time: 59.05s)
Epoch 10: l_f = 8.762267, l_q = 0.063448, avg S = 0.4150/0.6931, max S = 0.5846/0.6931 (epoch time: 28.72s)
Epoch 20: l_f = 12.140782, l_q = 0.330938, avg S = 0.4147/0.6931, max S = 0.6152/0.6931 (epoch time: 30.90s)
Epoch 30: l_f = 6.032492, l_q = 0.058501, avg S = 0.4553/0.6931, max S = 0.6749/0.6931 (epoch time: 31.21s)
Epoch 40: l_f = 2.067904, l_q = 0.040993, avg S = 0.4278/0.6931, max S = 0.6615/0.6931 (epoch time: 31.29s)
Epoch 50: l_f = 0.851340, l_q = 0.012669, avg S = 0.4158/0.6931, max S = 0.6563/0.6931 (epoch time: 35.28s)
Epoch 60: l_f = 0.407536, l_q = 0.003882, avg S = 0.4280/0.6931, max S = 0.6720/0.6931 (epoch time: 35.07s)
Epoch 70: l_f = 0.232991, l_q = 0.000991, avg S = 0.4280/0.6931, max S = 0.6681/0.6931 (epoch time: 32.20s)
Epoch 80: l_f = 0.154115, l_q = 0.000737, avg S = 0.4283/0.6931, max S = 0.6720/0.6931 (epoch time: 34.78s)
Epoch 90: l_f = 0.120780, l_q = 0.000353, avg S = 0.4248/0.6931, max S = 0.6679/0.6931 (epoch time: 34.26s)
SubTraining time: 2884.55s
L_f = 0.097580, L_q = 0.000374
[SUMMARY] Full script time: 2892.53s
[/bin/bash] Script finished
[/bin/bash] Copy files back to cwd
[/bin/bash] Successfully copied results to /home/s4116488/Documents/MPS/cuda-samples/plots10_bond_2/index_5
[/bin/bash] #### Finished GPU TensorCircuit array job. Have a nice day
