[/bin/bash] #### Starting GPU TensorCircuit array job
[/bin/bash] This is s4116488 and my MPS job has the ID 4097356, Task ID 74
[/bin/bash] Using bond dimension: 1 and init index: 4
[/bin/bash] CWD: /home/s4116488/Documents/MPS/cuda-samples
[/bin/bash] Using GPU: 0
[/bin/bash] Path of python file: /home/s4116488/Documents/MPS/cuda-samples
[/bin/bash] Node scratch: /scratchdata/s4116488/4097356
[/bin/bash] Run directory/scratchdata/s4116488/4097356/tc_gpu_10_bond_1_init_4_4097356
[/bin/bash] Run script with bond dimension 1 and init index 4

[INFO] Running train with bond dimension: 1
[INFO] Using init index: 4
Epoch 0: l_f = 87.144760, l_q = 1.271134, avg S = 0.0671/0.0000, max S = 0.1342/0.0000 (epoch time: 30.52s)
Epoch 10: l_f = 23.205801, l_q = 1.010863, avg S = 0.0545/0.0000, max S = 0.1090/0.0000 (epoch time: 14.47s)
Epoch 20: l_f = 27.512806, l_q = 1.118975, avg S = 0.0558/0.0000, max S = 0.1116/0.0000 (epoch time: 14.80s)
Epoch 30: l_f = 26.929480, l_q = 1.059816, avg S = 0.0604/0.0000, max S = 0.1208/0.0000 (epoch time: 14.79s)
Epoch 40: l_f = 25.420731, l_q = 1.051811, avg S = 0.0687/0.0000, max S = 0.1374/0.0000 (epoch time: 14.83s)
Epoch 50: l_f = 24.223383, l_q = 1.042976, avg S = 0.0707/0.0000, max S = 0.1414/0.0000 (epoch time: 15.32s)
Epoch 60: l_f = 6827.559570, l_q = 1.057104, avg S = 0.0784/0.0000, max S = 0.1568/0.0000 (epoch time: 14.76s)
Epoch 70: l_f = 34.075069, l_q = 1.099106, avg S = 0.0538/0.0000, max S = 0.1076/0.0000 (epoch time: 14.81s)
Epoch 80: l_f = 39.252399, l_q = 1.001210, avg S = 0.0544/0.0000, max S = 0.1089/0.0000 (epoch time: 15.53s)
Epoch 90: l_f = 29.326939, l_q = 0.973446, avg S = 0.0519/0.0000, max S = 0.1038/0.0000 (epoch time: 15.75s)
SubTraining time: 1342.28s
L_f = 23.150242, L_q = 0.970772
[SUMMARY] Full script time: 1347.29s
[/bin/bash] Script finished
[/bin/bash] Copy files back to cwd
[/bin/bash] Successfully copied results to /home/s4116488/Documents/MPS/cuda-samples/plots10_bond_1/index_4
[/bin/bash] #### Finished GPU TensorCircuit array job. Have a nice day
