[/bin/bash] #### Starting GPU TensorCircuit array job
[/bin/bash] This is s4116488 and my MPS job has the ID 4096422, Task ID 37
[/bin/bash] Using bond dimension: 5 and init index: 7
[/bin/bash] CWD: /home/s4116488/Documents/MPS/cuda-samples
[/bin/bash] Using GPU: 0
[/bin/bash] Path of python file: /home/s4116488/Documents/MPS/cuda-samples
[/bin/bash] Node scratch: /scratchdata/s4116488/4096422
[/bin/bash] Run directory/scratchdata/s4116488/4096422/tc_gpu_10_bond_5_init_7_4096422
[/bin/bash] Run script with bond dimension 5 and init index 7

[INFO] Running train with bond dimension: 5
[INFO] Using init index: 7
Epoch 0: l_f = 102.716972, l_q = 2.057235, avg S = 0.5807/1.6094, max S = 1.1167/1.6094 (epoch time: 88.96s)
Epoch 10: l_f = 1.660723, l_q = 0.011750, avg S = 0.5835/1.6094, max S = 1.1674/1.6094 (epoch time: 53.43s)
Epoch 20: l_f = 0.717611, l_q = 0.039250, avg S = 0.5829/1.6094, max S = 1.1596/1.6094 (epoch time: 53.60s)
Epoch 30: l_f = 0.479865, l_q = 0.020214, avg S = 0.5975/1.6094, max S = 1.1664/1.6094 (epoch time: 53.70s)
Epoch 40: l_f = 0.168336, l_q = 0.002035, avg S = 0.6044/1.6094, max S = 1.1737/1.6094 (epoch time: 54.74s)
Epoch 50: l_f = 0.153360, l_q = 0.002745, avg S = 0.6040/1.6094, max S = 1.1772/1.6094 (epoch time: 51.43s)
Epoch 60: l_f = 0.085234, l_q = 0.001376, avg S = 0.6010/1.6094, max S = 1.1680/1.6094 (epoch time: 54.61s)
Epoch 70: l_f = 0.043863, l_q = 0.000293, avg S = 0.5949/1.6094, max S = 1.1572/1.6094 (epoch time: 55.25s)
Epoch 80: l_f = 0.031780, l_q = 0.000374, avg S = 0.5917/1.6094, max S = 1.1534/1.6094 (epoch time: 58.09s)
Epoch 90: l_f = 0.017033, l_q = 0.000046, avg S = 0.5905/1.6094, max S = 1.1537/1.6094 (epoch time: 69.34s)
SubTraining time: 4849.59s
L_f = 0.026155, L_q = 0.000548
[SUMMARY] Full script time: 4860.38s
[/bin/bash] Script finished
[/bin/bash] Copy files back to cwd
[/bin/bash] Successfully copied results to /home/s4116488/Documents/MPS/cuda-samples/plots10_bond_5/index_7
[/bin/bash] #### Finished GPU TensorCircuit array job. Have a nice day
