[/bin/bash] #### Starting GPU TensorCircuit array job
[/bin/bash] This is s4116488 and my MPS job has the ID 4095744, Task ID 0
[/bin/bash] Using bond dimension: 8 and init index: 0
[/bin/bash] CWD: /home/s4116488/Documents/MPS/cuda-samples
[/bin/bash] Using GPU: 0
[/bin/bash] Path of python file: /home/s4116488/Documents/MPS/cuda-samples
[/bin/bash] Node scratch: /scratchdata/s4116488/4095744
[/bin/bash] Run directory/scratchdata/s4116488/4095744/tc_gpu_10_bond_8_init_0_4095744
[/bin/bash] Run script with bond dimension 8 and init index 0

[INFO] Running train with bond dimension: 8
[INFO] Using init index: 0
Epoch 0: l_f = 67.713402, l_q = 0.970684, avg S = 0.5807/2.0794, max S = 1.1307/2.0794 (epoch time: 91.29s)
Epoch 10: l_f = 3.527152, l_q = 0.024226, avg S = 0.5893/2.0794, max S = 1.2212/2.0794 (epoch time: 70.43s)
Epoch 20: l_f = 1.777796, l_q = 0.054952, avg S = 0.5749/2.0794, max S = 1.2049/2.0794 (epoch time: 52.67s)
Epoch 30: l_f = 0.358677, l_q = 0.010911, avg S = 0.5896/2.0794, max S = 1.2144/2.0794 (epoch time: 52.49s)
Epoch 40: l_f = 0.304391, l_q = 0.003357, avg S = 0.5917/2.0794, max S = 1.2195/2.0794 (epoch time: 52.01s)
Epoch 50: l_f = 0.147294, l_q = 0.001227, avg S = 0.5902/2.0794, max S = 1.2103/2.0794 (epoch time: 51.57s)
Epoch 60: l_f = 0.080122, l_q = 0.000415, avg S = 0.5881/2.0794, max S = 1.2066/2.0794 (epoch time: 56.22s)
Epoch 70: l_f = 0.036267, l_q = 0.000309, avg S = 0.5868/2.0794, max S = 1.2002/2.0794 (epoch time: 53.36s)
Epoch 80: l_f = 0.021081, l_q = 0.000092, avg S = 0.5845/2.0794, max S = 1.1950/2.0794 (epoch time: 64.67s)
Epoch 90: l_f = 0.020908, l_q = 0.000086, avg S = 0.5828/2.0794, max S = 1.1911/2.0794 (epoch time: 69.26s)
SubTraining time: 5352.74s
L_f = 0.014357, L_q = 0.000278
[SUMMARY] Full script time: 5366.11s
[/bin/bash] Script finished
[/bin/bash] Copy files back to cwd
[/bin/bash] Successfully copied results to /home/s4116488/Documents/MPS/cuda-samples/plots10_bond_8/index_0
[/bin/bash] #### Finished GPU TensorCircuit array job. Have a nice day
