[/bin/bash] #### Starting GPU TensorCircuit array job
[/bin/bash] This is s4116488 and my MPS job has the ID 4096856, Task ID 58
[/bin/bash] Using bond dimension: 3 and init index: 8
[/bin/bash] CWD: /home/s4116488/Documents/MPS/cuda-samples
[/bin/bash] Using GPU: 0
[/bin/bash] Path of python file: /home/s4116488/Documents/MPS/cuda-samples
[/bin/bash] Node scratch: /scratchdata/s4116488/4096856
[/bin/bash] Run directory/scratchdata/s4116488/4096856/tc_gpu_10_bond_3_init_8_4096856
[/bin/bash] Run script with bond dimension 3 and init index 8

[INFO] Running train with bond dimension: 3
[INFO] Using init index: 8
Epoch 0: l_f = 62.463970, l_q = 0.978081, avg S = 0.4845/1.0986, max S = 0.8870/1.0986 (epoch time: 92.07s)
Epoch 10: l_f = 11.141706, l_q = 0.181715, avg S = 0.4868/1.0986, max S = 0.9141/1.0986 (epoch time: 52.38s)
Epoch 20: l_f = 8.835343, l_q = 0.432647, avg S = 0.4916/1.0986, max S = 0.9073/1.0986 (epoch time: 51.89s)
Epoch 30: l_f = 9.218481, l_q = 0.226313, avg S = 0.4875/1.0986, max S = 0.9187/1.0986 (epoch time: 54.72s)
Epoch 40: l_f = 1.740892, l_q = 0.018391, avg S = 0.4748/1.0986, max S = 0.9170/1.0986 (epoch time: 53.52s)
Epoch 50: l_f = 0.857659, l_q = 0.013129, avg S = 0.4816/1.0986, max S = 0.8982/1.0986 (epoch time: 53.90s)
Epoch 60: l_f = 0.181859, l_q = 0.002715, avg S = 0.4850/1.0986, max S = 0.8841/1.0986 (epoch time: 51.71s)
Epoch 70: l_f = 0.148049, l_q = 0.000629, avg S = 0.4834/1.0986, max S = 0.8793/1.0986 (epoch time: 52.75s)
Epoch 80: l_f = 0.072302, l_q = 0.000317, avg S = 0.4821/1.0986, max S = 0.8772/1.0986 (epoch time: 51.55s)
Epoch 90: l_f = 0.033673, l_q = 0.000540, avg S = 0.4812/1.0986, max S = 0.8785/1.0986 (epoch time: 55.57s)
SubTraining time: 4703.73s
L_f = 0.024952, L_q = 0.000471
[SUMMARY] Full script time: 4714.52s
[/bin/bash] Script finished
[/bin/bash] Copy files back to cwd
[/bin/bash] Successfully copied results to /home/s4116488/Documents/MPS/cuda-samples/plots10_bond_3/index_8
[/bin/bash] #### Finished GPU TensorCircuit array job. Have a nice day
