[/bin/bash] #### Starting GPU TensorCircuit array job
[/bin/bash] This is s4116488 and my MPS job has the ID 4096199, Task ID 24
[/bin/bash] Using bond dimension: 6 and init index: 4
[/bin/bash] CWD: /home/s4116488/Documents/MPS/cuda-samples
[/bin/bash] Using GPU: 0
[/bin/bash] Path of python file: /home/s4116488/Documents/MPS/cuda-samples
[/bin/bash] Node scratch: /scratchdata/s4116488/4096199
[/bin/bash] Run directory/scratchdata/s4116488/4096199/tc_gpu_10_bond_6_init_4_4096199
[/bin/bash] Run script with bond dimension 6 and init index 4

[INFO] Running train with bond dimension: 6
[INFO] Using init index: 4
Epoch 0: l_f = 90.983765, l_q = 1.006657, avg S = 0.5709/1.7918, max S = 1.1510/1.7918 (epoch time: 92.30s)
Epoch 10: l_f = 3.518218, l_q = 0.020101, avg S = 0.5227/1.7918, max S = 1.0026/1.7918 (epoch time: 55.32s)
Epoch 20: l_f = 1.097644, l_q = 0.016951, avg S = 0.5140/1.7918, max S = 1.0148/1.7918 (epoch time: 56.74s)
Epoch 30: l_f = 0.537703, l_q = 0.014423, avg S = 0.5408/1.7918, max S = 1.0512/1.7918 (epoch time: 55.27s)
Epoch 40: l_f = 0.267717, l_q = 0.000715, avg S = 0.5542/1.7918, max S = 1.0782/1.7918 (epoch time: 52.41s)
Epoch 50: l_f = 0.174785, l_q = 0.000657, avg S = 0.5598/1.7918, max S = 1.0878/1.7918 (epoch time: 52.15s)
Epoch 60: l_f = 0.126218, l_q = 0.000196, avg S = 0.5671/1.7918, max S = 1.0940/1.7918 (epoch time: 58.69s)
Epoch 70: l_f = 0.069737, l_q = 0.000161, avg S = 0.5710/1.7918, max S = 1.0983/1.7918 (epoch time: 53.55s)
Epoch 80: l_f = 0.039667, l_q = 0.000194, avg S = 0.5747/1.7918, max S = 1.1056/1.7918 (epoch time: 60.60s)
Epoch 90: l_f = 0.027353, l_q = 0.000152, avg S = 0.5757/1.7918, max S = 1.1108/1.7918 (epoch time: 56.19s)
SubTraining time: 4872.45s
L_f = 0.020331, L_q = 0.000076
[SUMMARY] Full script time: 4882.85s
[/bin/bash] Script finished
[/bin/bash] Copy files back to cwd
[/bin/bash] Successfully copied results to /home/s4116488/Documents/MPS/cuda-samples/plots10_bond_6/index_4
[/bin/bash] #### Finished GPU TensorCircuit array job. Have a nice day
