[/bin/bash] #### Starting GPU TensorCircuit array job
[/bin/bash] This is s4116488 and my MPS job has the ID 4097142, Task ID 71
[/bin/bash] Using bond dimension: 1 and init index: 1
[/bin/bash] CWD: /home/s4116488/Documents/MPS/cuda-samples
[/bin/bash] Using GPU: 0
[/bin/bash] Path of python file: /home/s4116488/Documents/MPS/cuda-samples
[/bin/bash] Node scratch: /scratchdata/s4116488/4097142
[/bin/bash] Run directory/scratchdata/s4116488/4097142/tc_gpu_10_bond_1_init_1_4097142
[/bin/bash] Run script with bond dimension 1 and init index 1

[INFO] Running train with bond dimension: 1
[INFO] Using init index: 1
Epoch 0: l_f = 75.590828, l_q = 1.234540, avg S = 0.0741/0.0000, max S = 0.1482/0.0000 (epoch time: 32.73s)
Epoch 10: l_f = 25.566149, l_q = 0.971698, avg S = 0.0928/0.0000, max S = 0.1855/0.0000 (epoch time: 15.67s)
Epoch 20: l_f = 38.870205, l_q = 1.035690, avg S = 0.1330/0.0000, max S = 0.2660/0.0000 (epoch time: 15.54s)
Epoch 30: l_f = 39.817379, l_q = 1.320653, avg S = 0.1465/0.0000, max S = 0.2931/0.0000 (epoch time: 15.15s)
Epoch 40: l_f = 32.827866, l_q = 1.247311, avg S = 0.1267/0.0000, max S = 0.2534/0.0000 (epoch time: 17.42s)
Epoch 50: l_f = 28.484226, l_q = 1.045704, avg S = 0.0923/0.0000, max S = 0.1845/0.0000 (epoch time: 17.63s)
Epoch 60: l_f = 24.010767, l_q = 1.083033, avg S = 0.0883/0.0000, max S = 0.1766/0.0000 (epoch time: 16.93s)
Epoch 70: l_f = 20.764608, l_q = 1.014147, avg S = 0.0911/0.0000, max S = 0.1821/0.0000 (epoch time: 16.38s)
Epoch 80: l_f = 16.946341, l_q = 0.880359, avg S = 0.0921/0.0000, max S = 0.1842/0.0000 (epoch time: 16.27s)
Epoch 90: l_f = 14.721146, l_q = 0.774649, avg S = 0.0922/0.0000, max S = 0.1844/0.0000 (epoch time: 17.53s)
SubTraining time: 1459.01s
L_f = 13.782158, L_q = 0.711927
[SUMMARY] Full script time: 1464.10s
[/bin/bash] Script finished
[/bin/bash] Copy files back to cwd
[/bin/bash] Successfully copied results to /home/s4116488/Documents/MPS/cuda-samples/plots10_bond_1/index_1
[/bin/bash] #### Finished GPU TensorCircuit array job. Have a nice day
