[/bin/bash] #### Starting GPU TensorCircuit array job
[/bin/bash] This is s4116488 and my MPS job has the ID 4096879, Task ID 66
[/bin/bash] Using bond dimension: 2 and init index: 6
[/bin/bash] CWD: /home/s4116488/Documents/MPS/cuda-samples
[/bin/bash] Using GPU: 0
[/bin/bash] Path of python file: /home/s4116488/Documents/MPS/cuda-samples
[/bin/bash] Node scratch: /scratchdata/s4116488/4096879
[/bin/bash] Run directory/scratchdata/s4116488/4096879/tc_gpu_10_bond_2_init_6_4096879
[/bin/bash] Run script with bond dimension 2 and init index 6

[INFO] Running train with bond dimension: 2
[INFO] Using init index: 6
Epoch 0: l_f = 43.860088, l_q = 0.606203, avg S = 0.3999/0.6931, max S = 0.6138/0.6931 (epoch time: 61.15s)
Epoch 10: l_f = 13.575223, l_q = 0.458745, avg S = 0.4768/0.6931, max S = 0.6648/0.6931 (epoch time: 28.41s)
Epoch 20: l_f = 6.744917, l_q = 0.518488, avg S = 0.4598/0.6931, max S = 0.6605/0.6931 (epoch time: 30.81s)
Epoch 30: l_f = 2.955093, l_q = 0.144172, avg S = 0.4517/0.6931, max S = 0.6613/0.6931 (epoch time: 30.13s)
Epoch 40: l_f = 1.742095, l_q = 0.067382, avg S = 0.4428/0.6931, max S = 0.6585/0.6931 (epoch time: 30.35s)
Epoch 50: l_f = 0.829596, l_q = 0.049547, avg S = 0.4568/0.6931, max S = 0.6720/0.6931 (epoch time: 31.08s)
Epoch 60: l_f = 0.452027, l_q = 0.032881, avg S = 0.4654/0.6931, max S = 0.6789/0.6931 (epoch time: 30.66s)
Epoch 70: l_f = 0.230169, l_q = 0.014949, avg S = 0.4610/0.6931, max S = 0.6751/0.6931 (epoch time: 29.40s)
Epoch 80: l_f = 0.152941, l_q = 0.009373, avg S = 0.4604/0.6931, max S = 0.6769/0.6931 (epoch time: 29.57s)
Epoch 90: l_f = 0.113432, l_q = 0.006753, avg S = 0.4606/0.6931, max S = 0.6762/0.6931 (epoch time: 29.79s)
SubTraining time: 2679.73s
L_f = 0.091149, L_q = 0.005500
[SUMMARY] Full script time: 2688.56s
[/bin/bash] Script finished
[/bin/bash] Copy files back to cwd
[/bin/bash] Successfully copied results to /home/s4116488/Documents/MPS/cuda-samples/plots10_bond_2/index_6
[/bin/bash] #### Finished GPU TensorCircuit array job. Have a nice day
