[/bin/bash] #### Starting GPU TensorCircuit array job
[/bin/bash] This is s4116488 and my MPS job has the ID 4095941, Task ID 17
[/bin/bash] Using bond dimension: 7 and init index: 7
[/bin/bash] CWD: /home/s4116488/Documents/MPS/cuda-samples
[/bin/bash] Using GPU: 0
[/bin/bash] Path of python file: /home/s4116488/Documents/MPS/cuda-samples
[/bin/bash] Node scratch: /scratchdata/s4116488/4095941
[/bin/bash] Run directory/scratchdata/s4116488/4095941/tc_gpu_10_bond_7_init_7_4095941
[/bin/bash] Run script with bond dimension 7 and init index 7

[INFO] Running train with bond dimension: 7
[INFO] Using init index: 7
Epoch 0: l_f = 102.716972, l_q = 2.057235, avg S = 0.5807/1.9459, max S = 1.1167/1.9459 (epoch time: 88.55s)
Epoch 10: l_f = 1.660723, l_q = 0.011750, avg S = 0.5835/1.9459, max S = 1.1674/1.9459 (epoch time: 52.64s)
Epoch 20: l_f = 0.717611, l_q = 0.039250, avg S = 0.5829/1.9459, max S = 1.1596/1.9459 (epoch time: 51.93s)
Epoch 30: l_f = 0.479865, l_q = 0.020214, avg S = 0.5975/1.9459, max S = 1.1664/1.9459 (epoch time: 53.77s)
Epoch 40: l_f = 0.168336, l_q = 0.002035, avg S = 0.6044/1.9459, max S = 1.1737/1.9459 (epoch time: 53.06s)
Epoch 50: l_f = 0.153360, l_q = 0.002745, avg S = 0.6040/1.9459, max S = 1.1772/1.9459 (epoch time: 53.67s)
Epoch 60: l_f = 0.085234, l_q = 0.001376, avg S = 0.6010/1.9459, max S = 1.1680/1.9459 (epoch time: 55.50s)
Epoch 70: l_f = 0.043863, l_q = 0.000293, avg S = 0.5949/1.9459, max S = 1.1572/1.9459 (epoch time: 53.08s)
Epoch 80: l_f = 0.031780, l_q = 0.000374, avg S = 0.5917/1.9459, max S = 1.1534/1.9459 (epoch time: 56.68s)
Epoch 90: l_f = 0.017033, l_q = 0.000046, avg S = 0.5905/1.9459, max S = 1.1537/1.9459 (epoch time: 59.18s)
SubTraining time: 4759.09s
L_f = 0.026155, L_q = 0.000548
[SUMMARY] Full script time: 4769.57s
[/bin/bash] Script finished
[/bin/bash] Copy files back to cwd
[/bin/bash] Successfully copied results to /home/s4116488/Documents/MPS/cuda-samples/plots10_bond_7/index_7
[/bin/bash] #### Finished GPU TensorCircuit array job. Have a nice day
