[/bin/bash] #### Starting GPU TensorCircuit array job
[/bin/bash] This is s4116488 and my MPS job has the ID 4095746, Task ID 2
[/bin/bash] Using bond dimension: 8 and init index: 2
[/bin/bash] CWD: /home/s4116488/Documents/MPS/cuda-samples
[/bin/bash] Using GPU: 0
[/bin/bash] Path of python file: /home/s4116488/Documents/MPS/cuda-samples
[/bin/bash] Node scratch: /scratchdata/s4116488/4095746
[/bin/bash] Run directory/scratchdata/s4116488/4095746/tc_gpu_10_bond_8_init_2_4095746
[/bin/bash] Run script with bond dimension 8 and init index 2

[INFO] Running train with bond dimension: 8
[INFO] Using init index: 2
Epoch 0: l_f = 83.674950, l_q = 1.821422, avg S = 0.5389/2.0794, max S = 1.0520/2.0794 (epoch time: 88.08s)
Epoch 10: l_f = 2.866583, l_q = 0.021019, avg S = 0.5858/2.0794, max S = 1.1663/2.0794 (epoch time: 52.78s)
Epoch 20: l_f = 1.077533, l_q = 0.014949, avg S = 0.5945/2.0794, max S = 1.1757/2.0794 (epoch time: 53.02s)
Epoch 30: l_f = 0.343479, l_q = 0.003100, avg S = 0.5876/2.0794, max S = 1.1858/2.0794 (epoch time: 53.64s)
Epoch 40: l_f = 0.164415, l_q = 0.001940, avg S = 0.5915/2.0794, max S = 1.1942/2.0794 (epoch time: 54.00s)
Epoch 50: l_f = 0.138857, l_q = 0.001124, avg S = 0.5904/2.0794, max S = 1.1775/2.0794 (epoch time: 52.56s)
Epoch 60: l_f = 0.078029, l_q = 0.000600, avg S = 0.5873/2.0794, max S = 1.1621/2.0794 (epoch time: 54.28s)
Epoch 70: l_f = 0.055039, l_q = 0.000130, avg S = 0.5845/2.0794, max S = 1.1452/2.0794 (epoch time: 52.55s)
Epoch 80: l_f = 0.040902, l_q = 0.000123, avg S = 0.5794/2.0794, max S = 1.1306/2.0794 (epoch time: 58.00s)
Epoch 90: l_f = 0.031754, l_q = 0.000071, avg S = 0.5751/2.0794, max S = 1.1177/2.0794 (epoch time: 58.44s)
SubTraining time: 4741.12s
L_f = 0.024486, L_q = 0.000123
[SUMMARY] Full script time: 4752.09s
[/bin/bash] Script finished
[/bin/bash] Copy files back to cwd
[/bin/bash] Successfully copied results to /home/s4116488/Documents/MPS/cuda-samples/plots10_bond_8/index_2
[/bin/bash] #### Finished GPU TensorCircuit array job. Have a nice day
