[/bin/bash] #### Starting GPU TensorCircuit array job
[/bin/bash] This is s4116488 and my MPS job has the ID 4096646, Task ID 48
[/bin/bash] Using bond dimension: 4 and init index: 8
[/bin/bash] CWD: /home/s4116488/Documents/MPS/cuda-samples
[/bin/bash] Using GPU: 0
[/bin/bash] Path of python file: /home/s4116488/Documents/MPS/cuda-samples
[/bin/bash] Node scratch: /scratchdata/s4116488/4096646
[/bin/bash] Run directory/scratchdata/s4116488/4096646/tc_gpu_10_bond_4_init_8_4096646
[/bin/bash] Run script with bond dimension 4 and init index 8

[INFO] Running train with bond dimension: 4
[INFO] Using init index: 8
Epoch 0: l_f = 58.618366, l_q = 1.202011, avg S = 0.5763/1.3863, max S = 1.0546/1.3863 (epoch time: 89.36s)
Epoch 10: l_f = 3.982302, l_q = 0.044951, avg S = 0.5760/1.3863, max S = 1.0981/1.3863 (epoch time: 52.41s)
Epoch 20: l_f = 1.120368, l_q = 0.013036, avg S = 0.5582/1.3863, max S = 1.0651/1.3863 (epoch time: 50.95s)
Epoch 30: l_f = 0.468005, l_q = 0.002138, avg S = 0.5707/1.3863, max S = 1.0745/1.3863 (epoch time: 53.65s)
Epoch 40: l_f = 0.221939, l_q = 0.003628, avg S = 0.5787/1.3863, max S = 1.0969/1.3863 (epoch time: 52.80s)
Epoch 50: l_f = 0.148820, l_q = 0.002048, avg S = 0.5736/1.3863, max S = 1.0806/1.3863 (epoch time: 53.43s)
Epoch 60: l_f = 0.100098, l_q = 0.000470, avg S = 0.5736/1.3863, max S = 1.0974/1.3863 (epoch time: 56.10s)
Epoch 70: l_f = 0.088264, l_q = 0.000856, avg S = 0.5715/1.3863, max S = 1.1134/1.3863 (epoch time: 52.65s)
Epoch 80: l_f = 0.066669, l_q = 0.000253, avg S = 0.5660/1.3863, max S = 1.1057/1.3863 (epoch time: 55.98s)
Epoch 90: l_f = 0.036629, l_q = 0.000586, avg S = 0.5615/1.3863, max S = 1.0938/1.3863 (epoch time: 58.76s)
SubTraining time: 4755.28s
L_f = 0.033180, L_q = 0.000077
[SUMMARY] Full script time: 4765.56s
[/bin/bash] Script finished
[/bin/bash] Copy files back to cwd
[/bin/bash] Successfully copied results to /home/s4116488/Documents/MPS/cuda-samples/plots10_bond_4/index_8
[/bin/bash] #### Finished GPU TensorCircuit array job. Have a nice day
