[/bin/bash] #### Starting GPU TensorCircuit array job
[/bin/bash] This is s4116488 and my MPS job has the ID 4097510, Task ID 77
[/bin/bash] Using bond dimension: 1 and init index: 7
[/bin/bash] CWD: /home/s4116488/Documents/MPS/cuda-samples
[/bin/bash] Using GPU: 0
[/bin/bash] Path of python file: /home/s4116488/Documents/MPS/cuda-samples
[/bin/bash] Node scratch: /scratchdata/s4116488/4097510
[/bin/bash] Run directory/scratchdata/s4116488/4097510/tc_gpu_10_bond_1_init_7_4097510
[/bin/bash] Run script with bond dimension 1 and init index 7

[INFO] Running train with bond dimension: 1
[INFO] Using init index: 7
Epoch 0: l_f = 34.444988, l_q = 1.132989, avg S = 0.0823/0.0000, max S = 0.1646/0.0000 (epoch time: 30.17s)
Epoch 10: l_f = 28.929590, l_q = 0.866175, avg S = 0.0825/0.0000, max S = 0.1651/0.0000 (epoch time: 14.81s)
Epoch 20: l_f = 24.558958, l_q = 1.009063, avg S = 0.0902/0.0000, max S = 0.1804/0.0000 (epoch time: 14.67s)
Epoch 30: l_f = 29.934774, l_q = 1.555528, avg S = 0.1081/0.0000, max S = 0.2161/0.0000 (epoch time: 14.74s)
Epoch 40: l_f = 33.497425, l_q = 1.699590, avg S = 0.1174/0.0000, max S = 0.2347/0.0000 (epoch time: 14.93s)
Epoch 50: l_f = 33.284367, l_q = 1.623932, avg S = 0.1131/0.0000, max S = 0.2262/0.0000 (epoch time: 15.63s)
Epoch 60: l_f = 38.021965, l_q = 1.797486, avg S = 0.1066/0.0000, max S = 0.2131/0.0000 (epoch time: 15.09s)
Epoch 70: l_f = 32.926579, l_q = 1.866569, avg S = 0.1054/0.0000, max S = 0.2108/0.0000 (epoch time: 15.10s)
Epoch 80: l_f = 33.669910, l_q = 1.599329, avg S = 0.1063/0.0000, max S = 0.2126/0.0000 (epoch time: 16.03s)
Epoch 90: l_f = 24.084440, l_q = 1.354252, avg S = 0.1067/0.0000, max S = 0.2134/0.0000 (epoch time: 15.32s)
SubTraining time: 1350.11s
L_f = 22.685375, L_q = 1.269204
[SUMMARY] Full script time: 1355.18s
[/bin/bash] Script finished
[/bin/bash] Copy files back to cwd
[/bin/bash] Successfully copied results to /home/s4116488/Documents/MPS/cuda-samples/plots10_bond_1/index_7
[/bin/bash] #### Finished GPU TensorCircuit array job. Have a nice day
